[0.000000] (-) TimerEvent: {}
[0.004272] (competition) JobQueued: {'identifier': 'competition', 'dependencies': OrderedDict()}
[0.005629] (tello_msgs) JobQueued: {'identifier': 'tello_msgs', 'dependencies': OrderedDict()}
[0.006727] (competition) JobStarted: {'identifier': 'competition'}
[0.095377] (-) TimerEvent: {}
[0.117771] (tello_msgs) JobStarted: {'identifier': 'tello_msgs'}
[0.195955] (-) TimerEvent: {}
[0.299443] (-) TimerEvent: {}
[0.402644] (-) TimerEvent: {}
[0.505061] (-) TimerEvent: {}
[0.606975] (-) TimerEvent: {}
[0.708906] (-) TimerEvent: {}
[0.811550] (-) TimerEvent: {}
[0.913188] (-) TimerEvent: {}
[1.019203] (-) TimerEvent: {}
[1.025486] (tello_msgs) JobProgress: {'identifier': 'tello_msgs', 'progress': 'cmake'}
[1.042857] (tello_msgs) JobProgress: {'identifier': 'tello_msgs', 'progress': 'build'}
[1.046416] (tello_msgs) Command: {'cmd': ['/usr/bin/cmake', '--build', '/home/ubuntu/Desktop/16.633_ros/flight_ws/build/tello_msgs', '--', '-j6', '-l6'], 'cwd': '/home/ubuntu/Desktop/16.633_ros/flight_ws/build/tello_msgs', 'env': OrderedDict([('VNCDESKTOP', 'd0e6dc772bf2:1 (ubuntu)'), ('QT_SCALE_FACTOR', '1'), ('USER', 'ubuntu'), ('SUPERVISOR_GROUP_NAME', 'vnc'), ('HOSTNAME', 'd0e6dc772bf2'), ('SHLVL', '2'), ('LD_LIBRARY_PATH', '/home/ubuntu/Desktop/16.633_ros/flight_ws/install/tello_msgs/lib:/usr/lib/x86_64-linux-gnu/gazebo-11/plugins:/opt/ros/foxy/opt/yaml_cpp_vendor/lib:/opt/ros/foxy/opt/rviz_ogre_vendor/lib:/opt/ros/foxy/lib/x86_64-linux-gnu:/opt/ros/foxy/lib'), ('HOME', '/home/ubuntu'), ('OLDPWD', '/home/ubuntu/Desktop/16.633_ros'), ('ROS_PYTHON_VERSION', '3'), ('LC_CTYPE', 'C.UTF-8'), ('DBUS_SESSION_BUS_ADDRESS', 'unix:abstract=/tmp/dbus-0RCRJFHOVg,guid=87bbc748d29ef53aa32dd9dd65021649'), ('COLORTERM', 'truecolor'), ('COLCON_PREFIX_PATH', '/home/ubuntu/Desktop/16.633_ros/flight_ws/install'), ('ROS_DISTRO', 'foxy'), ('WINDOWID', '41943046'), ('QT_AUTO_SCREEN_SCALE_FACTOR', '0'), ('_', '/usr/bin/colcon'), ('ROS_VERSION', '2'), ('TERM', 'xterm-256color'), ('GTK_OVERLAY_SCROLLING', '0'), ('ROS_LOCALHOST_ONLY', '0'), ('INSIDE_CAJA_PYTHON', ''), ('PATH', '/opt/ros/foxy/bin:/usr/local/sbin:/usr/local/bin:/usr/sbin:/usr/bin:/sbin:/bin'), ('SESSION_MANAGER', 'local/d0e6dc772bf2:@/tmp/.ICE-unix/65,unix/d0e6dc772bf2:/tmp/.ICE-unix/65'), ('DISPLAY', ':1'), ('XDG_CURRENT_DESKTOP', 'MATE'), ('SUPERVISOR_ENABLED', '1'), ('AMENT_PREFIX_PATH', '/home/ubuntu/Desktop/16.633_ros/flight_ws/install/tello_msgs:/home/ubuntu/Desktop/16.633_ros/flight_ws/install/competition:/opt/ros/foxy'), ('PASSWD', 'ubuntu'), ('SUPERVISOR_SERVER_URL', 'unix:///var/run/supervisor.sock'), ('SUPERVISOR_PROCESS_NAME', 'vnc'), ('PWD', '/home/ubuntu/Desktop/16.633_ros/flight_ws/build/tello_msgs'), ('PYTHONPATH', '/home/ubuntu/Desktop/16.633_ros/flight_ws/install/tello_msgs/lib/python3.8/site-packages:/home/ubuntu/Desktop/16.633_ros/flight_ws/build/competition:/home/ubuntu/Desktop/16.633_ros/flight_ws/install/competition/lib/python3.8/site-packages:/opt/ros/foxy/lib/python3.8/site-packages'), ('MATE_DESKTOP_SESSION_ID', 'this-is-deprecated'), ('COLCON', '1'), ('VTE_VERSION', '6003'), ('CMAKE_PREFIX_PATH', '/home/ubuntu/Desktop/16.633_ros/flight_ws/install/tello_msgs:/home/ubuntu/Desktop/16.633_ros/flight_ws/install/competition:/opt/ros/foxy')]), 'shell': False}
[1.121441] (-) TimerEvent: {}
[1.225359] (-) TimerEvent: {}
[1.327099] (-) TimerEvent: {}
[1.429358] (-) TimerEvent: {}
[1.531408] (-) TimerEvent: {}
[1.633355] (-) TimerEvent: {}
[1.734941] (-) TimerEvent: {}
[1.836573] (-) TimerEvent: {}
[1.941210] (-) TimerEvent: {}
[1.977364] (tello_msgs) StdoutLine: {'line': b'[  2%] Built target tello_msgs__cpp\n'}
[2.041440] (-) TimerEvent: {}
[2.142953] (-) TimerEvent: {}
[2.244739] (-) TimerEvent: {}
[2.346404] (-) TimerEvent: {}
[2.364581] (tello_msgs) StdoutLine: {'line': b'[ 12%] Built target tello_msgs__rosidl_generator_c\n'}
[2.446574] (-) TimerEvent: {}
[2.548223] (-) TimerEvent: {}
[2.590896] (competition) Command: {'cmd': ['/usr/bin/python3', 'setup.py', 'develop', '--editable', '--build-directory', '/home/ubuntu/Desktop/16.633_ros/flight_ws/build/competition/build', '--no-deps', 'install_data'], 'cwd': '/home/ubuntu/Desktop/16.633_ros/flight_ws/build/competition', 'env': {'VNCDESKTOP': 'd0e6dc772bf2:1 (ubuntu)', 'QT_SCALE_FACTOR': '1', 'USER': 'ubuntu', 'SUPERVISOR_GROUP_NAME': 'vnc', 'HOSTNAME': 'd0e6dc772bf2', 'SHLVL': '2', 'LD_LIBRARY_PATH': '/home/ubuntu/Desktop/16.633_ros/flight_ws/install/tello_msgs/lib:/usr/lib/x86_64-linux-gnu/gazebo-11/plugins:/opt/ros/foxy/opt/yaml_cpp_vendor/lib:/opt/ros/foxy/opt/rviz_ogre_vendor/lib:/opt/ros/foxy/lib/x86_64-linux-gnu:/opt/ros/foxy/lib', 'HOME': '/home/ubuntu', 'OLDPWD': '/home/ubuntu/Desktop/16.633_ros', 'ROS_PYTHON_VERSION': '3', 'LC_CTYPE': 'C.UTF-8', 'DBUS_SESSION_BUS_ADDRESS': 'unix:abstract=/tmp/dbus-0RCRJFHOVg,guid=87bbc748d29ef53aa32dd9dd65021649', 'COLORTERM': 'truecolor', 'COLCON_PREFIX_PATH': '/home/ubuntu/Desktop/16.633_ros/flight_ws/install', 'ROS_DISTRO': 'foxy', 'WINDOWID': '41943046', 'QT_AUTO_SCREEN_SCALE_FACTOR': '0', '_': '/usr/bin/colcon', 'ROS_VERSION': '2', 'TERM': 'xterm-256color', 'GTK_OVERLAY_SCROLLING': '0', 'ROS_LOCALHOST_ONLY': '0', 'INSIDE_CAJA_PYTHON': '', 'PATH': '/opt/ros/foxy/bin:/usr/local/sbin:/usr/local/bin:/usr/sbin:/usr/bin:/sbin:/bin', 'SESSION_MANAGER': 'local/d0e6dc772bf2:@/tmp/.ICE-unix/65,unix/d0e6dc772bf2:/tmp/.ICE-unix/65', 'DISPLAY': ':1', 'XDG_CURRENT_DESKTOP': 'MATE', 'SUPERVISOR_ENABLED': '1', 'AMENT_PREFIX_PATH': '/home/ubuntu/Desktop/16.633_ros/flight_ws/install/tello_msgs:/home/ubuntu/Desktop/16.633_ros/flight_ws/install/competition:/opt/ros/foxy', 'PASSWD': 'ubuntu', 'SUPERVISOR_SERVER_URL': 'unix:///var/run/supervisor.sock', 'SUPERVISOR_PROCESS_NAME': 'vnc', 'PWD': '/home/ubuntu/Desktop/16.633_ros/flight_ws/build/competition', 'PYTHONPATH': '/home/ubuntu/Desktop/16.633_ros/flight_ws/build/competition/prefix_override:/home/ubuntu/Desktop/16.633_ros/flight_ws/install/competition/lib/python3.8/site-packages:/home/ubuntu/Desktop/16.633_ros/flight_ws/install/tello_msgs/lib/python3.8/site-packages:/home/ubuntu/Desktop/16.633_ros/flight_ws/build/competition:/home/ubuntu/Desktop/16.633_ros/flight_ws/install/competition/lib/python3.8/site-packages:/opt/ros/foxy/lib/python3.8/site-packages', 'MATE_DESKTOP_SESSION_ID': 'this-is-deprecated', 'COLCON': '1', 'VTE_VERSION': '6003', 'CMAKE_PREFIX_PATH': '/home/ubuntu/Desktop/16.633_ros/flight_ws/install/tello_msgs'}, 'shell': False}
[2.648677] (-) TimerEvent: {}
[2.751802] (-) TimerEvent: {}
[2.810398] (tello_msgs) StdoutLine: {'line': b'[ 23%] Built target tello_msgs__rosidl_typesupport_introspection_cpp\n'}
[2.851985] (-) TimerEvent: {}
[2.954669] (-) TimerEvent: {}
[3.057868] (-) TimerEvent: {}
[3.160313] (-) TimerEvent: {}
[3.262268] (-) TimerEvent: {}
[3.312401] (tello_msgs) StdoutLine: {'line': b'[ 34%] Built target tello_msgs__rosidl_typesupport_c\n'}
[3.363145] (-) TimerEvent: {}
[3.465986] (-) TimerEvent: {}
[3.555197] (competition) StdoutLine: {'line': b'running develop\n'}
[3.566988] (-) TimerEvent: {}
[3.668524] (-) TimerEvent: {}
[3.770311] (-) TimerEvent: {}
[3.832222] (tello_msgs) StdoutLine: {'line': b'[ 44%] Built target tello_msgs__rosidl_typesupport_introspection_c\n'}
[3.870522] (-) TimerEvent: {}
[3.974753] (-) TimerEvent: {}
[4.076885] (-) TimerEvent: {}
[4.087073] (competition) StdoutLine: {'line': b'running egg_info\n'}
[4.091452] (competition) StdoutLine: {'line': b'writing competition.egg-info/PKG-INFO\n'}
[4.100308] (competition) StdoutLine: {'line': b'writing dependency_links to competition.egg-info/dependency_links.txt\n'}
[4.106915] (competition) StdoutLine: {'line': b'writing entry points to competition.egg-info/entry_points.txt\n'}
[4.112816] (competition) StdoutLine: {'line': b'writing requirements to competition.egg-info/requires.txt\n'}
[4.117260] (competition) StdoutLine: {'line': b'writing top-level names to competition.egg-info/top_level.txt\n'}
[4.177342] (-) TimerEvent: {}
[4.230550] (competition) StdoutLine: {'line': b"reading manifest file 'competition.egg-info/SOURCES.txt'\n"}
[4.277499] (-) TimerEvent: {}
[4.289348] (competition) StdoutLine: {'line': b"writing manifest file 'competition.egg-info/SOURCES.txt'\n"}
[4.294620] (tello_msgs) StdoutLine: {'line': b'[ 55%] Built target tello_msgs__rosidl_typesupport_fastrtps_cpp\n'}
[4.377783] (-) TimerEvent: {}
[4.479692] (-) TimerEvent: {}
[4.556531] (competition) StdoutLine: {'line': b'running build_ext\n'}
[4.565618] (competition) StdoutLine: {'line': b'Creating /home/ubuntu/Desktop/16.633_ros/flight_ws/install/competition/lib/python3.8/site-packages/competition.egg-link (link to .)\n'}
[4.579976] (-) TimerEvent: {}
[4.586053] (competition) StdoutLine: {'line': b'Installing drone_client script to /home/ubuntu/Desktop/16.633_ros/flight_ws/install/competition/lib/competition\n'}
[4.597581] (competition) StdoutLine: {'line': b'Installing drone_test script to /home/ubuntu/Desktop/16.633_ros/flight_ws/install/competition/lib/competition\n'}
[4.613935] (competition) StdoutLine: {'line': b'\n'}
[4.617893] (competition) StdoutLine: {'line': b'Installed /home/ubuntu/Desktop/16.633_ros/flight_ws/build/competition\n'}
[4.622378] (competition) StdoutLine: {'line': b'running install_data\n'}
[4.680284] (-) TimerEvent: {}
[4.744852] (competition) CommandEnded: {'returncode': 0}
[4.761984] (tello_msgs) StdoutLine: {'line': b'[ 65%] Built target tello_msgs__rosidl_typesupport_cpp\n'}
[4.780540] (-) TimerEvent: {}
[4.890273] (-) TimerEvent: {}
[4.995460] (-) TimerEvent: {}
[5.042723] (competition) JobEnded: {'identifier': 'competition', 'rc': 0}
[5.095925] (-) TimerEvent: {}
[5.198390] (-) TimerEvent: {}
[5.298898] (tello_msgs) StdoutLine: {'line': b'[ 76%] Built target tello_msgs__rosidl_typesupport_fastrtps_c\n'}
[5.303316] (-) TimerEvent: {}
[5.405806] (-) TimerEvent: {}
[5.508373] (-) TimerEvent: {}
[5.610305] (-) TimerEvent: {}
[5.700909] (tello_msgs) StdoutLine: {'line': b'[ 76%] Built target tello_msgs\n'}
[5.710482] (-) TimerEvent: {}
[5.811911] (-) TimerEvent: {}
[5.913622] (-) TimerEvent: {}
[6.015288] (-) TimerEvent: {}
[6.117060] (-) TimerEvent: {}
[6.122722] (tello_msgs) StdoutLine: {'line': b'[ 78%] Built target tello_msgs__py\n'}
[6.217148] (-) TimerEvent: {}
[6.318744] (-) TimerEvent: {}
[6.421072] (-) TimerEvent: {}
[6.523411] (-) TimerEvent: {}
[6.572699] (tello_msgs) StdoutLine: {'line': b'[ 87%] Built target tello_msgs__python\n'}
[6.627007] (-) TimerEvent: {}
[6.732682] (-) TimerEvent: {}
[6.835069] (-) TimerEvent: {}
[6.939533] (-) TimerEvent: {}
[7.020968] (tello_msgs) StdoutLine: {'line': b'[ 91%] Built target tello_msgs__rosidl_typesupport_c__pyext\n'}
[7.039884] (-) TimerEvent: {}
[7.143182] (-) TimerEvent: {}
[7.246742] (-) TimerEvent: {}
[7.348273] (-) TimerEvent: {}
[7.449749] (-) TimerEvent: {}
[7.521550] (tello_msgs) StdoutLine: {'line': b'[ 95%] Built target tello_msgs__rosidl_typesupport_introspection_c__pyext\n'}
[7.550141] (-) TimerEvent: {}
[7.652112] (-) TimerEvent: {}
[7.754113] (-) TimerEvent: {}
[7.855406] (-) TimerEvent: {}
[7.958127] (-) TimerEvent: {}
[7.971941] (tello_msgs) StdoutLine: {'line': b'[100%] Built target tello_msgs__rosidl_typesupport_fastrtps_c__pyext\n'}
[8.058293] (-) TimerEvent: {}
[8.160102] (-) TimerEvent: {}
[8.237547] (tello_msgs) CommandEnded: {'returncode': 0}
[8.260337] (-) TimerEvent: {}
[8.362238] (-) TimerEvent: {}
[8.464311] (-) TimerEvent: {}
[8.565783] (-) TimerEvent: {}
[8.667414] (-) TimerEvent: {}
[8.769359] (-) TimerEvent: {}
[8.871367] (-) TimerEvent: {}
[8.973447] (-) TimerEvent: {}
[9.075102] (-) TimerEvent: {}
[9.176608] (-) TimerEvent: {}
[9.278603] (-) TimerEvent: {}
[9.379806] (-) TimerEvent: {}
[9.481552] (-) TimerEvent: {}
[9.588089] (-) TimerEvent: {}
[9.690370] (-) TimerEvent: {}
[9.792085] (-) TimerEvent: {}
[9.894662] (-) TimerEvent: {}
[9.998804] (-) TimerEvent: {}
[10.102626] (-) TimerEvent: {}
[10.205042] (-) TimerEvent: {}
[10.306977] (-) TimerEvent: {}
[10.410093] (-) TimerEvent: {}
[10.512118] (-) TimerEvent: {}
[10.613987] (-) TimerEvent: {}
[10.715926] (-) TimerEvent: {}
[10.817562] (-) TimerEvent: {}
[10.919367] (-) TimerEvent: {}
[11.021677] (-) TimerEvent: {}
[11.123798] (-) TimerEvent: {}
[11.225628] (-) TimerEvent: {}
[11.327315] (-) TimerEvent: {}
[11.431060] (-) TimerEvent: {}
[11.529775] (tello_msgs) JobProgress: {'identifier': 'tello_msgs', 'progress': 'install'}
[11.531781] (-) TimerEvent: {}
[11.633810] (-) TimerEvent: {}
[11.705184] (tello_msgs) Command: {'cmd': ['/usr/bin/cmake', '--install', '/home/ubuntu/Desktop/16.633_ros/flight_ws/build/tello_msgs'], 'cwd': '/home/ubuntu/Desktop/16.633_ros/flight_ws/build/tello_msgs', 'env': OrderedDict([('VNCDESKTOP', 'd0e6dc772bf2:1 (ubuntu)'), ('QT_SCALE_FACTOR', '1'), ('USER', 'ubuntu'), ('SUPERVISOR_GROUP_NAME', 'vnc'), ('HOSTNAME', 'd0e6dc772bf2'), ('SHLVL', '2'), ('LD_LIBRARY_PATH', '/home/ubuntu/Desktop/16.633_ros/flight_ws/install/tello_msgs/lib:/usr/lib/x86_64-linux-gnu/gazebo-11/plugins:/opt/ros/foxy/opt/yaml_cpp_vendor/lib:/opt/ros/foxy/opt/rviz_ogre_vendor/lib:/opt/ros/foxy/lib/x86_64-linux-gnu:/opt/ros/foxy/lib'), ('HOME', '/home/ubuntu'), ('OLDPWD', '/home/ubuntu/Desktop/16.633_ros'), ('ROS_PYTHON_VERSION', '3'), ('LC_CTYPE', 'C.UTF-8'), ('DBUS_SESSION_BUS_ADDRESS', 'unix:abstract=/tmp/dbus-0RCRJFHOVg,guid=87bbc748d29ef53aa32dd9dd65021649'), ('COLORTERM', 'truecolor'), ('COLCON_PREFIX_PATH', '/home/ubuntu/Desktop/16.633_ros/flight_ws/install'), ('ROS_DISTRO', 'foxy'), ('WINDOWID', '41943046'), ('QT_AUTO_SCREEN_SCALE_FACTOR', '0'), ('_', '/usr/bin/colcon'), ('ROS_VERSION', '2'), ('TERM', 'xterm-256color'), ('GTK_OVERLAY_SCROLLING', '0'), ('ROS_LOCALHOST_ONLY', '0'), ('INSIDE_CAJA_PYTHON', ''), ('PATH', '/opt/ros/foxy/bin:/usr/local/sbin:/usr/local/bin:/usr/sbin:/usr/bin:/sbin:/bin'), ('SESSION_MANAGER', 'local/d0e6dc772bf2:@/tmp/.ICE-unix/65,unix/d0e6dc772bf2:/tmp/.ICE-unix/65'), ('DISPLAY', ':1'), ('XDG_CURRENT_DESKTOP', 'MATE'), ('SUPERVISOR_ENABLED', '1'), ('AMENT_PREFIX_PATH', '/home/ubuntu/Desktop/16.633_ros/flight_ws/install/tello_msgs:/home/ubuntu/Desktop/16.633_ros/flight_ws/install/competition:/opt/ros/foxy'), ('PASSWD', 'ubuntu'), ('SUPERVISOR_SERVER_URL', 'unix:///var/run/supervisor.sock'), ('SUPERVISOR_PROCESS_NAME', 'vnc'), ('PWD', '/home/ubuntu/Desktop/16.633_ros/flight_ws/build/tello_msgs'), ('PYTHONPATH', '/home/ubuntu/Desktop/16.633_ros/flight_ws/install/tello_msgs/lib/python3.8/site-packages:/home/ubuntu/Desktop/16.633_ros/flight_ws/build/competition:/home/ubuntu/Desktop/16.633_ros/flight_ws/install/competition/lib/python3.8/site-packages:/opt/ros/foxy/lib/python3.8/site-packages'), ('MATE_DESKTOP_SESSION_ID', 'this-is-deprecated'), ('COLCON', '1'), ('VTE_VERSION', '6003'), ('CMAKE_PREFIX_PATH', '/home/ubuntu/Desktop/16.633_ros/flight_ws/install/tello_msgs:/home/ubuntu/Desktop/16.633_ros/flight_ws/install/competition:/opt/ros/foxy')]), 'shell': False}
[11.734176] (-) TimerEvent: {}
[11.837622] (-) TimerEvent: {}
[11.935125] (tello_msgs) StdoutLine: {'line': b'-- Install configuration: ""\n'}
[11.941708] (-) TimerEvent: {}
[11.944827] (tello_msgs) StdoutLine: {'line': b'-- Execute custom install script\n'}
[11.978821] (tello_msgs) StdoutLine: {'line': b'-- Up-to-date symlink: /home/ubuntu/Desktop/16.633_ros/flight_ws/install/tello_msgs/share/ament_index/resource_index/rosidl_interfaces/tello_msgs\n'}
[11.996174] (tello_msgs) StdoutLine: {'line': b'-- Up-to-date symlink: /home/ubuntu/Desktop/16.633_ros/flight_ws/install/tello_msgs/include/tello_msgs/msg/detail/flight_data__functions.h\n'}
[12.003537] (tello_msgs) StdoutLine: {'line': b'-- Up-to-date symlink: /home/ubuntu/Desktop/16.633_ros/flight_ws/install/tello_msgs/include/tello_msgs/msg/detail/flight_data__struct.h\n'}
[12.012055] (tello_msgs) StdoutLine: {'line': b'-- Up-to-date symlink: /home/ubuntu/Desktop/16.633_ros/flight_ws/install/tello_msgs/include/tello_msgs/msg/detail/flight_data__type_support.h\n'}
[12.018179] (tello_msgs) StdoutLine: {'line': b'-- Up-to-date symlink: /home/ubuntu/Desktop/16.633_ros/flight_ws/install/tello_msgs/include/tello_msgs/msg/detail/tello_response__functions.h\n'}
[12.025176] (tello_msgs) StdoutLine: {'line': b'-- Up-to-date symlink: /home/ubuntu/Desktop/16.633_ros/flight_ws/install/tello_msgs/include/tello_msgs/msg/detail/tello_response__struct.h\n'}
[12.032578] (tello_msgs) StdoutLine: {'line': b'-- Up-to-date symlink: /home/ubuntu/Desktop/16.633_ros/flight_ws/install/tello_msgs/include/tello_msgs/msg/detail/tello_response__type_support.h\n'}
[12.038984] (tello_msgs) StdoutLine: {'line': b'-- Up-to-date symlink: /home/ubuntu/Desktop/16.633_ros/flight_ws/install/tello_msgs/include/tello_msgs/msg/flight_data.h\n'}
[12.043261] (-) TimerEvent: {}
[12.045863] (tello_msgs) StdoutLine: {'line': b'-- Up-to-date symlink: /home/ubuntu/Desktop/16.633_ros/flight_ws/install/tello_msgs/include/tello_msgs/msg/rosidl_generator_c__visibility_control.h\n'}
[12.051323] (tello_msgs) StdoutLine: {'line': b'-- Up-to-date symlink: /home/ubuntu/Desktop/16.633_ros/flight_ws/install/tello_msgs/include/tello_msgs/msg/tello_response.h\n'}
[12.062734] (tello_msgs) StdoutLine: {'line': b'-- Up-to-date symlink: /home/ubuntu/Desktop/16.633_ros/flight_ws/install/tello_msgs/include/tello_msgs/srv/detail/tello_action__functions.h\n'}
[12.068264] (tello_msgs) StdoutLine: {'line': b'-- Up-to-date symlink: /home/ubuntu/Desktop/16.633_ros/flight_ws/install/tello_msgs/include/tello_msgs/srv/detail/tello_action__struct.h\n'}
[12.074050] (tello_msgs) StdoutLine: {'line': b'-- Up-to-date symlink: /home/ubuntu/Desktop/16.633_ros/flight_ws/install/tello_msgs/include/tello_msgs/srv/detail/tello_action__type_support.h\n'}
[12.080471] (tello_msgs) StdoutLine: {'line': b'-- Up-to-date symlink: /home/ubuntu/Desktop/16.633_ros/flight_ws/install/tello_msgs/include/tello_msgs/srv/tello_action.h\n'}
[12.089437] (tello_msgs) StdoutLine: {'line': b'-- Up-to-date symlink: /home/ubuntu/Desktop/16.633_ros/flight_ws/install/tello_msgs/share/tello_msgs/environment/library_path.sh\n'}
[12.097617] (tello_msgs) StdoutLine: {'line': b'-- Up-to-date symlink: /home/ubuntu/Desktop/16.633_ros/flight_ws/install/tello_msgs/share/tello_msgs/environment/library_path.dsv\n'}
[12.109082] (tello_msgs) StdoutLine: {'line': b'-- Up-to-date symlink: /home/ubuntu/Desktop/16.633_ros/flight_ws/install/tello_msgs/include/tello_msgs/msg/detail/flight_data__rosidl_typesupport_fastrtps_c.h\n'}
[12.120604] (tello_msgs) StdoutLine: {'line': b'-- Up-to-date symlink: /home/ubuntu/Desktop/16.633_ros/flight_ws/install/tello_msgs/include/tello_msgs/msg/detail/tello_response__rosidl_typesupport_fastrtps_c.h\n'}
[12.135949] (tello_msgs) StdoutLine: {'line': b'-- Up-to-date symlink: /home/ubuntu/Desktop/16.633_ros/flight_ws/install/tello_msgs/include/tello_msgs/msg/rosidl_typesupport_fastrtps_c__visibility_control.h\n'}
[12.143440] (-) TimerEvent: {}
[12.151525] (tello_msgs) StdoutLine: {'line': b'-- Up-to-date symlink: /home/ubuntu/Desktop/16.633_ros/flight_ws/install/tello_msgs/include/tello_msgs/srv/detail/tello_action__rosidl_typesupport_fastrtps_c.h\n'}
[12.162330] (tello_msgs) StdoutLine: {'line': b'-- Up-to-date symlink: /home/ubuntu/Desktop/16.633_ros/flight_ws/install/tello_msgs/lib/libtello_msgs__rosidl_typesupport_fastrtps_c.so\n'}
[12.181365] (tello_msgs) StdoutLine: {'line': b'-- Up-to-date symlink: /home/ubuntu/Desktop/16.633_ros/flight_ws/install/tello_msgs/include/tello_msgs/msg/detail/flight_data__rosidl_typesupport_fastrtps_cpp.hpp\n'}
[12.192849] (tello_msgs) StdoutLine: {'line': b'-- Up-to-date symlink: /home/ubuntu/Desktop/16.633_ros/flight_ws/install/tello_msgs/include/tello_msgs/msg/detail/tello_response__rosidl_typesupport_fastrtps_cpp.hpp\n'}
[12.200458] (tello_msgs) StdoutLine: {'line': b'-- Up-to-date symlink: /home/ubuntu/Desktop/16.633_ros/flight_ws/install/tello_msgs/include/tello_msgs/msg/rosidl_typesupport_fastrtps_cpp__visibility_control.h\n'}
[12.214396] (tello_msgs) StdoutLine: {'line': b'-- Up-to-date symlink: /home/ubuntu/Desktop/16.633_ros/flight_ws/install/tello_msgs/include/tello_msgs/srv/detail/tello_action__rosidl_typesupport_fastrtps_cpp.hpp\n'}
[12.230369] (tello_msgs) StdoutLine: {'line': b'-- Up-to-date symlink: /home/ubuntu/Desktop/16.633_ros/flight_ws/install/tello_msgs/lib/libtello_msgs__rosidl_typesupport_fastrtps_cpp.so\n'}
[12.239734] (tello_msgs) StdoutLine: {'line': b'-- Up-to-date symlink: /home/ubuntu/Desktop/16.633_ros/flight_ws/install/tello_msgs/include/tello_msgs/msg/detail/flight_data__rosidl_typesupport_introspection_c.h\n'}
[12.249534] (-) TimerEvent: {}
[12.253857] (tello_msgs) StdoutLine: {'line': b'-- Up-to-date symlink: /home/ubuntu/Desktop/16.633_ros/flight_ws/install/tello_msgs/include/tello_msgs/msg/detail/tello_response__rosidl_typesupport_introspection_c.h\n'}
[12.269406] (tello_msgs) StdoutLine: {'line': b'-- Up-to-date symlink: /home/ubuntu/Desktop/16.633_ros/flight_ws/install/tello_msgs/include/tello_msgs/msg/rosidl_typesupport_introspection_c__visibility_control.h\n'}
[12.282925] (tello_msgs) StdoutLine: {'line': b'-- Up-to-date symlink: /home/ubuntu/Desktop/16.633_ros/flight_ws/install/tello_msgs/include/tello_msgs/srv/detail/tello_action__rosidl_typesupport_introspection_c.h\n'}
[12.296592] (tello_msgs) StdoutLine: {'line': b'-- Up-to-date symlink: /home/ubuntu/Desktop/16.633_ros/flight_ws/install/tello_msgs/include/tello_msgs/msg/detail/flight_data__builder.hpp\n'}
[12.303802] (tello_msgs) StdoutLine: {'line': b'-- Up-to-date symlink: /home/ubuntu/Desktop/16.633_ros/flight_ws/install/tello_msgs/include/tello_msgs/msg/detail/flight_data__struct.hpp\n'}
[12.314237] (tello_msgs) StdoutLine: {'line': b'-- Up-to-date symlink: /home/ubuntu/Desktop/16.633_ros/flight_ws/install/tello_msgs/include/tello_msgs/msg/detail/flight_data__traits.hpp\n'}
[12.325979] (tello_msgs) StdoutLine: {'line': b'-- Up-to-date symlink: /home/ubuntu/Desktop/16.633_ros/flight_ws/install/tello_msgs/include/tello_msgs/msg/detail/flight_data__type_support.hpp\n'}
[12.335352] (tello_msgs) StdoutLine: {'line': b'-- Up-to-date symlink: /home/ubuntu/Desktop/16.633_ros/flight_ws/install/tello_msgs/include/tello_msgs/msg/detail/tello_response__builder.hpp\n'}
[12.344702] (tello_msgs) StdoutLine: {'line': b'-- Up-to-date symlink: /home/ubuntu/Desktop/16.633_ros/flight_ws/install/tello_msgs/include/tello_msgs/msg/detail/tello_response__struct.hpp\n'}
[12.351350] (-) TimerEvent: {}
[12.354981] (tello_msgs) StdoutLine: {'line': b'-- Up-to-date symlink: /home/ubuntu/Desktop/16.633_ros/flight_ws/install/tello_msgs/include/tello_msgs/msg/detail/tello_response__traits.hpp\n'}
[12.363701] (tello_msgs) StdoutLine: {'line': b'-- Up-to-date symlink: /home/ubuntu/Desktop/16.633_ros/flight_ws/install/tello_msgs/include/tello_msgs/msg/detail/tello_response__type_support.hpp\n'}
[12.371911] (tello_msgs) StdoutLine: {'line': b'-- Up-to-date symlink: /home/ubuntu/Desktop/16.633_ros/flight_ws/install/tello_msgs/include/tello_msgs/msg/flight_data.hpp\n'}
[12.383909] (tello_msgs) StdoutLine: {'line': b'-- Up-to-date symlink: /home/ubuntu/Desktop/16.633_ros/flight_ws/install/tello_msgs/include/tello_msgs/msg/rosidl_generator_cpp__visibility_control.hpp\n'}
[12.392710] (tello_msgs) StdoutLine: {'line': b'-- Up-to-date symlink: /home/ubuntu/Desktop/16.633_ros/flight_ws/install/tello_msgs/include/tello_msgs/msg/tello_response.hpp\n'}
[12.405256] (tello_msgs) StdoutLine: {'line': b'-- Up-to-date symlink: /home/ubuntu/Desktop/16.633_ros/flight_ws/install/tello_msgs/include/tello_msgs/srv/detail/tello_action__builder.hpp\n'}
[12.417259] (tello_msgs) StdoutLine: {'line': b'-- Up-to-date symlink: /home/ubuntu/Desktop/16.633_ros/flight_ws/install/tello_msgs/include/tello_msgs/srv/detail/tello_action__struct.hpp\n'}
[12.426904] (tello_msgs) StdoutLine: {'line': b'-- Up-to-date symlink: /home/ubuntu/Desktop/16.633_ros/flight_ws/install/tello_msgs/include/tello_msgs/srv/detail/tello_action__traits.hpp\n'}
[12.437456] (tello_msgs) StdoutLine: {'line': b'-- Up-to-date symlink: /home/ubuntu/Desktop/16.633_ros/flight_ws/install/tello_msgs/include/tello_msgs/srv/detail/tello_action__type_support.hpp\n'}
[12.447279] (tello_msgs) StdoutLine: {'line': b'-- Up-to-date symlink: /home/ubuntu/Desktop/16.633_ros/flight_ws/install/tello_msgs/include/tello_msgs/srv/tello_action.hpp\n'}
[12.453560] (-) TimerEvent: {}
[12.457442] (tello_msgs) StdoutLine: {'line': b'-- Up-to-date symlink: /home/ubuntu/Desktop/16.633_ros/flight_ws/install/tello_msgs/include/tello_msgs/msg/detail/flight_data__rosidl_typesupport_introspection_cpp.hpp\n'}
[12.470380] (tello_msgs) StdoutLine: {'line': b'-- Up-to-date symlink: /home/ubuntu/Desktop/16.633_ros/flight_ws/install/tello_msgs/include/tello_msgs/msg/detail/tello_response__rosidl_typesupport_introspection_cpp.hpp\n'}
[12.483653] (tello_msgs) StdoutLine: {'line': b'-- Up-to-date symlink: /home/ubuntu/Desktop/16.633_ros/flight_ws/install/tello_msgs/include/tello_msgs/srv/detail/tello_action__rosidl_typesupport_introspection_cpp.hpp\n'}
[12.491204] (tello_msgs) StdoutLine: {'line': b'-- Up-to-date symlink: /home/ubuntu/Desktop/16.633_ros/flight_ws/install/tello_msgs/share/tello_msgs/environment/pythonpath.sh\n'}
[12.499956] (tello_msgs) StdoutLine: {'line': b'-- Up-to-date symlink: /home/ubuntu/Desktop/16.633_ros/flight_ws/install/tello_msgs/share/tello_msgs/environment/pythonpath.dsv\n'}
[12.507094] (tello_msgs) StdoutLine: {'line': b'-- Up-to-date symlink: /home/ubuntu/Desktop/16.633_ros/flight_ws/install/tello_msgs/lib/python3.8/site-packages/tello_msgs/__init__.py\n'}
[12.519333] (tello_msgs) StdoutLine: {'line': b'-- Up-to-date symlink: /home/ubuntu/Desktop/16.633_ros/flight_ws/install/tello_msgs/lib/python3.8/site-packages/tello_msgs/msg/__init__.py\n'}
[12.526325] (tello_msgs) StdoutLine: {'line': b'-- Up-to-date symlink: /home/ubuntu/Desktop/16.633_ros/flight_ws/install/tello_msgs/lib/python3.8/site-packages/tello_msgs/msg/_flight_data.py\n'}
[12.534237] (tello_msgs) StdoutLine: {'line': b'-- Up-to-date symlink: /home/ubuntu/Desktop/16.633_ros/flight_ws/install/tello_msgs/lib/python3.8/site-packages/tello_msgs/msg/_tello_response.py\n'}
[12.543120] (tello_msgs) StdoutLine: {'line': b'-- Up-to-date symlink: /home/ubuntu/Desktop/16.633_ros/flight_ws/install/tello_msgs/lib/python3.8/site-packages/tello_msgs/srv/__init__.py\n'}
[12.549785] (tello_msgs) StdoutLine: {'line': b'-- Up-to-date symlink: /home/ubuntu/Desktop/16.633_ros/flight_ws/install/tello_msgs/lib/python3.8/site-packages/tello_msgs/srv/_tello_action.py\n'}
[12.555282] (-) TimerEvent: {}
[12.562223] (tello_msgs) StdoutLine: {'line': b'-- Up-to-date symlink: /home/ubuntu/Desktop/16.633_ros/flight_ws/install/tello_msgs/lib/python3.8/site-packages/tello_msgs/tello_msgs_s__rosidl_typesupport_fastrtps_c.cpython-38-x86_64-linux-gnu.so\n'}
[12.579946] (tello_msgs) StdoutLine: {'line': b'-- Up-to-date symlink: /home/ubuntu/Desktop/16.633_ros/flight_ws/install/tello_msgs/lib/python3.8/site-packages/tello_msgs/tello_msgs_s__rosidl_typesupport_introspection_c.cpython-38-x86_64-linux-gnu.so\n'}
[12.593790] (tello_msgs) StdoutLine: {'line': b'-- Up-to-date symlink: /home/ubuntu/Desktop/16.633_ros/flight_ws/install/tello_msgs/lib/python3.8/site-packages/tello_msgs/tello_msgs_s__rosidl_typesupport_c.cpython-38-x86_64-linux-gnu.so\n'}
[12.609294] (tello_msgs) StdoutLine: {'line': b'-- Up-to-date symlink: /home/ubuntu/Desktop/16.633_ros/flight_ws/install/tello_msgs/lib/libtello_msgs__python.so\n'}
[12.619304] (tello_msgs) StdoutLine: {'line': b'-- Up-to-date symlink: /home/ubuntu/Desktop/16.633_ros/flight_ws/install/tello_msgs/share/tello_msgs/msg/FlightData.idl\n'}
[12.633966] (tello_msgs) StdoutLine: {'line': b'-- Up-to-date symlink: /home/ubuntu/Desktop/16.633_ros/flight_ws/install/tello_msgs/share/tello_msgs/msg/TelloResponse.idl\n'}
[12.649208] (tello_msgs) StdoutLine: {'line': b'-- Up-to-date symlink: /home/ubuntu/Desktop/16.633_ros/flight_ws/install/tello_msgs/share/tello_msgs/srv/TelloAction.idl\n'}
[12.658678] (-) TimerEvent: {}
[12.669006] (tello_msgs) StdoutLine: {'line': b'-- Up-to-date symlink: /home/ubuntu/Desktop/16.633_ros/flight_ws/install/tello_msgs/share/tello_msgs/msg/FlightData.msg\n'}
[12.688543] (tello_msgs) StdoutLine: {'line': b'-- Up-to-date symlink: /home/ubuntu/Desktop/16.633_ros/flight_ws/install/tello_msgs/share/tello_msgs/msg/TelloResponse.msg\n'}
[12.695695] (tello_msgs) StdoutLine: {'line': b'-- Up-to-date symlink: /home/ubuntu/Desktop/16.633_ros/flight_ws/install/tello_msgs/share/tello_msgs/srv/TelloAction.srv\n'}
[12.712387] (tello_msgs) StdoutLine: {'line': b'-- Up-to-date symlink: /home/ubuntu/Desktop/16.633_ros/flight_ws/install/tello_msgs/share/tello_msgs/srv/TelloAction_Request.msg\n'}
[12.728970] (tello_msgs) StdoutLine: {'line': b'-- Up-to-date symlink: /home/ubuntu/Desktop/16.633_ros/flight_ws/install/tello_msgs/share/tello_msgs/srv/TelloAction_Response.msg\n'}
[12.738866] (tello_msgs) StdoutLine: {'line': b'-- Up-to-date symlink: /home/ubuntu/Desktop/16.633_ros/flight_ws/install/tello_msgs/share/ament_index/resource_index/package_run_dependencies/tello_msgs\n'}
[12.750648] (tello_msgs) StdoutLine: {'line': b'-- Up-to-date symlink: /home/ubuntu/Desktop/16.633_ros/flight_ws/install/tello_msgs/share/ament_index/resource_index/parent_prefix_path/tello_msgs\n'}
[12.759764] (tello_msgs) StdoutLine: {'line': b'-- Up-to-date symlink: /home/ubuntu/Desktop/16.633_ros/flight_ws/install/tello_msgs/share/tello_msgs/environment/ament_prefix_path.sh\n'}
[12.785801] (-) TimerEvent: {}
[12.795801] (tello_msgs) StdoutLine: {'line': b'-- Up-to-date symlink: /home/ubuntu/Desktop/16.633_ros/flight_ws/install/tello_msgs/share/tello_msgs/environment/ament_prefix_path.dsv\n'}
[12.812413] (tello_msgs) StdoutLine: {'line': b'-- Up-to-date symlink: /home/ubuntu/Desktop/16.633_ros/flight_ws/install/tello_msgs/share/tello_msgs/environment/path.sh\n'}
[12.849509] (tello_msgs) StdoutLine: {'line': b'-- Up-to-date symlink: /home/ubuntu/Desktop/16.633_ros/flight_ws/install/tello_msgs/share/tello_msgs/environment/path.dsv\n'}
[12.855872] (tello_msgs) StdoutLine: {'line': b'-- Up-to-date symlink: /home/ubuntu/Desktop/16.633_ros/flight_ws/install/tello_msgs/share/tello_msgs/local_setup.bash\n'}
[12.865719] (tello_msgs) StdoutLine: {'line': b'-- Up-to-date symlink: /home/ubuntu/Desktop/16.633_ros/flight_ws/install/tello_msgs/share/tello_msgs/local_setup.sh\n'}
[12.873802] (tello_msgs) StdoutLine: {'line': b'-- Up-to-date symlink: /home/ubuntu/Desktop/16.633_ros/flight_ws/install/tello_msgs/share/tello_msgs/local_setup.zsh\n'}
[12.881111] (tello_msgs) StdoutLine: {'line': b'-- Up-to-date symlink: /home/ubuntu/Desktop/16.633_ros/flight_ws/install/tello_msgs/share/tello_msgs/local_setup.dsv\n'}
[12.888510] (-) TimerEvent: {}
[12.890185] (tello_msgs) StdoutLine: {'line': b'-- Symlinking: /home/ubuntu/Desktop/16.633_ros/flight_ws/install/tello_msgs/share/tello_msgs/package.dsv\n'}
[12.988744] (-) TimerEvent: {}
[13.090753] (-) TimerEvent: {}
[13.169156] (tello_msgs) StdoutLine: {'line': b'-- Up-to-date symlink: /home/ubuntu/Desktop/16.633_ros/flight_ws/install/tello_msgs/share/ament_index/resource_index/packages/tello_msgs\n'}
[13.192837] (-) TimerEvent: {}
[13.196035] (tello_msgs) StdoutLine: {'line': b'-- Up-to-date symlink: /home/ubuntu/Desktop/16.633_ros/flight_ws/install/tello_msgs/share/tello_msgs/cmake/rosidl_cmake-extras.cmake\n'}
[13.211182] (tello_msgs) StdoutLine: {'line': b'-- Up-to-date symlink: /home/ubuntu/Desktop/16.633_ros/flight_ws/install/tello_msgs/share/tello_msgs/cmake/ament_cmake_export_dependencies-extras.cmake\n'}
[13.228767] (tello_msgs) StdoutLine: {'line': b'-- Up-to-date symlink: /home/ubuntu/Desktop/16.633_ros/flight_ws/install/tello_msgs/share/tello_msgs/cmake/ament_cmake_export_libraries-extras.cmake\n'}
[13.237393] (tello_msgs) StdoutLine: {'line': b'-- Up-to-date symlink: /home/ubuntu/Desktop/16.633_ros/flight_ws/install/tello_msgs/share/tello_msgs/cmake/ament_cmake_export_targets-extras.cmake\n'}
[13.246451] (tello_msgs) StdoutLine: {'line': b'-- Up-to-date symlink: /home/ubuntu/Desktop/16.633_ros/flight_ws/install/tello_msgs/share/tello_msgs/cmake/ament_cmake_export_include_directories-extras.cmake\n'}
[13.265125] (tello_msgs) StdoutLine: {'line': b'-- Up-to-date symlink: /home/ubuntu/Desktop/16.633_ros/flight_ws/install/tello_msgs/share/tello_msgs/cmake/rosidl_cmake_export_typesupport_libraries-extras.cmake\n'}
[13.273417] (tello_msgs) StdoutLine: {'line': b'-- Up-to-date symlink: /home/ubuntu/Desktop/16.633_ros/flight_ws/install/tello_msgs/share/tello_msgs/cmake/rosidl_cmake_export_typesupport_targets-extras.cmake\n'}
[13.292684] (tello_msgs) StdoutLine: {'line': b'-- Up-to-date symlink: /home/ubuntu/Desktop/16.633_ros/flight_ws/install/tello_msgs/share/tello_msgs/cmake/tello_msgsConfig.cmake\n'}
[13.302196] (-) TimerEvent: {}
[13.305769] (tello_msgs) StdoutLine: {'line': b'-- Up-to-date symlink: /home/ubuntu/Desktop/16.633_ros/flight_ws/install/tello_msgs/share/tello_msgs/cmake/tello_msgsConfig-version.cmake\n'}
[13.317865] (tello_msgs) StdoutLine: {'line': b'-- Up-to-date symlink: /home/ubuntu/Desktop/16.633_ros/flight_ws/install/tello_msgs/share/tello_msgs/package.xml\n'}
[13.326531] (tello_msgs) StdoutLine: {'line': b'-- Up-to-date: /home/ubuntu/Desktop/16.633_ros/flight_ws/install/tello_msgs/lib/libtello_msgs__rosidl_generator_c.so\n'}
[13.346699] (tello_msgs) StdoutLine: {'line': b'-- Up-to-date: /home/ubuntu/Desktop/16.633_ros/flight_ws/install/tello_msgs/lib/libtello_msgs__rosidl_typesupport_introspection_c.so\n'}
[13.354905] (tello_msgs) StdoutLine: {'line': b'-- Up-to-date: /home/ubuntu/Desktop/16.633_ros/flight_ws/install/tello_msgs/lib/libtello_msgs__rosidl_typesupport_c.so\n'}
[13.363164] (tello_msgs) StdoutLine: {'line': b'-- Up-to-date: /home/ubuntu/Desktop/16.633_ros/flight_ws/install/tello_msgs/lib/libtello_msgs__rosidl_typesupport_introspection_cpp.so\n'}
[13.369192] (tello_msgs) StdoutLine: {'line': b'-- Up-to-date: /home/ubuntu/Desktop/16.633_ros/flight_ws/install/tello_msgs/lib/libtello_msgs__rosidl_typesupport_cpp.so\n'}
[13.402397] (-) TimerEvent: {}
[13.505002] (-) TimerEvent: {}
[13.543987] (tello_msgs) StdoutLine: {'line': b'-- Up-to-date: /home/ubuntu/Desktop/16.633_ros/flight_ws/install/tello_msgs/share/tello_msgs/cmake/tello_msgs__rosidl_generator_cExport.cmake\n'}
[13.549329] (tello_msgs) StdoutLine: {'line': b'-- Up-to-date: /home/ubuntu/Desktop/16.633_ros/flight_ws/install/tello_msgs/share/tello_msgs/cmake/tello_msgs__rosidl_generator_cExport-noconfig.cmake\n'}
[13.555977] (tello_msgs) StdoutLine: {'line': b'-- Up-to-date: /home/ubuntu/Desktop/16.633_ros/flight_ws/install/tello_msgs/share/tello_msgs/cmake/tello_msgs__rosidl_typesupport_introspection_cExport.cmake\n'}
[13.561700] (tello_msgs) StdoutLine: {'line': b'-- Up-to-date: /home/ubuntu/Desktop/16.633_ros/flight_ws/install/tello_msgs/share/tello_msgs/cmake/tello_msgs__rosidl_typesupport_introspection_cExport-noconfig.cmake\n'}
[13.566285] (tello_msgs) StdoutLine: {'line': b'-- Up-to-date: /home/ubuntu/Desktop/16.633_ros/flight_ws/install/tello_msgs/share/tello_msgs/cmake/tello_msgs__rosidl_typesupport_cExport.cmake\n'}
[13.570857] (tello_msgs) StdoutLine: {'line': b'-- Up-to-date: /home/ubuntu/Desktop/16.633_ros/flight_ws/install/tello_msgs/share/tello_msgs/cmake/tello_msgs__rosidl_typesupport_cExport-noconfig.cmake\n'}
[13.576946] (tello_msgs) StdoutLine: {'line': b'-- Up-to-date: /home/ubuntu/Desktop/16.633_ros/flight_ws/install/tello_msgs/share/tello_msgs/cmake/tello_msgs__rosidl_generator_cppExport.cmake\n'}
[13.582466] (tello_msgs) StdoutLine: {'line': b'-- Up-to-date: /home/ubuntu/Desktop/16.633_ros/flight_ws/install/tello_msgs/share/tello_msgs/cmake/tello_msgs__rosidl_typesupport_introspection_cppExport.cmake\n'}
[13.586436] (tello_msgs) StdoutLine: {'line': b'-- Up-to-date: /home/ubuntu/Desktop/16.633_ros/flight_ws/install/tello_msgs/share/tello_msgs/cmake/tello_msgs__rosidl_typesupport_introspection_cppExport-noconfig.cmake\n'}
[13.589686] (tello_msgs) StdoutLine: {'line': b'-- Up-to-date: /home/ubuntu/Desktop/16.633_ros/flight_ws/install/tello_msgs/share/tello_msgs/cmake/tello_msgs__rosidl_typesupport_cppExport.cmake\n'}
[13.593747] (tello_msgs) StdoutLine: {'line': b'-- Up-to-date: /home/ubuntu/Desktop/16.633_ros/flight_ws/install/tello_msgs/share/tello_msgs/cmake/tello_msgs__rosidl_typesupport_cppExport-noconfig.cmake\n'}
[13.600098] (tello_msgs) CommandEnded: {'returncode': 0}
[13.610344] (-) TimerEvent: {}
[13.713625] (-) TimerEvent: {}
[13.816667] (-) TimerEvent: {}
[13.918051] (-) TimerEvent: {}
[14.019831] (-) TimerEvent: {}
[14.121463] (-) TimerEvent: {}
[14.223794] (-) TimerEvent: {}
[14.324913] (-) TimerEvent: {}
[14.426396] (-) TimerEvent: {}
[14.528392] (-) TimerEvent: {}
[14.629901] (-) TimerEvent: {}
[14.731132] (-) TimerEvent: {}
[14.832963] (-) TimerEvent: {}
[14.934331] (-) TimerEvent: {}
[15.036252] (-) TimerEvent: {}
[15.137547] (-) TimerEvent: {}
[15.239206] (-) TimerEvent: {}
[15.341072] (-) TimerEvent: {}
[15.443537] (-) TimerEvent: {}
[15.544954] (-) TimerEvent: {}
[15.646493] (-) TimerEvent: {}
[15.748161] (-) TimerEvent: {}
[15.849872] (-) TimerEvent: {}
[15.951326] (-) TimerEvent: {}
[16.052948] (-) TimerEvent: {}
[16.155606] (-) TimerEvent: {}
[16.257387] (-) TimerEvent: {}
[16.358844] (-) TimerEvent: {}
[16.460594] (-) TimerEvent: {}
[16.562232] (-) TimerEvent: {}
[16.663538] (-) TimerEvent: {}
[16.765106] (-) TimerEvent: {}
[16.866577] (-) TimerEvent: {}
[16.969749] (-) TimerEvent: {}
[17.071519] (-) TimerEvent: {}
[17.175475] (-) TimerEvent: {}
[17.176941] (tello_msgs) JobEnded: {'identifier': 'tello_msgs', 'rc': 0}
[17.190959] (-) EventReactorShutdown: {}
