[0.210s] Invoking command in '/home/ubuntu/Desktop/16.633_ros/tello_ros_ws/build/tello_description': CMAKE_PREFIX_PATH=${CMAKE_PREFIX_PATH}:/opt/ros/foxy /usr/bin/cmake --build /home/ubuntu/Desktop/16.633_ros/tello_ros_ws/build/tello_description -- -j6 -l6
[1.355s] [ 11%] [34m[1mGenerate /home/ubuntu/Desktop/16.633_ros/tello_ros_ws/build/tello_description/urdf/tello_6.urdf[0m
[1.795s] [ 11%] Built target generate_urdf_6
[2.248s] [ 22%] [34m[1mGenerate /home/ubuntu/Desktop/16.633_ros/tello_ros_ws/build/tello_description/urdf/tello_4.urdf[0m
[2.564s] [ 22%] Built target generate_urdf_4
[3.068s] [ 33%] [34m[1mGenerate /home/ubuntu/Desktop/16.633_ros/tello_ros_ws/build/tello_description/urdf/tello_5.urdf[0m
[3.421s] [ 33%] Built target generate_urdf_5
[3.978s] [ 44%] [34m[1mGenerate /home/ubuntu/Desktop/16.633_ros/tello_ros_ws/build/tello_description/urdf/tello_7.urdf[0m
[4.630s] [ 44%] Built target generate_urdf_7
[5.375s] [ 55%] [34m[1mGenerate /home/ubuntu/Desktop/16.633_ros/tello_ros_ws/build/tello_description/urdf/tello_2.urdf[0m
[5.836s] [ 55%] Built target generate_urdf_2
[6.405s] [ 66%] [34m[1mGenerate /home/ubuntu/Desktop/16.633_ros/tello_ros_ws/build/tello_description/urdf/tello_8.urdf[0m
[6.839s] [ 66%] Built target generate_urdf_8
[7.456s] [ 77%] [34m[1mGenerate /home/ubuntu/Desktop/16.633_ros/tello_ros_ws/build/tello_description/urdf/tello_3.urdf[0m
[7.801s] [ 77%] Built target generate_urdf_3
[8.396s] [ 88%] [34m[1mGenerate /home/ubuntu/Desktop/16.633_ros/tello_ros_ws/build/tello_description/urdf/tello_1.urdf[0m
[8.782s] [ 88%] Built target generate_urdf_1
[9.344s] [100%] [34m[1mGenerate /home/ubuntu/Desktop/16.633_ros/tello_ros_ws/build/tello_description/urdf/tello.urdf[0m
[9.831s] [100%] Built target generate_urdf
[10.067s] Invoked command in '/home/ubuntu/Desktop/16.633_ros/tello_ros_ws/build/tello_description' returned '0': CMAKE_PREFIX_PATH=${CMAKE_PREFIX_PATH}:/opt/ros/foxy /usr/bin/cmake --build /home/ubuntu/Desktop/16.633_ros/tello_ros_ws/build/tello_description -- -j6 -l6
[11.369s] Invoking command in '/home/ubuntu/Desktop/16.633_ros/tello_ros_ws/build/tello_description': CMAKE_PREFIX_PATH=${CMAKE_PREFIX_PATH}:/opt/ros/foxy /usr/bin/cmake --install /home/ubuntu/Desktop/16.633_ros/tello_ros_ws/build/tello_description
[11.569s] -- Install configuration: ""
[11.575s] -- Execute custom install script
[11.581s] -- Up-to-date symlink: /home/ubuntu/Desktop/16.633_ros/tello_ros_ws/install/tello_description/share/tello_description/urdf/tello.urdf
[11.586s] -- Up-to-date symlink: /home/ubuntu/Desktop/16.633_ros/tello_ros_ws/install/tello_description/share/tello_description/urdf/tello_1.urdf
[11.593s] -- Up-to-date symlink: /home/ubuntu/Desktop/16.633_ros/tello_ros_ws/install/tello_description/share/tello_description/urdf/tello_2.urdf
[11.599s] -- Up-to-date symlink: /home/ubuntu/Desktop/16.633_ros/tello_ros_ws/install/tello_description/share/tello_description/urdf/tello_3.urdf
[11.606s] -- Up-to-date symlink: /home/ubuntu/Desktop/16.633_ros/tello_ros_ws/install/tello_description/share/tello_description/urdf/tello_4.urdf
[11.615s] -- Up-to-date symlink: /home/ubuntu/Desktop/16.633_ros/tello_ros_ws/install/tello_description/share/tello_description/urdf/tello_5.urdf
[11.624s] -- Up-to-date symlink: /home/ubuntu/Desktop/16.633_ros/tello_ros_ws/install/tello_description/share/tello_description/urdf/tello_6.urdf
[11.628s] -- Up-to-date symlink: /home/ubuntu/Desktop/16.633_ros/tello_ros_ws/install/tello_description/share/tello_description/urdf/tello_7.urdf
[11.634s] -- Up-to-date symlink: /home/ubuntu/Desktop/16.633_ros/tello_ros_ws/install/tello_description/share/tello_description/urdf/tello_8.urdf
[11.639s] -- Up-to-date symlink: /home/ubuntu/Desktop/16.633_ros/tello_ros_ws/install/tello_description/share/ament_index/resource_index/package_run_dependencies/tello_description
[11.644s] -- Up-to-date symlink: /home/ubuntu/Desktop/16.633_ros/tello_ros_ws/install/tello_description/share/ament_index/resource_index/parent_prefix_path/tello_description
[11.650s] -- Up-to-date symlink: /home/ubuntu/Desktop/16.633_ros/tello_ros_ws/install/tello_description/share/tello_description/environment/ament_prefix_path.sh
[11.660s] -- Up-to-date symlink: /home/ubuntu/Desktop/16.633_ros/tello_ros_ws/install/tello_description/share/tello_description/environment/ament_prefix_path.dsv
[11.667s] -- Up-to-date symlink: /home/ubuntu/Desktop/16.633_ros/tello_ros_ws/install/tello_description/share/tello_description/environment/path.sh
[11.673s] -- Up-to-date symlink: /home/ubuntu/Desktop/16.633_ros/tello_ros_ws/install/tello_description/share/tello_description/environment/path.dsv
[11.678s] -- Up-to-date symlink: /home/ubuntu/Desktop/16.633_ros/tello_ros_ws/install/tello_description/share/tello_description/local_setup.bash
[11.684s] -- Up-to-date symlink: /home/ubuntu/Desktop/16.633_ros/tello_ros_ws/install/tello_description/share/tello_description/local_setup.sh
[11.689s] -- Up-to-date symlink: /home/ubuntu/Desktop/16.633_ros/tello_ros_ws/install/tello_description/share/tello_description/local_setup.zsh
[11.697s] -- Up-to-date symlink: /home/ubuntu/Desktop/16.633_ros/tello_ros_ws/install/tello_description/share/tello_description/local_setup.dsv
[11.700s] -- Symlinking: /home/ubuntu/Desktop/16.633_ros/tello_ros_ws/install/tello_description/share/tello_description/package.dsv
[11.909s] -- Up-to-date symlink: /home/ubuntu/Desktop/16.633_ros/tello_ros_ws/install/tello_description/share/ament_index/resource_index/packages/tello_description
[11.917s] -- Up-to-date symlink: /home/ubuntu/Desktop/16.633_ros/tello_ros_ws/install/tello_description/share/tello_description/cmake/tello_descriptionConfig.cmake
[11.923s] -- Up-to-date symlink: /home/ubuntu/Desktop/16.633_ros/tello_ros_ws/install/tello_description/share/tello_description/cmake/tello_descriptionConfig-version.cmake
[11.929s] -- Up-to-date symlink: /home/ubuntu/Desktop/16.633_ros/tello_ros_ws/install/tello_description/share/tello_description/package.xml
[11.937s] Invoked command in '/home/ubuntu/Desktop/16.633_ros/tello_ros_ws/build/tello_description' returned '0': CMAKE_PREFIX_PATH=${CMAKE_PREFIX_PATH}:/opt/ros/foxy /usr/bin/cmake --install /home/ubuntu/Desktop/16.633_ros/tello_ros_ws/build/tello_description
