[0.243s] Invoking command in '/home/ubuntu/Desktop/16.633_ros/tello_ros_ws/build/tello_gazebo': CMAKE_PREFIX_PATH=/home/ubuntu/Desktop/16.633_ros/tello_ros_ws/install/tello_msgs:/home/ubuntu/Desktop/16.633_ros/tello_ros_ws/install/tello_gazebo:/home/ubuntu/Desktop/16.633_ros/tello_ros_ws/install/tello_driver:/home/ubuntu/Desktop/16.633_ros/tello_ros_ws/install/tello_description:/home/ubuntu/Desktop/16.633_ros/tello_ros_ws/install/ros2_shared:/opt/ros/foxy LD_LIBRARY_PATH=/home/ubuntu/Desktop/16.633_ros/tello_ros_ws/install/tello_msgs/lib:/home/ubuntu/Desktop/16.633_ros/tello_ros_ws/install/tello_gazebo/lib:/home/ubuntu/Desktop/16.633_ros/tello_ros_ws/install/tello_driver/lib:/usr/lib/x86_64-linux-gnu/gazebo-11/plugins:/opt/ros/foxy/opt/yaml_cpp_vendor/lib:/opt/ros/foxy/opt/rviz_ogre_vendor/lib:/opt/ros/foxy/lib/x86_64-linux-gnu:/opt/ros/foxy/lib /usr/bin/cmake --build /home/ubuntu/Desktop/16.633_ros/tello_ros_ws/build/tello_gazebo -- -j6 -l6
[1.477s] [100%] Built target TelloPlugin
[1.727s] Invoked command in '/home/ubuntu/Desktop/16.633_ros/tello_ros_ws/build/tello_gazebo' returned '0': CMAKE_PREFIX_PATH=/home/ubuntu/Desktop/16.633_ros/tello_ros_ws/install/tello_msgs:/home/ubuntu/Desktop/16.633_ros/tello_ros_ws/install/tello_gazebo:/home/ubuntu/Desktop/16.633_ros/tello_ros_ws/install/tello_driver:/home/ubuntu/Desktop/16.633_ros/tello_ros_ws/install/tello_description:/home/ubuntu/Desktop/16.633_ros/tello_ros_ws/install/ros2_shared:/opt/ros/foxy LD_LIBRARY_PATH=/home/ubuntu/Desktop/16.633_ros/tello_ros_ws/install/tello_msgs/lib:/home/ubuntu/Desktop/16.633_ros/tello_ros_ws/install/tello_gazebo/lib:/home/ubuntu/Desktop/16.633_ros/tello_ros_ws/install/tello_driver/lib:/usr/lib/x86_64-linux-gnu/gazebo-11/plugins:/opt/ros/foxy/opt/yaml_cpp_vendor/lib:/opt/ros/foxy/opt/rviz_ogre_vendor/lib:/opt/ros/foxy/lib/x86_64-linux-gnu:/opt/ros/foxy/lib /usr/bin/cmake --build /home/ubuntu/Desktop/16.633_ros/tello_ros_ws/build/tello_gazebo -- -j6 -l6
[2.765s] Invoking command in '/home/ubuntu/Desktop/16.633_ros/tello_ros_ws/build/tello_gazebo': CMAKE_PREFIX_PATH=/home/ubuntu/Desktop/16.633_ros/tello_ros_ws/install/tello_msgs:/home/ubuntu/Desktop/16.633_ros/tello_ros_ws/install/tello_gazebo:/home/ubuntu/Desktop/16.633_ros/tello_ros_ws/install/tello_driver:/home/ubuntu/Desktop/16.633_ros/tello_ros_ws/install/tello_description:/home/ubuntu/Desktop/16.633_ros/tello_ros_ws/install/ros2_shared:/opt/ros/foxy LD_LIBRARY_PATH=/home/ubuntu/Desktop/16.633_ros/tello_ros_ws/install/tello_msgs/lib:/home/ubuntu/Desktop/16.633_ros/tello_ros_ws/install/tello_gazebo/lib:/home/ubuntu/Desktop/16.633_ros/tello_ros_ws/install/tello_driver/lib:/usr/lib/x86_64-linux-gnu/gazebo-11/plugins:/opt/ros/foxy/opt/yaml_cpp_vendor/lib:/opt/ros/foxy/opt/rviz_ogre_vendor/lib:/opt/ros/foxy/lib/x86_64-linux-gnu:/opt/ros/foxy/lib /usr/bin/cmake --install /home/ubuntu/Desktop/16.633_ros/tello_ros_ws/build/tello_gazebo
[2.932s] -- Install configuration: ""
[2.941s] -- Execute custom install script
[2.952s] -- Up-to-date symlink: /home/ubuntu/Desktop/16.633_ros/tello_ros_ws/install/tello_gazebo/lib/libTelloPlugin.so
[2.965s] -- Up-to-date symlink: /home/ubuntu/Desktop/16.633_ros/tello_ros_ws/install/tello_gazebo/share/tello_gazebo/models/marker_0/materials/scripts/marker_0.material
[2.970s] -- Up-to-date symlink: /home/ubuntu/Desktop/16.633_ros/tello_ros_ws/install/tello_gazebo/share/tello_gazebo/models/marker_0/materials/textures/aruco_mark_0.png
[2.974s] -- Up-to-date symlink: /home/ubuntu/Desktop/16.633_ros/tello_ros_ws/install/tello_gazebo/share/tello_gazebo/models/marker_0/materials/textures/aruco_mark_0.svg
[2.979s] -- Up-to-date symlink: /home/ubuntu/Desktop/16.633_ros/tello_ros_ws/install/tello_gazebo/share/tello_gazebo/models/marker_0/model.config
[2.983s] -- Up-to-date symlink: /home/ubuntu/Desktop/16.633_ros/tello_ros_ws/install/tello_gazebo/share/tello_gazebo/models/marker_0/model.sdf
[2.989s] -- Up-to-date symlink: /home/ubuntu/Desktop/16.633_ros/tello_ros_ws/install/tello_gazebo/share/tello_gazebo/models/marker_1/materials/scripts/marker_1.material
[2.994s] -- Up-to-date symlink: /home/ubuntu/Desktop/16.633_ros/tello_ros_ws/install/tello_gazebo/share/tello_gazebo/models/marker_1/materials/textures/aruco_mark_1.png
[2.999s] -- Up-to-date symlink: /home/ubuntu/Desktop/16.633_ros/tello_ros_ws/install/tello_gazebo/share/tello_gazebo/models/marker_1/materials/textures/aruco_mark_1.svg
[3.003s] -- Up-to-date symlink: /home/ubuntu/Desktop/16.633_ros/tello_ros_ws/install/tello_gazebo/share/tello_gazebo/models/marker_1/model.config
[3.008s] -- Up-to-date symlink: /home/ubuntu/Desktop/16.633_ros/tello_ros_ws/install/tello_gazebo/share/tello_gazebo/models/marker_1/model.sdf
[3.012s] -- Up-to-date symlink: /home/ubuntu/Desktop/16.633_ros/tello_ros_ws/install/tello_gazebo/share/tello_gazebo/models/marker_2/materials/scripts/marker_2.material
[3.017s] -- Up-to-date symlink: /home/ubuntu/Desktop/16.633_ros/tello_ros_ws/install/tello_gazebo/share/tello_gazebo/models/marker_2/materials/textures/aruco_mark_2.png
[3.022s] -- Up-to-date symlink: /home/ubuntu/Desktop/16.633_ros/tello_ros_ws/install/tello_gazebo/share/tello_gazebo/models/marker_2/materials/textures/aruco_mark_2.svg
[3.027s] -- Up-to-date symlink: /home/ubuntu/Desktop/16.633_ros/tello_ros_ws/install/tello_gazebo/share/tello_gazebo/models/marker_2/model.config
[3.032s] -- Up-to-date symlink: /home/ubuntu/Desktop/16.633_ros/tello_ros_ws/install/tello_gazebo/share/tello_gazebo/models/marker_2/model.sdf
[3.036s] -- Up-to-date symlink: /home/ubuntu/Desktop/16.633_ros/tello_ros_ws/install/tello_gazebo/share/tello_gazebo/models/marker_3/materials/scripts/marker_3.material
[3.041s] -- Up-to-date symlink: /home/ubuntu/Desktop/16.633_ros/tello_ros_ws/install/tello_gazebo/share/tello_gazebo/models/marker_3/materials/textures/aruco_mark_3.png
[3.045s] -- Up-to-date symlink: /home/ubuntu/Desktop/16.633_ros/tello_ros_ws/install/tello_gazebo/share/tello_gazebo/models/marker_3/materials/textures/aruco_mark_3.svg
[3.049s] -- Up-to-date symlink: /home/ubuntu/Desktop/16.633_ros/tello_ros_ws/install/tello_gazebo/share/tello_gazebo/models/marker_3/model.config
[3.054s] -- Up-to-date symlink: /home/ubuntu/Desktop/16.633_ros/tello_ros_ws/install/tello_gazebo/share/tello_gazebo/models/marker_3/model.sdf
[3.058s] -- Up-to-date symlink: /home/ubuntu/Desktop/16.633_ros/tello_ros_ws/install/tello_gazebo/share/tello_gazebo/models/marker_4/materials/scripts/marker_4.material
[3.064s] -- Up-to-date symlink: /home/ubuntu/Desktop/16.633_ros/tello_ros_ws/install/tello_gazebo/share/tello_gazebo/models/marker_4/materials/textures/aruco_mark_4.png
[3.067s] -- Up-to-date symlink: /home/ubuntu/Desktop/16.633_ros/tello_ros_ws/install/tello_gazebo/share/tello_gazebo/models/marker_4/materials/textures/aruco_mark_4.svg
[3.072s] -- Up-to-date symlink: /home/ubuntu/Desktop/16.633_ros/tello_ros_ws/install/tello_gazebo/share/tello_gazebo/models/marker_4/model.config
[3.078s] -- Up-to-date symlink: /home/ubuntu/Desktop/16.633_ros/tello_ros_ws/install/tello_gazebo/share/tello_gazebo/models/marker_4/model.sdf
[3.088s] -- Up-to-date symlink: /home/ubuntu/Desktop/16.633_ros/tello_ros_ws/install/tello_gazebo/share/tello_gazebo/models/marker_5/materials/scripts/marker_5.material
[3.096s] -- Up-to-date symlink: /home/ubuntu/Desktop/16.633_ros/tello_ros_ws/install/tello_gazebo/share/tello_gazebo/models/marker_5/materials/textures/aruco_mark_5.png
[3.104s] -- Up-to-date symlink: /home/ubuntu/Desktop/16.633_ros/tello_ros_ws/install/tello_gazebo/share/tello_gazebo/models/marker_5/materials/textures/aruco_mark_5.svg
[3.111s] -- Up-to-date symlink: /home/ubuntu/Desktop/16.633_ros/tello_ros_ws/install/tello_gazebo/share/tello_gazebo/models/marker_5/model.config
[3.117s] -- Up-to-date symlink: /home/ubuntu/Desktop/16.633_ros/tello_ros_ws/install/tello_gazebo/share/tello_gazebo/models/marker_5/model.sdf
[3.122s] -- Up-to-date symlink: /home/ubuntu/Desktop/16.633_ros/tello_ros_ws/install/tello_gazebo/share/tello_gazebo/models/marker_6/materials/scripts/marker_6.material
[3.128s] -- Up-to-date symlink: /home/ubuntu/Desktop/16.633_ros/tello_ros_ws/install/tello_gazebo/share/tello_gazebo/models/marker_6/materials/textures/aruco_mark_6.png
[3.133s] -- Up-to-date symlink: /home/ubuntu/Desktop/16.633_ros/tello_ros_ws/install/tello_gazebo/share/tello_gazebo/models/marker_6/materials/textures/aruco_mark_6.svg
[3.138s] -- Up-to-date symlink: /home/ubuntu/Desktop/16.633_ros/tello_ros_ws/install/tello_gazebo/share/tello_gazebo/models/marker_6/model.config
[3.144s] -- Up-to-date symlink: /home/ubuntu/Desktop/16.633_ros/tello_ros_ws/install/tello_gazebo/share/tello_gazebo/models/marker_6/model.sdf
[3.149s] -- Up-to-date symlink: /home/ubuntu/Desktop/16.633_ros/tello_ros_ws/install/tello_gazebo/share/tello_gazebo/models/marker_7/materials/scripts/marker_7.material
[3.154s] -- Up-to-date symlink: /home/ubuntu/Desktop/16.633_ros/tello_ros_ws/install/tello_gazebo/share/tello_gazebo/models/marker_7/materials/textures/aruco_mark_7.png
[3.159s] -- Up-to-date symlink: /home/ubuntu/Desktop/16.633_ros/tello_ros_ws/install/tello_gazebo/share/tello_gazebo/models/marker_7/materials/textures/aruco_mark_7.svg
[3.164s] -- Up-to-date symlink: /home/ubuntu/Desktop/16.633_ros/tello_ros_ws/install/tello_gazebo/share/tello_gazebo/models/marker_7/model.config
[3.168s] -- Up-to-date symlink: /home/ubuntu/Desktop/16.633_ros/tello_ros_ws/install/tello_gazebo/share/tello_gazebo/models/marker_7/model.sdf
[3.175s] -- Up-to-date symlink: /home/ubuntu/Desktop/16.633_ros/tello_ros_ws/install/tello_gazebo/share/tello_gazebo/worlds/build_world.py
[3.181s] -- Up-to-date symlink: /home/ubuntu/Desktop/16.633_ros/tello_ros_ws/install/tello_gazebo/share/tello_gazebo/worlds/competition.world
[3.185s] -- Up-to-date symlink: /home/ubuntu/Desktop/16.633_ros/tello_ros_ws/install/tello_gazebo/share/tello_gazebo/worlds/f2.world
[3.189s] -- Up-to-date symlink: /home/ubuntu/Desktop/16.633_ros/tello_ros_ws/install/tello_gazebo/share/tello_gazebo/worlds/f2_map.yaml
[3.194s] -- Up-to-date symlink: /home/ubuntu/Desktop/16.633_ros/tello_ros_ws/install/tello_gazebo/share/tello_gazebo/worlds/fiducial.world
[3.198s] -- Up-to-date symlink: /home/ubuntu/Desktop/16.633_ros/tello_ros_ws/install/tello_gazebo/share/tello_gazebo/worlds/fiducial_map.yaml
[3.202s] -- Up-to-date symlink: /home/ubuntu/Desktop/16.633_ros/tello_ros_ws/install/tello_gazebo/share/tello_gazebo/worlds/simple.world
[3.208s] -- Up-to-date symlink: /home/ubuntu/Desktop/16.633_ros/tello_ros_ws/install/tello_gazebo/share/tello_gazebo/launch/simple_launch.py
[3.213s] -- Up-to-date symlink: /home/ubuntu/Desktop/16.633_ros/tello_ros_ws/install/tello_gazebo/share/tello_gazebo/launch/vlam_launch.py
[3.218s] -- Up-to-date symlink: /home/ubuntu/Desktop/16.633_ros/tello_ros_ws/install/tello_gazebo/lib/tello_gazebo/inject_entity.py
[3.223s] -- Up-to-date symlink: /home/ubuntu/Desktop/16.633_ros/tello_ros_ws/install/tello_gazebo/share/ament_index/resource_index/package_run_dependencies/tello_gazebo
[3.228s] -- Up-to-date symlink: /home/ubuntu/Desktop/16.633_ros/tello_ros_ws/install/tello_gazebo/share/ament_index/resource_index/parent_prefix_path/tello_gazebo
[3.233s] -- Up-to-date symlink: /home/ubuntu/Desktop/16.633_ros/tello_ros_ws/install/tello_gazebo/share/tello_gazebo/environment/ament_prefix_path.sh
[3.238s] -- Up-to-date symlink: /home/ubuntu/Desktop/16.633_ros/tello_ros_ws/install/tello_gazebo/share/tello_gazebo/environment/ament_prefix_path.dsv
[3.244s] -- Up-to-date symlink: /home/ubuntu/Desktop/16.633_ros/tello_ros_ws/install/tello_gazebo/share/tello_gazebo/environment/path.sh
[3.248s] -- Up-to-date symlink: /home/ubuntu/Desktop/16.633_ros/tello_ros_ws/install/tello_gazebo/share/tello_gazebo/environment/path.dsv
[3.252s] -- Up-to-date symlink: /home/ubuntu/Desktop/16.633_ros/tello_ros_ws/install/tello_gazebo/share/tello_gazebo/local_setup.bash
[3.257s] -- Up-to-date symlink: /home/ubuntu/Desktop/16.633_ros/tello_ros_ws/install/tello_gazebo/share/tello_gazebo/local_setup.sh
[3.262s] -- Up-to-date symlink: /home/ubuntu/Desktop/16.633_ros/tello_ros_ws/install/tello_gazebo/share/tello_gazebo/local_setup.zsh
[3.267s] -- Up-to-date symlink: /home/ubuntu/Desktop/16.633_ros/tello_ros_ws/install/tello_gazebo/share/tello_gazebo/local_setup.dsv
[3.271s] -- Symlinking: /home/ubuntu/Desktop/16.633_ros/tello_ros_ws/install/tello_gazebo/share/tello_gazebo/package.dsv
[3.441s] -- Up-to-date symlink: /home/ubuntu/Desktop/16.633_ros/tello_ros_ws/install/tello_gazebo/share/ament_index/resource_index/packages/tello_gazebo
[3.446s] -- Up-to-date symlink: /home/ubuntu/Desktop/16.633_ros/tello_ros_ws/install/tello_gazebo/share/tello_gazebo/cmake/tello_gazeboConfig.cmake
[3.452s] -- Up-to-date symlink: /home/ubuntu/Desktop/16.633_ros/tello_ros_ws/install/tello_gazebo/share/tello_gazebo/cmake/tello_gazeboConfig-version.cmake
[3.457s] -- Up-to-date symlink: /home/ubuntu/Desktop/16.633_ros/tello_ros_ws/install/tello_gazebo/share/tello_gazebo/package.xml
[3.462s] Invoked command in '/home/ubuntu/Desktop/16.633_ros/tello_ros_ws/build/tello_gazebo' returned '0': CMAKE_PREFIX_PATH=/home/ubuntu/Desktop/16.633_ros/tello_ros_ws/install/tello_msgs:/home/ubuntu/Desktop/16.633_ros/tello_ros_ws/install/tello_gazebo:/home/ubuntu/Desktop/16.633_ros/tello_ros_ws/install/tello_driver:/home/ubuntu/Desktop/16.633_ros/tello_ros_ws/install/tello_description:/home/ubuntu/Desktop/16.633_ros/tello_ros_ws/install/ros2_shared:/opt/ros/foxy LD_LIBRARY_PATH=/home/ubuntu/Desktop/16.633_ros/tello_ros_ws/install/tello_msgs/lib:/home/ubuntu/Desktop/16.633_ros/tello_ros_ws/install/tello_gazebo/lib:/home/ubuntu/Desktop/16.633_ros/tello_ros_ws/install/tello_driver/lib:/usr/lib/x86_64-linux-gnu/gazebo-11/plugins:/opt/ros/foxy/opt/yaml_cpp_vendor/lib:/opt/ros/foxy/opt/rviz_ogre_vendor/lib:/opt/ros/foxy/lib/x86_64-linux-gnu:/opt/ros/foxy/lib /usr/bin/cmake --install /home/ubuntu/Desktop/16.633_ros/tello_ros_ws/build/tello_gazebo
