[0.000000] (-) TimerEvent: {}
[0.001209] (ros2_shared) JobQueued: {'identifier': 'ros2_shared', 'dependencies': OrderedDict()}
[0.002839] (tello_description) JobQueued: {'identifier': 'tello_description', 'dependencies': OrderedDict()}
[0.003856] (tello_msgs) JobQueued: {'identifier': 'tello_msgs', 'dependencies': OrderedDict()}
[0.005003] (tello_driver) JobQueued: {'identifier': 'tello_driver', 'dependencies': OrderedDict([('ros2_shared', '/home/ubuntu/Desktop/16.633_ros/tello_ros_ws/install/ros2_shared'), ('tello_msgs', '/home/ubuntu/Desktop/16.633_ros/tello_ros_ws/install/tello_msgs')])}
[0.006211] (tello_gazebo) JobQueued: {'identifier': 'tello_gazebo', 'dependencies': OrderedDict([('tello_msgs', '/home/ubuntu/Desktop/16.633_ros/tello_ros_ws/install/tello_msgs')])}
[0.007127] (tello_msgs) JobStarted: {'identifier': 'tello_msgs'}
[0.034091] (ros2_shared) JobStarted: {'identifier': 'ros2_shared'}
[0.075005] (tello_description) JobStarted: {'identifier': 'tello_description'}
[0.097377] (-) TimerEvent: {}
[0.162586] (tello_msgs) JobProgress: {'identifier': 'tello_msgs', 'progress': 'cmake'}
[0.176953] (tello_msgs) JobProgress: {'identifier': 'tello_msgs', 'progress': 'build'}
[0.179803] (tello_msgs) Command: {'cmd': ['/usr/bin/cmake', '--build', '/home/ubuntu/Desktop/16.633_ros/tello_ros_ws/build/tello_msgs', '--', '-j6', '-l6'], 'cwd': '/home/ubuntu/Desktop/16.633_ros/tello_ros_ws/build/tello_msgs', 'env': OrderedDict([('VNCDESKTOP', 'd0e6dc772bf2:1 (ubuntu)'), ('QT_SCALE_FACTOR', '1'), ('USER', 'ubuntu'), ('SUPERVISOR_GROUP_NAME', 'vnc'), ('HOSTNAME', 'd0e6dc772bf2'), ('SHLVL', '2'), ('LD_LIBRARY_PATH', '/home/ubuntu/Desktop/16.633_ros/tello_ros_ws/install/tello_gazebo/lib:/home/ubuntu/Desktop/16.633_ros/tello_ros_ws/install/tello_driver/lib:/home/ubuntu/Desktop/16.633_ros/tello_ros_ws/install/tello_msgs/lib:/usr/lib/x86_64-linux-gnu/gazebo-11/plugins:/opt/ros/foxy/opt/yaml_cpp_vendor/lib:/opt/ros/foxy/opt/rviz_ogre_vendor/lib:/opt/ros/foxy/lib/x86_64-linux-gnu:/opt/ros/foxy/lib'), ('HOME', '/home/ubuntu'), ('OLDPWD', '/home/ubuntu/Desktop/16.633_ros'), ('ROS_PYTHON_VERSION', '3'), ('LC_CTYPE', 'C.UTF-8'), ('DBUS_SESSION_BUS_ADDRESS', 'unix:abstract=/tmp/dbus-9Wkjg4CCA6,guid=b9d16375a75ae7adfca6323d64cd8d8f'), ('COLORTERM', 'truecolor'), ('COLCON_PREFIX_PATH', '/home/ubuntu/Desktop/16.633_ros/tello_ros_ws/install'), ('ROS_DISTRO', 'foxy'), ('WINDOWID', '37748742'), ('QT_AUTO_SCREEN_SCALE_FACTOR', '0'), ('_', '/usr/bin/colcon'), ('ROS_VERSION', '2'), ('TERM', 'xterm-256color'), ('GTK_OVERLAY_SCROLLING', '0'), ('ROS_LOCALHOST_ONLY', '0'), ('INSIDE_CAJA_PYTHON', ''), ('PATH', '/opt/ros/foxy/bin:/usr/local/sbin:/usr/local/bin:/usr/sbin:/usr/bin:/sbin:/bin'), ('SESSION_MANAGER', 'local/d0e6dc772bf2:@/tmp/.ICE-unix/72,unix/d0e6dc772bf2:/tmp/.ICE-unix/72'), ('DISPLAY', ':1'), ('XDG_CURRENT_DESKTOP', 'MATE'), ('SUPERVISOR_ENABLED', '1'), ('AMENT_PREFIX_PATH', '/home/ubuntu/Desktop/16.633_ros/tello_ros_ws/install/tello_gazebo:/home/ubuntu/Desktop/16.633_ros/tello_ros_ws/install/tello_driver:/home/ubuntu/Desktop/16.633_ros/tello_ros_ws/install/tello_msgs:/home/ubuntu/Desktop/16.633_ros/tello_ros_ws/install/tello_description:/home/ubuntu/Desktop/16.633_ros/tello_ros_ws/install/ros2_shared:/opt/ros/foxy'), ('PASSWD', 'ubuntu'), ('SUPERVISOR_SERVER_URL', 'unix:///var/run/supervisor.sock'), ('SUPERVISOR_PROCESS_NAME', 'vnc'), ('PWD', '/home/ubuntu/Desktop/16.633_ros/tello_ros_ws/build/tello_msgs'), ('PYTHONPATH', '/home/ubuntu/Desktop/16.633_ros/tello_ros_ws/install/tello_msgs/lib/python3.8/site-packages:/opt/ros/foxy/lib/python3.8/site-packages'), ('MATE_DESKTOP_SESSION_ID', 'this-is-deprecated'), ('COLCON', '1'), ('VTE_VERSION', '6003'), ('CMAKE_PREFIX_PATH', '/home/ubuntu/Desktop/16.633_ros/tello_ros_ws/install/tello_gazebo:/home/ubuntu/Desktop/16.633_ros/tello_ros_ws/install/tello_driver:/home/ubuntu/Desktop/16.633_ros/tello_ros_ws/install/tello_msgs:/home/ubuntu/Desktop/16.633_ros/tello_ros_ws/install/tello_description:/home/ubuntu/Desktop/16.633_ros/tello_ros_ws/install/ros2_shared:/opt/ros/foxy')]), 'shell': False}
[0.233067] (-) TimerEvent: {}
[0.235398] (ros2_shared) JobProgress: {'identifier': 'ros2_shared', 'progress': 'cmake'}
[0.240547] (ros2_shared) JobProgress: {'identifier': 'ros2_shared', 'progress': 'build'}
[0.242720] (ros2_shared) Command: {'cmd': ['/usr/bin/cmake', '--build', '/home/ubuntu/Desktop/16.633_ros/tello_ros_ws/build/ros2_shared', '--', '-j6', '-l6'], 'cwd': '/home/ubuntu/Desktop/16.633_ros/tello_ros_ws/build/ros2_shared', 'env': OrderedDict([('VNCDESKTOP', 'd0e6dc772bf2:1 (ubuntu)'), ('QT_SCALE_FACTOR', '1'), ('USER', 'ubuntu'), ('SUPERVISOR_GROUP_NAME', 'vnc'), ('HOSTNAME', 'd0e6dc772bf2'), ('SHLVL', '2'), ('LD_LIBRARY_PATH', '/home/ubuntu/Desktop/16.633_ros/tello_ros_ws/install/tello_gazebo/lib:/home/ubuntu/Desktop/16.633_ros/tello_ros_ws/install/tello_driver/lib:/home/ubuntu/Desktop/16.633_ros/tello_ros_ws/install/tello_msgs/lib:/usr/lib/x86_64-linux-gnu/gazebo-11/plugins:/opt/ros/foxy/opt/yaml_cpp_vendor/lib:/opt/ros/foxy/opt/rviz_ogre_vendor/lib:/opt/ros/foxy/lib/x86_64-linux-gnu:/opt/ros/foxy/lib'), ('HOME', '/home/ubuntu'), ('OLDPWD', '/home/ubuntu/Desktop/16.633_ros'), ('ROS_PYTHON_VERSION', '3'), ('LC_CTYPE', 'C.UTF-8'), ('DBUS_SESSION_BUS_ADDRESS', 'unix:abstract=/tmp/dbus-9Wkjg4CCA6,guid=b9d16375a75ae7adfca6323d64cd8d8f'), ('COLORTERM', 'truecolor'), ('COLCON_PREFIX_PATH', '/home/ubuntu/Desktop/16.633_ros/tello_ros_ws/install'), ('ROS_DISTRO', 'foxy'), ('WINDOWID', '37748742'), ('QT_AUTO_SCREEN_SCALE_FACTOR', '0'), ('_', '/usr/bin/colcon'), ('ROS_VERSION', '2'), ('TERM', 'xterm-256color'), ('GTK_OVERLAY_SCROLLING', '0'), ('ROS_LOCALHOST_ONLY', '0'), ('INSIDE_CAJA_PYTHON', ''), ('PATH', '/opt/ros/foxy/bin:/usr/local/sbin:/usr/local/bin:/usr/sbin:/usr/bin:/sbin:/bin'), ('SESSION_MANAGER', 'local/d0e6dc772bf2:@/tmp/.ICE-unix/72,unix/d0e6dc772bf2:/tmp/.ICE-unix/72'), ('DISPLAY', ':1'), ('XDG_CURRENT_DESKTOP', 'MATE'), ('SUPERVISOR_ENABLED', '1'), ('AMENT_PREFIX_PATH', '/home/ubuntu/Desktop/16.633_ros/tello_ros_ws/install/tello_gazebo:/home/ubuntu/Desktop/16.633_ros/tello_ros_ws/install/tello_driver:/home/ubuntu/Desktop/16.633_ros/tello_ros_ws/install/tello_msgs:/home/ubuntu/Desktop/16.633_ros/tello_ros_ws/install/tello_description:/home/ubuntu/Desktop/16.633_ros/tello_ros_ws/install/ros2_shared:/opt/ros/foxy'), ('PASSWD', 'ubuntu'), ('SUPERVISOR_SERVER_URL', 'unix:///var/run/supervisor.sock'), ('SUPERVISOR_PROCESS_NAME', 'vnc'), ('PWD', '/home/ubuntu/Desktop/16.633_ros/tello_ros_ws/build/ros2_shared'), ('PYTHONPATH', '/home/ubuntu/Desktop/16.633_ros/tello_ros_ws/install/tello_msgs/lib/python3.8/site-packages:/opt/ros/foxy/lib/python3.8/site-packages'), ('MATE_DESKTOP_SESSION_ID', 'this-is-deprecated'), ('COLCON', '1'), ('VTE_VERSION', '6003'), ('CMAKE_PREFIX_PATH', '/home/ubuntu/Desktop/16.633_ros/tello_ros_ws/install/tello_gazebo:/home/ubuntu/Desktop/16.633_ros/tello_ros_ws/install/tello_driver:/home/ubuntu/Desktop/16.633_ros/tello_ros_ws/install/tello_msgs:/home/ubuntu/Desktop/16.633_ros/tello_ros_ws/install/tello_description:/home/ubuntu/Desktop/16.633_ros/tello_ros_ws/install/ros2_shared:/opt/ros/foxy')]), 'shell': False}
[0.291145] (tello_description) JobProgress: {'identifier': 'tello_description', 'progress': 'cmake'}
[0.293999] (tello_description) JobProgress: {'identifier': 'tello_description', 'progress': 'build'}
[0.304286] (tello_description) Command: {'cmd': ['/usr/bin/cmake', '--build', '/home/ubuntu/Desktop/16.633_ros/tello_ros_ws/build/tello_description', '--', '-j6', '-l6'], 'cwd': '/home/ubuntu/Desktop/16.633_ros/tello_ros_ws/build/tello_description', 'env': OrderedDict([('VNCDESKTOP', 'd0e6dc772bf2:1 (ubuntu)'), ('QT_SCALE_FACTOR', '1'), ('USER', 'ubuntu'), ('SUPERVISOR_GROUP_NAME', 'vnc'), ('HOSTNAME', 'd0e6dc772bf2'), ('SHLVL', '2'), ('LD_LIBRARY_PATH', '/home/ubuntu/Desktop/16.633_ros/tello_ros_ws/install/tello_gazebo/lib:/home/ubuntu/Desktop/16.633_ros/tello_ros_ws/install/tello_driver/lib:/home/ubuntu/Desktop/16.633_ros/tello_ros_ws/install/tello_msgs/lib:/usr/lib/x86_64-linux-gnu/gazebo-11/plugins:/opt/ros/foxy/opt/yaml_cpp_vendor/lib:/opt/ros/foxy/opt/rviz_ogre_vendor/lib:/opt/ros/foxy/lib/x86_64-linux-gnu:/opt/ros/foxy/lib'), ('HOME', '/home/ubuntu'), ('OLDPWD', '/home/ubuntu/Desktop/16.633_ros'), ('ROS_PYTHON_VERSION', '3'), ('LC_CTYPE', 'C.UTF-8'), ('DBUS_SESSION_BUS_ADDRESS', 'unix:abstract=/tmp/dbus-9Wkjg4CCA6,guid=b9d16375a75ae7adfca6323d64cd8d8f'), ('COLORTERM', 'truecolor'), ('COLCON_PREFIX_PATH', '/home/ubuntu/Desktop/16.633_ros/tello_ros_ws/install'), ('ROS_DISTRO', 'foxy'), ('WINDOWID', '37748742'), ('QT_AUTO_SCREEN_SCALE_FACTOR', '0'), ('_', '/usr/bin/colcon'), ('ROS_VERSION', '2'), ('TERM', 'xterm-256color'), ('GTK_OVERLAY_SCROLLING', '0'), ('ROS_LOCALHOST_ONLY', '0'), ('INSIDE_CAJA_PYTHON', ''), ('PATH', '/opt/ros/foxy/bin:/usr/local/sbin:/usr/local/bin:/usr/sbin:/usr/bin:/sbin:/bin'), ('SESSION_MANAGER', 'local/d0e6dc772bf2:@/tmp/.ICE-unix/72,unix/d0e6dc772bf2:/tmp/.ICE-unix/72'), ('DISPLAY', ':1'), ('XDG_CURRENT_DESKTOP', 'MATE'), ('SUPERVISOR_ENABLED', '1'), ('AMENT_PREFIX_PATH', '/home/ubuntu/Desktop/16.633_ros/tello_ros_ws/install/tello_gazebo:/home/ubuntu/Desktop/16.633_ros/tello_ros_ws/install/tello_driver:/home/ubuntu/Desktop/16.633_ros/tello_ros_ws/install/tello_msgs:/home/ubuntu/Desktop/16.633_ros/tello_ros_ws/install/tello_description:/home/ubuntu/Desktop/16.633_ros/tello_ros_ws/install/ros2_shared:/opt/ros/foxy'), ('PASSWD', 'ubuntu'), ('SUPERVISOR_SERVER_URL', 'unix:///var/run/supervisor.sock'), ('SUPERVISOR_PROCESS_NAME', 'vnc'), ('PWD', '/home/ubuntu/Desktop/16.633_ros/tello_ros_ws/build/tello_description'), ('PYTHONPATH', '/home/ubuntu/Desktop/16.633_ros/tello_ros_ws/install/tello_msgs/lib/python3.8/site-packages:/opt/ros/foxy/lib/python3.8/site-packages'), ('MATE_DESKTOP_SESSION_ID', 'this-is-deprecated'), ('COLCON', '1'), ('VTE_VERSION', '6003'), ('CMAKE_PREFIX_PATH', '/home/ubuntu/Desktop/16.633_ros/tello_ros_ws/install/tello_gazebo:/home/ubuntu/Desktop/16.633_ros/tello_ros_ws/install/tello_driver:/home/ubuntu/Desktop/16.633_ros/tello_ros_ws/install/tello_msgs:/home/ubuntu/Desktop/16.633_ros/tello_ros_ws/install/tello_description:/home/ubuntu/Desktop/16.633_ros/tello_ros_ws/install/ros2_shared:/opt/ros/foxy')]), 'shell': False}
[0.440627] (-) TimerEvent: {}
[0.542560] (-) TimerEvent: {}
[0.643835] (-) TimerEvent: {}
[0.745421] (-) TimerEvent: {}
[0.846725] (-) TimerEvent: {}
[0.949414] (-) TimerEvent: {}
[1.050896] (-) TimerEvent: {}
[1.152406] (-) TimerEvent: {}
[1.254003] (-) TimerEvent: {}
[1.356469] (-) TimerEvent: {}
[1.458236] (-) TimerEvent: {}
[1.564777] (-) TimerEvent: {}
[1.579814] (ros2_shared) CommandEnded: {'returncode': 0}
[1.665102] (-) TimerEvent: {}
[1.766727] (-) TimerEvent: {}
[1.869486] (-) TimerEvent: {}
[1.972621] (-) TimerEvent: {}
[2.074125] (-) TimerEvent: {}
[2.176133] (-) TimerEvent: {}
[2.277955] (-) TimerEvent: {}
[2.381975] (-) TimerEvent: {}
[2.489869] (-) TimerEvent: {}
[2.499042] (tello_description) StdoutLine: {'line': b'[ 11%] Built target generate_urdf_8\n'}
[2.542188] (tello_description) StdoutLine: {'line': b'[ 22%] Built target generate_urdf_1\n'}
[2.566613] (tello_description) StdoutLine: {'line': b'[ 33%] Built target generate_urdf\n'}
[2.590489] (-) TimerEvent: {}
[2.640051] (tello_description) StdoutLine: {'line': b'[ 44%] Built target generate_urdf_3\n'}
[2.684667] (tello_description) StdoutLine: {'line': b'[ 55%] Built target generate_urdf_4\n'}
[2.690954] (-) TimerEvent: {}
[2.695538] (tello_description) StdoutLine: {'line': b'[ 66%] Built target generate_urdf_6\n'}
[2.707763] (tello_msgs) StdoutLine: {'line': b'[  2%] Built target tello_msgs__cpp\n'}
[2.791409] (-) TimerEvent: {}
[2.818687] (tello_msgs) StdoutLine: {'line': b'[ 12%] Built target tello_msgs__rosidl_generator_c\n'}
[2.891687] (-) TimerEvent: {}
[2.993753] (-) TimerEvent: {}
[3.095548] (-) TimerEvent: {}
[3.200363] (-) TimerEvent: {}
[3.303388] (-) TimerEvent: {}
[3.352248] (ros2_shared) JobProgress: {'identifier': 'ros2_shared', 'progress': 'install'}
[3.403802] (-) TimerEvent: {}
[3.505451] (-) TimerEvent: {}
[3.608060] (-) TimerEvent: {}
[3.709905] (-) TimerEvent: {}
[3.724014] (ros2_shared) Command: {'cmd': ['/usr/bin/cmake', '--install', '/home/ubuntu/Desktop/16.633_ros/tello_ros_ws/build/ros2_shared'], 'cwd': '/home/ubuntu/Desktop/16.633_ros/tello_ros_ws/build/ros2_shared', 'env': OrderedDict([('VNCDESKTOP', 'd0e6dc772bf2:1 (ubuntu)'), ('QT_SCALE_FACTOR', '1'), ('USER', 'ubuntu'), ('SUPERVISOR_GROUP_NAME', 'vnc'), ('HOSTNAME', 'd0e6dc772bf2'), ('SHLVL', '2'), ('LD_LIBRARY_PATH', '/home/ubuntu/Desktop/16.633_ros/tello_ros_ws/install/tello_gazebo/lib:/home/ubuntu/Desktop/16.633_ros/tello_ros_ws/install/tello_driver/lib:/home/ubuntu/Desktop/16.633_ros/tello_ros_ws/install/tello_msgs/lib:/usr/lib/x86_64-linux-gnu/gazebo-11/plugins:/opt/ros/foxy/opt/yaml_cpp_vendor/lib:/opt/ros/foxy/opt/rviz_ogre_vendor/lib:/opt/ros/foxy/lib/x86_64-linux-gnu:/opt/ros/foxy/lib'), ('HOME', '/home/ubuntu'), ('OLDPWD', '/home/ubuntu/Desktop/16.633_ros'), ('ROS_PYTHON_VERSION', '3'), ('LC_CTYPE', 'C.UTF-8'), ('DBUS_SESSION_BUS_ADDRESS', 'unix:abstract=/tmp/dbus-9Wkjg4CCA6,guid=b9d16375a75ae7adfca6323d64cd8d8f'), ('COLORTERM', 'truecolor'), ('COLCON_PREFIX_PATH', '/home/ubuntu/Desktop/16.633_ros/tello_ros_ws/install'), ('ROS_DISTRO', 'foxy'), ('WINDOWID', '37748742'), ('QT_AUTO_SCREEN_SCALE_FACTOR', '0'), ('_', '/usr/bin/colcon'), ('ROS_VERSION', '2'), ('TERM', 'xterm-256color'), ('GTK_OVERLAY_SCROLLING', '0'), ('ROS_LOCALHOST_ONLY', '0'), ('INSIDE_CAJA_PYTHON', ''), ('PATH', '/opt/ros/foxy/bin:/usr/local/sbin:/usr/local/bin:/usr/sbin:/usr/bin:/sbin:/bin'), ('SESSION_MANAGER', 'local/d0e6dc772bf2:@/tmp/.ICE-unix/72,unix/d0e6dc772bf2:/tmp/.ICE-unix/72'), ('DISPLAY', ':1'), ('XDG_CURRENT_DESKTOP', 'MATE'), ('SUPERVISOR_ENABLED', '1'), ('AMENT_PREFIX_PATH', '/home/ubuntu/Desktop/16.633_ros/tello_ros_ws/install/tello_gazebo:/home/ubuntu/Desktop/16.633_ros/tello_ros_ws/install/tello_driver:/home/ubuntu/Desktop/16.633_ros/tello_ros_ws/install/tello_msgs:/home/ubuntu/Desktop/16.633_ros/tello_ros_ws/install/tello_description:/home/ubuntu/Desktop/16.633_ros/tello_ros_ws/install/ros2_shared:/opt/ros/foxy'), ('PASSWD', 'ubuntu'), ('SUPERVISOR_SERVER_URL', 'unix:///var/run/supervisor.sock'), ('SUPERVISOR_PROCESS_NAME', 'vnc'), ('PWD', '/home/ubuntu/Desktop/16.633_ros/tello_ros_ws/build/ros2_shared'), ('PYTHONPATH', '/home/ubuntu/Desktop/16.633_ros/tello_ros_ws/install/tello_msgs/lib/python3.8/site-packages:/opt/ros/foxy/lib/python3.8/site-packages'), ('MATE_DESKTOP_SESSION_ID', 'this-is-deprecated'), ('COLCON', '1'), ('VTE_VERSION', '6003'), ('CMAKE_PREFIX_PATH', '/home/ubuntu/Desktop/16.633_ros/tello_ros_ws/install/tello_gazebo:/home/ubuntu/Desktop/16.633_ros/tello_ros_ws/install/tello_driver:/home/ubuntu/Desktop/16.633_ros/tello_ros_ws/install/tello_msgs:/home/ubuntu/Desktop/16.633_ros/tello_ros_ws/install/tello_description:/home/ubuntu/Desktop/16.633_ros/tello_ros_ws/install/ros2_shared:/opt/ros/foxy')]), 'shell': False}
[3.810031] (-) TimerEvent: {}
[3.812118] (tello_description) StdoutLine: {'line': b'[ 77%] Built target generate_urdf_5\n'}
[3.855915] (tello_description) StdoutLine: {'line': b'[ 88%] Built target generate_urdf_7\n'}
[3.910301] (-) TimerEvent: {}
[3.980527] (tello_description) StdoutLine: {'line': b'[100%] Built target generate_urdf_2\n'}
[4.010517] (-) TimerEvent: {}
[4.070600] (tello_msgs) StdoutLine: {'line': b'[ 25%] Built target tello_msgs__rosidl_typesupport_cpp\n'}
[4.097208] (tello_msgs) StdoutLine: {'line': b'[ 34%] Built target tello_msgs__rosidl_typesupport_fastrtps_cpp\n'}
[4.110688] (-) TimerEvent: {}
[4.129161] (ros2_shared) StdoutLine: {'line': b'-- Install configuration: ""\n'}
[4.146857] (ros2_shared) StdoutLine: {'line': b'-- Execute custom install script\n'}
[4.171740] (ros2_shared) StdoutLine: {'line': b'-- Up-to-date symlink: /home/ubuntu/Desktop/16.633_ros/tello_ros_ws/install/ros2_shared/include/ros2_shared/context_macros.hpp\n'}
[4.189541] (ros2_shared) StdoutLine: {'line': b'-- Up-to-date symlink: /home/ubuntu/Desktop/16.633_ros/tello_ros_ws/install/ros2_shared/include/ros2_shared/param_macros.hpp\n'}
[4.211004] (-) TimerEvent: {}
[4.214201] (ros2_shared) StdoutLine: {'line': b'-- Up-to-date symlink: /home/ubuntu/Desktop/16.633_ros/tello_ros_ws/install/ros2_shared/include/ros2_shared/string_printf.hpp\n'}
[4.225915] (tello_msgs) StdoutLine: {'line': b'[ 51%] Built target tello_msgs__rosidl_typesupport_introspection_cpp\n'}
[4.237061] (ros2_shared) StdoutLine: {'line': b'-- Up-to-date symlink: /home/ubuntu/Desktop/16.633_ros/tello_ros_ws/install/ros2_shared/share/ament_index/resource_index/package_run_dependencies/ros2_shared\n'}
[4.258374] (tello_msgs) StdoutLine: {'line': b'[ 59%] Built target tello_msgs__rosidl_typesupport_c\n'}
[4.270816] (ros2_shared) StdoutLine: {'line': b'-- Up-to-date symlink: /home/ubuntu/Desktop/16.633_ros/tello_ros_ws/install/ros2_shared/share/ament_index/resource_index/parent_prefix_path/ros2_shared\n'}
[4.282012] (ros2_shared) StdoutLine: {'line': b'-- Up-to-date symlink: /home/ubuntu/Desktop/16.633_ros/tello_ros_ws/install/ros2_shared/share/ros2_shared/environment/ament_prefix_path.sh\n'}
[4.294186] (ros2_shared) StdoutLine: {'line': b'-- Up-to-date symlink: /home/ubuntu/Desktop/16.633_ros/tello_ros_ws/install/ros2_shared/share/ros2_shared/environment/ament_prefix_path.dsv\n'}
[4.306247] (tello_msgs) StdoutLine: {'line': b'[ 65%] Built target tello_msgs__rosidl_typesupport_introspection_c\n'}
[4.313566] (-) TimerEvent: {}
[4.315761] (ros2_shared) StdoutLine: {'line': b'-- Up-to-date symlink: /home/ubuntu/Desktop/16.633_ros/tello_ros_ws/install/ros2_shared/share/ros2_shared/environment/path.sh\n'}
[4.330505] (ros2_shared) StdoutLine: {'line': b'-- Up-to-date symlink: /home/ubuntu/Desktop/16.633_ros/tello_ros_ws/install/ros2_shared/share/ros2_shared/environment/path.dsv\n'}
[4.343679] (ros2_shared) StdoutLine: {'line': b'-- Up-to-date symlink: /home/ubuntu/Desktop/16.633_ros/tello_ros_ws/install/ros2_shared/share/ros2_shared/local_setup.bash\n'}
[4.357806] (ros2_shared) StdoutLine: {'line': b'-- Up-to-date symlink: /home/ubuntu/Desktop/16.633_ros/tello_ros_ws/install/ros2_shared/share/ros2_shared/local_setup.sh\n'}
[4.378500] (ros2_shared) StdoutLine: {'line': b'-- Up-to-date symlink: /home/ubuntu/Desktop/16.633_ros/tello_ros_ws/install/ros2_shared/share/ros2_shared/local_setup.zsh\n'}
[4.390539] (ros2_shared) StdoutLine: {'line': b'-- Up-to-date symlink: /home/ubuntu/Desktop/16.633_ros/tello_ros_ws/install/ros2_shared/share/ros2_shared/local_setup.dsv\n'}
[4.399013] (ros2_shared) StdoutLine: {'line': b'-- Symlinking: /home/ubuntu/Desktop/16.633_ros/tello_ros_ws/install/ros2_shared/share/ros2_shared/package.dsv\n'}
[4.413932] (-) TimerEvent: {}
[4.510950] (tello_description) CommandEnded: {'returncode': 0}
[4.521885] (-) TimerEvent: {}
[4.624058] (-) TimerEvent: {}
[4.725850] (-) TimerEvent: {}
[4.740364] (ros2_shared) StdoutLine: {'line': b'-- Up-to-date symlink: /home/ubuntu/Desktop/16.633_ros/tello_ros_ws/install/ros2_shared/share/ament_index/resource_index/packages/ros2_shared\n'}
[4.749949] (ros2_shared) StdoutLine: {'line': b'-- Up-to-date symlink: /home/ubuntu/Desktop/16.633_ros/tello_ros_ws/install/ros2_shared/share/ros2_shared/cmake/ament_cmake_export_targets-extras.cmake\n'}
[4.759375] (ros2_shared) StdoutLine: {'line': b'-- Up-to-date symlink: /home/ubuntu/Desktop/16.633_ros/tello_ros_ws/install/ros2_shared/share/ros2_shared/cmake/ament_cmake_export_dependencies-extras.cmake\n'}
[4.768526] (ros2_shared) StdoutLine: {'line': b'-- Up-to-date symlink: /home/ubuntu/Desktop/16.633_ros/tello_ros_ws/install/ros2_shared/share/ros2_shared/cmake/ros2_sharedConfig.cmake\n'}
[4.776821] (ros2_shared) StdoutLine: {'line': b'-- Up-to-date symlink: /home/ubuntu/Desktop/16.633_ros/tello_ros_ws/install/ros2_shared/share/ros2_shared/cmake/ros2_sharedConfig-version.cmake\n'}
[4.787435] (ros2_shared) StdoutLine: {'line': b'-- Up-to-date symlink: /home/ubuntu/Desktop/16.633_ros/tello_ros_ws/install/ros2_shared/share/ros2_shared/package.xml\n'}
[4.794674] (ros2_shared) StdoutLine: {'line': b'-- Up-to-date: /home/ubuntu/Desktop/16.633_ros/tello_ros_ws/install/ros2_shared/share/ros2_shared/cmake/ros2_shared_targetsExport.cmake\n'}
[4.812257] (ros2_shared) CommandEnded: {'returncode': 0}
[4.840069] (-) TimerEvent: {}
[4.944804] (-) TimerEvent: {}
[5.052254] (-) TimerEvent: {}
[5.155216] (-) TimerEvent: {}
[5.230744] (tello_msgs) StdoutLine: {'line': b'[ 76%] Built target tello_msgs__rosidl_typesupport_fastrtps_c\n'}
[5.255582] (-) TimerEvent: {}
[5.357673] (-) TimerEvent: {}
[5.458825] (-) TimerEvent: {}
[5.560261] (-) TimerEvent: {}
[5.662821] (-) TimerEvent: {}
[5.765226] (-) TimerEvent: {}
[5.866451] (-) TimerEvent: {}
[5.936500] (tello_msgs) StdoutLine: {'line': b'[ 76%] Built target tello_msgs\n'}
[5.968937] (-) TimerEvent: {}
[6.070425] (-) TimerEvent: {}
[6.135567] (ros2_shared) JobEnded: {'identifier': 'ros2_shared', 'rc': 0}
[6.149035] (tello_description) JobProgress: {'identifier': 'tello_description', 'progress': 'install'}
[6.158110] (tello_description) Command: {'cmd': ['/usr/bin/cmake', '--install', '/home/ubuntu/Desktop/16.633_ros/tello_ros_ws/build/tello_description'], 'cwd': '/home/ubuntu/Desktop/16.633_ros/tello_ros_ws/build/tello_description', 'env': OrderedDict([('VNCDESKTOP', 'd0e6dc772bf2:1 (ubuntu)'), ('QT_SCALE_FACTOR', '1'), ('USER', 'ubuntu'), ('SUPERVISOR_GROUP_NAME', 'vnc'), ('HOSTNAME', 'd0e6dc772bf2'), ('SHLVL', '2'), ('LD_LIBRARY_PATH', '/home/ubuntu/Desktop/16.633_ros/tello_ros_ws/install/tello_gazebo/lib:/home/ubuntu/Desktop/16.633_ros/tello_ros_ws/install/tello_driver/lib:/home/ubuntu/Desktop/16.633_ros/tello_ros_ws/install/tello_msgs/lib:/usr/lib/x86_64-linux-gnu/gazebo-11/plugins:/opt/ros/foxy/opt/yaml_cpp_vendor/lib:/opt/ros/foxy/opt/rviz_ogre_vendor/lib:/opt/ros/foxy/lib/x86_64-linux-gnu:/opt/ros/foxy/lib'), ('HOME', '/home/ubuntu'), ('OLDPWD', '/home/ubuntu/Desktop/16.633_ros'), ('ROS_PYTHON_VERSION', '3'), ('LC_CTYPE', 'C.UTF-8'), ('DBUS_SESSION_BUS_ADDRESS', 'unix:abstract=/tmp/dbus-9Wkjg4CCA6,guid=b9d16375a75ae7adfca6323d64cd8d8f'), ('COLORTERM', 'truecolor'), ('COLCON_PREFIX_PATH', '/home/ubuntu/Desktop/16.633_ros/tello_ros_ws/install'), ('ROS_DISTRO', 'foxy'), ('WINDOWID', '37748742'), ('QT_AUTO_SCREEN_SCALE_FACTOR', '0'), ('_', '/usr/bin/colcon'), ('ROS_VERSION', '2'), ('TERM', 'xterm-256color'), ('GTK_OVERLAY_SCROLLING', '0'), ('ROS_LOCALHOST_ONLY', '0'), ('INSIDE_CAJA_PYTHON', ''), ('PATH', '/opt/ros/foxy/bin:/usr/local/sbin:/usr/local/bin:/usr/sbin:/usr/bin:/sbin:/bin'), ('SESSION_MANAGER', 'local/d0e6dc772bf2:@/tmp/.ICE-unix/72,unix/d0e6dc772bf2:/tmp/.ICE-unix/72'), ('DISPLAY', ':1'), ('XDG_CURRENT_DESKTOP', 'MATE'), ('SUPERVISOR_ENABLED', '1'), ('AMENT_PREFIX_PATH', '/home/ubuntu/Desktop/16.633_ros/tello_ros_ws/install/tello_gazebo:/home/ubuntu/Desktop/16.633_ros/tello_ros_ws/install/tello_driver:/home/ubuntu/Desktop/16.633_ros/tello_ros_ws/install/tello_msgs:/home/ubuntu/Desktop/16.633_ros/tello_ros_ws/install/tello_description:/home/ubuntu/Desktop/16.633_ros/tello_ros_ws/install/ros2_shared:/opt/ros/foxy'), ('PASSWD', 'ubuntu'), ('SUPERVISOR_SERVER_URL', 'unix:///var/run/supervisor.sock'), ('SUPERVISOR_PROCESS_NAME', 'vnc'), ('PWD', '/home/ubuntu/Desktop/16.633_ros/tello_ros_ws/build/tello_description'), ('PYTHONPATH', '/home/ubuntu/Desktop/16.633_ros/tello_ros_ws/install/tello_msgs/lib/python3.8/site-packages:/opt/ros/foxy/lib/python3.8/site-packages'), ('MATE_DESKTOP_SESSION_ID', 'this-is-deprecated'), ('COLCON', '1'), ('VTE_VERSION', '6003'), ('CMAKE_PREFIX_PATH', '/home/ubuntu/Desktop/16.633_ros/tello_ros_ws/install/tello_gazebo:/home/ubuntu/Desktop/16.633_ros/tello_ros_ws/install/tello_driver:/home/ubuntu/Desktop/16.633_ros/tello_ros_ws/install/tello_msgs:/home/ubuntu/Desktop/16.633_ros/tello_ros_ws/install/tello_description:/home/ubuntu/Desktop/16.633_ros/tello_ros_ws/install/ros2_shared:/opt/ros/foxy')]), 'shell': False}
[6.170985] (-) TimerEvent: {}
[6.273254] (-) TimerEvent: {}
[6.375362] (-) TimerEvent: {}
[6.478819] (-) TimerEvent: {}
[6.482637] (tello_description) StdoutLine: {'line': b'-- Install configuration: ""\n'}
[6.489103] (tello_description) StdoutLine: {'line': b'-- Execute custom install script\n'}
[6.495484] (tello_description) StdoutLine: {'line': b'-- Up-to-date symlink: /home/ubuntu/Desktop/16.633_ros/tello_ros_ws/install/tello_description/share/tello_description/urdf/tello.urdf\n'}
[6.504628] (tello_description) StdoutLine: {'line': b'-- Up-to-date symlink: /home/ubuntu/Desktop/16.633_ros/tello_ros_ws/install/tello_description/share/tello_description/urdf/tello_1.urdf\n'}
[6.514389] (tello_description) StdoutLine: {'line': b'-- Up-to-date symlink: /home/ubuntu/Desktop/16.633_ros/tello_ros_ws/install/tello_description/share/tello_description/urdf/tello_2.urdf\n'}
[6.523852] (tello_description) StdoutLine: {'line': b'-- Up-to-date symlink: /home/ubuntu/Desktop/16.633_ros/tello_ros_ws/install/tello_description/share/tello_description/urdf/tello_3.urdf\n'}
[6.534459] (tello_description) StdoutLine: {'line': b'-- Up-to-date symlink: /home/ubuntu/Desktop/16.633_ros/tello_ros_ws/install/tello_description/share/tello_description/urdf/tello_4.urdf\n'}
[6.540630] (tello_description) StdoutLine: {'line': b'-- Up-to-date symlink: /home/ubuntu/Desktop/16.633_ros/tello_ros_ws/install/tello_description/share/tello_description/urdf/tello_5.urdf\n'}
[6.547239] (tello_description) StdoutLine: {'line': b'-- Up-to-date symlink: /home/ubuntu/Desktop/16.633_ros/tello_ros_ws/install/tello_description/share/tello_description/urdf/tello_6.urdf\n'}
[6.554177] (tello_description) StdoutLine: {'line': b'-- Up-to-date symlink: /home/ubuntu/Desktop/16.633_ros/tello_ros_ws/install/tello_description/share/tello_description/urdf/tello_7.urdf\n'}
[6.560532] (tello_description) StdoutLine: {'line': b'-- Up-to-date symlink: /home/ubuntu/Desktop/16.633_ros/tello_ros_ws/install/tello_description/share/tello_description/urdf/tello_8.urdf\n'}
[6.568250] (tello_description) StdoutLine: {'line': b'-- Up-to-date symlink: /home/ubuntu/Desktop/16.633_ros/tello_ros_ws/install/tello_description/share/ament_index/resource_index/package_run_dependencies/tello_description\n'}
[6.576350] (tello_description) StdoutLine: {'line': b'-- Up-to-date symlink: /home/ubuntu/Desktop/16.633_ros/tello_ros_ws/install/tello_description/share/ament_index/resource_index/parent_prefix_path/tello_description\n'}
[6.580783] (-) TimerEvent: {}
[6.586774] (tello_description) StdoutLine: {'line': b'-- Up-to-date symlink: /home/ubuntu/Desktop/16.633_ros/tello_ros_ws/install/tello_description/share/tello_description/environment/ament_prefix_path.sh\n'}
[6.596973] (tello_description) StdoutLine: {'line': b'-- Up-to-date symlink: /home/ubuntu/Desktop/16.633_ros/tello_ros_ws/install/tello_description/share/tello_description/environment/ament_prefix_path.dsv\n'}
[6.604522] (tello_description) StdoutLine: {'line': b'-- Up-to-date symlink: /home/ubuntu/Desktop/16.633_ros/tello_ros_ws/install/tello_description/share/tello_description/environment/path.sh\n'}
[6.613591] (tello_description) StdoutLine: {'line': b'-- Up-to-date symlink: /home/ubuntu/Desktop/16.633_ros/tello_ros_ws/install/tello_description/share/tello_description/environment/path.dsv\n'}
[6.623585] (tello_description) StdoutLine: {'line': b'-- Up-to-date symlink: /home/ubuntu/Desktop/16.633_ros/tello_ros_ws/install/tello_description/share/tello_description/local_setup.bash\n'}
[6.631821] (tello_description) StdoutLine: {'line': b'-- Up-to-date symlink: /home/ubuntu/Desktop/16.633_ros/tello_ros_ws/install/tello_description/share/tello_description/local_setup.sh\n'}
[6.642060] (tello_description) StdoutLine: {'line': b'-- Up-to-date symlink: /home/ubuntu/Desktop/16.633_ros/tello_ros_ws/install/tello_description/share/tello_description/local_setup.zsh\n'}
[6.649453] (tello_description) StdoutLine: {'line': b'-- Up-to-date symlink: /home/ubuntu/Desktop/16.633_ros/tello_ros_ws/install/tello_description/share/tello_description/local_setup.dsv\n'}
[6.654255] (tello_description) StdoutLine: {'line': b'-- Symlinking: /home/ubuntu/Desktop/16.633_ros/tello_ros_ws/install/tello_description/share/tello_description/package.dsv\n'}
[6.681051] (-) TimerEvent: {}
[6.782451] (-) TimerEvent: {}
[6.826061] (tello_msgs) StdoutLine: {'line': b'[ 78%] Built target tello_msgs__py\n'}
[6.882734] (-) TimerEvent: {}
[6.957191] (tello_description) StdoutLine: {'line': b'-- Up-to-date symlink: /home/ubuntu/Desktop/16.633_ros/tello_ros_ws/install/tello_description/share/ament_index/resource_index/packages/tello_description\n'}
[6.969581] (tello_description) StdoutLine: {'line': b'-- Up-to-date symlink: /home/ubuntu/Desktop/16.633_ros/tello_ros_ws/install/tello_description/share/tello_description/cmake/tello_descriptionConfig.cmake\n'}
[6.980323] (tello_description) StdoutLine: {'line': b'-- Up-to-date symlink: /home/ubuntu/Desktop/16.633_ros/tello_ros_ws/install/tello_description/share/tello_description/cmake/tello_descriptionConfig-version.cmake\n'}
[6.985909] (-) TimerEvent: {}
[6.990387] (tello_description) StdoutLine: {'line': b'-- Up-to-date symlink: /home/ubuntu/Desktop/16.633_ros/tello_ros_ws/install/tello_description/share/tello_description/package.xml\n'}
[7.000052] (tello_description) CommandEnded: {'returncode': 0}
[7.086659] (-) TimerEvent: {}
[7.190206] (-) TimerEvent: {}
[7.293056] (-) TimerEvent: {}
[7.394991] (-) TimerEvent: {}
[7.496110] (-) TimerEvent: {}
[7.597568] (-) TimerEvent: {}
[7.618374] (tello_msgs) StdoutLine: {'line': b'[ 87%] Built target tello_msgs__python\n'}
[7.698881] (-) TimerEvent: {}
[7.801129] (-) TimerEvent: {}
[7.903425] (-) TimerEvent: {}
[8.005067] (-) TimerEvent: {}
[8.106131] (-) TimerEvent: {}
[8.208630] (-) TimerEvent: {}
[8.310871] (-) TimerEvent: {}
[8.412741] (-) TimerEvent: {}
[8.514534] (-) TimerEvent: {}
[8.610926] (tello_msgs) StdoutLine: {'line': b'[ 95%] Built target tello_msgs__rosidl_typesupport_fastrtps_c__pyext\n'}
[8.615429] (-) TimerEvent: {}
[8.619448] (tello_msgs) StdoutLine: {'line': b'[ 97%] Built target tello_msgs__rosidl_typesupport_c__pyext\n'}
[8.628918] (tello_msgs) StdoutLine: {'line': b'[100%] Built target tello_msgs__rosidl_typesupport_introspection_c__pyext\n'}
[8.715617] (-) TimerEvent: {}
[8.817083] (-) TimerEvent: {}
[8.828540] (tello_description) JobEnded: {'identifier': 'tello_description', 'rc': 0}
[8.917472] (-) TimerEvent: {}
[8.987829] (tello_msgs) CommandEnded: {'returncode': 0}
[9.017828] (-) TimerEvent: {}
[9.120250] (-) TimerEvent: {}
[9.222281] (-) TimerEvent: {}
[9.323517] (-) TimerEvent: {}
[9.424638] (-) TimerEvent: {}
[9.525582] (-) TimerEvent: {}
[9.626706] (-) TimerEvent: {}
[9.728092] (-) TimerEvent: {}
[9.829336] (-) TimerEvent: {}
[9.930700] (-) TimerEvent: {}
[10.031728] (-) TimerEvent: {}
[10.133128] (-) TimerEvent: {}
[10.234096] (-) TimerEvent: {}
[10.335219] (-) TimerEvent: {}
[10.436335] (-) TimerEvent: {}
[10.537346] (-) TimerEvent: {}
[10.638532] (-) TimerEvent: {}
[10.740181] (-) TimerEvent: {}
[10.841298] (-) TimerEvent: {}
[10.942687] (-) TimerEvent: {}
[11.043826] (-) TimerEvent: {}
[11.144925] (-) TimerEvent: {}
[11.245987] (-) TimerEvent: {}
[11.347236] (-) TimerEvent: {}
[11.448486] (-) TimerEvent: {}
[11.549579] (-) TimerEvent: {}
[11.650761] (-) TimerEvent: {}
[11.751796] (-) TimerEvent: {}
[11.852926] (-) TimerEvent: {}
[11.954546] (-) TimerEvent: {}
[12.055880] (-) TimerEvent: {}
[12.157128] (-) TimerEvent: {}
[12.258210] (-) TimerEvent: {}
[12.360109] (-) TimerEvent: {}
[12.461775] (-) TimerEvent: {}
[12.563638] (-) TimerEvent: {}
[12.664959] (-) TimerEvent: {}
[12.766366] (-) TimerEvent: {}
[12.867663] (-) TimerEvent: {}
[12.945112] (tello_msgs) JobProgress: {'identifier': 'tello_msgs', 'progress': 'install'}
[12.949151] (tello_msgs) Command: {'cmd': ['/usr/bin/cmake', '--install', '/home/ubuntu/Desktop/16.633_ros/tello_ros_ws/build/tello_msgs'], 'cwd': '/home/ubuntu/Desktop/16.633_ros/tello_ros_ws/build/tello_msgs', 'env': OrderedDict([('VNCDESKTOP', 'd0e6dc772bf2:1 (ubuntu)'), ('QT_SCALE_FACTOR', '1'), ('USER', 'ubuntu'), ('SUPERVISOR_GROUP_NAME', 'vnc'), ('HOSTNAME', 'd0e6dc772bf2'), ('SHLVL', '2'), ('LD_LIBRARY_PATH', '/home/ubuntu/Desktop/16.633_ros/tello_ros_ws/install/tello_gazebo/lib:/home/ubuntu/Desktop/16.633_ros/tello_ros_ws/install/tello_driver/lib:/home/ubuntu/Desktop/16.633_ros/tello_ros_ws/install/tello_msgs/lib:/usr/lib/x86_64-linux-gnu/gazebo-11/plugins:/opt/ros/foxy/opt/yaml_cpp_vendor/lib:/opt/ros/foxy/opt/rviz_ogre_vendor/lib:/opt/ros/foxy/lib/x86_64-linux-gnu:/opt/ros/foxy/lib'), ('HOME', '/home/ubuntu'), ('OLDPWD', '/home/ubuntu/Desktop/16.633_ros'), ('ROS_PYTHON_VERSION', '3'), ('LC_CTYPE', 'C.UTF-8'), ('DBUS_SESSION_BUS_ADDRESS', 'unix:abstract=/tmp/dbus-9Wkjg4CCA6,guid=b9d16375a75ae7adfca6323d64cd8d8f'), ('COLORTERM', 'truecolor'), ('COLCON_PREFIX_PATH', '/home/ubuntu/Desktop/16.633_ros/tello_ros_ws/install'), ('ROS_DISTRO', 'foxy'), ('WINDOWID', '37748742'), ('QT_AUTO_SCREEN_SCALE_FACTOR', '0'), ('_', '/usr/bin/colcon'), ('ROS_VERSION', '2'), ('TERM', 'xterm-256color'), ('GTK_OVERLAY_SCROLLING', '0'), ('ROS_LOCALHOST_ONLY', '0'), ('INSIDE_CAJA_PYTHON', ''), ('PATH', '/opt/ros/foxy/bin:/usr/local/sbin:/usr/local/bin:/usr/sbin:/usr/bin:/sbin:/bin'), ('SESSION_MANAGER', 'local/d0e6dc772bf2:@/tmp/.ICE-unix/72,unix/d0e6dc772bf2:/tmp/.ICE-unix/72'), ('DISPLAY', ':1'), ('XDG_CURRENT_DESKTOP', 'MATE'), ('SUPERVISOR_ENABLED', '1'), ('AMENT_PREFIX_PATH', '/home/ubuntu/Desktop/16.633_ros/tello_ros_ws/install/tello_gazebo:/home/ubuntu/Desktop/16.633_ros/tello_ros_ws/install/tello_driver:/home/ubuntu/Desktop/16.633_ros/tello_ros_ws/install/tello_msgs:/home/ubuntu/Desktop/16.633_ros/tello_ros_ws/install/tello_description:/home/ubuntu/Desktop/16.633_ros/tello_ros_ws/install/ros2_shared:/opt/ros/foxy'), ('PASSWD', 'ubuntu'), ('SUPERVISOR_SERVER_URL', 'unix:///var/run/supervisor.sock'), ('SUPERVISOR_PROCESS_NAME', 'vnc'), ('PWD', '/home/ubuntu/Desktop/16.633_ros/tello_ros_ws/build/tello_msgs'), ('PYTHONPATH', '/home/ubuntu/Desktop/16.633_ros/tello_ros_ws/install/tello_msgs/lib/python3.8/site-packages:/opt/ros/foxy/lib/python3.8/site-packages'), ('MATE_DESKTOP_SESSION_ID', 'this-is-deprecated'), ('COLCON', '1'), ('VTE_VERSION', '6003'), ('CMAKE_PREFIX_PATH', '/home/ubuntu/Desktop/16.633_ros/tello_ros_ws/install/tello_gazebo:/home/ubuntu/Desktop/16.633_ros/tello_ros_ws/install/tello_driver:/home/ubuntu/Desktop/16.633_ros/tello_ros_ws/install/tello_msgs:/home/ubuntu/Desktop/16.633_ros/tello_ros_ws/install/tello_description:/home/ubuntu/Desktop/16.633_ros/tello_ros_ws/install/ros2_shared:/opt/ros/foxy')]), 'shell': False}
[12.967851] (-) TimerEvent: {}
[13.069135] (-) TimerEvent: {}
[13.143091] (tello_msgs) StdoutLine: {'line': b'-- Install configuration: ""\n'}
[13.150182] (tello_msgs) StdoutLine: {'line': b'-- Execute custom install script\n'}
[13.156029] (tello_msgs) StdoutLine: {'line': b'-- Up-to-date symlink: /home/ubuntu/Desktop/16.633_ros/tello_ros_ws/install/tello_msgs/share/ament_index/resource_index/rosidl_interfaces/tello_msgs\n'}
[13.164954] (tello_msgs) StdoutLine: {'line': b'-- Up-to-date symlink: /home/ubuntu/Desktop/16.633_ros/tello_ros_ws/install/tello_msgs/include/tello_msgs/msg/detail/flight_data__functions.h\n'}
[13.169439] (-) TimerEvent: {}
[13.171510] (tello_msgs) StdoutLine: {'line': b'-- Up-to-date symlink: /home/ubuntu/Desktop/16.633_ros/tello_ros_ws/install/tello_msgs/include/tello_msgs/msg/detail/flight_data__struct.h\n'}
[13.177008] (tello_msgs) StdoutLine: {'line': b'-- Up-to-date symlink: /home/ubuntu/Desktop/16.633_ros/tello_ros_ws/install/tello_msgs/include/tello_msgs/msg/detail/flight_data__type_support.h\n'}
[13.182689] (tello_msgs) StdoutLine: {'line': b'-- Up-to-date symlink: /home/ubuntu/Desktop/16.633_ros/tello_ros_ws/install/tello_msgs/include/tello_msgs/msg/detail/tello_response__functions.h\n'}
[13.188459] (tello_msgs) StdoutLine: {'line': b'-- Up-to-date symlink: /home/ubuntu/Desktop/16.633_ros/tello_ros_ws/install/tello_msgs/include/tello_msgs/msg/detail/tello_response__struct.h\n'}
[13.194315] (tello_msgs) StdoutLine: {'line': b'-- Up-to-date symlink: /home/ubuntu/Desktop/16.633_ros/tello_ros_ws/install/tello_msgs/include/tello_msgs/msg/detail/tello_response__type_support.h\n'}
[13.201045] (tello_msgs) StdoutLine: {'line': b'-- Up-to-date symlink: /home/ubuntu/Desktop/16.633_ros/tello_ros_ws/install/tello_msgs/include/tello_msgs/msg/flight_data.h\n'}
[13.206645] (tello_msgs) StdoutLine: {'line': b'-- Up-to-date symlink: /home/ubuntu/Desktop/16.633_ros/tello_ros_ws/install/tello_msgs/include/tello_msgs/msg/rosidl_generator_c__visibility_control.h\n'}
[13.212387] (tello_msgs) StdoutLine: {'line': b'-- Up-to-date symlink: /home/ubuntu/Desktop/16.633_ros/tello_ros_ws/install/tello_msgs/include/tello_msgs/msg/tello_response.h\n'}
[13.218642] (tello_msgs) StdoutLine: {'line': b'-- Up-to-date symlink: /home/ubuntu/Desktop/16.633_ros/tello_ros_ws/install/tello_msgs/include/tello_msgs/srv/detail/tello_action__functions.h\n'}
[13.224891] (tello_msgs) StdoutLine: {'line': b'-- Up-to-date symlink: /home/ubuntu/Desktop/16.633_ros/tello_ros_ws/install/tello_msgs/include/tello_msgs/srv/detail/tello_action__struct.h\n'}
[13.235929] (tello_msgs) StdoutLine: {'line': b'-- Up-to-date symlink: /home/ubuntu/Desktop/16.633_ros/tello_ros_ws/install/tello_msgs/include/tello_msgs/srv/detail/tello_action__type_support.h\n'}
[13.244662] (tello_msgs) StdoutLine: {'line': b'-- Up-to-date symlink: /home/ubuntu/Desktop/16.633_ros/tello_ros_ws/install/tello_msgs/include/tello_msgs/srv/tello_action.h\n'}
[13.262474] (tello_msgs) StdoutLine: {'line': b'-- Up-to-date symlink: /home/ubuntu/Desktop/16.633_ros/tello_ros_ws/install/tello_msgs/share/tello_msgs/environment/library_path.sh\n'}
[13.269695] (-) TimerEvent: {}
[13.273855] (tello_msgs) StdoutLine: {'line': b'-- Up-to-date symlink: /home/ubuntu/Desktop/16.633_ros/tello_ros_ws/install/tello_msgs/share/tello_msgs/environment/library_path.dsv\n'}
[13.285744] (tello_msgs) StdoutLine: {'line': b'-- Up-to-date symlink: /home/ubuntu/Desktop/16.633_ros/tello_ros_ws/install/tello_msgs/include/tello_msgs/msg/detail/flight_data__rosidl_typesupport_fastrtps_c.h\n'}
[13.300034] (tello_msgs) StdoutLine: {'line': b'-- Up-to-date symlink: /home/ubuntu/Desktop/16.633_ros/tello_ros_ws/install/tello_msgs/include/tello_msgs/msg/detail/tello_response__rosidl_typesupport_fastrtps_c.h\n'}
[13.314986] (tello_msgs) StdoutLine: {'line': b'-- Up-to-date symlink: /home/ubuntu/Desktop/16.633_ros/tello_ros_ws/install/tello_msgs/include/tello_msgs/msg/rosidl_typesupport_fastrtps_c__visibility_control.h\n'}
[13.323987] (tello_msgs) StdoutLine: {'line': b'-- Up-to-date symlink: /home/ubuntu/Desktop/16.633_ros/tello_ros_ws/install/tello_msgs/include/tello_msgs/srv/detail/tello_action__rosidl_typesupport_fastrtps_c.h\n'}
[13.336510] (tello_msgs) StdoutLine: {'line': b'-- Up-to-date symlink: /home/ubuntu/Desktop/16.633_ros/tello_ros_ws/install/tello_msgs/lib/libtello_msgs__rosidl_typesupport_fastrtps_c.so\n'}
[13.354803] (tello_msgs) StdoutLine: {'line': b'-- Up-to-date symlink: /home/ubuntu/Desktop/16.633_ros/tello_ros_ws/install/tello_msgs/include/tello_msgs/msg/detail/flight_data__rosidl_typesupport_fastrtps_cpp.hpp\n'}
[13.365389] (tello_msgs) StdoutLine: {'line': b'-- Up-to-date symlink: /home/ubuntu/Desktop/16.633_ros/tello_ros_ws/install/tello_msgs/include/tello_msgs/msg/detail/tello_response__rosidl_typesupport_fastrtps_cpp.hpp\n'}
[13.381081] (-) TimerEvent: {}
[13.382979] (tello_msgs) StdoutLine: {'line': b'-- Up-to-date symlink: /home/ubuntu/Desktop/16.633_ros/tello_ros_ws/install/tello_msgs/include/tello_msgs/msg/rosidl_typesupport_fastrtps_cpp__visibility_control.h\n'}
[13.394637] (tello_msgs) StdoutLine: {'line': b'-- Up-to-date symlink: /home/ubuntu/Desktop/16.633_ros/tello_ros_ws/install/tello_msgs/include/tello_msgs/srv/detail/tello_action__rosidl_typesupport_fastrtps_cpp.hpp\n'}
[13.407355] (tello_msgs) StdoutLine: {'line': b'-- Up-to-date symlink: /home/ubuntu/Desktop/16.633_ros/tello_ros_ws/install/tello_msgs/lib/libtello_msgs__rosidl_typesupport_fastrtps_cpp.so\n'}
[13.421506] (tello_msgs) StdoutLine: {'line': b'-- Up-to-date symlink: /home/ubuntu/Desktop/16.633_ros/tello_ros_ws/install/tello_msgs/include/tello_msgs/msg/detail/flight_data__rosidl_typesupport_introspection_c.h\n'}
[13.432569] (tello_msgs) StdoutLine: {'line': b'-- Up-to-date symlink: /home/ubuntu/Desktop/16.633_ros/tello_ros_ws/install/tello_msgs/include/tello_msgs/msg/detail/tello_response__rosidl_typesupport_introspection_c.h\n'}
[13.444443] (tello_msgs) StdoutLine: {'line': b'-- Up-to-date symlink: /home/ubuntu/Desktop/16.633_ros/tello_ros_ws/install/tello_msgs/include/tello_msgs/msg/rosidl_typesupport_introspection_c__visibility_control.h\n'}
[13.453536] (tello_msgs) StdoutLine: {'line': b'-- Up-to-date symlink: /home/ubuntu/Desktop/16.633_ros/tello_ros_ws/install/tello_msgs/include/tello_msgs/srv/detail/tello_action__rosidl_typesupport_introspection_c.h\n'}
[13.469110] (tello_msgs) StdoutLine: {'line': b'-- Up-to-date symlink: /home/ubuntu/Desktop/16.633_ros/tello_ros_ws/install/tello_msgs/include/tello_msgs/msg/detail/flight_data__builder.hpp\n'}
[13.480105] (tello_msgs) StdoutLine: {'line': b'-- Up-to-date symlink: /home/ubuntu/Desktop/16.633_ros/tello_ros_ws/install/tello_msgs/include/tello_msgs/msg/detail/flight_data__struct.hpp\n'}
[13.487698] (-) TimerEvent: {}
[13.493972] (tello_msgs) StdoutLine: {'line': b'-- Up-to-date symlink: /home/ubuntu/Desktop/16.633_ros/tello_ros_ws/install/tello_msgs/include/tello_msgs/msg/detail/flight_data__traits.hpp\n'}
[13.503940] (tello_msgs) StdoutLine: {'line': b'-- Up-to-date symlink: /home/ubuntu/Desktop/16.633_ros/tello_ros_ws/install/tello_msgs/include/tello_msgs/msg/detail/flight_data__type_support.hpp\n'}
[13.513404] (tello_msgs) StdoutLine: {'line': b'-- Up-to-date symlink: /home/ubuntu/Desktop/16.633_ros/tello_ros_ws/install/tello_msgs/include/tello_msgs/msg/detail/tello_response__builder.hpp\n'}
[13.525415] (tello_msgs) StdoutLine: {'line': b'-- Up-to-date symlink: /home/ubuntu/Desktop/16.633_ros/tello_ros_ws/install/tello_msgs/include/tello_msgs/msg/detail/tello_response__struct.hpp\n'}
[13.535703] (tello_msgs) StdoutLine: {'line': b'-- Up-to-date symlink: /home/ubuntu/Desktop/16.633_ros/tello_ros_ws/install/tello_msgs/include/tello_msgs/msg/detail/tello_response__traits.hpp\n'}
[13.546183] (tello_msgs) StdoutLine: {'line': b'-- Up-to-date symlink: /home/ubuntu/Desktop/16.633_ros/tello_ros_ws/install/tello_msgs/include/tello_msgs/msg/detail/tello_response__type_support.hpp\n'}
[13.558158] (tello_msgs) StdoutLine: {'line': b'-- Up-to-date symlink: /home/ubuntu/Desktop/16.633_ros/tello_ros_ws/install/tello_msgs/include/tello_msgs/msg/flight_data.hpp\n'}
[13.567538] (tello_msgs) StdoutLine: {'line': b'-- Up-to-date symlink: /home/ubuntu/Desktop/16.633_ros/tello_ros_ws/install/tello_msgs/include/tello_msgs/msg/rosidl_generator_cpp__visibility_control.hpp\n'}
[13.578177] (tello_msgs) StdoutLine: {'line': b'-- Up-to-date symlink: /home/ubuntu/Desktop/16.633_ros/tello_ros_ws/install/tello_msgs/include/tello_msgs/msg/tello_response.hpp\n'}
[13.588134] (-) TimerEvent: {}
[13.591989] (tello_msgs) StdoutLine: {'line': b'-- Up-to-date symlink: /home/ubuntu/Desktop/16.633_ros/tello_ros_ws/install/tello_msgs/include/tello_msgs/srv/detail/tello_action__builder.hpp\n'}
[13.602113] (tello_msgs) StdoutLine: {'line': b'-- Up-to-date symlink: /home/ubuntu/Desktop/16.633_ros/tello_ros_ws/install/tello_msgs/include/tello_msgs/srv/detail/tello_action__struct.hpp\n'}
[13.613423] (tello_msgs) StdoutLine: {'line': b'-- Up-to-date symlink: /home/ubuntu/Desktop/16.633_ros/tello_ros_ws/install/tello_msgs/include/tello_msgs/srv/detail/tello_action__traits.hpp\n'}
[13.626115] (tello_msgs) StdoutLine: {'line': b'-- Up-to-date symlink: /home/ubuntu/Desktop/16.633_ros/tello_ros_ws/install/tello_msgs/include/tello_msgs/srv/detail/tello_action__type_support.hpp\n'}
[13.638208] (tello_msgs) StdoutLine: {'line': b'-- Up-to-date symlink: /home/ubuntu/Desktop/16.633_ros/tello_ros_ws/install/tello_msgs/include/tello_msgs/srv/tello_action.hpp\n'}
[13.655103] (tello_msgs) StdoutLine: {'line': b'-- Up-to-date symlink: /home/ubuntu/Desktop/16.633_ros/tello_ros_ws/install/tello_msgs/include/tello_msgs/msg/detail/flight_data__rosidl_typesupport_introspection_cpp.hpp\n'}
[13.664826] (tello_msgs) StdoutLine: {'line': b'-- Up-to-date symlink: /home/ubuntu/Desktop/16.633_ros/tello_ros_ws/install/tello_msgs/include/tello_msgs/msg/detail/tello_response__rosidl_typesupport_introspection_cpp.hpp\n'}
[13.672888] (tello_msgs) StdoutLine: {'line': b'-- Up-to-date symlink: /home/ubuntu/Desktop/16.633_ros/tello_ros_ws/install/tello_msgs/include/tello_msgs/srv/detail/tello_action__rosidl_typesupport_introspection_cpp.hpp\n'}
[13.684794] (tello_msgs) StdoutLine: {'line': b'-- Up-to-date symlink: /home/ubuntu/Desktop/16.633_ros/tello_ros_ws/install/tello_msgs/share/tello_msgs/environment/pythonpath.sh\n'}
[13.694775] (-) TimerEvent: {}
[13.697762] (tello_msgs) StdoutLine: {'line': b'-- Up-to-date symlink: /home/ubuntu/Desktop/16.633_ros/tello_ros_ws/install/tello_msgs/share/tello_msgs/environment/pythonpath.dsv\n'}
[13.709189] (tello_msgs) StdoutLine: {'line': b'-- Up-to-date symlink: /home/ubuntu/Desktop/16.633_ros/tello_ros_ws/install/tello_msgs/lib/python3.8/site-packages/tello_msgs/__init__.py\n'}
[13.719558] (tello_msgs) StdoutLine: {'line': b'-- Up-to-date symlink: /home/ubuntu/Desktop/16.633_ros/tello_ros_ws/install/tello_msgs/lib/python3.8/site-packages/tello_msgs/msg/__init__.py\n'}
[13.727016] (tello_msgs) StdoutLine: {'line': b'-- Up-to-date symlink: /home/ubuntu/Desktop/16.633_ros/tello_ros_ws/install/tello_msgs/lib/python3.8/site-packages/tello_msgs/msg/_flight_data.py\n'}
[13.734469] (tello_msgs) StdoutLine: {'line': b'-- Up-to-date symlink: /home/ubuntu/Desktop/16.633_ros/tello_ros_ws/install/tello_msgs/lib/python3.8/site-packages/tello_msgs/msg/_tello_response.py\n'}
[13.746144] (tello_msgs) StdoutLine: {'line': b'-- Up-to-date symlink: /home/ubuntu/Desktop/16.633_ros/tello_ros_ws/install/tello_msgs/lib/python3.8/site-packages/tello_msgs/srv/__init__.py\n'}
[13.759219] (tello_msgs) StdoutLine: {'line': b'-- Up-to-date symlink: /home/ubuntu/Desktop/16.633_ros/tello_ros_ws/install/tello_msgs/lib/python3.8/site-packages/tello_msgs/srv/_tello_action.py\n'}
[13.769927] (tello_msgs) StdoutLine: {'line': b'-- Up-to-date symlink: /home/ubuntu/Desktop/16.633_ros/tello_ros_ws/install/tello_msgs/lib/python3.8/site-packages/tello_msgs/tello_msgs_s__rosidl_typesupport_fastrtps_c.cpython-38-x86_64-linux-gnu.so\n'}
[13.782582] (tello_msgs) StdoutLine: {'line': b'-- Up-to-date symlink: /home/ubuntu/Desktop/16.633_ros/tello_ros_ws/install/tello_msgs/lib/python3.8/site-packages/tello_msgs/tello_msgs_s__rosidl_typesupport_introspection_c.cpython-38-x86_64-linux-gnu.so\n'}
[13.795124] (tello_msgs) StdoutLine: {'line': b'-- Up-to-date symlink: /home/ubuntu/Desktop/16.633_ros/tello_ros_ws/install/tello_msgs/lib/python3.8/site-packages/tello_msgs/tello_msgs_s__rosidl_typesupport_c.cpython-38-x86_64-linux-gnu.so\n'}
[13.800627] (-) TimerEvent: {}
[13.806685] (tello_msgs) StdoutLine: {'line': b'-- Up-to-date symlink: /home/ubuntu/Desktop/16.633_ros/tello_ros_ws/install/tello_msgs/lib/libtello_msgs__python.so\n'}
[13.820614] (tello_msgs) StdoutLine: {'line': b'-- Up-to-date symlink: /home/ubuntu/Desktop/16.633_ros/tello_ros_ws/install/tello_msgs/share/tello_msgs/msg/FlightData.idl\n'}
[13.832252] (tello_msgs) StdoutLine: {'line': b'-- Up-to-date symlink: /home/ubuntu/Desktop/16.633_ros/tello_ros_ws/install/tello_msgs/share/tello_msgs/msg/TelloResponse.idl\n'}
[13.851045] (tello_msgs) StdoutLine: {'line': b'-- Up-to-date symlink: /home/ubuntu/Desktop/16.633_ros/tello_ros_ws/install/tello_msgs/share/tello_msgs/srv/TelloAction.idl\n'}
[13.862542] (tello_msgs) StdoutLine: {'line': b'-- Up-to-date symlink: /home/ubuntu/Desktop/16.633_ros/tello_ros_ws/install/tello_msgs/share/tello_msgs/msg/FlightData.msg\n'}
[13.875373] (tello_msgs) StdoutLine: {'line': b'-- Up-to-date symlink: /home/ubuntu/Desktop/16.633_ros/tello_ros_ws/install/tello_msgs/share/tello_msgs/msg/TelloResponse.msg\n'}
[13.887220] (tello_msgs) StdoutLine: {'line': b'-- Up-to-date symlink: /home/ubuntu/Desktop/16.633_ros/tello_ros_ws/install/tello_msgs/share/tello_msgs/srv/TelloAction.srv\n'}
[13.897621] (tello_msgs) StdoutLine: {'line': b'-- Up-to-date symlink: /home/ubuntu/Desktop/16.633_ros/tello_ros_ws/install/tello_msgs/share/tello_msgs/srv/TelloAction_Request.msg\n'}
[13.903460] (-) TimerEvent: {}
[13.907111] (tello_msgs) StdoutLine: {'line': b'-- Up-to-date symlink: /home/ubuntu/Desktop/16.633_ros/tello_ros_ws/install/tello_msgs/share/tello_msgs/srv/TelloAction_Response.msg\n'}
[13.914654] (tello_msgs) StdoutLine: {'line': b'-- Up-to-date symlink: /home/ubuntu/Desktop/16.633_ros/tello_ros_ws/install/tello_msgs/share/ament_index/resource_index/package_run_dependencies/tello_msgs\n'}
[13.923180] (tello_msgs) StdoutLine: {'line': b'-- Up-to-date symlink: /home/ubuntu/Desktop/16.633_ros/tello_ros_ws/install/tello_msgs/share/ament_index/resource_index/parent_prefix_path/tello_msgs\n'}
[13.935721] (tello_msgs) StdoutLine: {'line': b'-- Up-to-date symlink: /home/ubuntu/Desktop/16.633_ros/tello_ros_ws/install/tello_msgs/share/tello_msgs/environment/ament_prefix_path.sh\n'}
[13.947193] (tello_msgs) StdoutLine: {'line': b'-- Up-to-date symlink: /home/ubuntu/Desktop/16.633_ros/tello_ros_ws/install/tello_msgs/share/tello_msgs/environment/ament_prefix_path.dsv\n'}
[13.955975] (tello_msgs) StdoutLine: {'line': b'-- Up-to-date symlink: /home/ubuntu/Desktop/16.633_ros/tello_ros_ws/install/tello_msgs/share/tello_msgs/environment/path.sh\n'}
[13.965687] (tello_msgs) StdoutLine: {'line': b'-- Up-to-date symlink: /home/ubuntu/Desktop/16.633_ros/tello_ros_ws/install/tello_msgs/share/tello_msgs/environment/path.dsv\n'}
[13.974220] (tello_msgs) StdoutLine: {'line': b'-- Up-to-date symlink: /home/ubuntu/Desktop/16.633_ros/tello_ros_ws/install/tello_msgs/share/tello_msgs/local_setup.bash\n'}
[13.985607] (tello_msgs) StdoutLine: {'line': b'-- Up-to-date symlink: /home/ubuntu/Desktop/16.633_ros/tello_ros_ws/install/tello_msgs/share/tello_msgs/local_setup.sh\n'}
[13.999006] (tello_msgs) StdoutLine: {'line': b'-- Up-to-date symlink: /home/ubuntu/Desktop/16.633_ros/tello_ros_ws/install/tello_msgs/share/tello_msgs/local_setup.zsh\n'}
[14.005899] (-) TimerEvent: {}
[14.012827] (tello_msgs) StdoutLine: {'line': b'-- Up-to-date symlink: /home/ubuntu/Desktop/16.633_ros/tello_ros_ws/install/tello_msgs/share/tello_msgs/local_setup.dsv\n'}
[14.022674] (tello_msgs) StdoutLine: {'line': b'-- Symlinking: /home/ubuntu/Desktop/16.633_ros/tello_ros_ws/install/tello_msgs/share/tello_msgs/package.dsv\n'}
[14.106189] (-) TimerEvent: {}
[14.207943] (-) TimerEvent: {}
[14.309568] (-) TimerEvent: {}
[14.338955] (tello_msgs) StdoutLine: {'line': b'-- Up-to-date symlink: /home/ubuntu/Desktop/16.633_ros/tello_ros_ws/install/tello_msgs/share/ament_index/resource_index/packages/tello_msgs\n'}
[14.349520] (tello_msgs) StdoutLine: {'line': b'-- Up-to-date symlink: /home/ubuntu/Desktop/16.633_ros/tello_ros_ws/install/tello_msgs/share/tello_msgs/cmake/rosidl_cmake-extras.cmake\n'}
[14.361444] (tello_msgs) StdoutLine: {'line': b'-- Up-to-date symlink: /home/ubuntu/Desktop/16.633_ros/tello_ros_ws/install/tello_msgs/share/tello_msgs/cmake/ament_cmake_export_dependencies-extras.cmake\n'}
[14.373074] (tello_msgs) StdoutLine: {'line': b'-- Up-to-date symlink: /home/ubuntu/Desktop/16.633_ros/tello_ros_ws/install/tello_msgs/share/tello_msgs/cmake/ament_cmake_export_libraries-extras.cmake\n'}
[14.382430] (tello_msgs) StdoutLine: {'line': b'-- Up-to-date symlink: /home/ubuntu/Desktop/16.633_ros/tello_ros_ws/install/tello_msgs/share/tello_msgs/cmake/ament_cmake_export_targets-extras.cmake\n'}
[14.390906] (tello_msgs) StdoutLine: {'line': b'-- Up-to-date symlink: /home/ubuntu/Desktop/16.633_ros/tello_ros_ws/install/tello_msgs/share/tello_msgs/cmake/ament_cmake_export_include_directories-extras.cmake\n'}
[14.398308] (tello_msgs) StdoutLine: {'line': b'-- Up-to-date symlink: /home/ubuntu/Desktop/16.633_ros/tello_ros_ws/install/tello_msgs/share/tello_msgs/cmake/rosidl_cmake_export_typesupport_libraries-extras.cmake\n'}
[14.407205] (tello_msgs) StdoutLine: {'line': b'-- Up-to-date symlink: /home/ubuntu/Desktop/16.633_ros/tello_ros_ws/install/tello_msgs/share/tello_msgs/cmake/rosidl_cmake_export_typesupport_targets-extras.cmake\n'}
[14.415633] (-) TimerEvent: {}
[14.421534] (tello_msgs) StdoutLine: {'line': b'-- Up-to-date symlink: /home/ubuntu/Desktop/16.633_ros/tello_ros_ws/install/tello_msgs/share/tello_msgs/cmake/tello_msgsConfig.cmake\n'}
[14.434105] (tello_msgs) StdoutLine: {'line': b'-- Up-to-date symlink: /home/ubuntu/Desktop/16.633_ros/tello_ros_ws/install/tello_msgs/share/tello_msgs/cmake/tello_msgsConfig-version.cmake\n'}
[14.445957] (tello_msgs) StdoutLine: {'line': b'-- Up-to-date symlink: /home/ubuntu/Desktop/16.633_ros/tello_ros_ws/install/tello_msgs/share/tello_msgs/package.xml\n'}
[14.454414] (tello_msgs) StdoutLine: {'line': b'-- Up-to-date: /home/ubuntu/Desktop/16.633_ros/tello_ros_ws/install/tello_msgs/lib/libtello_msgs__rosidl_generator_c.so\n'}
[14.464035] (tello_msgs) StdoutLine: {'line': b'-- Up-to-date: /home/ubuntu/Desktop/16.633_ros/tello_ros_ws/install/tello_msgs/lib/libtello_msgs__rosidl_typesupport_introspection_c.so\n'}
[14.475983] (tello_msgs) StdoutLine: {'line': b'-- Up-to-date: /home/ubuntu/Desktop/16.633_ros/tello_ros_ws/install/tello_msgs/lib/libtello_msgs__rosidl_typesupport_c.so\n'}
[14.485052] (tello_msgs) StdoutLine: {'line': b'-- Up-to-date: /home/ubuntu/Desktop/16.633_ros/tello_ros_ws/install/tello_msgs/lib/libtello_msgs__rosidl_typesupport_introspection_cpp.so\n'}
[14.501947] (tello_msgs) StdoutLine: {'line': b'-- Up-to-date: /home/ubuntu/Desktop/16.633_ros/tello_ros_ws/install/tello_msgs/lib/libtello_msgs__rosidl_typesupport_cpp.so\n'}
[14.516004] (-) TimerEvent: {}
[14.617916] (-) TimerEvent: {}
[14.684365] (tello_msgs) StdoutLine: {'line': b'-- Up-to-date: /home/ubuntu/Desktop/16.633_ros/tello_ros_ws/install/tello_msgs/share/tello_msgs/cmake/tello_msgs__rosidl_generator_cExport.cmake\n'}
[14.689997] (tello_msgs) StdoutLine: {'line': b'-- Up-to-date: /home/ubuntu/Desktop/16.633_ros/tello_ros_ws/install/tello_msgs/share/tello_msgs/cmake/tello_msgs__rosidl_generator_cExport-noconfig.cmake\n'}
[14.697093] (tello_msgs) StdoutLine: {'line': b'-- Up-to-date: /home/ubuntu/Desktop/16.633_ros/tello_ros_ws/install/tello_msgs/share/tello_msgs/cmake/tello_msgs__rosidl_typesupport_introspection_cExport.cmake\n'}
[14.703189] (tello_msgs) StdoutLine: {'line': b'-- Up-to-date: /home/ubuntu/Desktop/16.633_ros/tello_ros_ws/install/tello_msgs/share/tello_msgs/cmake/tello_msgs__rosidl_typesupport_introspection_cExport-noconfig.cmake\n'}
[14.709728] (tello_msgs) StdoutLine: {'line': b'-- Up-to-date: /home/ubuntu/Desktop/16.633_ros/tello_ros_ws/install/tello_msgs/share/tello_msgs/cmake/tello_msgs__rosidl_typesupport_cExport.cmake\n'}
[14.719169] (-) TimerEvent: {}
[14.722245] (tello_msgs) StdoutLine: {'line': b'-- Up-to-date: /home/ubuntu/Desktop/16.633_ros/tello_ros_ws/install/tello_msgs/share/tello_msgs/cmake/tello_msgs__rosidl_typesupport_cExport-noconfig.cmake\n'}
[14.727786] (tello_msgs) StdoutLine: {'line': b'-- Up-to-date: /home/ubuntu/Desktop/16.633_ros/tello_ros_ws/install/tello_msgs/share/tello_msgs/cmake/tello_msgs__rosidl_generator_cppExport.cmake\n'}
[14.732936] (tello_msgs) StdoutLine: {'line': b'-- Up-to-date: /home/ubuntu/Desktop/16.633_ros/tello_ros_ws/install/tello_msgs/share/tello_msgs/cmake/tello_msgs__rosidl_typesupport_introspection_cppExport.cmake\n'}
[14.739526] (tello_msgs) StdoutLine: {'line': b'-- Up-to-date: /home/ubuntu/Desktop/16.633_ros/tello_ros_ws/install/tello_msgs/share/tello_msgs/cmake/tello_msgs__rosidl_typesupport_introspection_cppExport-noconfig.cmake\n'}
[14.745674] (tello_msgs) StdoutLine: {'line': b'-- Up-to-date: /home/ubuntu/Desktop/16.633_ros/tello_ros_ws/install/tello_msgs/share/tello_msgs/cmake/tello_msgs__rosidl_typesupport_cppExport.cmake\n'}
[14.751438] (tello_msgs) StdoutLine: {'line': b'-- Up-to-date: /home/ubuntu/Desktop/16.633_ros/tello_ros_ws/install/tello_msgs/share/tello_msgs/cmake/tello_msgs__rosidl_typesupport_cppExport-noconfig.cmake\n'}
[14.765382] (tello_msgs) CommandEnded: {'returncode': 0}
[14.819465] (-) TimerEvent: {}
[14.931322] (-) TimerEvent: {}
[15.035380] (-) TimerEvent: {}
[15.137506] (-) TimerEvent: {}
[15.239510] (-) TimerEvent: {}
[15.341181] (-) TimerEvent: {}
[15.443779] (-) TimerEvent: {}
[15.545648] (-) TimerEvent: {}
[15.647501] (-) TimerEvent: {}
[15.749154] (-) TimerEvent: {}
[15.851370] (-) TimerEvent: {}
[15.953578] (-) TimerEvent: {}
[16.055987] (-) TimerEvent: {}
[16.158351] (-) TimerEvent: {}
[16.260681] (-) TimerEvent: {}
[16.362722] (-) TimerEvent: {}
[16.464884] (-) TimerEvent: {}
[16.566596] (-) TimerEvent: {}
[16.668829] (-) TimerEvent: {}
[16.770872] (-) TimerEvent: {}
[16.872421] (-) TimerEvent: {}
[16.974024] (-) TimerEvent: {}
[17.075778] (-) TimerEvent: {}
[17.178140] (-) TimerEvent: {}
[17.279342] (-) TimerEvent: {}
[17.381518] (-) TimerEvent: {}
[17.482802] (-) TimerEvent: {}
[17.584954] (-) TimerEvent: {}
[17.686164] (-) TimerEvent: {}
[17.787569] (-) TimerEvent: {}
[17.888938] (-) TimerEvent: {}
[17.990103] (-) TimerEvent: {}
[18.091091] (-) TimerEvent: {}
[18.192079] (-) TimerEvent: {}
[18.293014] (-) TimerEvent: {}
[18.394061] (-) TimerEvent: {}
[18.495237] (-) TimerEvent: {}
[18.596602] (-) TimerEvent: {}
[18.697925] (-) TimerEvent: {}
[18.799038] (-) TimerEvent: {}
[18.900186] (-) TimerEvent: {}
[19.001337] (-) TimerEvent: {}
[19.102651] (-) TimerEvent: {}
[19.204416] (-) TimerEvent: {}
[19.305345] (-) TimerEvent: {}
[19.406519] (-) TimerEvent: {}
[19.507680] (-) TimerEvent: {}
[19.608686] (-) TimerEvent: {}
[19.709709] (-) TimerEvent: {}
[19.810937] (-) TimerEvent: {}
[19.913034] (-) TimerEvent: {}
[20.016965] (-) TimerEvent: {}
[20.033851] (tello_msgs) JobEnded: {'identifier': 'tello_msgs', 'rc': 0}
[20.043453] (tello_driver) JobStarted: {'identifier': 'tello_driver'}
[20.081587] (tello_gazebo) JobStarted: {'identifier': 'tello_gazebo'}
[20.117379] (-) TimerEvent: {}
[20.219606] (-) TimerEvent: {}
[20.322527] (-) TimerEvent: {}
[20.344765] (tello_driver) JobProgress: {'identifier': 'tello_driver', 'progress': 'cmake'}
[20.372964] (tello_driver) JobProgress: {'identifier': 'tello_driver', 'progress': 'build'}
[20.378885] (tello_driver) Command: {'cmd': ['/usr/bin/cmake', '--build', '/home/ubuntu/Desktop/16.633_ros/tello_ros_ws/build/tello_driver', '--', '-j6', '-l6'], 'cwd': '/home/ubuntu/Desktop/16.633_ros/tello_ros_ws/build/tello_driver', 'env': OrderedDict([('VNCDESKTOP', 'd0e6dc772bf2:1 (ubuntu)'), ('QT_SCALE_FACTOR', '1'), ('USER', 'ubuntu'), ('SUPERVISOR_GROUP_NAME', 'vnc'), ('HOSTNAME', 'd0e6dc772bf2'), ('SHLVL', '2'), ('LD_LIBRARY_PATH', '/home/ubuntu/Desktop/16.633_ros/tello_ros_ws/install/tello_msgs/lib:/home/ubuntu/Desktop/16.633_ros/tello_ros_ws/install/tello_gazebo/lib:/home/ubuntu/Desktop/16.633_ros/tello_ros_ws/install/tello_driver/lib:/usr/lib/x86_64-linux-gnu/gazebo-11/plugins:/opt/ros/foxy/opt/yaml_cpp_vendor/lib:/opt/ros/foxy/opt/rviz_ogre_vendor/lib:/opt/ros/foxy/lib/x86_64-linux-gnu:/opt/ros/foxy/lib'), ('HOME', '/home/ubuntu'), ('OLDPWD', '/home/ubuntu/Desktop/16.633_ros'), ('ROS_PYTHON_VERSION', '3'), ('LC_CTYPE', 'C.UTF-8'), ('DBUS_SESSION_BUS_ADDRESS', 'unix:abstract=/tmp/dbus-9Wkjg4CCA6,guid=b9d16375a75ae7adfca6323d64cd8d8f'), ('COLORTERM', 'truecolor'), ('COLCON_PREFIX_PATH', '/home/ubuntu/Desktop/16.633_ros/tello_ros_ws/install'), ('ROS_DISTRO', 'foxy'), ('WINDOWID', '37748742'), ('QT_AUTO_SCREEN_SCALE_FACTOR', '0'), ('_', '/usr/bin/colcon'), ('ROS_VERSION', '2'), ('TERM', 'xterm-256color'), ('GTK_OVERLAY_SCROLLING', '0'), ('ROS_LOCALHOST_ONLY', '0'), ('INSIDE_CAJA_PYTHON', ''), ('PATH', '/opt/ros/foxy/bin:/usr/local/sbin:/usr/local/bin:/usr/sbin:/usr/bin:/sbin:/bin'), ('SESSION_MANAGER', 'local/d0e6dc772bf2:@/tmp/.ICE-unix/72,unix/d0e6dc772bf2:/tmp/.ICE-unix/72'), ('DISPLAY', ':1'), ('XDG_CURRENT_DESKTOP', 'MATE'), ('SUPERVISOR_ENABLED', '1'), ('AMENT_PREFIX_PATH', '/home/ubuntu/Desktop/16.633_ros/tello_ros_ws/install/tello_gazebo:/home/ubuntu/Desktop/16.633_ros/tello_ros_ws/install/tello_driver:/home/ubuntu/Desktop/16.633_ros/tello_ros_ws/install/tello_msgs:/home/ubuntu/Desktop/16.633_ros/tello_ros_ws/install/tello_description:/home/ubuntu/Desktop/16.633_ros/tello_ros_ws/install/ros2_shared:/opt/ros/foxy'), ('PASSWD', 'ubuntu'), ('SUPERVISOR_SERVER_URL', 'unix:///var/run/supervisor.sock'), ('SUPERVISOR_PROCESS_NAME', 'vnc'), ('PWD', '/home/ubuntu/Desktop/16.633_ros/tello_ros_ws/build/tello_driver'), ('PYTHONPATH', '/home/ubuntu/Desktop/16.633_ros/tello_ros_ws/install/tello_msgs/lib/python3.8/site-packages:/opt/ros/foxy/lib/python3.8/site-packages'), ('MATE_DESKTOP_SESSION_ID', 'this-is-deprecated'), ('COLCON', '1'), ('VTE_VERSION', '6003'), ('CMAKE_PREFIX_PATH', '/home/ubuntu/Desktop/16.633_ros/tello_ros_ws/install/tello_msgs:/home/ubuntu/Desktop/16.633_ros/tello_ros_ws/install/ros2_shared:/home/ubuntu/Desktop/16.633_ros/tello_ros_ws/install/tello_gazebo:/home/ubuntu/Desktop/16.633_ros/tello_ros_ws/install/tello_driver:/home/ubuntu/Desktop/16.633_ros/tello_ros_ws/install/tello_description:/opt/ros/foxy')]), 'shell': False}
[20.421184] (tello_gazebo) JobProgress: {'identifier': 'tello_gazebo', 'progress': 'cmake'}
[20.422255] (tello_gazebo) JobProgress: {'identifier': 'tello_gazebo', 'progress': 'build'}
[20.423483] (-) TimerEvent: {}
[20.424859] (tello_gazebo) Command: {'cmd': ['/usr/bin/cmake', '--build', '/home/ubuntu/Desktop/16.633_ros/tello_ros_ws/build/tello_gazebo', '--', '-j6', '-l6'], 'cwd': '/home/ubuntu/Desktop/16.633_ros/tello_ros_ws/build/tello_gazebo', 'env': OrderedDict([('VNCDESKTOP', 'd0e6dc772bf2:1 (ubuntu)'), ('QT_SCALE_FACTOR', '1'), ('USER', 'ubuntu'), ('SUPERVISOR_GROUP_NAME', 'vnc'), ('HOSTNAME', 'd0e6dc772bf2'), ('SHLVL', '2'), ('LD_LIBRARY_PATH', '/home/ubuntu/Desktop/16.633_ros/tello_ros_ws/install/tello_msgs/lib:/home/ubuntu/Desktop/16.633_ros/tello_ros_ws/install/tello_gazebo/lib:/home/ubuntu/Desktop/16.633_ros/tello_ros_ws/install/tello_driver/lib:/usr/lib/x86_64-linux-gnu/gazebo-11/plugins:/opt/ros/foxy/opt/yaml_cpp_vendor/lib:/opt/ros/foxy/opt/rviz_ogre_vendor/lib:/opt/ros/foxy/lib/x86_64-linux-gnu:/opt/ros/foxy/lib'), ('HOME', '/home/ubuntu'), ('OLDPWD', '/home/ubuntu/Desktop/16.633_ros'), ('ROS_PYTHON_VERSION', '3'), ('LC_CTYPE', 'C.UTF-8'), ('DBUS_SESSION_BUS_ADDRESS', 'unix:abstract=/tmp/dbus-9Wkjg4CCA6,guid=b9d16375a75ae7adfca6323d64cd8d8f'), ('COLORTERM', 'truecolor'), ('COLCON_PREFIX_PATH', '/home/ubuntu/Desktop/16.633_ros/tello_ros_ws/install'), ('ROS_DISTRO', 'foxy'), ('WINDOWID', '37748742'), ('QT_AUTO_SCREEN_SCALE_FACTOR', '0'), ('_', '/usr/bin/colcon'), ('ROS_VERSION', '2'), ('TERM', 'xterm-256color'), ('GTK_OVERLAY_SCROLLING', '0'), ('ROS_LOCALHOST_ONLY', '0'), ('INSIDE_CAJA_PYTHON', ''), ('PATH', '/opt/ros/foxy/bin:/usr/local/sbin:/usr/local/bin:/usr/sbin:/usr/bin:/sbin:/bin'), ('SESSION_MANAGER', 'local/d0e6dc772bf2:@/tmp/.ICE-unix/72,unix/d0e6dc772bf2:/tmp/.ICE-unix/72'), ('DISPLAY', ':1'), ('XDG_CURRENT_DESKTOP', 'MATE'), ('SUPERVISOR_ENABLED', '1'), ('AMENT_PREFIX_PATH', '/home/ubuntu/Desktop/16.633_ros/tello_ros_ws/install/tello_gazebo:/home/ubuntu/Desktop/16.633_ros/tello_ros_ws/install/tello_driver:/home/ubuntu/Desktop/16.633_ros/tello_ros_ws/install/tello_msgs:/home/ubuntu/Desktop/16.633_ros/tello_ros_ws/install/tello_description:/home/ubuntu/Desktop/16.633_ros/tello_ros_ws/install/ros2_shared:/opt/ros/foxy'), ('PASSWD', 'ubuntu'), ('SUPERVISOR_SERVER_URL', 'unix:///var/run/supervisor.sock'), ('SUPERVISOR_PROCESS_NAME', 'vnc'), ('PWD', '/home/ubuntu/Desktop/16.633_ros/tello_ros_ws/build/tello_gazebo'), ('PYTHONPATH', '/home/ubuntu/Desktop/16.633_ros/tello_ros_ws/install/tello_msgs/lib/python3.8/site-packages:/opt/ros/foxy/lib/python3.8/site-packages'), ('MATE_DESKTOP_SESSION_ID', 'this-is-deprecated'), ('COLCON', '1'), ('VTE_VERSION', '6003'), ('CMAKE_PREFIX_PATH', '/home/ubuntu/Desktop/16.633_ros/tello_ros_ws/install/tello_msgs:/home/ubuntu/Desktop/16.633_ros/tello_ros_ws/install/tello_gazebo:/home/ubuntu/Desktop/16.633_ros/tello_ros_ws/install/tello_driver:/home/ubuntu/Desktop/16.633_ros/tello_ros_ws/install/tello_description:/home/ubuntu/Desktop/16.633_ros/tello_ros_ws/install/ros2_shared:/opt/ros/foxy')]), 'shell': False}
[20.523905] (-) TimerEvent: {}
[20.625400] (-) TimerEvent: {}
[20.727248] (-) TimerEvent: {}
[20.828612] (-) TimerEvent: {}
[20.930117] (-) TimerEvent: {}
[21.031386] (-) TimerEvent: {}
[21.132664] (-) TimerEvent: {}
[21.233973] (-) TimerEvent: {}
[21.335433] (-) TimerEvent: {}
[21.436744] (-) TimerEvent: {}
[21.538417] (-) TimerEvent: {}
[21.640059] (-) TimerEvent: {}
[21.741600] (-) TimerEvent: {}
[21.844416] (-) TimerEvent: {}
[21.952985] (-) TimerEvent: {}
[22.055104] (-) TimerEvent: {}
[22.158760] (-) TimerEvent: {}
[22.262360] (-) TimerEvent: {}
[22.293818] (tello_driver) StdoutLine: {'line': b'[ 22%] Built target tello_joy_main\n'}
[22.300690] (tello_driver) StdoutLine: {'line': b'[ 22%] Built target tello_emulator\n'}
[22.362704] (-) TimerEvent: {}
[22.415766] (tello_driver) StdoutLine: {'line': b'[ 31%] Built target tello_joy_node\n'}
[22.444111] (tello_gazebo) StdoutLine: {'line': b'[100%] Built target TelloPlugin\n'}
[22.462945] (-) TimerEvent: {}
[22.572752] (-) TimerEvent: {}
[22.622007] (tello_driver) StdoutLine: {'line': b'[ 86%] Built target tello_driver_main\n'}
[22.661597] (tello_driver) StdoutLine: {'line': b'[100%] Built target tello_driver_node\n'}
[22.673414] (-) TimerEvent: {}
[22.775379] (-) TimerEvent: {}
[22.877186] (-) TimerEvent: {}
[22.924264] (tello_gazebo) CommandEnded: {'returncode': 0}
[22.977433] (-) TimerEvent: {}
[23.043735] (tello_driver) CommandEnded: {'returncode': 0}
[23.077729] (-) TimerEvent: {}
[23.179031] (-) TimerEvent: {}
[23.280621] (-) TimerEvent: {}
[23.382186] (-) TimerEvent: {}
[23.483383] (-) TimerEvent: {}
[23.584563] (-) TimerEvent: {}
[23.685806] (-) TimerEvent: {}
[23.787036] (-) TimerEvent: {}
[23.888412] (-) TimerEvent: {}
[23.893591] (tello_gazebo) JobProgress: {'identifier': 'tello_gazebo', 'progress': 'install'}
[23.898331] (tello_gazebo) Command: {'cmd': ['/usr/bin/cmake', '--install', '/home/ubuntu/Desktop/16.633_ros/tello_ros_ws/build/tello_gazebo'], 'cwd': '/home/ubuntu/Desktop/16.633_ros/tello_ros_ws/build/tello_gazebo', 'env': OrderedDict([('VNCDESKTOP', 'd0e6dc772bf2:1 (ubuntu)'), ('QT_SCALE_FACTOR', '1'), ('USER', 'ubuntu'), ('SUPERVISOR_GROUP_NAME', 'vnc'), ('HOSTNAME', 'd0e6dc772bf2'), ('SHLVL', '2'), ('LD_LIBRARY_PATH', '/home/ubuntu/Desktop/16.633_ros/tello_ros_ws/install/tello_msgs/lib:/home/ubuntu/Desktop/16.633_ros/tello_ros_ws/install/tello_gazebo/lib:/home/ubuntu/Desktop/16.633_ros/tello_ros_ws/install/tello_driver/lib:/usr/lib/x86_64-linux-gnu/gazebo-11/plugins:/opt/ros/foxy/opt/yaml_cpp_vendor/lib:/opt/ros/foxy/opt/rviz_ogre_vendor/lib:/opt/ros/foxy/lib/x86_64-linux-gnu:/opt/ros/foxy/lib'), ('HOME', '/home/ubuntu'), ('OLDPWD', '/home/ubuntu/Desktop/16.633_ros'), ('ROS_PYTHON_VERSION', '3'), ('LC_CTYPE', 'C.UTF-8'), ('DBUS_SESSION_BUS_ADDRESS', 'unix:abstract=/tmp/dbus-9Wkjg4CCA6,guid=b9d16375a75ae7adfca6323d64cd8d8f'), ('COLORTERM', 'truecolor'), ('COLCON_PREFIX_PATH', '/home/ubuntu/Desktop/16.633_ros/tello_ros_ws/install'), ('ROS_DISTRO', 'foxy'), ('WINDOWID', '37748742'), ('QT_AUTO_SCREEN_SCALE_FACTOR', '0'), ('_', '/usr/bin/colcon'), ('ROS_VERSION', '2'), ('TERM', 'xterm-256color'), ('GTK_OVERLAY_SCROLLING', '0'), ('ROS_LOCALHOST_ONLY', '0'), ('INSIDE_CAJA_PYTHON', ''), ('PATH', '/opt/ros/foxy/bin:/usr/local/sbin:/usr/local/bin:/usr/sbin:/usr/bin:/sbin:/bin'), ('SESSION_MANAGER', 'local/d0e6dc772bf2:@/tmp/.ICE-unix/72,unix/d0e6dc772bf2:/tmp/.ICE-unix/72'), ('DISPLAY', ':1'), ('XDG_CURRENT_DESKTOP', 'MATE'), ('SUPERVISOR_ENABLED', '1'), ('AMENT_PREFIX_PATH', '/home/ubuntu/Desktop/16.633_ros/tello_ros_ws/install/tello_gazebo:/home/ubuntu/Desktop/16.633_ros/tello_ros_ws/install/tello_driver:/home/ubuntu/Desktop/16.633_ros/tello_ros_ws/install/tello_msgs:/home/ubuntu/Desktop/16.633_ros/tello_ros_ws/install/tello_description:/home/ubuntu/Desktop/16.633_ros/tello_ros_ws/install/ros2_shared:/opt/ros/foxy'), ('PASSWD', 'ubuntu'), ('SUPERVISOR_SERVER_URL', 'unix:///var/run/supervisor.sock'), ('SUPERVISOR_PROCESS_NAME', 'vnc'), ('PWD', '/home/ubuntu/Desktop/16.633_ros/tello_ros_ws/build/tello_gazebo'), ('PYTHONPATH', '/home/ubuntu/Desktop/16.633_ros/tello_ros_ws/install/tello_msgs/lib/python3.8/site-packages:/opt/ros/foxy/lib/python3.8/site-packages'), ('MATE_DESKTOP_SESSION_ID', 'this-is-deprecated'), ('COLCON', '1'), ('VTE_VERSION', '6003'), ('CMAKE_PREFIX_PATH', '/home/ubuntu/Desktop/16.633_ros/tello_ros_ws/install/tello_msgs:/home/ubuntu/Desktop/16.633_ros/tello_ros_ws/install/tello_gazebo:/home/ubuntu/Desktop/16.633_ros/tello_ros_ws/install/tello_driver:/home/ubuntu/Desktop/16.633_ros/tello_ros_ws/install/tello_description:/home/ubuntu/Desktop/16.633_ros/tello_ros_ws/install/ros2_shared:/opt/ros/foxy')]), 'shell': False}
[23.988753] (-) TimerEvent: {}
[24.090537] (-) TimerEvent: {}
[24.182015] (tello_gazebo) StdoutLine: {'line': b'-- Install configuration: ""\n'}
[24.190735] (-) TimerEvent: {}
[24.192344] (tello_gazebo) StdoutLine: {'line': b'-- Execute custom install script\n'}
[24.201823] (tello_gazebo) StdoutLine: {'line': b'-- Up-to-date symlink: /home/ubuntu/Desktop/16.633_ros/tello_ros_ws/install/tello_gazebo/lib/libTelloPlugin.so\n'}
[24.230511] (tello_gazebo) StdoutLine: {'line': b'-- Up-to-date symlink: /home/ubuntu/Desktop/16.633_ros/tello_ros_ws/install/tello_gazebo/share/tello_gazebo/models/marker_0/materials/scripts/marker_0.material\n'}
[24.239270] (tello_gazebo) StdoutLine: {'line': b'-- Up-to-date symlink: /home/ubuntu/Desktop/16.633_ros/tello_ros_ws/install/tello_gazebo/share/tello_gazebo/models/marker_0/materials/textures/aruco_mark_0.png\n'}
[24.253622] (tello_gazebo) StdoutLine: {'line': b'-- Up-to-date symlink: /home/ubuntu/Desktop/16.633_ros/tello_ros_ws/install/tello_gazebo/share/tello_gazebo/models/marker_0/materials/textures/aruco_mark_0.svg\n'}
[24.262609] (tello_gazebo) StdoutLine: {'line': b'-- Up-to-date symlink: /home/ubuntu/Desktop/16.633_ros/tello_ros_ws/install/tello_gazebo/share/tello_gazebo/models/marker_0/model.config\n'}
[24.271937] (tello_gazebo) StdoutLine: {'line': b'-- Up-to-date symlink: /home/ubuntu/Desktop/16.633_ros/tello_ros_ws/install/tello_gazebo/share/tello_gazebo/models/marker_0/model.sdf\n'}
[24.288169] (tello_gazebo) StdoutLine: {'line': b'-- Up-to-date symlink: /home/ubuntu/Desktop/16.633_ros/tello_ros_ws/install/tello_gazebo/share/tello_gazebo/models/marker_1/materials/scripts/marker_1.material\n'}
[24.294468] (-) TimerEvent: {}
[24.298720] (tello_gazebo) StdoutLine: {'line': b'-- Up-to-date symlink: /home/ubuntu/Desktop/16.633_ros/tello_ros_ws/install/tello_gazebo/share/tello_gazebo/models/marker_1/materials/textures/aruco_mark_1.png\n'}
[24.314035] (tello_gazebo) StdoutLine: {'line': b'-- Up-to-date symlink: /home/ubuntu/Desktop/16.633_ros/tello_ros_ws/install/tello_gazebo/share/tello_gazebo/models/marker_1/materials/textures/aruco_mark_1.svg\n'}
[24.330647] (tello_gazebo) StdoutLine: {'line': b'-- Up-to-date symlink: /home/ubuntu/Desktop/16.633_ros/tello_ros_ws/install/tello_gazebo/share/tello_gazebo/models/marker_1/model.config\n'}
[24.341628] (tello_gazebo) StdoutLine: {'line': b'-- Up-to-date symlink: /home/ubuntu/Desktop/16.633_ros/tello_ros_ws/install/tello_gazebo/share/tello_gazebo/models/marker_1/model.sdf\n'}
[24.357607] (tello_gazebo) StdoutLine: {'line': b'-- Up-to-date symlink: /home/ubuntu/Desktop/16.633_ros/tello_ros_ws/install/tello_gazebo/share/tello_gazebo/models/marker_2/materials/scripts/marker_2.material\n'}
[24.369445] (tello_gazebo) StdoutLine: {'line': b'-- Up-to-date symlink: /home/ubuntu/Desktop/16.633_ros/tello_ros_ws/install/tello_gazebo/share/tello_gazebo/models/marker_2/materials/textures/aruco_mark_2.png\n'}
[24.381299] (tello_gazebo) StdoutLine: {'line': b'-- Up-to-date symlink: /home/ubuntu/Desktop/16.633_ros/tello_ros_ws/install/tello_gazebo/share/tello_gazebo/models/marker_2/materials/textures/aruco_mark_2.svg\n'}
[24.394726] (-) TimerEvent: {}
[24.398985] (tello_gazebo) StdoutLine: {'line': b'-- Up-to-date symlink: /home/ubuntu/Desktop/16.633_ros/tello_ros_ws/install/tello_gazebo/share/tello_gazebo/models/marker_2/model.config\n'}
[24.414748] (tello_gazebo) StdoutLine: {'line': b'-- Up-to-date symlink: /home/ubuntu/Desktop/16.633_ros/tello_ros_ws/install/tello_gazebo/share/tello_gazebo/models/marker_2/model.sdf\n'}
[24.424461] (tello_gazebo) StdoutLine: {'line': b'-- Up-to-date symlink: /home/ubuntu/Desktop/16.633_ros/tello_ros_ws/install/tello_gazebo/share/tello_gazebo/models/marker_3/materials/scripts/marker_3.material\n'}
[24.438090] (tello_gazebo) StdoutLine: {'line': b'-- Up-to-date symlink: /home/ubuntu/Desktop/16.633_ros/tello_ros_ws/install/tello_gazebo/share/tello_gazebo/models/marker_3/materials/textures/aruco_mark_3.png\n'}
[24.455235] (tello_gazebo) StdoutLine: {'line': b'-- Up-to-date symlink: /home/ubuntu/Desktop/16.633_ros/tello_ros_ws/install/tello_gazebo/share/tello_gazebo/models/marker_3/materials/textures/aruco_mark_3.svg\n'}
[24.465372] (tello_gazebo) StdoutLine: {'line': b'-- Up-to-date symlink: /home/ubuntu/Desktop/16.633_ros/tello_ros_ws/install/tello_gazebo/share/tello_gazebo/models/marker_3/model.config\n'}
[24.478589] (tello_gazebo) StdoutLine: {'line': b'-- Up-to-date symlink: /home/ubuntu/Desktop/16.633_ros/tello_ros_ws/install/tello_gazebo/share/tello_gazebo/models/marker_3/model.sdf\n'}
[24.493923] (tello_gazebo) StdoutLine: {'line': b'-- Up-to-date symlink: /home/ubuntu/Desktop/16.633_ros/tello_ros_ws/install/tello_gazebo/share/tello_gazebo/models/marker_4/materials/scripts/marker_4.material\n'}
[24.500710] (-) TimerEvent: {}
[24.507911] (tello_gazebo) StdoutLine: {'line': b'-- Up-to-date symlink: /home/ubuntu/Desktop/16.633_ros/tello_ros_ws/install/tello_gazebo/share/tello_gazebo/models/marker_4/materials/textures/aruco_mark_4.png\n'}
[24.521226] (tello_gazebo) StdoutLine: {'line': b'-- Up-to-date symlink: /home/ubuntu/Desktop/16.633_ros/tello_ros_ws/install/tello_gazebo/share/tello_gazebo/models/marker_4/materials/textures/aruco_mark_4.svg\n'}
[24.532642] (tello_gazebo) StdoutLine: {'line': b'-- Up-to-date symlink: /home/ubuntu/Desktop/16.633_ros/tello_ros_ws/install/tello_gazebo/share/tello_gazebo/models/marker_4/model.config\n'}
[24.541897] (tello_gazebo) StdoutLine: {'line': b'-- Up-to-date symlink: /home/ubuntu/Desktop/16.633_ros/tello_ros_ws/install/tello_gazebo/share/tello_gazebo/models/marker_4/model.sdf\n'}
[24.559621] (tello_gazebo) StdoutLine: {'line': b'-- Up-to-date symlink: /home/ubuntu/Desktop/16.633_ros/tello_ros_ws/install/tello_gazebo/share/tello_gazebo/models/marker_5/materials/scripts/marker_5.material\n'}
[24.572756] (tello_gazebo) StdoutLine: {'line': b'-- Up-to-date symlink: /home/ubuntu/Desktop/16.633_ros/tello_ros_ws/install/tello_gazebo/share/tello_gazebo/models/marker_5/materials/textures/aruco_mark_5.png\n'}
[24.582070] (tello_gazebo) StdoutLine: {'line': b'-- Up-to-date symlink: /home/ubuntu/Desktop/16.633_ros/tello_ros_ws/install/tello_gazebo/share/tello_gazebo/models/marker_5/materials/textures/aruco_mark_5.svg\n'}
[24.590085] (tello_gazebo) StdoutLine: {'line': b'-- Up-to-date symlink: /home/ubuntu/Desktop/16.633_ros/tello_ros_ws/install/tello_gazebo/share/tello_gazebo/models/marker_5/model.config\n'}
[24.601261] (-) TimerEvent: {}
[24.603567] (tello_gazebo) StdoutLine: {'line': b'-- Up-to-date symlink: /home/ubuntu/Desktop/16.633_ros/tello_ros_ws/install/tello_gazebo/share/tello_gazebo/models/marker_5/model.sdf\n'}
[24.624716] (tello_gazebo) StdoutLine: {'line': b'-- Up-to-date symlink: /home/ubuntu/Desktop/16.633_ros/tello_ros_ws/install/tello_gazebo/share/tello_gazebo/models/marker_6/materials/scripts/marker_6.material\n'}
[24.645753] (tello_gazebo) StdoutLine: {'line': b'-- Up-to-date symlink: /home/ubuntu/Desktop/16.633_ros/tello_ros_ws/install/tello_gazebo/share/tello_gazebo/models/marker_6/materials/textures/aruco_mark_6.png\n'}
[24.655741] (tello_gazebo) StdoutLine: {'line': b'-- Up-to-date symlink: /home/ubuntu/Desktop/16.633_ros/tello_ros_ws/install/tello_gazebo/share/tello_gazebo/models/marker_6/materials/textures/aruco_mark_6.svg\n'}
[24.667025] (tello_gazebo) StdoutLine: {'line': b'-- Up-to-date symlink: /home/ubuntu/Desktop/16.633_ros/tello_ros_ws/install/tello_gazebo/share/tello_gazebo/models/marker_6/model.config\n'}
[24.676602] (tello_gazebo) StdoutLine: {'line': b'-- Up-to-date symlink: /home/ubuntu/Desktop/16.633_ros/tello_ros_ws/install/tello_gazebo/share/tello_gazebo/models/marker_6/model.sdf\n'}
[24.687444] (tello_gazebo) StdoutLine: {'line': b'-- Up-to-date symlink: /home/ubuntu/Desktop/16.633_ros/tello_ros_ws/install/tello_gazebo/share/tello_gazebo/models/marker_7/materials/scripts/marker_7.material\n'}
[24.699516] (tello_gazebo) StdoutLine: {'line': b'-- Up-to-date symlink: /home/ubuntu/Desktop/16.633_ros/tello_ros_ws/install/tello_gazebo/share/tello_gazebo/models/marker_7/materials/textures/aruco_mark_7.png\n'}
[24.707043] (-) TimerEvent: {}
[24.710655] (tello_gazebo) StdoutLine: {'line': b'-- Up-to-date symlink: /home/ubuntu/Desktop/16.633_ros/tello_ros_ws/install/tello_gazebo/share/tello_gazebo/models/marker_7/materials/textures/aruco_mark_7.svg\n'}
[24.726819] (tello_gazebo) StdoutLine: {'line': b'-- Up-to-date symlink: /home/ubuntu/Desktop/16.633_ros/tello_ros_ws/install/tello_gazebo/share/tello_gazebo/models/marker_7/model.config\n'}
[24.736644] (tello_gazebo) StdoutLine: {'line': b'-- Up-to-date symlink: /home/ubuntu/Desktop/16.633_ros/tello_ros_ws/install/tello_gazebo/share/tello_gazebo/models/marker_7/model.sdf\n'}
[24.748896] (tello_gazebo) StdoutLine: {'line': b'-- Up-to-date symlink: /home/ubuntu/Desktop/16.633_ros/tello_ros_ws/install/tello_gazebo/share/tello_gazebo/worlds/build_world.py\n'}
[24.760430] (tello_gazebo) StdoutLine: {'line': b'-- Up-to-date symlink: /home/ubuntu/Desktop/16.633_ros/tello_ros_ws/install/tello_gazebo/share/tello_gazebo/worlds/competition.world\n'}
[24.767588] (tello_gazebo) StdoutLine: {'line': b'-- Up-to-date symlink: /home/ubuntu/Desktop/16.633_ros/tello_ros_ws/install/tello_gazebo/share/tello_gazebo/worlds/f2.world\n'}
[24.777859] (tello_gazebo) StdoutLine: {'line': b'-- Up-to-date symlink: /home/ubuntu/Desktop/16.633_ros/tello_ros_ws/install/tello_gazebo/share/tello_gazebo/worlds/f2_map.yaml\n'}
[24.803257] (tello_gazebo) StdoutLine: {'line': b'-- Up-to-date symlink: /home/ubuntu/Desktop/16.633_ros/tello_ros_ws/install/tello_gazebo/share/tello_gazebo/worlds/fiducial.world\n'}
[24.817261] (-) TimerEvent: {}
[24.822518] (tello_gazebo) StdoutLine: {'line': b'-- Up-to-date symlink: /home/ubuntu/Desktop/16.633_ros/tello_ros_ws/install/tello_gazebo/share/tello_gazebo/worlds/fiducial_map.yaml\n'}
[24.832890] (tello_gazebo) StdoutLine: {'line': b'-- Up-to-date symlink: /home/ubuntu/Desktop/16.633_ros/tello_ros_ws/install/tello_gazebo/share/tello_gazebo/worlds/one_cutout.world\n'}
[24.843926] (tello_gazebo) StdoutLine: {'line': b'-- Up-to-date symlink: /home/ubuntu/Desktop/16.633_ros/tello_ros_ws/install/tello_gazebo/share/tello_gazebo/worlds/simple.world\n'}
[24.856379] (tello_gazebo) StdoutLine: {'line': b'-- Up-to-date symlink: /home/ubuntu/Desktop/16.633_ros/tello_ros_ws/install/tello_gazebo/share/tello_gazebo/launch/simple_launch.py\n'}
[24.867122] (tello_gazebo) StdoutLine: {'line': b'-- Up-to-date symlink: /home/ubuntu/Desktop/16.633_ros/tello_ros_ws/install/tello_gazebo/share/tello_gazebo/launch/vlam_launch.py\n'}
[24.878787] (tello_gazebo) StdoutLine: {'line': b'-- Up-to-date symlink: /home/ubuntu/Desktop/16.633_ros/tello_ros_ws/install/tello_gazebo/lib/tello_gazebo/inject_entity.py\n'}
[24.890652] (tello_gazebo) StdoutLine: {'line': b'-- Up-to-date symlink: /home/ubuntu/Desktop/16.633_ros/tello_ros_ws/install/tello_gazebo/share/ament_index/resource_index/package_run_dependencies/tello_gazebo\n'}
[24.913410] (tello_gazebo) StdoutLine: {'line': b'-- Up-to-date symlink: /home/ubuntu/Desktop/16.633_ros/tello_ros_ws/install/tello_gazebo/share/ament_index/resource_index/parent_prefix_path/tello_gazebo\n'}
[24.927068] (-) TimerEvent: {}
[24.931809] (tello_gazebo) StdoutLine: {'line': b'-- Up-to-date symlink: /home/ubuntu/Desktop/16.633_ros/tello_ros_ws/install/tello_gazebo/share/tello_gazebo/environment/ament_prefix_path.sh\n'}
[24.942736] (tello_gazebo) StdoutLine: {'line': b'-- Up-to-date symlink: /home/ubuntu/Desktop/16.633_ros/tello_ros_ws/install/tello_gazebo/share/tello_gazebo/environment/ament_prefix_path.dsv\n'}
[24.953914] (tello_gazebo) StdoutLine: {'line': b'-- Up-to-date symlink: /home/ubuntu/Desktop/16.633_ros/tello_ros_ws/install/tello_gazebo/share/tello_gazebo/environment/path.sh\n'}
[24.963252] (tello_gazebo) StdoutLine: {'line': b'-- Up-to-date symlink: /home/ubuntu/Desktop/16.633_ros/tello_ros_ws/install/tello_gazebo/share/tello_gazebo/environment/path.dsv\n'}
[24.973614] (tello_gazebo) StdoutLine: {'line': b'-- Up-to-date symlink: /home/ubuntu/Desktop/16.633_ros/tello_ros_ws/install/tello_gazebo/share/tello_gazebo/local_setup.bash\n'}
[24.982847] (tello_gazebo) StdoutLine: {'line': b'-- Up-to-date symlink: /home/ubuntu/Desktop/16.633_ros/tello_ros_ws/install/tello_gazebo/share/tello_gazebo/local_setup.sh\n'}
[24.992763] (tello_gazebo) StdoutLine: {'line': b'-- Up-to-date symlink: /home/ubuntu/Desktop/16.633_ros/tello_ros_ws/install/tello_gazebo/share/tello_gazebo/local_setup.zsh\n'}
[25.003642] (tello_gazebo) StdoutLine: {'line': b'-- Up-to-date symlink: /home/ubuntu/Desktop/16.633_ros/tello_ros_ws/install/tello_gazebo/share/tello_gazebo/local_setup.dsv\n'}
[25.012953] (tello_gazebo) StdoutLine: {'line': b'-- Symlinking: /home/ubuntu/Desktop/16.633_ros/tello_ros_ws/install/tello_gazebo/share/tello_gazebo/package.dsv\n'}
[25.027337] (-) TimerEvent: {}
[25.129452] (-) TimerEvent: {}
[25.230958] (-) TimerEvent: {}
[25.333078] (-) TimerEvent: {}
[25.355892] (tello_gazebo) StdoutLine: {'line': b'-- Up-to-date symlink: /home/ubuntu/Desktop/16.633_ros/tello_ros_ws/install/tello_gazebo/share/ament_index/resource_index/packages/tello_gazebo\n'}
[25.369127] (tello_gazebo) StdoutLine: {'line': b'-- Up-to-date symlink: /home/ubuntu/Desktop/16.633_ros/tello_ros_ws/install/tello_gazebo/share/tello_gazebo/cmake/tello_gazeboConfig.cmake\n'}
[25.379973] (tello_gazebo) StdoutLine: {'line': b'-- Up-to-date symlink: /home/ubuntu/Desktop/16.633_ros/tello_ros_ws/install/tello_gazebo/share/tello_gazebo/cmake/tello_gazeboConfig-version.cmake\n'}
[25.391589] (tello_gazebo) StdoutLine: {'line': b'-- Up-to-date symlink: /home/ubuntu/Desktop/16.633_ros/tello_ros_ws/install/tello_gazebo/share/tello_gazebo/package.xml\n'}
[25.404948] (tello_gazebo) CommandEnded: {'returncode': 0}
[25.433531] (-) TimerEvent: {}
[25.535536] (-) TimerEvent: {}
[25.638970] (-) TimerEvent: {}
[25.741661] (-) TimerEvent: {}
[25.843859] (-) TimerEvent: {}
[25.945363] (-) TimerEvent: {}
[26.046795] (-) TimerEvent: {}
[26.108348] (tello_driver) JobProgress: {'identifier': 'tello_driver', 'progress': 'install'}
[26.113591] (tello_driver) Command: {'cmd': ['/usr/bin/cmake', '--install', '/home/ubuntu/Desktop/16.633_ros/tello_ros_ws/build/tello_driver'], 'cwd': '/home/ubuntu/Desktop/16.633_ros/tello_ros_ws/build/tello_driver', 'env': OrderedDict([('VNCDESKTOP', 'd0e6dc772bf2:1 (ubuntu)'), ('QT_SCALE_FACTOR', '1'), ('USER', 'ubuntu'), ('SUPERVISOR_GROUP_NAME', 'vnc'), ('HOSTNAME', 'd0e6dc772bf2'), ('SHLVL', '2'), ('LD_LIBRARY_PATH', '/home/ubuntu/Desktop/16.633_ros/tello_ros_ws/install/tello_msgs/lib:/home/ubuntu/Desktop/16.633_ros/tello_ros_ws/install/tello_gazebo/lib:/home/ubuntu/Desktop/16.633_ros/tello_ros_ws/install/tello_driver/lib:/usr/lib/x86_64-linux-gnu/gazebo-11/plugins:/opt/ros/foxy/opt/yaml_cpp_vendor/lib:/opt/ros/foxy/opt/rviz_ogre_vendor/lib:/opt/ros/foxy/lib/x86_64-linux-gnu:/opt/ros/foxy/lib'), ('HOME', '/home/ubuntu'), ('OLDPWD', '/home/ubuntu/Desktop/16.633_ros'), ('ROS_PYTHON_VERSION', '3'), ('LC_CTYPE', 'C.UTF-8'), ('DBUS_SESSION_BUS_ADDRESS', 'unix:abstract=/tmp/dbus-9Wkjg4CCA6,guid=b9d16375a75ae7adfca6323d64cd8d8f'), ('COLORTERM', 'truecolor'), ('COLCON_PREFIX_PATH', '/home/ubuntu/Desktop/16.633_ros/tello_ros_ws/install'), ('ROS_DISTRO', 'foxy'), ('WINDOWID', '37748742'), ('QT_AUTO_SCREEN_SCALE_FACTOR', '0'), ('_', '/usr/bin/colcon'), ('ROS_VERSION', '2'), ('TERM', 'xterm-256color'), ('GTK_OVERLAY_SCROLLING', '0'), ('ROS_LOCALHOST_ONLY', '0'), ('INSIDE_CAJA_PYTHON', ''), ('PATH', '/opt/ros/foxy/bin:/usr/local/sbin:/usr/local/bin:/usr/sbin:/usr/bin:/sbin:/bin'), ('SESSION_MANAGER', 'local/d0e6dc772bf2:@/tmp/.ICE-unix/72,unix/d0e6dc772bf2:/tmp/.ICE-unix/72'), ('DISPLAY', ':1'), ('XDG_CURRENT_DESKTOP', 'MATE'), ('SUPERVISOR_ENABLED', '1'), ('AMENT_PREFIX_PATH', '/home/ubuntu/Desktop/16.633_ros/tello_ros_ws/install/tello_gazebo:/home/ubuntu/Desktop/16.633_ros/tello_ros_ws/install/tello_driver:/home/ubuntu/Desktop/16.633_ros/tello_ros_ws/install/tello_msgs:/home/ubuntu/Desktop/16.633_ros/tello_ros_ws/install/tello_description:/home/ubuntu/Desktop/16.633_ros/tello_ros_ws/install/ros2_shared:/opt/ros/foxy'), ('PASSWD', 'ubuntu'), ('SUPERVISOR_SERVER_URL', 'unix:///var/run/supervisor.sock'), ('SUPERVISOR_PROCESS_NAME', 'vnc'), ('PWD', '/home/ubuntu/Desktop/16.633_ros/tello_ros_ws/build/tello_driver'), ('PYTHONPATH', '/home/ubuntu/Desktop/16.633_ros/tello_ros_ws/install/tello_msgs/lib/python3.8/site-packages:/opt/ros/foxy/lib/python3.8/site-packages'), ('MATE_DESKTOP_SESSION_ID', 'this-is-deprecated'), ('COLCON', '1'), ('VTE_VERSION', '6003'), ('CMAKE_PREFIX_PATH', '/home/ubuntu/Desktop/16.633_ros/tello_ros_ws/install/tello_msgs:/home/ubuntu/Desktop/16.633_ros/tello_ros_ws/install/ros2_shared:/home/ubuntu/Desktop/16.633_ros/tello_ros_ws/install/tello_gazebo:/home/ubuntu/Desktop/16.633_ros/tello_ros_ws/install/tello_driver:/home/ubuntu/Desktop/16.633_ros/tello_ros_ws/install/tello_description:/opt/ros/foxy')]), 'shell': False}
[26.147002] (-) TimerEvent: {}
[26.249403] (-) TimerEvent: {}
[26.351228] (-) TimerEvent: {}
[26.372153] (tello_driver) StdoutLine: {'line': b'-- Install configuration: ""\n'}
[26.382218] (tello_driver) StdoutLine: {'line': b'-- Execute custom install script\n'}
[26.392120] (tello_driver) StdoutLine: {'line': b'-- Up-to-date symlink: /home/ubuntu/Desktop/16.633_ros/tello_ros_ws/install/tello_driver/share/tello_driver/environment/library_path.sh\n'}
[26.408639] (tello_driver) StdoutLine: {'line': b'-- Up-to-date symlink: /home/ubuntu/Desktop/16.633_ros/tello_ros_ws/install/tello_driver/share/tello_driver/environment/library_path.dsv\n'}
[26.427095] (tello_driver) StdoutLine: {'line': b'-- Up-to-date symlink: /home/ubuntu/Desktop/16.633_ros/tello_ros_ws/install/tello_driver/lib/libtello_driver_node.so\n'}
[26.439417] (tello_driver) StdoutLine: {'line': b'-- Up-to-date symlink: /home/ubuntu/Desktop/16.633_ros/tello_ros_ws/install/tello_driver/lib/libtello_joy_node.so\n'}
[26.451647] (-) TimerEvent: {}
[26.465341] (tello_driver) StdoutLine: {'line': b'-- Up-to-date symlink: /home/ubuntu/Desktop/16.633_ros/tello_ros_ws/install/tello_driver/lib/tello_driver/tello_driver_main\n'}
[26.475467] (tello_driver) StdoutLine: {'line': b'-- Up-to-date symlink: /home/ubuntu/Desktop/16.633_ros/tello_ros_ws/install/tello_driver/lib/tello_driver/tello_joy_main\n'}
[26.491515] (tello_driver) StdoutLine: {'line': b'-- Up-to-date symlink: /home/ubuntu/Desktop/16.633_ros/tello_ros_ws/install/tello_driver/lib/tello_driver/tello_emulator\n'}
[26.506541] (tello_driver) StdoutLine: {'line': b'-- Up-to-date symlink: /home/ubuntu/Desktop/16.633_ros/tello_ros_ws/install/tello_driver/share/tello_driver/cfg/camera_info.yaml\n'}
[26.523707] (tello_driver) StdoutLine: {'line': b'-- Up-to-date symlink: /home/ubuntu/Desktop/16.633_ros/tello_ros_ws/install/tello_driver/share/tello_driver/launch/emulator_launch.py\n'}
[26.536534] (tello_driver) StdoutLine: {'line': b'-- Up-to-date symlink: /home/ubuntu/Desktop/16.633_ros/tello_ros_ws/install/tello_driver/share/tello_driver/launch/emulators_launch.py\n'}
[26.551962] (-) TimerEvent: {}
[26.560396] (tello_driver) StdoutLine: {'line': b'-- Up-to-date symlink: /home/ubuntu/Desktop/16.633_ros/tello_ros_ws/install/tello_driver/share/tello_driver/launch/teleop_launch.py\n'}
[26.573473] (tello_driver) StdoutLine: {'line': b'-- Up-to-date symlink: /home/ubuntu/Desktop/16.633_ros/tello_ros_ws/install/tello_driver/share/ament_index/resource_index/package_run_dependencies/tello_driver\n'}
[26.586404] (tello_driver) StdoutLine: {'line': b'-- Up-to-date symlink: /home/ubuntu/Desktop/16.633_ros/tello_ros_ws/install/tello_driver/share/ament_index/resource_index/parent_prefix_path/tello_driver\n'}
[26.597635] (tello_driver) StdoutLine: {'line': b'-- Up-to-date symlink: /home/ubuntu/Desktop/16.633_ros/tello_ros_ws/install/tello_driver/share/tello_driver/environment/ament_prefix_path.sh\n'}
[26.608718] (tello_driver) StdoutLine: {'line': b'-- Up-to-date symlink: /home/ubuntu/Desktop/16.633_ros/tello_ros_ws/install/tello_driver/share/tello_driver/environment/ament_prefix_path.dsv\n'}
[26.619625] (tello_driver) StdoutLine: {'line': b'-- Up-to-date symlink: /home/ubuntu/Desktop/16.633_ros/tello_ros_ws/install/tello_driver/share/tello_driver/environment/path.sh\n'}
[26.637482] (tello_driver) StdoutLine: {'line': b'-- Up-to-date symlink: /home/ubuntu/Desktop/16.633_ros/tello_ros_ws/install/tello_driver/share/tello_driver/environment/path.dsv\n'}
[26.652415] (-) TimerEvent: {}
[26.653880] (tello_driver) StdoutLine: {'line': b'-- Up-to-date symlink: /home/ubuntu/Desktop/16.633_ros/tello_ros_ws/install/tello_driver/share/tello_driver/local_setup.bash\n'}
[26.678440] (tello_driver) StdoutLine: {'line': b'-- Up-to-date symlink: /home/ubuntu/Desktop/16.633_ros/tello_ros_ws/install/tello_driver/share/tello_driver/local_setup.sh\n'}
[26.689260] (tello_driver) StdoutLine: {'line': b'-- Up-to-date symlink: /home/ubuntu/Desktop/16.633_ros/tello_ros_ws/install/tello_driver/share/tello_driver/local_setup.zsh\n'}
[26.702427] (tello_driver) StdoutLine: {'line': b'-- Up-to-date symlink: /home/ubuntu/Desktop/16.633_ros/tello_ros_ws/install/tello_driver/share/tello_driver/local_setup.dsv\n'}
[26.711715] (tello_driver) StdoutLine: {'line': b'-- Symlinking: /home/ubuntu/Desktop/16.633_ros/tello_ros_ws/install/tello_driver/share/tello_driver/package.dsv\n'}
[26.752972] (-) TimerEvent: {}
[26.855756] (-) TimerEvent: {}
[26.957946] (-) TimerEvent: {}
[27.056594] (tello_driver) StdoutLine: {'line': b'-- Up-to-date symlink: /home/ubuntu/Desktop/16.633_ros/tello_ros_ws/install/tello_driver/share/ament_index/resource_index/packages/tello_driver\n'}
[27.062441] (-) TimerEvent: {}
[27.066277] (tello_driver) StdoutLine: {'line': b'-- Up-to-date symlink: /home/ubuntu/Desktop/16.633_ros/tello_ros_ws/install/tello_driver/share/ament_index/resource_index/rclcpp_components/tello_driver\n'}
[27.077554] (tello_driver) StdoutLine: {'line': b'-- Up-to-date symlink: /home/ubuntu/Desktop/16.633_ros/tello_ros_ws/install/tello_driver/share/tello_driver/cmake/tello_driverConfig.cmake\n'}
[27.088069] (tello_driver) StdoutLine: {'line': b'-- Up-to-date symlink: /home/ubuntu/Desktop/16.633_ros/tello_ros_ws/install/tello_driver/share/tello_driver/cmake/tello_driverConfig-version.cmake\n'}
[27.097517] (tello_driver) StdoutLine: {'line': b'-- Up-to-date symlink: /home/ubuntu/Desktop/16.633_ros/tello_ros_ws/install/tello_driver/share/tello_driver/package.xml\n'}
[27.165283] (-) TimerEvent: {}
[27.271054] (-) TimerEvent: {}
[27.343236] (tello_gazebo) JobEnded: {'identifier': 'tello_gazebo', 'rc': 0}
[27.358556] (tello_driver) CommandEnded: {'returncode': 0}
[27.371444] (-) TimerEvent: {}
[27.473260] (-) TimerEvent: {}
[27.575014] (-) TimerEvent: {}
[27.677282] (-) TimerEvent: {}
[27.779093] (-) TimerEvent: {}
[27.880923] (-) TimerEvent: {}
[27.982343] (-) TimerEvent: {}
[28.084385] (-) TimerEvent: {}
[28.185382] (-) TimerEvent: {}
[28.286654] (-) TimerEvent: {}
[28.387663] (-) TimerEvent: {}
[28.488723] (-) TimerEvent: {}
[28.590695] (-) TimerEvent: {}
[28.692239] (-) TimerEvent: {}
[28.793426] (-) TimerEvent: {}
[28.894491] (-) TimerEvent: {}
[28.995911] (-) TimerEvent: {}
[29.097621] (-) TimerEvent: {}
[29.198957] (-) TimerEvent: {}
[29.300927] (-) TimerEvent: {}
[29.402316] (-) TimerEvent: {}
[29.503799] (-) TimerEvent: {}
[29.605079] (-) TimerEvent: {}
[29.706222] (-) TimerEvent: {}
[29.808129] (-) TimerEvent: {}
[29.896291] (tello_driver) JobEnded: {'identifier': 'tello_driver', 'rc': 0}
[29.904815] (-) EventReactorShutdown: {}
