-- Found ament_cmake: 0.9.12 (/opt/ros/foxy/share/ament_cmake/cmake)
-- Using PYTHON_EXECUTABLE: /usr/bin/python3
-- Override CMake install command with custom implementation using symlinks instead of copying resources
-- creating rules for /home/ubuntu/Desktop/16.633_ros/tello_ros_ws/build/tello_description/urdf/tello.urdf
-- creating rules for /home/ubuntu/Desktop/16.633_ros/tello_ros_ws/build/tello_description/urdf/tello_1.urdf
-- creating rules for /home/ubuntu/Desktop/16.633_ros/tello_ros_ws/build/tello_description/urdf/tello_2.urdf
-- creating rules for /home/ubuntu/Desktop/16.633_ros/tello_ros_ws/build/tello_description/urdf/tello_3.urdf
-- creating rules for /home/ubuntu/Desktop/16.633_ros/tello_ros_ws/build/tello_description/urdf/tello_4.urdf
-- creating rules for /home/ubuntu/Desktop/16.633_ros/tello_ros_ws/build/tello_description/urdf/tello_5.urdf
-- creating rules for /home/ubuntu/Desktop/16.633_ros/tello_ros_ws/build/tello_description/urdf/tello_6.urdf
-- creating rules for /home/ubuntu/Desktop/16.633_ros/tello_ros_ws/build/tello_description/urdf/tello_7.urdf
-- creating rules for /home/ubuntu/Desktop/16.633_ros/tello_ros_ws/build/tello_description/urdf/tello_8.urdf
-- Configuring done
-- Generating done
-- Build files have been written to: /home/ubuntu/Desktop/16.633_ros/tello_ros_ws/build/tello_description
[ 11%] [34m[1mGenerate /home/ubuntu/Desktop/16.633_ros/tello_ros_ws/build/tello_description/urdf/tello_1.urdf[0m
[ 22%] [34m[1mGenerate /home/ubuntu/Desktop/16.633_ros/tello_ros_ws/build/tello_description/urdf/tello_3.urdf[0m
[ 33%] [34m[1mGenerate /home/ubuntu/Desktop/16.633_ros/tello_ros_ws/build/tello_description/urdf/tello.urdf[0m
[ 55%] [34m[1mGenerate /home/ubuntu/Desktop/16.633_ros/tello_ros_ws/build/tello_description/urdf/tello_8.urdf[0m
[ 55%] [34m[1mGenerate /home/ubuntu/Desktop/16.633_ros/tello_ros_ws/build/tello_description/urdf/tello_4.urdf[0m
[ 66%] [34m[1mGenerate /home/ubuntu/Desktop/16.633_ros/tello_ros_ws/build/tello_description/urdf/tello_6.urdf[0m
[ 66%] Built target generate_urdf_1
[ 66%] Built target generate_urdf
[ 66%] Built target generate_urdf_8
[ 66%] Built target generate_urdf_3
[ 66%] Built target generate_urdf_6
[ 66%] Built target generate_urdf_4
[ 77%] [34m[1mGenerate /home/ubuntu/Desktop/16.633_ros/tello_ros_ws/build/tello_description/urdf/tello_5.urdf[0m
[ 88%] [34m[1mGenerate /home/ubuntu/Desktop/16.633_ros/tello_ros_ws/build/tello_description/urdf/tello_7.urdf[0m
[100%] [34m[1mGenerate /home/ubuntu/Desktop/16.633_ros/tello_ros_ws/build/tello_description/urdf/tello_2.urdf[0m
[100%] Built target generate_urdf_5
[100%] Built target generate_urdf_7
[100%] Built target generate_urdf_2
-- Install configuration: ""
-- Execute custom install script
-- Symlinking: /home/ubuntu/Desktop/16.633_ros/tello_ros_ws/install/tello_description/share/tello_description/urdf/tello.urdf
-- Symlinking: /home/ubuntu/Desktop/16.633_ros/tello_ros_ws/install/tello_description/share/tello_description/urdf/tello_1.urdf
-- Symlinking: /home/ubuntu/Desktop/16.633_ros/tello_ros_ws/install/tello_description/share/tello_description/urdf/tello_2.urdf
-- Symlinking: /home/ubuntu/Desktop/16.633_ros/tello_ros_ws/install/tello_description/share/tello_description/urdf/tello_3.urdf
-- Symlinking: /home/ubuntu/Desktop/16.633_ros/tello_ros_ws/install/tello_description/share/tello_description/urdf/tello_4.urdf
-- Symlinking: /home/ubuntu/Desktop/16.633_ros/tello_ros_ws/install/tello_description/share/tello_description/urdf/tello_5.urdf
-- Symlinking: /home/ubuntu/Desktop/16.633_ros/tello_ros_ws/install/tello_description/share/tello_description/urdf/tello_6.urdf
-- Symlinking: /home/ubuntu/Desktop/16.633_ros/tello_ros_ws/install/tello_description/share/tello_description/urdf/tello_7.urdf
-- Symlinking: /home/ubuntu/Desktop/16.633_ros/tello_ros_ws/install/tello_description/share/tello_description/urdf/tello_8.urdf
-- Symlinking: /home/ubuntu/Desktop/16.633_ros/tello_ros_ws/install/tello_description/share/ament_index/resource_index/package_run_dependencies/tello_description
-- Symlinking: /home/ubuntu/Desktop/16.633_ros/tello_ros_ws/install/tello_description/share/ament_index/resource_index/parent_prefix_path/tello_description
-- Symlinking: /home/ubuntu/Desktop/16.633_ros/tello_ros_ws/install/tello_description/share/tello_description/environment/ament_prefix_path.sh
-- Symlinking: /home/ubuntu/Desktop/16.633_ros/tello_ros_ws/install/tello_description/share/tello_description/environment/ament_prefix_path.dsv
-- Symlinking: /home/ubuntu/Desktop/16.633_ros/tello_ros_ws/install/tello_description/share/tello_description/environment/path.sh
-- Symlinking: /home/ubuntu/Desktop/16.633_ros/tello_ros_ws/install/tello_description/share/tello_description/environment/path.dsv
-- Symlinking: /home/ubuntu/Desktop/16.633_ros/tello_ros_ws/install/tello_description/share/tello_description/local_setup.bash
-- Symlinking: /home/ubuntu/Desktop/16.633_ros/tello_ros_ws/install/tello_description/share/tello_description/local_setup.sh
-- Symlinking: /home/ubuntu/Desktop/16.633_ros/tello_ros_ws/install/tello_description/share/tello_description/local_setup.zsh
-- Symlinking: /home/ubuntu/Desktop/16.633_ros/tello_ros_ws/install/tello_description/share/tello_description/local_setup.dsv
-- Symlinking: /home/ubuntu/Desktop/16.633_ros/tello_ros_ws/install/tello_description/share/tello_description/package.dsv
-- Symlinking: /home/ubuntu/Desktop/16.633_ros/tello_ros_ws/install/tello_description/share/ament_index/resource_index/packages/tello_description
-- Symlinking: /home/ubuntu/Desktop/16.633_ros/tello_ros_ws/install/tello_description/share/tello_description/cmake/tello_descriptionConfig.cmake
-- Symlinking: /home/ubuntu/Desktop/16.633_ros/tello_ros_ws/install/tello_description/share/tello_description/cmake/tello_descriptionConfig-version.cmake
-- Symlinking: /home/ubuntu/Desktop/16.633_ros/tello_ros_ws/install/tello_description/share/tello_description/package.xml
