[0.521s] DEBUG:colcon:Command line arguments: ['/usr/bin/colcon', 'build', '--symlink-install']
[0.522s] DEBUG:colcon:Parsed command line arguments: Namespace(allow_overriding=[], ament_cmake_args=None, base_paths=['.'], build_base='build', catkin_cmake_args=None, catkin_skip_building_tests=False, cmake_args=None, cmake_clean_cache=False, cmake_clean_first=False, cmake_force_configure=False, cmake_target=None, cmake_target_skip_unavailable=False, continue_on_error=False, event_handlers=None, executor='parallel', ignore_user_meta=False, install_base='install', log_base=None, log_level=None, main=<bound method BuildVerb.main of <colcon_core.verb.build.BuildVerb object at 0x7fa19d502730>>, merge_install=False, metas=['./colcon.meta'], packages_above=None, packages_above_and_dependencies=None, packages_above_depth=None, packages_end=None, packages_ignore=None, packages_ignore_regex=None, packages_select=None, packages_select_build_failed=False, packages_select_by_dep=None, packages_select_regex=None, packages_select_test_failures=False, packages_skip=None, packages_skip_build_finished=False, packages_skip_by_dep=None, packages_skip_regex=None, packages_skip_test_passed=False, packages_skip_up_to=None, packages_start=None, packages_up_to=None, packages_up_to_regex=None, parallel_workers=6, paths=None, symlink_install=True, test_result_base=None, verb_extension=<colcon_core.verb.build.BuildVerb object at 0x7fa19d502730>, verb_name='build', verb_parser=<colcon_defaults.argument_parser.defaults.DefaultArgumentsDecorator object at 0x7fa19d502c70>)
[0.570s] Level 1:colcon.colcon_core.package_discovery:discover_packages(colcon_meta) check parameters
[0.573s] Level 1:colcon.colcon_core.package_discovery:discover_packages(recursive) check parameters
[0.575s] Level 1:colcon.colcon_core.package_discovery:discover_packages(ignore) check parameters
[0.577s] Level 1:colcon.colcon_core.package_discovery:discover_packages(path) check parameters
[0.578s] Level 1:colcon.colcon_core.package_discovery:discover_packages(colcon_meta) discover
[0.580s] Level 1:colcon.colcon_core.package_discovery:discover_packages(recursive) discover
[0.581s] INFO:colcon.colcon_core.package_discovery:Crawling recursively for packages in '/home/ubuntu/Desktop/16.633_ros/tello_ros_ws'
[0.584s] Level 1:colcon.colcon_core.package_identification:_identify(.) by extensions ['ignore', 'ignore_ament_install']
[0.586s] Level 1:colcon.colcon_core.package_identification:_identify(.) by extension 'ignore'
[0.588s] Level 1:colcon.colcon_core.package_identification:_identify(.) by extension 'ignore_ament_install'
[0.592s] Level 1:colcon.colcon_core.package_identification:_identify(.) by extensions ['colcon_pkg']
[0.594s] Level 1:colcon.colcon_core.package_identification:_identify(.) by extension 'colcon_pkg'
[0.596s] Level 1:colcon.colcon_core.package_identification:_identify(.) by extensions ['colcon_meta']
[0.597s] Level 1:colcon.colcon_core.package_identification:_identify(.) by extension 'colcon_meta'
[0.599s] Level 1:colcon.colcon_core.package_identification:_identify(.) by extensions ['ros']
[0.600s] Level 1:colcon.colcon_core.package_identification:_identify(.) by extension 'ros'
[0.634s] Level 1:colcon.colcon_core.package_identification:_identify(.) by extensions ['cmake', 'python']
[0.636s] Level 1:colcon.colcon_core.package_identification:_identify(.) by extension 'cmake'
[0.638s] Level 1:colcon.colcon_core.package_identification:_identify(.) by extension 'python'
[0.640s] Level 1:colcon.colcon_core.package_identification:_identify(.) by extensions ['python_setup_py']
[0.641s] Level 1:colcon.colcon_core.package_identification:_identify(.) by extension 'python_setup_py'
[0.644s] Level 1:colcon.colcon_core.package_identification:_identify(build) by extensions ['ignore', 'ignore_ament_install']
[0.646s] Level 1:colcon.colcon_core.package_identification:_identify(build) by extension 'ignore'
[0.647s] Level 1:colcon.colcon_core.package_identification:_identify(build) ignored
[0.649s] Level 1:colcon.colcon_core.package_identification:_identify(install) by extensions ['ignore', 'ignore_ament_install']
[0.652s] Level 1:colcon.colcon_core.package_identification:_identify(install) by extension 'ignore'
[0.653s] Level 1:colcon.colcon_core.package_identification:_identify(install) ignored
[0.669s] Level 1:colcon.colcon_core.package_identification:_identify(log) by extensions ['ignore', 'ignore_ament_install']
[0.670s] Level 1:colcon.colcon_core.package_identification:_identify(log) by extension 'ignore'
[0.672s] Level 1:colcon.colcon_core.package_identification:_identify(log) ignored
[0.674s] Level 1:colcon.colcon_core.package_identification:_identify(src) by extensions ['ignore', 'ignore_ament_install']
[0.676s] Level 1:colcon.colcon_core.package_identification:_identify(src) by extension 'ignore'
[0.679s] Level 1:colcon.colcon_core.package_identification:_identify(src) by extension 'ignore_ament_install'
[0.683s] Level 1:colcon.colcon_core.package_identification:_identify(src) by extensions ['colcon_pkg']
[0.684s] Level 1:colcon.colcon_core.package_identification:_identify(src) by extension 'colcon_pkg'
[0.687s] Level 1:colcon.colcon_core.package_identification:_identify(src) by extensions ['colcon_meta']
[0.688s] Level 1:colcon.colcon_core.package_identification:_identify(src) by extension 'colcon_meta'
[0.689s] Level 1:colcon.colcon_core.package_identification:_identify(src) by extensions ['ros']
[0.690s] Level 1:colcon.colcon_core.package_identification:_identify(src) by extension 'ros'
[0.696s] Level 1:colcon.colcon_core.package_identification:_identify(src) by extensions ['cmake', 'python']
[0.698s] Level 1:colcon.colcon_core.package_identification:_identify(src) by extension 'cmake'
[0.700s] Level 1:colcon.colcon_core.package_identification:_identify(src) by extension 'python'
[0.703s] Level 1:colcon.colcon_core.package_identification:_identify(src) by extensions ['python_setup_py']
[0.705s] Level 1:colcon.colcon_core.package_identification:_identify(src) by extension 'python_setup_py'
[0.707s] Level 1:colcon.colcon_core.package_identification:_identify(src/ros2_shared) by extensions ['ignore', 'ignore_ament_install']
[0.709s] Level 1:colcon.colcon_core.package_identification:_identify(src/ros2_shared) by extension 'ignore'
[0.712s] Level 1:colcon.colcon_core.package_identification:_identify(src/ros2_shared) by extension 'ignore_ament_install'
[0.715s] Level 1:colcon.colcon_core.package_identification:_identify(src/ros2_shared) by extensions ['colcon_pkg']
[0.716s] Level 1:colcon.colcon_core.package_identification:_identify(src/ros2_shared) by extension 'colcon_pkg'
[0.719s] Level 1:colcon.colcon_core.package_identification:_identify(src/ros2_shared) by extensions ['colcon_meta']
[0.720s] Level 1:colcon.colcon_core.package_identification:_identify(src/ros2_shared) by extension 'colcon_meta'
[0.721s] Level 1:colcon.colcon_core.package_identification:_identify(src/ros2_shared) by extensions ['ros']
[0.723s] Level 1:colcon.colcon_core.package_identification:_identify(src/ros2_shared) by extension 'ros'
[0.734s] DEBUG:colcon.colcon_core.package_identification:Package 'src/ros2_shared' with type 'ros.ament_cmake' and name 'ros2_shared'
[0.736s] Level 1:colcon.colcon_core.package_identification:_identify(src/tello_ros) by extensions ['ignore', 'ignore_ament_install']
[0.738s] Level 1:colcon.colcon_core.package_identification:_identify(src/tello_ros) by extension 'ignore'
[0.740s] Level 1:colcon.colcon_core.package_identification:_identify(src/tello_ros) by extension 'ignore_ament_install'
[0.745s] Level 1:colcon.colcon_core.package_identification:_identify(src/tello_ros) by extensions ['colcon_pkg']
[0.746s] Level 1:colcon.colcon_core.package_identification:_identify(src/tello_ros) by extension 'colcon_pkg'
[0.749s] Level 1:colcon.colcon_core.package_identification:_identify(src/tello_ros) by extensions ['colcon_meta']
[0.750s] Level 1:colcon.colcon_core.package_identification:_identify(src/tello_ros) by extension 'colcon_meta'
[0.751s] Level 1:colcon.colcon_core.package_identification:_identify(src/tello_ros) by extensions ['ros']
[0.753s] Level 1:colcon.colcon_core.package_identification:_identify(src/tello_ros) by extension 'ros'
[0.760s] Level 1:colcon.colcon_core.package_identification:_identify(src/tello_ros) by extensions ['cmake', 'python']
[0.761s] Level 1:colcon.colcon_core.package_identification:_identify(src/tello_ros) by extension 'cmake'
[0.763s] Level 1:colcon.colcon_core.package_identification:_identify(src/tello_ros) by extension 'python'
[0.766s] Level 1:colcon.colcon_core.package_identification:_identify(src/tello_ros) by extensions ['python_setup_py']
[0.767s] Level 1:colcon.colcon_core.package_identification:_identify(src/tello_ros) by extension 'python_setup_py'
[0.770s] Level 1:colcon.colcon_core.package_identification:_identify(src/tello_ros/tello_description) by extensions ['ignore', 'ignore_ament_install']
[0.771s] Level 1:colcon.colcon_core.package_identification:_identify(src/tello_ros/tello_description) by extension 'ignore'
[0.773s] Level 1:colcon.colcon_core.package_identification:_identify(src/tello_ros/tello_description) by extension 'ignore_ament_install'
[0.777s] Level 1:colcon.colcon_core.package_identification:_identify(src/tello_ros/tello_description) by extensions ['colcon_pkg']
[0.778s] Level 1:colcon.colcon_core.package_identification:_identify(src/tello_ros/tello_description) by extension 'colcon_pkg'
[0.781s] Level 1:colcon.colcon_core.package_identification:_identify(src/tello_ros/tello_description) by extensions ['colcon_meta']
[0.782s] Level 1:colcon.colcon_core.package_identification:_identify(src/tello_ros/tello_description) by extension 'colcon_meta'
[0.783s] Level 1:colcon.colcon_core.package_identification:_identify(src/tello_ros/tello_description) by extensions ['ros']
[0.784s] Level 1:colcon.colcon_core.package_identification:_identify(src/tello_ros/tello_description) by extension 'ros'
[0.792s] DEBUG:colcon.colcon_core.package_identification:Package 'src/tello_ros/tello_description' with type 'ros.ament_cmake' and name 'tello_description'
[0.794s] Level 1:colcon.colcon_core.package_identification:_identify(src/tello_ros/tello_driver) by extensions ['ignore', 'ignore_ament_install']
[0.795s] Level 1:colcon.colcon_core.package_identification:_identify(src/tello_ros/tello_driver) by extension 'ignore'
[0.798s] Level 1:colcon.colcon_core.package_identification:_identify(src/tello_ros/tello_driver) by extension 'ignore_ament_install'
[0.802s] Level 1:colcon.colcon_core.package_identification:_identify(src/tello_ros/tello_driver) by extensions ['colcon_pkg']
[0.803s] Level 1:colcon.colcon_core.package_identification:_identify(src/tello_ros/tello_driver) by extension 'colcon_pkg'
[0.805s] Level 1:colcon.colcon_core.package_identification:_identify(src/tello_ros/tello_driver) by extensions ['colcon_meta']
[0.806s] Level 1:colcon.colcon_core.package_identification:_identify(src/tello_ros/tello_driver) by extension 'colcon_meta'
[0.807s] Level 1:colcon.colcon_core.package_identification:_identify(src/tello_ros/tello_driver) by extensions ['ros']
[0.808s] Level 1:colcon.colcon_core.package_identification:_identify(src/tello_ros/tello_driver) by extension 'ros'
[0.817s] DEBUG:colcon.colcon_core.package_identification:Package 'src/tello_ros/tello_driver' with type 'ros.ament_cmake' and name 'tello_driver'
[0.819s] Level 1:colcon.colcon_core.package_identification:_identify(src/tello_ros/tello_gazebo) by extensions ['ignore', 'ignore_ament_install']
[0.821s] Level 1:colcon.colcon_core.package_identification:_identify(src/tello_ros/tello_gazebo) by extension 'ignore'
[0.824s] Level 1:colcon.colcon_core.package_identification:_identify(src/tello_ros/tello_gazebo) by extension 'ignore_ament_install'
[0.828s] Level 1:colcon.colcon_core.package_identification:_identify(src/tello_ros/tello_gazebo) by extensions ['colcon_pkg']
[0.829s] Level 1:colcon.colcon_core.package_identification:_identify(src/tello_ros/tello_gazebo) by extension 'colcon_pkg'
[0.832s] Level 1:colcon.colcon_core.package_identification:_identify(src/tello_ros/tello_gazebo) by extensions ['colcon_meta']
[0.833s] Level 1:colcon.colcon_core.package_identification:_identify(src/tello_ros/tello_gazebo) by extension 'colcon_meta'
[0.836s] Level 1:colcon.colcon_core.package_identification:_identify(src/tello_ros/tello_gazebo) by extensions ['ros']
[0.837s] Level 1:colcon.colcon_core.package_identification:_identify(src/tello_ros/tello_gazebo) by extension 'ros'
[0.846s] DEBUG:colcon.colcon_core.package_identification:Package 'src/tello_ros/tello_gazebo' with type 'ros.ament_cmake' and name 'tello_gazebo'
[0.847s] Level 1:colcon.colcon_core.package_identification:_identify(src/tello_ros/tello_msgs) by extensions ['ignore', 'ignore_ament_install']
[0.848s] Level 1:colcon.colcon_core.package_identification:_identify(src/tello_ros/tello_msgs) by extension 'ignore'
[0.851s] Level 1:colcon.colcon_core.package_identification:_identify(src/tello_ros/tello_msgs) by extension 'ignore_ament_install'
[0.854s] Level 1:colcon.colcon_core.package_identification:_identify(src/tello_ros/tello_msgs) by extensions ['colcon_pkg']
[0.855s] Level 1:colcon.colcon_core.package_identification:_identify(src/tello_ros/tello_msgs) by extension 'colcon_pkg'
[0.857s] Level 1:colcon.colcon_core.package_identification:_identify(src/tello_ros/tello_msgs) by extensions ['colcon_meta']
[0.858s] Level 1:colcon.colcon_core.package_identification:_identify(src/tello_ros/tello_msgs) by extension 'colcon_meta'
[0.860s] Level 1:colcon.colcon_core.package_identification:_identify(src/tello_ros/tello_msgs) by extensions ['ros']
[0.861s] Level 1:colcon.colcon_core.package_identification:_identify(src/tello_ros/tello_msgs) by extension 'ros'
[0.867s] DEBUG:colcon.colcon_core.package_identification:Package 'src/tello_ros/tello_msgs' with type 'ros.ament_cmake' and name 'tello_msgs'
[0.869s] Level 1:colcon.colcon_core.package_discovery:discover_packages(recursive) using defaults
[0.870s] Level 1:colcon.colcon_core.package_discovery:discover_packages(ignore) discover
[0.871s] Level 1:colcon.colcon_core.package_discovery:discover_packages(ignore) using defaults
[0.872s] Level 1:colcon.colcon_core.package_discovery:discover_packages(path) discover
[0.873s] Level 1:colcon.colcon_core.package_discovery:discover_packages(path) using defaults
[0.914s] Level 1:colcon.colcon_core.package_discovery:discover_packages(prefix_path) check parameters
[0.916s] Level 1:colcon.colcon_core.package_discovery:discover_packages(prefix_path) discover
[0.923s] DEBUG:colcon.colcon_installed_package_information.package_discovery:Found 264 installed packages in /opt/ros/foxy
[0.927s] Level 1:colcon.colcon_core.package_discovery:discover_packages(prefix_path) using defaults
[1.041s] Level 5:colcon.colcon_core.verb:set package 'ros2_shared' build argument 'cmake_args' from command line to 'None'
[1.043s] Level 5:colcon.colcon_core.verb:set package 'ros2_shared' build argument 'cmake_target' from command line to 'None'
[1.044s] Level 5:colcon.colcon_core.verb:set package 'ros2_shared' build argument 'cmake_target_skip_unavailable' from command line to 'False'
[1.045s] Level 5:colcon.colcon_core.verb:set package 'ros2_shared' build argument 'cmake_clean_cache' from command line to 'False'
[1.047s] Level 5:colcon.colcon_core.verb:set package 'ros2_shared' build argument 'cmake_clean_first' from command line to 'False'
[1.048s] Level 5:colcon.colcon_core.verb:set package 'ros2_shared' build argument 'cmake_force_configure' from command line to 'False'
[1.050s] Level 5:colcon.colcon_core.verb:set package 'ros2_shared' build argument 'ament_cmake_args' from command line to 'None'
[1.051s] Level 5:colcon.colcon_core.verb:set package 'ros2_shared' build argument 'catkin_cmake_args' from command line to 'None'
[1.052s] Level 5:colcon.colcon_core.verb:set package 'ros2_shared' build argument 'catkin_skip_building_tests' from command line to 'False'
[1.053s] DEBUG:colcon.colcon_core.verb:Building package 'ros2_shared' with the following arguments: {'ament_cmake_args': None, 'build_base': '/home/ubuntu/Desktop/16.633_ros/tello_ros_ws/build/ros2_shared', 'catkin_cmake_args': None, 'catkin_skip_building_tests': False, 'cmake_args': None, 'cmake_clean_cache': False, 'cmake_clean_first': False, 'cmake_force_configure': False, 'cmake_target': None, 'cmake_target_skip_unavailable': False, 'install_base': '/home/ubuntu/Desktop/16.633_ros/tello_ros_ws/install/ros2_shared', 'merge_install': False, 'path': '/home/ubuntu/Desktop/16.633_ros/tello_ros_ws/src/ros2_shared', 'symlink_install': True, 'test_result_base': None}
[1.058s] Level 5:colcon.colcon_core.verb:set package 'tello_description' build argument 'cmake_args' from command line to 'None'
[1.059s] Level 5:colcon.colcon_core.verb:set package 'tello_description' build argument 'cmake_target' from command line to 'None'
[1.061s] Level 5:colcon.colcon_core.verb:set package 'tello_description' build argument 'cmake_target_skip_unavailable' from command line to 'False'
[1.062s] Level 5:colcon.colcon_core.verb:set package 'tello_description' build argument 'cmake_clean_cache' from command line to 'False'
[1.064s] Level 5:colcon.colcon_core.verb:set package 'tello_description' build argument 'cmake_clean_first' from command line to 'False'
[1.065s] Level 5:colcon.colcon_core.verb:set package 'tello_description' build argument 'cmake_force_configure' from command line to 'False'
[1.066s] Level 5:colcon.colcon_core.verb:set package 'tello_description' build argument 'ament_cmake_args' from command line to 'None'
[1.067s] Level 5:colcon.colcon_core.verb:set package 'tello_description' build argument 'catkin_cmake_args' from command line to 'None'
[1.068s] Level 5:colcon.colcon_core.verb:set package 'tello_description' build argument 'catkin_skip_building_tests' from command line to 'False'
[1.069s] DEBUG:colcon.colcon_core.verb:Building package 'tello_description' with the following arguments: {'ament_cmake_args': None, 'build_base': '/home/ubuntu/Desktop/16.633_ros/tello_ros_ws/build/tello_description', 'catkin_cmake_args': None, 'catkin_skip_building_tests': False, 'cmake_args': None, 'cmake_clean_cache': False, 'cmake_clean_first': False, 'cmake_force_configure': False, 'cmake_target': None, 'cmake_target_skip_unavailable': False, 'install_base': '/home/ubuntu/Desktop/16.633_ros/tello_ros_ws/install/tello_description', 'merge_install': False, 'path': '/home/ubuntu/Desktop/16.633_ros/tello_ros_ws/src/tello_ros/tello_description', 'symlink_install': True, 'test_result_base': None}
[1.073s] Level 5:colcon.colcon_core.verb:set package 'tello_msgs' build argument 'cmake_args' from command line to 'None'
[1.074s] Level 5:colcon.colcon_core.verb:set package 'tello_msgs' build argument 'cmake_target' from command line to 'None'
[1.075s] Level 5:colcon.colcon_core.verb:set package 'tello_msgs' build argument 'cmake_target_skip_unavailable' from command line to 'False'
[1.076s] Level 5:colcon.colcon_core.verb:set package 'tello_msgs' build argument 'cmake_clean_cache' from command line to 'False'
[1.077s] Level 5:colcon.colcon_core.verb:set package 'tello_msgs' build argument 'cmake_clean_first' from command line to 'False'
[1.078s] Level 5:colcon.colcon_core.verb:set package 'tello_msgs' build argument 'cmake_force_configure' from command line to 'False'
[1.079s] Level 5:colcon.colcon_core.verb:set package 'tello_msgs' build argument 'ament_cmake_args' from command line to 'None'
[1.081s] Level 5:colcon.colcon_core.verb:set package 'tello_msgs' build argument 'catkin_cmake_args' from command line to 'None'
[1.082s] Level 5:colcon.colcon_core.verb:set package 'tello_msgs' build argument 'catkin_skip_building_tests' from command line to 'False'
[1.083s] DEBUG:colcon.colcon_core.verb:Building package 'tello_msgs' with the following arguments: {'ament_cmake_args': None, 'build_base': '/home/ubuntu/Desktop/16.633_ros/tello_ros_ws/build/tello_msgs', 'catkin_cmake_args': None, 'catkin_skip_building_tests': False, 'cmake_args': None, 'cmake_clean_cache': False, 'cmake_clean_first': False, 'cmake_force_configure': False, 'cmake_target': None, 'cmake_target_skip_unavailable': False, 'install_base': '/home/ubuntu/Desktop/16.633_ros/tello_ros_ws/install/tello_msgs', 'merge_install': False, 'path': '/home/ubuntu/Desktop/16.633_ros/tello_ros_ws/src/tello_ros/tello_msgs', 'symlink_install': True, 'test_result_base': None}
[1.087s] Level 5:colcon.colcon_core.verb:set package 'tello_driver' build argument 'cmake_args' from command line to 'None'
[1.088s] Level 5:colcon.colcon_core.verb:set package 'tello_driver' build argument 'cmake_target' from command line to 'None'
[1.090s] Level 5:colcon.colcon_core.verb:set package 'tello_driver' build argument 'cmake_target_skip_unavailable' from command line to 'False'
[1.091s] Level 5:colcon.colcon_core.verb:set package 'tello_driver' build argument 'cmake_clean_cache' from command line to 'False'
[1.092s] Level 5:colcon.colcon_core.verb:set package 'tello_driver' build argument 'cmake_clean_first' from command line to 'False'
[1.093s] Level 5:colcon.colcon_core.verb:set package 'tello_driver' build argument 'cmake_force_configure' from command line to 'False'
[1.094s] Level 5:colcon.colcon_core.verb:set package 'tello_driver' build argument 'ament_cmake_args' from command line to 'None'
[1.095s] Level 5:colcon.colcon_core.verb:set package 'tello_driver' build argument 'catkin_cmake_args' from command line to 'None'
[1.097s] Level 5:colcon.colcon_core.verb:set package 'tello_driver' build argument 'catkin_skip_building_tests' from command line to 'False'
[1.099s] DEBUG:colcon.colcon_core.verb:Building package 'tello_driver' with the following arguments: {'ament_cmake_args': None, 'build_base': '/home/ubuntu/Desktop/16.633_ros/tello_ros_ws/build/tello_driver', 'catkin_cmake_args': None, 'catkin_skip_building_tests': False, 'cmake_args': None, 'cmake_clean_cache': False, 'cmake_clean_first': False, 'cmake_force_configure': False, 'cmake_target': None, 'cmake_target_skip_unavailable': False, 'install_base': '/home/ubuntu/Desktop/16.633_ros/tello_ros_ws/install/tello_driver', 'merge_install': False, 'path': '/home/ubuntu/Desktop/16.633_ros/tello_ros_ws/src/tello_ros/tello_driver', 'symlink_install': True, 'test_result_base': None}
[1.103s] Level 5:colcon.colcon_core.verb:set package 'tello_gazebo' build argument 'cmake_args' from command line to 'None'
[1.106s] Level 5:colcon.colcon_core.verb:set package 'tello_gazebo' build argument 'cmake_target' from command line to 'None'
[1.108s] Level 5:colcon.colcon_core.verb:set package 'tello_gazebo' build argument 'cmake_target_skip_unavailable' from command line to 'False'
[1.109s] Level 5:colcon.colcon_core.verb:set package 'tello_gazebo' build argument 'cmake_clean_cache' from command line to 'False'
[1.111s] Level 5:colcon.colcon_core.verb:set package 'tello_gazebo' build argument 'cmake_clean_first' from command line to 'False'
[1.112s] Level 5:colcon.colcon_core.verb:set package 'tello_gazebo' build argument 'cmake_force_configure' from command line to 'False'
[1.113s] Level 5:colcon.colcon_core.verb:set package 'tello_gazebo' build argument 'ament_cmake_args' from command line to 'None'
[1.115s] Level 5:colcon.colcon_core.verb:set package 'tello_gazebo' build argument 'catkin_cmake_args' from command line to 'None'
[1.117s] Level 5:colcon.colcon_core.verb:set package 'tello_gazebo' build argument 'catkin_skip_building_tests' from command line to 'False'
[1.119s] DEBUG:colcon.colcon_core.verb:Building package 'tello_gazebo' with the following arguments: {'ament_cmake_args': None, 'build_base': '/home/ubuntu/Desktop/16.633_ros/tello_ros_ws/build/tello_gazebo', 'catkin_cmake_args': None, 'catkin_skip_building_tests': False, 'cmake_args': None, 'cmake_clean_cache': False, 'cmake_clean_first': False, 'cmake_force_configure': False, 'cmake_target': None, 'cmake_target_skip_unavailable': False, 'install_base': '/home/ubuntu/Desktop/16.633_ros/tello_ros_ws/install/tello_gazebo', 'merge_install': False, 'path': '/home/ubuntu/Desktop/16.633_ros/tello_ros_ws/src/tello_ros/tello_gazebo', 'symlink_install': True, 'test_result_base': None}
[1.123s] INFO:colcon.colcon_core.executor:Executing jobs using 'parallel' executor
[1.131s] DEBUG:colcon.colcon_parallel_executor.executor.parallel:run_until_complete
[1.133s] INFO:colcon.colcon_ros.task.ament_cmake.build:Building ROS package in '/home/ubuntu/Desktop/16.633_ros/tello_ros_ws/src/tello_ros/tello_msgs' with build type 'ament_cmake'
[1.163s] INFO:colcon.colcon_cmake.task.cmake.build:Building CMake package in '/home/ubuntu/Desktop/16.633_ros/tello_ros_ws/src/tello_ros/tello_msgs'
[1.186s] INFO:colcon.colcon_core.plugin_system:Skipping extension 'colcon_core.shell.bat': Not used on non-Windows systems
[1.190s] INFO:colcon.colcon_core.shell:Skip shell extension 'powershell' for command environment: Not usable outside of PowerShell
[1.192s] DEBUG:colcon.colcon_core.shell:Skip shell extension 'dsv' for command environment
[1.209s] INFO:colcon.colcon_ros.task.ament_cmake.build:Building ROS package in '/home/ubuntu/Desktop/16.633_ros/tello_ros_ws/src/ros2_shared' with build type 'ament_cmake'
[1.211s] INFO:colcon.colcon_cmake.task.cmake.build:Building CMake package in '/home/ubuntu/Desktop/16.633_ros/tello_ros_ws/src/ros2_shared'
[1.218s] INFO:colcon.colcon_core.shell:Skip shell extension 'powershell' for command environment: Not usable outside of PowerShell
[1.219s] DEBUG:colcon.colcon_core.shell:Skip shell extension 'dsv' for command environment
[1.247s] INFO:colcon.colcon_ros.task.ament_cmake.build:Building ROS package in '/home/ubuntu/Desktop/16.633_ros/tello_ros_ws/src/tello_ros/tello_description' with build type 'ament_cmake'
[1.257s] INFO:colcon.colcon_cmake.task.cmake.build:Building CMake package in '/home/ubuntu/Desktop/16.633_ros/tello_ros_ws/src/tello_ros/tello_description'
[1.266s] INFO:colcon.colcon_core.shell:Skip shell extension 'powershell' for command environment: Not usable outside of PowerShell
[1.268s] DEBUG:colcon.colcon_core.shell:Skip shell extension 'dsv' for command environment
[1.379s] DEBUG:colcon.colcon_core.event_handler.log_command:Invoking command in '/home/ubuntu/Desktop/16.633_ros/tello_ros_ws/build/tello_msgs': CMAKE_PREFIX_PATH=/opt/ros/foxy /usr/bin/cmake --build /home/ubuntu/Desktop/16.633_ros/tello_ros_ws/build/tello_msgs -- -j6 -l6
[1.435s] DEBUG:colcon.colcon_core.event_handler.log_command:Invoking command in '/home/ubuntu/Desktop/16.633_ros/tello_ros_ws/build/ros2_shared': CMAKE_PREFIX_PATH=/opt/ros/foxy /usr/bin/cmake --build /home/ubuntu/Desktop/16.633_ros/tello_ros_ws/build/ros2_shared -- -j6 -l6
[1.473s] DEBUG:colcon.colcon_core.event_handler.log_command:Invoking command in '/home/ubuntu/Desktop/16.633_ros/tello_ros_ws/build/tello_description': CMAKE_PREFIX_PATH=/opt/ros/foxy /usr/bin/cmake --build /home/ubuntu/Desktop/16.633_ros/tello_ros_ws/build/tello_description -- -j6 -l6
[1.543s] DEBUG:colcon.colcon_core.event_handler.log_command:Invoked command in '/home/ubuntu/Desktop/16.633_ros/tello_ros_ws/build/ros2_shared' returned '0': CMAKE_PREFIX_PATH=/opt/ros/foxy /usr/bin/cmake --build /home/ubuntu/Desktop/16.633_ros/tello_ros_ws/build/ros2_shared -- -j6 -l6
[1.690s] DEBUG:colcon.colcon_core.event_handler.log_command:Invoking command in '/home/ubuntu/Desktop/16.633_ros/tello_ros_ws/build/ros2_shared': CMAKE_PREFIX_PATH=/opt/ros/foxy /usr/bin/cmake --install /home/ubuntu/Desktop/16.633_ros/tello_ros_ws/build/ros2_shared
[2.030s] DEBUG:colcon.colcon_core.event_handler.log_command:Invoked command in '/home/ubuntu/Desktop/16.633_ros/tello_ros_ws/build/tello_description' returned '0': CMAKE_PREFIX_PATH=/opt/ros/foxy /usr/bin/cmake --build /home/ubuntu/Desktop/16.633_ros/tello_ros_ws/build/tello_description -- -j6 -l6
[2.040s] Level 1:colcon.colcon_core.environment:create_environment_scripts_only(ros2_shared)
[2.049s] DEBUG:colcon.colcon_core.event_handler.log_command:Invoked command in '/home/ubuntu/Desktop/16.633_ros/tello_ros_ws/build/ros2_shared' returned '0': CMAKE_PREFIX_PATH=/opt/ros/foxy /usr/bin/cmake --install /home/ubuntu/Desktop/16.633_ros/tello_ros_ws/build/ros2_shared
[2.053s] Level 1:colcon.colcon_core.environment:checking '/home/ubuntu/Desktop/16.633_ros/tello_ros_ws/install/ros2_shared' for CMake module files
[2.106s] Level 1:colcon.colcon_core.environment:checking '/home/ubuntu/Desktop/16.633_ros/tello_ros_ws/install/ros2_shared' for CMake config files
[2.134s] Level 1:colcon.colcon_core.shell:create_environment_hook('ros2_shared', 'cmake_prefix_path')
[2.138s] INFO:colcon.colcon_core.shell:Creating environment hook '/home/ubuntu/Desktop/16.633_ros/tello_ros_ws/install/ros2_shared/share/ros2_shared/hook/cmake_prefix_path.ps1'
[2.147s] INFO:colcon.colcon_core.shell:Creating environment descriptor '/home/ubuntu/Desktop/16.633_ros/tello_ros_ws/install/ros2_shared/share/ros2_shared/hook/cmake_prefix_path.dsv'
[2.154s] INFO:colcon.colcon_core.shell:Creating environment hook '/home/ubuntu/Desktop/16.633_ros/tello_ros_ws/install/ros2_shared/share/ros2_shared/hook/cmake_prefix_path.sh'
[2.163s] Level 1:colcon.colcon_core.environment:checking '/home/ubuntu/Desktop/16.633_ros/tello_ros_ws/install/ros2_shared/bin'
[2.166s] Level 1:colcon.colcon_core.environment:checking '/home/ubuntu/Desktop/16.633_ros/tello_ros_ws/install/ros2_shared/lib/pkgconfig/ros2_shared.pc'
[2.170s] Level 1:colcon.colcon_core.environment:checking '/home/ubuntu/Desktop/16.633_ros/tello_ros_ws/install/ros2_shared/lib/python3.8/site-packages'
[2.174s] Level 1:colcon.colcon_core.environment:checking '/home/ubuntu/Desktop/16.633_ros/tello_ros_ws/install/ros2_shared/bin'
[2.178s] INFO:colcon.colcon_core.shell:Creating package script '/home/ubuntu/Desktop/16.633_ros/tello_ros_ws/install/ros2_shared/share/ros2_shared/package.ps1'
[2.186s] INFO:colcon.colcon_core.shell:Creating package descriptor '/home/ubuntu/Desktop/16.633_ros/tello_ros_ws/install/ros2_shared/share/ros2_shared/package.dsv'
[2.196s] INFO:colcon.colcon_core.shell:Creating package script '/home/ubuntu/Desktop/16.633_ros/tello_ros_ws/install/ros2_shared/share/ros2_shared/package.sh'
[2.205s] INFO:colcon.colcon_core.shell:Creating package script '/home/ubuntu/Desktop/16.633_ros/tello_ros_ws/install/ros2_shared/share/ros2_shared/package.bash'
[2.214s] INFO:colcon.colcon_core.shell:Creating package script '/home/ubuntu/Desktop/16.633_ros/tello_ros_ws/install/ros2_shared/share/ros2_shared/package.zsh'
[2.221s] Level 1:colcon.colcon_core.environment:create_file_with_runtime_dependencies(/home/ubuntu/Desktop/16.633_ros/tello_ros_ws/install/ros2_shared/share/colcon-core/packages/ros2_shared)
[2.243s] DEBUG:colcon.colcon_core.event_handler.log_command:Invoking command in '/home/ubuntu/Desktop/16.633_ros/tello_ros_ws/build/tello_description': CMAKE_PREFIX_PATH=/opt/ros/foxy /usr/bin/cmake --install /home/ubuntu/Desktop/16.633_ros/tello_ros_ws/build/tello_description
[2.276s] Level 1:colcon.colcon_core.environment:create_environment_scripts_only(ros2_shared)
[2.280s] Level 1:colcon.colcon_core.environment:checking '/home/ubuntu/Desktop/16.633_ros/tello_ros_ws/install/ros2_shared' for CMake module files
[2.339s] Level 1:colcon.colcon_core.environment:checking '/home/ubuntu/Desktop/16.633_ros/tello_ros_ws/install/ros2_shared' for CMake config files
[2.364s] Level 1:colcon.colcon_core.shell:create_environment_hook('ros2_shared', 'cmake_prefix_path')
[2.368s] INFO:colcon.colcon_core.shell:Creating environment hook '/home/ubuntu/Desktop/16.633_ros/tello_ros_ws/install/ros2_shared/share/ros2_shared/hook/cmake_prefix_path.ps1'
[2.376s] INFO:colcon.colcon_core.shell:Creating environment descriptor '/home/ubuntu/Desktop/16.633_ros/tello_ros_ws/install/ros2_shared/share/ros2_shared/hook/cmake_prefix_path.dsv'
[2.388s] INFO:colcon.colcon_core.shell:Creating environment hook '/home/ubuntu/Desktop/16.633_ros/tello_ros_ws/install/ros2_shared/share/ros2_shared/hook/cmake_prefix_path.sh'
[2.396s] Level 1:colcon.colcon_core.environment:checking '/home/ubuntu/Desktop/16.633_ros/tello_ros_ws/install/ros2_shared/bin'
[2.399s] Level 1:colcon.colcon_core.environment:checking '/home/ubuntu/Desktop/16.633_ros/tello_ros_ws/install/ros2_shared/lib/pkgconfig/ros2_shared.pc'
[2.402s] Level 1:colcon.colcon_core.environment:checking '/home/ubuntu/Desktop/16.633_ros/tello_ros_ws/install/ros2_shared/lib/python3.8/site-packages'
[2.405s] Level 1:colcon.colcon_core.environment:checking '/home/ubuntu/Desktop/16.633_ros/tello_ros_ws/install/ros2_shared/bin'
[2.411s] INFO:colcon.colcon_core.shell:Creating package script '/home/ubuntu/Desktop/16.633_ros/tello_ros_ws/install/ros2_shared/share/ros2_shared/package.ps1'
[2.420s] INFO:colcon.colcon_core.shell:Creating package descriptor '/home/ubuntu/Desktop/16.633_ros/tello_ros_ws/install/ros2_shared/share/ros2_shared/package.dsv'
[2.437s] INFO:colcon.colcon_core.shell:Creating package script '/home/ubuntu/Desktop/16.633_ros/tello_ros_ws/install/ros2_shared/share/ros2_shared/package.sh'
[2.446s] INFO:colcon.colcon_core.shell:Creating package script '/home/ubuntu/Desktop/16.633_ros/tello_ros_ws/install/ros2_shared/share/ros2_shared/package.bash'
[2.455s] INFO:colcon.colcon_core.shell:Creating package script '/home/ubuntu/Desktop/16.633_ros/tello_ros_ws/install/ros2_shared/share/ros2_shared/package.zsh'
[2.471s] Level 1:colcon.colcon_core.environment:create_file_with_runtime_dependencies(/home/ubuntu/Desktop/16.633_ros/tello_ros_ws/install/ros2_shared/share/colcon-core/packages/ros2_shared)
[2.497s] Level 1:colcon.colcon_core.environment:create_environment_scripts_only(tello_description)
[2.501s] Level 1:colcon.colcon_core.environment:checking '/home/ubuntu/Desktop/16.633_ros/tello_ros_ws/install/tello_description' for CMake module files
[2.507s] DEBUG:colcon.colcon_core.event_handler.log_command:Invoked command in '/home/ubuntu/Desktop/16.633_ros/tello_ros_ws/build/tello_description' returned '0': CMAKE_PREFIX_PATH=/opt/ros/foxy /usr/bin/cmake --install /home/ubuntu/Desktop/16.633_ros/tello_ros_ws/build/tello_description
[2.537s] Level 1:colcon.colcon_core.environment:checking '/home/ubuntu/Desktop/16.633_ros/tello_ros_ws/install/tello_description' for CMake config files
[2.559s] Level 1:colcon.colcon_core.shell:create_environment_hook('tello_description', 'cmake_prefix_path')
[2.563s] INFO:colcon.colcon_core.shell:Creating environment hook '/home/ubuntu/Desktop/16.633_ros/tello_ros_ws/install/tello_description/share/tello_description/hook/cmake_prefix_path.ps1'
[2.570s] INFO:colcon.colcon_core.shell:Creating environment descriptor '/home/ubuntu/Desktop/16.633_ros/tello_ros_ws/install/tello_description/share/tello_description/hook/cmake_prefix_path.dsv'
[2.577s] INFO:colcon.colcon_core.shell:Creating environment hook '/home/ubuntu/Desktop/16.633_ros/tello_ros_ws/install/tello_description/share/tello_description/hook/cmake_prefix_path.sh'
[2.582s] Level 1:colcon.colcon_core.environment:checking '/home/ubuntu/Desktop/16.633_ros/tello_ros_ws/install/tello_description/bin'
[2.584s] Level 1:colcon.colcon_core.environment:checking '/home/ubuntu/Desktop/16.633_ros/tello_ros_ws/install/tello_description/lib/pkgconfig/tello_description.pc'
[2.587s] Level 1:colcon.colcon_core.environment:checking '/home/ubuntu/Desktop/16.633_ros/tello_ros_ws/install/tello_description/lib/python3.8/site-packages'
[2.589s] Level 1:colcon.colcon_core.environment:checking '/home/ubuntu/Desktop/16.633_ros/tello_ros_ws/install/tello_description/bin'
[2.592s] INFO:colcon.colcon_core.shell:Creating package script '/home/ubuntu/Desktop/16.633_ros/tello_ros_ws/install/tello_description/share/tello_description/package.ps1'
[2.597s] INFO:colcon.colcon_core.shell:Creating package descriptor '/home/ubuntu/Desktop/16.633_ros/tello_ros_ws/install/tello_description/share/tello_description/package.dsv'
[2.604s] INFO:colcon.colcon_core.shell:Creating package script '/home/ubuntu/Desktop/16.633_ros/tello_ros_ws/install/tello_description/share/tello_description/package.sh'
[2.609s] INFO:colcon.colcon_core.shell:Creating package script '/home/ubuntu/Desktop/16.633_ros/tello_ros_ws/install/tello_description/share/tello_description/package.bash'
[2.614s] INFO:colcon.colcon_core.shell:Creating package script '/home/ubuntu/Desktop/16.633_ros/tello_ros_ws/install/tello_description/share/tello_description/package.zsh'
[2.624s] Level 1:colcon.colcon_core.environment:create_file_with_runtime_dependencies(/home/ubuntu/Desktop/16.633_ros/tello_ros_ws/install/tello_description/share/colcon-core/packages/tello_description)
[2.660s] DEBUG:colcon.colcon_core.event_handler.log_command:Invoked command in '/home/ubuntu/Desktop/16.633_ros/tello_ros_ws/build/tello_msgs' returned '0': CMAKE_PREFIX_PATH=/opt/ros/foxy /usr/bin/cmake --build /home/ubuntu/Desktop/16.633_ros/tello_ros_ws/build/tello_msgs -- -j6 -l6
[2.686s] Level 1:colcon.colcon_core.environment:create_environment_scripts_only(tello_description)
[2.690s] Level 1:colcon.colcon_core.environment:checking '/home/ubuntu/Desktop/16.633_ros/tello_ros_ws/install/tello_description' for CMake module files
[2.720s] Level 1:colcon.colcon_core.environment:checking '/home/ubuntu/Desktop/16.633_ros/tello_ros_ws/install/tello_description' for CMake config files
[2.731s] Level 1:colcon.colcon_core.shell:create_environment_hook('tello_description', 'cmake_prefix_path')
[2.734s] INFO:colcon.colcon_core.shell:Creating environment hook '/home/ubuntu/Desktop/16.633_ros/tello_ros_ws/install/tello_description/share/tello_description/hook/cmake_prefix_path.ps1'
[2.740s] INFO:colcon.colcon_core.shell:Creating environment descriptor '/home/ubuntu/Desktop/16.633_ros/tello_ros_ws/install/tello_description/share/tello_description/hook/cmake_prefix_path.dsv'
[2.746s] INFO:colcon.colcon_core.shell:Creating environment hook '/home/ubuntu/Desktop/16.633_ros/tello_ros_ws/install/tello_description/share/tello_description/hook/cmake_prefix_path.sh'
[2.752s] Level 1:colcon.colcon_core.environment:checking '/home/ubuntu/Desktop/16.633_ros/tello_ros_ws/install/tello_description/bin'
[2.754s] Level 1:colcon.colcon_core.environment:checking '/home/ubuntu/Desktop/16.633_ros/tello_ros_ws/install/tello_description/lib/pkgconfig/tello_description.pc'
[2.755s] Level 1:colcon.colcon_core.environment:checking '/home/ubuntu/Desktop/16.633_ros/tello_ros_ws/install/tello_description/lib/python3.8/site-packages'
[2.757s] Level 1:colcon.colcon_core.environment:checking '/home/ubuntu/Desktop/16.633_ros/tello_ros_ws/install/tello_description/bin'
[2.760s] INFO:colcon.colcon_core.shell:Creating package script '/home/ubuntu/Desktop/16.633_ros/tello_ros_ws/install/tello_description/share/tello_description/package.ps1'
[2.765s] INFO:colcon.colcon_core.shell:Creating package descriptor '/home/ubuntu/Desktop/16.633_ros/tello_ros_ws/install/tello_description/share/tello_description/package.dsv'
[2.770s] INFO:colcon.colcon_core.shell:Creating package script '/home/ubuntu/Desktop/16.633_ros/tello_ros_ws/install/tello_description/share/tello_description/package.sh'
[2.777s] INFO:colcon.colcon_core.shell:Creating package script '/home/ubuntu/Desktop/16.633_ros/tello_ros_ws/install/tello_description/share/tello_description/package.bash'
[2.782s] INFO:colcon.colcon_core.shell:Creating package script '/home/ubuntu/Desktop/16.633_ros/tello_ros_ws/install/tello_description/share/tello_description/package.zsh'
[2.788s] Level 1:colcon.colcon_core.environment:create_file_with_runtime_dependencies(/home/ubuntu/Desktop/16.633_ros/tello_ros_ws/install/tello_description/share/colcon-core/packages/tello_description)
[2.836s] DEBUG:colcon.colcon_core.event_handler.log_command:Invoking command in '/home/ubuntu/Desktop/16.633_ros/tello_ros_ws/build/tello_msgs': CMAKE_PREFIX_PATH=/opt/ros/foxy /usr/bin/cmake --install /home/ubuntu/Desktop/16.633_ros/tello_ros_ws/build/tello_msgs
[3.570s] Level 1:colcon.colcon_core.environment:create_environment_scripts_only(tello_msgs)
[3.576s] Level 1:colcon.colcon_core.environment:checking '/home/ubuntu/Desktop/16.633_ros/tello_ros_ws/install/tello_msgs' for CMake module files
[3.578s] DEBUG:colcon.colcon_core.event_handler.log_command:Invoked command in '/home/ubuntu/Desktop/16.633_ros/tello_ros_ws/build/tello_msgs' returned '0': CMAKE_PREFIX_PATH=/opt/ros/foxy /usr/bin/cmake --install /home/ubuntu/Desktop/16.633_ros/tello_ros_ws/build/tello_msgs
[3.651s] Level 1:colcon.colcon_core.environment:checking '/home/ubuntu/Desktop/16.633_ros/tello_ros_ws/install/tello_msgs' for CMake config files
[3.726s] Level 1:colcon.colcon_core.shell:create_environment_hook('tello_msgs', 'cmake_prefix_path')
[3.728s] INFO:colcon.colcon_core.shell:Creating environment hook '/home/ubuntu/Desktop/16.633_ros/tello_ros_ws/install/tello_msgs/share/tello_msgs/hook/cmake_prefix_path.ps1'
[3.733s] INFO:colcon.colcon_core.shell:Creating environment descriptor '/home/ubuntu/Desktop/16.633_ros/tello_ros_ws/install/tello_msgs/share/tello_msgs/hook/cmake_prefix_path.dsv'
[3.739s] INFO:colcon.colcon_core.shell:Creating environment hook '/home/ubuntu/Desktop/16.633_ros/tello_ros_ws/install/tello_msgs/share/tello_msgs/hook/cmake_prefix_path.sh'
[3.745s] Level 1:colcon.colcon_core.environment:checking '/home/ubuntu/Desktop/16.633_ros/tello_ros_ws/install/tello_msgs/lib'
[3.746s] Level 1:colcon.colcon_core.shell:create_environment_hook('tello_msgs', 'ld_library_path_lib')
[3.749s] INFO:colcon.colcon_core.shell:Creating environment hook '/home/ubuntu/Desktop/16.633_ros/tello_ros_ws/install/tello_msgs/share/tello_msgs/hook/ld_library_path_lib.ps1'
[3.754s] INFO:colcon.colcon_core.shell:Creating environment descriptor '/home/ubuntu/Desktop/16.633_ros/tello_ros_ws/install/tello_msgs/share/tello_msgs/hook/ld_library_path_lib.dsv'
[3.762s] INFO:colcon.colcon_core.shell:Creating environment hook '/home/ubuntu/Desktop/16.633_ros/tello_ros_ws/install/tello_msgs/share/tello_msgs/hook/ld_library_path_lib.sh'
[3.770s] Level 1:colcon.colcon_core.environment:checking '/home/ubuntu/Desktop/16.633_ros/tello_ros_ws/install/tello_msgs/bin'
[3.772s] Level 1:colcon.colcon_core.environment:checking '/home/ubuntu/Desktop/16.633_ros/tello_ros_ws/install/tello_msgs/lib/pkgconfig/tello_msgs.pc'
[3.775s] Level 1:colcon.colcon_core.environment:checking '/home/ubuntu/Desktop/16.633_ros/tello_ros_ws/install/tello_msgs/lib/python3.8/site-packages'
[3.775s] Level 1:colcon.colcon_core.shell:create_environment_hook('tello_msgs', 'pythonpath')
[3.778s] INFO:colcon.colcon_core.shell:Creating environment hook '/home/ubuntu/Desktop/16.633_ros/tello_ros_ws/install/tello_msgs/share/tello_msgs/hook/pythonpath.ps1'
[3.784s] INFO:colcon.colcon_core.shell:Creating environment descriptor '/home/ubuntu/Desktop/16.633_ros/tello_ros_ws/install/tello_msgs/share/tello_msgs/hook/pythonpath.dsv'
[3.789s] INFO:colcon.colcon_core.shell:Creating environment hook '/home/ubuntu/Desktop/16.633_ros/tello_ros_ws/install/tello_msgs/share/tello_msgs/hook/pythonpath.sh'
[3.795s] Level 1:colcon.colcon_core.environment:checking '/home/ubuntu/Desktop/16.633_ros/tello_ros_ws/install/tello_msgs/bin'
[3.799s] INFO:colcon.colcon_core.shell:Creating package script '/home/ubuntu/Desktop/16.633_ros/tello_ros_ws/install/tello_msgs/share/tello_msgs/package.ps1'
[3.806s] INFO:colcon.colcon_core.shell:Creating package descriptor '/home/ubuntu/Desktop/16.633_ros/tello_ros_ws/install/tello_msgs/share/tello_msgs/package.dsv'
[3.814s] INFO:colcon.colcon_core.shell:Creating package script '/home/ubuntu/Desktop/16.633_ros/tello_ros_ws/install/tello_msgs/share/tello_msgs/package.sh'
[3.820s] INFO:colcon.colcon_core.shell:Creating package script '/home/ubuntu/Desktop/16.633_ros/tello_ros_ws/install/tello_msgs/share/tello_msgs/package.bash'
[3.826s] INFO:colcon.colcon_core.shell:Creating package script '/home/ubuntu/Desktop/16.633_ros/tello_ros_ws/install/tello_msgs/share/tello_msgs/package.zsh'
[3.832s] Level 1:colcon.colcon_core.environment:create_file_with_runtime_dependencies(/home/ubuntu/Desktop/16.633_ros/tello_ros_ws/install/tello_msgs/share/colcon-core/packages/tello_msgs)
[3.984s] Level 1:colcon.colcon_core.environment:create_environment_scripts_only(tello_msgs)
[3.989s] Level 1:colcon.colcon_core.environment:checking '/home/ubuntu/Desktop/16.633_ros/tello_ros_ws/install/tello_msgs' for CMake module files
[4.038s] Level 1:colcon.colcon_core.environment:checking '/home/ubuntu/Desktop/16.633_ros/tello_ros_ws/install/tello_msgs' for CMake config files
[4.102s] Level 1:colcon.colcon_core.shell:create_environment_hook('tello_msgs', 'cmake_prefix_path')
[4.104s] INFO:colcon.colcon_core.shell:Creating environment hook '/home/ubuntu/Desktop/16.633_ros/tello_ros_ws/install/tello_msgs/share/tello_msgs/hook/cmake_prefix_path.ps1'
[4.113s] INFO:colcon.colcon_core.shell:Creating environment descriptor '/home/ubuntu/Desktop/16.633_ros/tello_ros_ws/install/tello_msgs/share/tello_msgs/hook/cmake_prefix_path.dsv'
[4.119s] INFO:colcon.colcon_core.shell:Creating environment hook '/home/ubuntu/Desktop/16.633_ros/tello_ros_ws/install/tello_msgs/share/tello_msgs/hook/cmake_prefix_path.sh'
[4.126s] Level 1:colcon.colcon_core.environment:checking '/home/ubuntu/Desktop/16.633_ros/tello_ros_ws/install/tello_msgs/lib'
[4.128s] Level 1:colcon.colcon_core.shell:create_environment_hook('tello_msgs', 'ld_library_path_lib')
[4.130s] INFO:colcon.colcon_core.shell:Creating environment hook '/home/ubuntu/Desktop/16.633_ros/tello_ros_ws/install/tello_msgs/share/tello_msgs/hook/ld_library_path_lib.ps1'
[4.137s] INFO:colcon.colcon_core.shell:Creating environment descriptor '/home/ubuntu/Desktop/16.633_ros/tello_ros_ws/install/tello_msgs/share/tello_msgs/hook/ld_library_path_lib.dsv'
[4.143s] INFO:colcon.colcon_core.shell:Creating environment hook '/home/ubuntu/Desktop/16.633_ros/tello_ros_ws/install/tello_msgs/share/tello_msgs/hook/ld_library_path_lib.sh'
[4.149s] Level 1:colcon.colcon_core.environment:checking '/home/ubuntu/Desktop/16.633_ros/tello_ros_ws/install/tello_msgs/bin'
[4.151s] Level 1:colcon.colcon_core.environment:checking '/home/ubuntu/Desktop/16.633_ros/tello_ros_ws/install/tello_msgs/lib/pkgconfig/tello_msgs.pc'
[4.153s] Level 1:colcon.colcon_core.environment:checking '/home/ubuntu/Desktop/16.633_ros/tello_ros_ws/install/tello_msgs/lib/python3.8/site-packages'
[4.154s] Level 1:colcon.colcon_core.shell:create_environment_hook('tello_msgs', 'pythonpath')
[4.156s] INFO:colcon.colcon_core.shell:Creating environment hook '/home/ubuntu/Desktop/16.633_ros/tello_ros_ws/install/tello_msgs/share/tello_msgs/hook/pythonpath.ps1'
[4.162s] INFO:colcon.colcon_core.shell:Creating environment descriptor '/home/ubuntu/Desktop/16.633_ros/tello_ros_ws/install/tello_msgs/share/tello_msgs/hook/pythonpath.dsv'
[4.168s] INFO:colcon.colcon_core.shell:Creating environment hook '/home/ubuntu/Desktop/16.633_ros/tello_ros_ws/install/tello_msgs/share/tello_msgs/hook/pythonpath.sh'
[4.175s] Level 1:colcon.colcon_core.environment:checking '/home/ubuntu/Desktop/16.633_ros/tello_ros_ws/install/tello_msgs/bin'
[4.178s] INFO:colcon.colcon_core.shell:Creating package script '/home/ubuntu/Desktop/16.633_ros/tello_ros_ws/install/tello_msgs/share/tello_msgs/package.ps1'
[4.186s] INFO:colcon.colcon_core.shell:Creating package descriptor '/home/ubuntu/Desktop/16.633_ros/tello_ros_ws/install/tello_msgs/share/tello_msgs/package.dsv'
[4.191s] INFO:colcon.colcon_core.shell:Creating package script '/home/ubuntu/Desktop/16.633_ros/tello_ros_ws/install/tello_msgs/share/tello_msgs/package.sh'
[4.196s] INFO:colcon.colcon_core.shell:Creating package script '/home/ubuntu/Desktop/16.633_ros/tello_ros_ws/install/tello_msgs/share/tello_msgs/package.bash'
[4.202s] INFO:colcon.colcon_core.shell:Creating package script '/home/ubuntu/Desktop/16.633_ros/tello_ros_ws/install/tello_msgs/share/tello_msgs/package.zsh'
[4.207s] Level 1:colcon.colcon_core.environment:create_file_with_runtime_dependencies(/home/ubuntu/Desktop/16.633_ros/tello_ros_ws/install/tello_msgs/share/colcon-core/packages/tello_msgs)
[4.214s] INFO:colcon.colcon_ros.task.ament_cmake.build:Building ROS package in '/home/ubuntu/Desktop/16.633_ros/tello_ros_ws/src/tello_ros/tello_driver' with build type 'ament_cmake'
[4.215s] INFO:colcon.colcon_cmake.task.cmake.build:Building CMake package in '/home/ubuntu/Desktop/16.633_ros/tello_ros_ws/src/tello_ros/tello_driver'
[4.219s] INFO:colcon.colcon_core.shell:Skip shell extension 'powershell' for command environment: Not usable outside of PowerShell
[4.221s] DEBUG:colcon.colcon_core.shell:Skip shell extension 'dsv' for command environment
[4.240s] INFO:colcon.colcon_ros.task.ament_cmake.build:Building ROS package in '/home/ubuntu/Desktop/16.633_ros/tello_ros_ws/src/tello_ros/tello_gazebo' with build type 'ament_cmake'
[4.242s] INFO:colcon.colcon_cmake.task.cmake.build:Building CMake package in '/home/ubuntu/Desktop/16.633_ros/tello_ros_ws/src/tello_ros/tello_gazebo'
[4.247s] INFO:colcon.colcon_core.shell:Skip shell extension 'powershell' for command environment: Not usable outside of PowerShell
[4.249s] DEBUG:colcon.colcon_core.shell:Skip shell extension 'dsv' for command environment
[4.389s] DEBUG:colcon.colcon_core.event_handler.log_command:Invoking command in '/home/ubuntu/Desktop/16.633_ros/tello_ros_ws/build/tello_driver': AMENT_PREFIX_PATH=/home/ubuntu/Desktop/16.633_ros/tello_ros_ws/install/tello_msgs:/home/ubuntu/Desktop/16.633_ros/tello_ros_ws/install/ros2_shared:${AMENT_PREFIX_PATH} CMAKE_PREFIX_PATH=/home/ubuntu/Desktop/16.633_ros/tello_ros_ws/install/tello_msgs:/home/ubuntu/Desktop/16.633_ros/tello_ros_ws/install/ros2_shared:/opt/ros/foxy LD_LIBRARY_PATH=/home/ubuntu/Desktop/16.633_ros/tello_ros_ws/install/tello_msgs/lib:${LD_LIBRARY_PATH} PYTHONPATH=/home/ubuntu/Desktop/16.633_ros/tello_ros_ws/install/tello_msgs/lib/python3.8/site-packages:${PYTHONPATH} /usr/bin/cmake --build /home/ubuntu/Desktop/16.633_ros/tello_ros_ws/build/tello_driver -- -j6 -l6
[4.415s] DEBUG:colcon.colcon_core.event_handler.log_command:Invoking command in '/home/ubuntu/Desktop/16.633_ros/tello_ros_ws/build/tello_gazebo': AMENT_PREFIX_PATH=/home/ubuntu/Desktop/16.633_ros/tello_ros_ws/install/tello_msgs:${AMENT_PREFIX_PATH} CMAKE_PREFIX_PATH=/home/ubuntu/Desktop/16.633_ros/tello_ros_ws/install/tello_msgs:/opt/ros/foxy LD_LIBRARY_PATH=/home/ubuntu/Desktop/16.633_ros/tello_ros_ws/install/tello_msgs/lib:${LD_LIBRARY_PATH} PYTHONPATH=/home/ubuntu/Desktop/16.633_ros/tello_ros_ws/install/tello_msgs/lib/python3.8/site-packages:${PYTHONPATH} /usr/bin/cmake --build /home/ubuntu/Desktop/16.633_ros/tello_ros_ws/build/tello_gazebo -- -j6 -l6
[5.443s] DEBUG:colcon.colcon_core.event_handler.log_command:Invoked command in '/home/ubuntu/Desktop/16.633_ros/tello_ros_ws/build/tello_gazebo' returned '0': AMENT_PREFIX_PATH=/home/ubuntu/Desktop/16.633_ros/tello_ros_ws/install/tello_msgs:${AMENT_PREFIX_PATH} CMAKE_PREFIX_PATH=/home/ubuntu/Desktop/16.633_ros/tello_ros_ws/install/tello_msgs:/opt/ros/foxy LD_LIBRARY_PATH=/home/ubuntu/Desktop/16.633_ros/tello_ros_ws/install/tello_msgs/lib:${LD_LIBRARY_PATH} PYTHONPATH=/home/ubuntu/Desktop/16.633_ros/tello_ros_ws/install/tello_msgs/lib/python3.8/site-packages:${PYTHONPATH} /usr/bin/cmake --build /home/ubuntu/Desktop/16.633_ros/tello_ros_ws/build/tello_gazebo -- -j6 -l6
[5.499s] DEBUG:colcon.colcon_core.event_handler.log_command:Invoking command in '/home/ubuntu/Desktop/16.633_ros/tello_ros_ws/build/tello_gazebo': AMENT_PREFIX_PATH=/home/ubuntu/Desktop/16.633_ros/tello_ros_ws/install/tello_msgs:${AMENT_PREFIX_PATH} CMAKE_PREFIX_PATH=/home/ubuntu/Desktop/16.633_ros/tello_ros_ws/install/tello_msgs:/opt/ros/foxy LD_LIBRARY_PATH=/home/ubuntu/Desktop/16.633_ros/tello_ros_ws/install/tello_msgs/lib:${LD_LIBRARY_PATH} PYTHONPATH=/home/ubuntu/Desktop/16.633_ros/tello_ros_ws/install/tello_msgs/lib/python3.8/site-packages:${PYTHONPATH} /usr/bin/cmake --install /home/ubuntu/Desktop/16.633_ros/tello_ros_ws/build/tello_gazebo
[5.507s] DEBUG:colcon.colcon_core.event_handler.log_command:Invoked command in '/home/ubuntu/Desktop/16.633_ros/tello_ros_ws/build/tello_driver' returned '0': AMENT_PREFIX_PATH=/home/ubuntu/Desktop/16.633_ros/tello_ros_ws/install/tello_msgs:/home/ubuntu/Desktop/16.633_ros/tello_ros_ws/install/ros2_shared:${AMENT_PREFIX_PATH} CMAKE_PREFIX_PATH=/home/ubuntu/Desktop/16.633_ros/tello_ros_ws/install/tello_msgs:/home/ubuntu/Desktop/16.633_ros/tello_ros_ws/install/ros2_shared:/opt/ros/foxy LD_LIBRARY_PATH=/home/ubuntu/Desktop/16.633_ros/tello_ros_ws/install/tello_msgs/lib:${LD_LIBRARY_PATH} PYTHONPATH=/home/ubuntu/Desktop/16.633_ros/tello_ros_ws/install/tello_msgs/lib/python3.8/site-packages:${PYTHONPATH} /usr/bin/cmake --build /home/ubuntu/Desktop/16.633_ros/tello_ros_ws/build/tello_driver -- -j6 -l6
[5.590s] DEBUG:colcon.colcon_core.event_handler.log_command:Invoking command in '/home/ubuntu/Desktop/16.633_ros/tello_ros_ws/build/tello_driver': AMENT_PREFIX_PATH=/home/ubuntu/Desktop/16.633_ros/tello_ros_ws/install/tello_msgs:/home/ubuntu/Desktop/16.633_ros/tello_ros_ws/install/ros2_shared:${AMENT_PREFIX_PATH} CMAKE_PREFIX_PATH=/home/ubuntu/Desktop/16.633_ros/tello_ros_ws/install/tello_msgs:/home/ubuntu/Desktop/16.633_ros/tello_ros_ws/install/ros2_shared:/opt/ros/foxy LD_LIBRARY_PATH=/home/ubuntu/Desktop/16.633_ros/tello_ros_ws/install/tello_msgs/lib:${LD_LIBRARY_PATH} PYTHONPATH=/home/ubuntu/Desktop/16.633_ros/tello_ros_ws/install/tello_msgs/lib/python3.8/site-packages:${PYTHONPATH} /usr/bin/cmake --install /home/ubuntu/Desktop/16.633_ros/tello_ros_ws/build/tello_driver
[6.008s] Level 1:colcon.colcon_core.environment:create_environment_scripts_only(tello_driver)
[6.013s] Level 1:colcon.colcon_core.environment:checking '/home/ubuntu/Desktop/16.633_ros/tello_ros_ws/install/tello_driver' for CMake module files
[6.053s] Level 1:colcon.colcon_core.environment:checking '/home/ubuntu/Desktop/16.633_ros/tello_ros_ws/install/tello_driver' for CMake config files
[6.057s] DEBUG:colcon.colcon_core.event_handler.log_command:Invoked command in '/home/ubuntu/Desktop/16.633_ros/tello_ros_ws/build/tello_driver' returned '0': AMENT_PREFIX_PATH=/home/ubuntu/Desktop/16.633_ros/tello_ros_ws/install/tello_msgs:/home/ubuntu/Desktop/16.633_ros/tello_ros_ws/install/ros2_shared:${AMENT_PREFIX_PATH} CMAKE_PREFIX_PATH=/home/ubuntu/Desktop/16.633_ros/tello_ros_ws/install/tello_msgs:/home/ubuntu/Desktop/16.633_ros/tello_ros_ws/install/ros2_shared:/opt/ros/foxy LD_LIBRARY_PATH=/home/ubuntu/Desktop/16.633_ros/tello_ros_ws/install/tello_msgs/lib:${LD_LIBRARY_PATH} PYTHONPATH=/home/ubuntu/Desktop/16.633_ros/tello_ros_ws/install/tello_msgs/lib/python3.8/site-packages:${PYTHONPATH} /usr/bin/cmake --install /home/ubuntu/Desktop/16.633_ros/tello_ros_ws/build/tello_driver
[6.073s] Level 1:colcon.colcon_core.shell:create_environment_hook('tello_driver', 'cmake_prefix_path')
[6.076s] INFO:colcon.colcon_core.shell:Creating environment hook '/home/ubuntu/Desktop/16.633_ros/tello_ros_ws/install/tello_driver/share/tello_driver/hook/cmake_prefix_path.ps1'
[6.081s] INFO:colcon.colcon_core.shell:Creating environment descriptor '/home/ubuntu/Desktop/16.633_ros/tello_ros_ws/install/tello_driver/share/tello_driver/hook/cmake_prefix_path.dsv'
[6.087s] INFO:colcon.colcon_core.shell:Creating environment hook '/home/ubuntu/Desktop/16.633_ros/tello_ros_ws/install/tello_driver/share/tello_driver/hook/cmake_prefix_path.sh'
[6.092s] Level 1:colcon.colcon_core.environment:checking '/home/ubuntu/Desktop/16.633_ros/tello_ros_ws/install/tello_driver/lib'
[6.093s] Level 1:colcon.colcon_core.shell:create_environment_hook('tello_driver', 'ld_library_path_lib')
[6.095s] INFO:colcon.colcon_core.shell:Creating environment hook '/home/ubuntu/Desktop/16.633_ros/tello_ros_ws/install/tello_driver/share/tello_driver/hook/ld_library_path_lib.ps1'
[6.103s] INFO:colcon.colcon_core.shell:Creating environment descriptor '/home/ubuntu/Desktop/16.633_ros/tello_ros_ws/install/tello_driver/share/tello_driver/hook/ld_library_path_lib.dsv'
[6.107s] INFO:colcon.colcon_core.shell:Creating environment hook '/home/ubuntu/Desktop/16.633_ros/tello_ros_ws/install/tello_driver/share/tello_driver/hook/ld_library_path_lib.sh'
[6.112s] Level 1:colcon.colcon_core.environment:checking '/home/ubuntu/Desktop/16.633_ros/tello_ros_ws/install/tello_driver/bin'
[6.114s] Level 1:colcon.colcon_core.environment:checking '/home/ubuntu/Desktop/16.633_ros/tello_ros_ws/install/tello_driver/lib/pkgconfig/tello_driver.pc'
[6.116s] Level 1:colcon.colcon_core.environment:checking '/home/ubuntu/Desktop/16.633_ros/tello_ros_ws/install/tello_driver/lib/python3.8/site-packages'
[6.117s] Level 1:colcon.colcon_core.environment:checking '/home/ubuntu/Desktop/16.633_ros/tello_ros_ws/install/tello_driver/bin'
[6.121s] INFO:colcon.colcon_core.shell:Creating package script '/home/ubuntu/Desktop/16.633_ros/tello_ros_ws/install/tello_driver/share/tello_driver/package.ps1'
[6.126s] INFO:colcon.colcon_core.shell:Creating package descriptor '/home/ubuntu/Desktop/16.633_ros/tello_ros_ws/install/tello_driver/share/tello_driver/package.dsv'
[6.133s] INFO:colcon.colcon_core.shell:Creating package script '/home/ubuntu/Desktop/16.633_ros/tello_ros_ws/install/tello_driver/share/tello_driver/package.sh'
[6.140s] INFO:colcon.colcon_core.shell:Creating package script '/home/ubuntu/Desktop/16.633_ros/tello_ros_ws/install/tello_driver/share/tello_driver/package.bash'
[6.148s] INFO:colcon.colcon_core.shell:Creating package script '/home/ubuntu/Desktop/16.633_ros/tello_ros_ws/install/tello_driver/share/tello_driver/package.zsh'
[6.154s] Level 1:colcon.colcon_core.environment:create_file_with_runtime_dependencies(/home/ubuntu/Desktop/16.633_ros/tello_ros_ws/install/tello_driver/share/colcon-core/packages/tello_driver)
[6.164s] Level 1:colcon.colcon_core.environment:create_environment_scripts_only(tello_gazebo)
[6.168s] Level 1:colcon.colcon_core.environment:checking '/home/ubuntu/Desktop/16.633_ros/tello_ros_ws/install/tello_gazebo' for CMake module files
[6.171s] DEBUG:colcon.colcon_core.event_handler.log_command:Invoked command in '/home/ubuntu/Desktop/16.633_ros/tello_ros_ws/build/tello_gazebo' returned '0': AMENT_PREFIX_PATH=/home/ubuntu/Desktop/16.633_ros/tello_ros_ws/install/tello_msgs:${AMENT_PREFIX_PATH} CMAKE_PREFIX_PATH=/home/ubuntu/Desktop/16.633_ros/tello_ros_ws/install/tello_msgs:/opt/ros/foxy LD_LIBRARY_PATH=/home/ubuntu/Desktop/16.633_ros/tello_ros_ws/install/tello_msgs/lib:${LD_LIBRARY_PATH} PYTHONPATH=/home/ubuntu/Desktop/16.633_ros/tello_ros_ws/install/tello_msgs/lib/python3.8/site-packages:${PYTHONPATH} /usr/bin/cmake --install /home/ubuntu/Desktop/16.633_ros/tello_ros_ws/build/tello_gazebo
[6.199s] Level 1:colcon.colcon_core.environment:checking '/home/ubuntu/Desktop/16.633_ros/tello_ros_ws/install/tello_gazebo' for CMake config files
[6.214s] Level 1:colcon.colcon_core.shell:create_environment_hook('tello_gazebo', 'cmake_prefix_path')
[6.217s] INFO:colcon.colcon_core.shell:Creating environment hook '/home/ubuntu/Desktop/16.633_ros/tello_ros_ws/install/tello_gazebo/share/tello_gazebo/hook/cmake_prefix_path.ps1'
[6.223s] INFO:colcon.colcon_core.shell:Creating environment descriptor '/home/ubuntu/Desktop/16.633_ros/tello_ros_ws/install/tello_gazebo/share/tello_gazebo/hook/cmake_prefix_path.dsv'
[6.228s] INFO:colcon.colcon_core.shell:Creating environment hook '/home/ubuntu/Desktop/16.633_ros/tello_ros_ws/install/tello_gazebo/share/tello_gazebo/hook/cmake_prefix_path.sh'
[6.234s] Level 1:colcon.colcon_core.environment:checking '/home/ubuntu/Desktop/16.633_ros/tello_ros_ws/install/tello_gazebo/lib'
[6.235s] Level 1:colcon.colcon_core.shell:create_environment_hook('tello_gazebo', 'ld_library_path_lib')
[6.238s] INFO:colcon.colcon_core.shell:Creating environment hook '/home/ubuntu/Desktop/16.633_ros/tello_ros_ws/install/tello_gazebo/share/tello_gazebo/hook/ld_library_path_lib.ps1'
[6.243s] INFO:colcon.colcon_core.shell:Creating environment descriptor '/home/ubuntu/Desktop/16.633_ros/tello_ros_ws/install/tello_gazebo/share/tello_gazebo/hook/ld_library_path_lib.dsv'
[6.249s] INFO:colcon.colcon_core.shell:Creating environment hook '/home/ubuntu/Desktop/16.633_ros/tello_ros_ws/install/tello_gazebo/share/tello_gazebo/hook/ld_library_path_lib.sh'
[6.254s] Level 1:colcon.colcon_core.environment:checking '/home/ubuntu/Desktop/16.633_ros/tello_ros_ws/install/tello_gazebo/bin'
[6.256s] Level 1:colcon.colcon_core.environment:checking '/home/ubuntu/Desktop/16.633_ros/tello_ros_ws/install/tello_gazebo/lib/pkgconfig/tello_gazebo.pc'
[6.260s] Level 1:colcon.colcon_core.environment:checking '/home/ubuntu/Desktop/16.633_ros/tello_ros_ws/install/tello_gazebo/lib/python3.8/site-packages'
[6.263s] Level 1:colcon.colcon_core.environment:checking '/home/ubuntu/Desktop/16.633_ros/tello_ros_ws/install/tello_gazebo/bin'
[6.269s] INFO:colcon.colcon_core.shell:Creating package script '/home/ubuntu/Desktop/16.633_ros/tello_ros_ws/install/tello_gazebo/share/tello_gazebo/package.ps1'
[6.280s] INFO:colcon.colcon_core.shell:Creating package descriptor '/home/ubuntu/Desktop/16.633_ros/tello_ros_ws/install/tello_gazebo/share/tello_gazebo/package.dsv'
[6.290s] INFO:colcon.colcon_core.shell:Creating package script '/home/ubuntu/Desktop/16.633_ros/tello_ros_ws/install/tello_gazebo/share/tello_gazebo/package.sh'
[6.296s] INFO:colcon.colcon_core.shell:Creating package script '/home/ubuntu/Desktop/16.633_ros/tello_ros_ws/install/tello_gazebo/share/tello_gazebo/package.bash'
[6.302s] INFO:colcon.colcon_core.shell:Creating package script '/home/ubuntu/Desktop/16.633_ros/tello_ros_ws/install/tello_gazebo/share/tello_gazebo/package.zsh'
[6.309s] Level 1:colcon.colcon_core.environment:create_file_with_runtime_dependencies(/home/ubuntu/Desktop/16.633_ros/tello_ros_ws/install/tello_gazebo/share/colcon-core/packages/tello_gazebo)
[6.321s] Level 1:colcon.colcon_core.environment:create_environment_scripts_only(tello_driver)
[6.326s] Level 1:colcon.colcon_core.environment:checking '/home/ubuntu/Desktop/16.633_ros/tello_ros_ws/install/tello_driver' for CMake module files
[6.376s] Level 1:colcon.colcon_core.environment:checking '/home/ubuntu/Desktop/16.633_ros/tello_ros_ws/install/tello_driver' for CMake config files
[6.396s] Level 1:colcon.colcon_core.shell:create_environment_hook('tello_driver', 'cmake_prefix_path')
[6.399s] INFO:colcon.colcon_core.shell:Creating environment hook '/home/ubuntu/Desktop/16.633_ros/tello_ros_ws/install/tello_driver/share/tello_driver/hook/cmake_prefix_path.ps1'
[6.405s] INFO:colcon.colcon_core.shell:Creating environment descriptor '/home/ubuntu/Desktop/16.633_ros/tello_ros_ws/install/tello_driver/share/tello_driver/hook/cmake_prefix_path.dsv'
[6.411s] INFO:colcon.colcon_core.shell:Creating environment hook '/home/ubuntu/Desktop/16.633_ros/tello_ros_ws/install/tello_driver/share/tello_driver/hook/cmake_prefix_path.sh'
[6.417s] Level 1:colcon.colcon_core.environment:checking '/home/ubuntu/Desktop/16.633_ros/tello_ros_ws/install/tello_driver/lib'
[6.418s] Level 1:colcon.colcon_core.shell:create_environment_hook('tello_driver', 'ld_library_path_lib')
[6.420s] INFO:colcon.colcon_core.shell:Creating environment hook '/home/ubuntu/Desktop/16.633_ros/tello_ros_ws/install/tello_driver/share/tello_driver/hook/ld_library_path_lib.ps1'
[6.426s] INFO:colcon.colcon_core.shell:Creating environment descriptor '/home/ubuntu/Desktop/16.633_ros/tello_ros_ws/install/tello_driver/share/tello_driver/hook/ld_library_path_lib.dsv'
[6.432s] INFO:colcon.colcon_core.shell:Creating environment hook '/home/ubuntu/Desktop/16.633_ros/tello_ros_ws/install/tello_driver/share/tello_driver/hook/ld_library_path_lib.sh'
[6.439s] Level 1:colcon.colcon_core.environment:checking '/home/ubuntu/Desktop/16.633_ros/tello_ros_ws/install/tello_driver/bin'
[6.440s] Level 1:colcon.colcon_core.environment:checking '/home/ubuntu/Desktop/16.633_ros/tello_ros_ws/install/tello_driver/lib/pkgconfig/tello_driver.pc'
[6.442s] Level 1:colcon.colcon_core.environment:checking '/home/ubuntu/Desktop/16.633_ros/tello_ros_ws/install/tello_driver/lib/python3.8/site-packages'
[6.444s] Level 1:colcon.colcon_core.environment:checking '/home/ubuntu/Desktop/16.633_ros/tello_ros_ws/install/tello_driver/bin'
[6.447s] INFO:colcon.colcon_core.shell:Creating package script '/home/ubuntu/Desktop/16.633_ros/tello_ros_ws/install/tello_driver/share/tello_driver/package.ps1'
[6.454s] INFO:colcon.colcon_core.shell:Creating package descriptor '/home/ubuntu/Desktop/16.633_ros/tello_ros_ws/install/tello_driver/share/tello_driver/package.dsv'
[6.459s] INFO:colcon.colcon_core.shell:Creating package script '/home/ubuntu/Desktop/16.633_ros/tello_ros_ws/install/tello_driver/share/tello_driver/package.sh'
[6.464s] INFO:colcon.colcon_core.shell:Creating package script '/home/ubuntu/Desktop/16.633_ros/tello_ros_ws/install/tello_driver/share/tello_driver/package.bash'
[6.470s] INFO:colcon.colcon_core.shell:Creating package script '/home/ubuntu/Desktop/16.633_ros/tello_ros_ws/install/tello_driver/share/tello_driver/package.zsh'
[6.475s] Level 1:colcon.colcon_core.environment:create_file_with_runtime_dependencies(/home/ubuntu/Desktop/16.633_ros/tello_ros_ws/install/tello_driver/share/colcon-core/packages/tello_driver)
[6.483s] Level 1:colcon.colcon_core.environment:create_environment_scripts_only(tello_gazebo)
[6.487s] Level 1:colcon.colcon_core.environment:checking '/home/ubuntu/Desktop/16.633_ros/tello_ros_ws/install/tello_gazebo' for CMake module files
[6.517s] Level 1:colcon.colcon_core.environment:checking '/home/ubuntu/Desktop/16.633_ros/tello_ros_ws/install/tello_gazebo' for CMake config files
[6.531s] Level 1:colcon.colcon_core.shell:create_environment_hook('tello_gazebo', 'cmake_prefix_path')
[6.533s] INFO:colcon.colcon_core.shell:Creating environment hook '/home/ubuntu/Desktop/16.633_ros/tello_ros_ws/install/tello_gazebo/share/tello_gazebo/hook/cmake_prefix_path.ps1'
[6.539s] INFO:colcon.colcon_core.shell:Creating environment descriptor '/home/ubuntu/Desktop/16.633_ros/tello_ros_ws/install/tello_gazebo/share/tello_gazebo/hook/cmake_prefix_path.dsv'
[6.547s] INFO:colcon.colcon_core.shell:Creating environment hook '/home/ubuntu/Desktop/16.633_ros/tello_ros_ws/install/tello_gazebo/share/tello_gazebo/hook/cmake_prefix_path.sh'
[6.555s] Level 1:colcon.colcon_core.environment:checking '/home/ubuntu/Desktop/16.633_ros/tello_ros_ws/install/tello_gazebo/lib'
[6.557s] Level 1:colcon.colcon_core.shell:create_environment_hook('tello_gazebo', 'ld_library_path_lib')
[6.560s] INFO:colcon.colcon_core.shell:Creating environment hook '/home/ubuntu/Desktop/16.633_ros/tello_ros_ws/install/tello_gazebo/share/tello_gazebo/hook/ld_library_path_lib.ps1'
[6.567s] INFO:colcon.colcon_core.shell:Creating environment descriptor '/home/ubuntu/Desktop/16.633_ros/tello_ros_ws/install/tello_gazebo/share/tello_gazebo/hook/ld_library_path_lib.dsv'
[6.573s] INFO:colcon.colcon_core.shell:Creating environment hook '/home/ubuntu/Desktop/16.633_ros/tello_ros_ws/install/tello_gazebo/share/tello_gazebo/hook/ld_library_path_lib.sh'
[6.579s] Level 1:colcon.colcon_core.environment:checking '/home/ubuntu/Desktop/16.633_ros/tello_ros_ws/install/tello_gazebo/bin'
[6.581s] Level 1:colcon.colcon_core.environment:checking '/home/ubuntu/Desktop/16.633_ros/tello_ros_ws/install/tello_gazebo/lib/pkgconfig/tello_gazebo.pc'
[6.583s] Level 1:colcon.colcon_core.environment:checking '/home/ubuntu/Desktop/16.633_ros/tello_ros_ws/install/tello_gazebo/lib/python3.8/site-packages'
[6.585s] Level 1:colcon.colcon_core.environment:checking '/home/ubuntu/Desktop/16.633_ros/tello_ros_ws/install/tello_gazebo/bin'
[6.588s] INFO:colcon.colcon_core.shell:Creating package script '/home/ubuntu/Desktop/16.633_ros/tello_ros_ws/install/tello_gazebo/share/tello_gazebo/package.ps1'
[6.594s] INFO:colcon.colcon_core.shell:Creating package descriptor '/home/ubuntu/Desktop/16.633_ros/tello_ros_ws/install/tello_gazebo/share/tello_gazebo/package.dsv'
[6.601s] INFO:colcon.colcon_core.shell:Creating package script '/home/ubuntu/Desktop/16.633_ros/tello_ros_ws/install/tello_gazebo/share/tello_gazebo/package.sh'
[6.607s] INFO:colcon.colcon_core.shell:Creating package script '/home/ubuntu/Desktop/16.633_ros/tello_ros_ws/install/tello_gazebo/share/tello_gazebo/package.bash'
[6.613s] INFO:colcon.colcon_core.shell:Creating package script '/home/ubuntu/Desktop/16.633_ros/tello_ros_ws/install/tello_gazebo/share/tello_gazebo/package.zsh'
[6.619s] Level 1:colcon.colcon_core.environment:create_file_with_runtime_dependencies(/home/ubuntu/Desktop/16.633_ros/tello_ros_ws/install/tello_gazebo/share/colcon-core/packages/tello_gazebo)
[6.626s] DEBUG:colcon.colcon_parallel_executor.executor.parallel:closing loop
[6.628s] DEBUG:colcon.colcon_parallel_executor.executor.parallel:loop closed
[6.629s] DEBUG:colcon.colcon_parallel_executor.executor.parallel:run_until_complete finished with '0'
[6.630s] DEBUG:colcon.colcon_core.event_reactor:joining thread
[6.655s] INFO:colcon.colcon_core.plugin_system:Skipping extension 'colcon_notification.desktop_notification.terminal_notifier': Not used on non-Darwin systems
[6.657s] INFO:colcon.colcon_core.plugin_system:Skipping extension 'colcon_notification.desktop_notification.win32': Not used on non-Windows systems
[6.659s] INFO:colcon.colcon_notification.desktop_notification:Sending desktop notification using 'notify2'
[6.674s] DEBUG:colcon.colcon_core.event_reactor:joined thread
[6.678s] INFO:colcon.colcon_core.shell:Creating prefix script '/home/ubuntu/Desktop/16.633_ros/tello_ros_ws/install/local_setup.ps1'
[6.686s] INFO:colcon.colcon_core.shell:Creating prefix util module '/home/ubuntu/Desktop/16.633_ros/tello_ros_ws/install/_local_setup_util_ps1.py'
[6.697s] INFO:colcon.colcon_core.shell:Creating prefix chain script '/home/ubuntu/Desktop/16.633_ros/tello_ros_ws/install/setup.ps1'
[6.706s] INFO:colcon.colcon_core.shell:Creating prefix script '/home/ubuntu/Desktop/16.633_ros/tello_ros_ws/install/local_setup.sh'
[6.714s] INFO:colcon.colcon_core.shell:Creating prefix util module '/home/ubuntu/Desktop/16.633_ros/tello_ros_ws/install/_local_setup_util_sh.py'
[6.721s] INFO:colcon.colcon_core.shell:Creating prefix chain script '/home/ubuntu/Desktop/16.633_ros/tello_ros_ws/install/setup.sh'
[6.732s] INFO:colcon.colcon_core.shell:Creating prefix script '/home/ubuntu/Desktop/16.633_ros/tello_ros_ws/install/local_setup.bash'
[6.741s] INFO:colcon.colcon_core.shell:Creating prefix chain script '/home/ubuntu/Desktop/16.633_ros/tello_ros_ws/install/setup.bash'
[6.751s] INFO:colcon.colcon_core.shell:Creating prefix script '/home/ubuntu/Desktop/16.633_ros/tello_ros_ws/install/local_setup.zsh'
[6.758s] INFO:colcon.colcon_core.shell:Creating prefix chain script '/home/ubuntu/Desktop/16.633_ros/tello_ros_ws/install/setup.zsh'
