running egg_info
creating ../../build/competition/competition.egg-info
writing ../../build/competition/competition.egg-info/PKG-INFO
writing dependency_links to ../../build/competition/competition.egg-info/dependency_links.txt
writing entry points to ../../build/competition/competition.egg-info/entry_points.txt
writing requirements to ../../build/competition/competition.egg-info/requires.txt
writing top-level names to ../../build/competition/competition.egg-info/top_level.txt
writing manifest file '../../build/competition/competition.egg-info/SOURCES.txt'
reading manifest file '../../build/competition/competition.egg-info/SOURCES.txt'
writing manifest file '../../build/competition/competition.egg-info/SOURCES.txt'
running build
running build_py
creating /home/ubuntu/Desktop/16.633_ros/flight_ws/build/competition/build
creating /home/ubuntu/Desktop/16.633_ros/flight_ws/build/competition/build/lib
creating /home/ubuntu/Desktop/16.633_ros/flight_ws/build/competition/build/lib/competition
copying competition/__init__.py -> /home/ubuntu/Desktop/16.633_ros/flight_ws/build/competition/build/lib/competition
copying competition/drone_control_test.py -> /home/ubuntu/Desktop/16.633_ros/flight_ws/build/competition/build/lib/competition
running install
running install_lib
creating /home/ubuntu/Desktop/16.633_ros/flight_ws/install/competition/lib/python3.8/site-packages/competition
copying /home/ubuntu/Desktop/16.633_ros/flight_ws/build/competition/build/lib/competition/__init__.py -> /home/ubuntu/Desktop/16.633_ros/flight_ws/install/competition/lib/python3.8/site-packages/competition
copying /home/ubuntu/Desktop/16.633_ros/flight_ws/build/competition/build/lib/competition/drone_control_test.py -> /home/ubuntu/Desktop/16.633_ros/flight_ws/install/competition/lib/python3.8/site-packages/competition
byte-compiling /home/ubuntu/Desktop/16.633_ros/flight_ws/install/competition/lib/python3.8/site-packages/competition/__init__.py to __init__.cpython-38.pyc
byte-compiling /home/ubuntu/Desktop/16.633_ros/flight_ws/install/competition/lib/python3.8/site-packages/competition/drone_control_test.py to drone_control_test.cpython-38.pyc
running install_data
creating /home/ubuntu/Desktop/16.633_ros/flight_ws/install/competition/share/ament_index
creating /home/ubuntu/Desktop/16.633_ros/flight_ws/install/competition/share/ament_index/resource_index
creating /home/ubuntu/Desktop/16.633_ros/flight_ws/install/competition/share/ament_index/resource_index/packages
copying resource/competition -> /home/ubuntu/Desktop/16.633_ros/flight_ws/install/competition/share/ament_index/resource_index/packages
copying package.xml -> /home/ubuntu/Desktop/16.633_ros/flight_ws/install/competition/share/competition
running install_egg_info
Copying ../../build/competition/competition.egg-info to /home/ubuntu/Desktop/16.633_ros/flight_ws/install/competition/lib/python3.8/site-packages/competition-0.0.0-py3.8.egg-info
running install_scripts
Installing drone_test script to /home/ubuntu/Desktop/16.633_ros/flight_ws/install/competition/lib/competition
writing list of installed files to '/home/ubuntu/Desktop/16.633_ros/flight_ws/build/competition/install.log'
