[0.000000] (-) TimerEvent: {}
[0.006051] (competition) JobQueued: {'identifier': 'competition', 'dependencies': OrderedDict()}
[0.007694] (tello_msgs) JobQueued: {'identifier': 'tello_msgs', 'dependencies': OrderedDict()}
[0.008815] (competition) JobStarted: {'identifier': 'competition'}
[0.064916] (tello_msgs) JobStarted: {'identifier': 'tello_msgs'}
[0.096925] (-) TimerEvent: {}
[0.198928] (-) TimerEvent: {}
[0.302633] (-) TimerEvent: {}
[0.403820] (-) TimerEvent: {}
[0.505251] (-) TimerEvent: {}
[0.573821] (tello_msgs) JobProgress: {'identifier': 'tello_msgs', 'progress': 'cmake'}
[0.588219] (tello_msgs) JobProgress: {'identifier': 'tello_msgs', 'progress': 'build'}
[0.590483] (tello_msgs) Command: {'cmd': ['/usr/bin/cmake', '--build', '/home/ubuntu/Desktop/16.633_ros/flight_ws/build/tello_msgs', '--', '-j6', '-l6'], 'cwd': '/home/ubuntu/Desktop/16.633_ros/flight_ws/build/tello_msgs', 'env': OrderedDict([('VNCDESKTOP', 'd0e6dc772bf2:1 (ubuntu)'), ('QT_SCALE_FACTOR', '1'), ('USER', 'ubuntu'), ('SUPERVISOR_GROUP_NAME', 'vnc'), ('HOSTNAME', 'd0e6dc772bf2'), ('SHLVL', '2'), ('LD_LIBRARY_PATH', '/home/ubuntu/Desktop/16.633_ros/flight_ws/install/tello_msgs/lib:/usr/lib/x86_64-linux-gnu/gazebo-11/plugins:/opt/ros/foxy/opt/yaml_cpp_vendor/lib:/opt/ros/foxy/opt/rviz_ogre_vendor/lib:/opt/ros/foxy/lib/x86_64-linux-gnu:/opt/ros/foxy/lib'), ('HOME', '/home/ubuntu'), ('OLDPWD', '/home/ubuntu/Desktop/16.633_ros'), ('ROS_PYTHON_VERSION', '3'), ('LC_CTYPE', 'C.UTF-8'), ('DBUS_SESSION_BUS_ADDRESS', 'unix:abstract=/tmp/dbus-0RCRJFHOVg,guid=87bbc748d29ef53aa32dd9dd65021649'), ('COLORTERM', 'truecolor'), ('COLCON_PREFIX_PATH', '/home/ubuntu/Desktop/16.633_ros/flight_ws/install'), ('ROS_DISTRO', 'foxy'), ('WINDOWID', '41943046'), ('QT_AUTO_SCREEN_SCALE_FACTOR', '0'), ('_', '/usr/bin/colcon'), ('ROS_VERSION', '2'), ('TERM', 'xterm-256color'), ('GTK_OVERLAY_SCROLLING', '0'), ('ROS_LOCALHOST_ONLY', '0'), ('INSIDE_CAJA_PYTHON', ''), ('PATH', '/opt/ros/foxy/bin:/usr/local/sbin:/usr/local/bin:/usr/sbin:/usr/bin:/sbin:/bin'), ('SESSION_MANAGER', 'local/d0e6dc772bf2:@/tmp/.ICE-unix/65,unix/d0e6dc772bf2:/tmp/.ICE-unix/65'), ('DISPLAY', ':1'), ('XDG_CURRENT_DESKTOP', 'MATE'), ('SUPERVISOR_ENABLED', '1'), ('AMENT_PREFIX_PATH', '/home/ubuntu/Desktop/16.633_ros/flight_ws/install/tello_msgs:/home/ubuntu/Desktop/16.633_ros/flight_ws/install/competition:/opt/ros/foxy'), ('PASSWD', 'ubuntu'), ('SUPERVISOR_SERVER_URL', 'unix:///var/run/supervisor.sock'), ('SUPERVISOR_PROCESS_NAME', 'vnc'), ('PWD', '/home/ubuntu/Desktop/16.633_ros/flight_ws/build/tello_msgs'), ('PYTHONPATH', '/home/ubuntu/Desktop/16.633_ros/flight_ws/install/tello_msgs/lib/python3.8/site-packages:/home/ubuntu/Desktop/16.633_ros/flight_ws/build/competition:/home/ubuntu/Desktop/16.633_ros/flight_ws/install/competition/lib/python3.8/site-packages:/opt/ros/foxy/lib/python3.8/site-packages'), ('MATE_DESKTOP_SESSION_ID', 'this-is-deprecated'), ('COLCON', '1'), ('VTE_VERSION', '6003'), ('CMAKE_PREFIX_PATH', '/home/ubuntu/Desktop/16.633_ros/flight_ws/install/tello_msgs:/home/ubuntu/Desktop/16.633_ros/flight_ws/install/competition:/opt/ros/foxy')]), 'shell': False}
[0.622480] (-) TimerEvent: {}
[0.724705] (-) TimerEvent: {}
[0.826713] (-) TimerEvent: {}
[0.928382] (-) TimerEvent: {}
[1.029664] (-) TimerEvent: {}
[1.131335] (-) TimerEvent: {}
[1.232958] (-) TimerEvent: {}
[1.335564] (-) TimerEvent: {}
[1.338397] (tello_msgs) StdoutLine: {'line': b'[  2%] Built target tello_msgs__cpp\n'}
[1.402180] (tello_msgs) StdoutLine: {'line': b'[ 12%] Built target tello_msgs__rosidl_generator_c\n'}
[1.435816] (-) TimerEvent: {}
[1.537244] (-) TimerEvent: {}
[1.639575] (-) TimerEvent: {}
[1.741491] (-) TimerEvent: {}
[1.751467] (competition) Command: {'cmd': ['/usr/bin/python3', 'setup.py', 'develop', '--editable', '--build-directory', '/home/ubuntu/Desktop/16.633_ros/flight_ws/build/competition/build', '--no-deps', 'install_data'], 'cwd': '/home/ubuntu/Desktop/16.633_ros/flight_ws/build/competition', 'env': {'VNCDESKTOP': 'd0e6dc772bf2:1 (ubuntu)', 'QT_SCALE_FACTOR': '1', 'USER': 'ubuntu', 'SUPERVISOR_GROUP_NAME': 'vnc', 'HOSTNAME': 'd0e6dc772bf2', 'SHLVL': '2', 'LD_LIBRARY_PATH': '/home/ubuntu/Desktop/16.633_ros/flight_ws/install/tello_msgs/lib:/usr/lib/x86_64-linux-gnu/gazebo-11/plugins:/opt/ros/foxy/opt/yaml_cpp_vendor/lib:/opt/ros/foxy/opt/rviz_ogre_vendor/lib:/opt/ros/foxy/lib/x86_64-linux-gnu:/opt/ros/foxy/lib', 'HOME': '/home/ubuntu', 'OLDPWD': '/home/ubuntu/Desktop/16.633_ros', 'ROS_PYTHON_VERSION': '3', 'LC_CTYPE': 'C.UTF-8', 'DBUS_SESSION_BUS_ADDRESS': 'unix:abstract=/tmp/dbus-0RCRJFHOVg,guid=87bbc748d29ef53aa32dd9dd65021649', 'COLORTERM': 'truecolor', 'COLCON_PREFIX_PATH': '/home/ubuntu/Desktop/16.633_ros/flight_ws/install', 'ROS_DISTRO': 'foxy', 'WINDOWID': '41943046', 'QT_AUTO_SCREEN_SCALE_FACTOR': '0', '_': '/usr/bin/colcon', 'ROS_VERSION': '2', 'TERM': 'xterm-256color', 'GTK_OVERLAY_SCROLLING': '0', 'ROS_LOCALHOST_ONLY': '0', 'INSIDE_CAJA_PYTHON': '', 'PATH': '/opt/ros/foxy/bin:/usr/local/sbin:/usr/local/bin:/usr/sbin:/usr/bin:/sbin:/bin', 'SESSION_MANAGER': 'local/d0e6dc772bf2:@/tmp/.ICE-unix/65,unix/d0e6dc772bf2:/tmp/.ICE-unix/65', 'DISPLAY': ':1', 'XDG_CURRENT_DESKTOP': 'MATE', 'SUPERVISOR_ENABLED': '1', 'AMENT_PREFIX_PATH': '/home/ubuntu/Desktop/16.633_ros/flight_ws/install/tello_msgs:/home/ubuntu/Desktop/16.633_ros/flight_ws/install/competition:/opt/ros/foxy', 'PASSWD': 'ubuntu', 'SUPERVISOR_SERVER_URL': 'unix:///var/run/supervisor.sock', 'SUPERVISOR_PROCESS_NAME': 'vnc', 'PWD': '/home/ubuntu/Desktop/16.633_ros/flight_ws/build/competition', 'PYTHONPATH': '/home/ubuntu/Desktop/16.633_ros/flight_ws/build/competition/prefix_override:/home/ubuntu/Desktop/16.633_ros/flight_ws/install/competition/lib/python3.8/site-packages:/home/ubuntu/Desktop/16.633_ros/flight_ws/install/tello_msgs/lib/python3.8/site-packages:/home/ubuntu/Desktop/16.633_ros/flight_ws/build/competition:/home/ubuntu/Desktop/16.633_ros/flight_ws/install/competition/lib/python3.8/site-packages:/opt/ros/foxy/lib/python3.8/site-packages', 'MATE_DESKTOP_SESSION_ID': 'this-is-deprecated', 'COLCON': '1', 'VTE_VERSION': '6003', 'CMAKE_PREFIX_PATH': '/home/ubuntu/Desktop/16.633_ros/flight_ws/install/tello_msgs'}, 'shell': False}
[1.841783] (-) TimerEvent: {}
[1.943956] (-) TimerEvent: {}
[1.961346] (tello_msgs) StdoutLine: {'line': b'[ 36%] Built target tello_msgs__rosidl_typesupport_cpp\n'}
[2.005854] (tello_msgs) StdoutLine: {'line': b'[ 59%] Built target tello_msgs__rosidl_typesupport_introspection_c\n'}
[2.012428] (tello_msgs) StdoutLine: {'line': b'[ 59%] Built target tello_msgs__rosidl_typesupport_fastrtps_cpp\n'}
[2.027829] (tello_msgs) StdoutLine: {'line': b'[ 65%] Built target tello_msgs__rosidl_typesupport_introspection_cpp\n'}
[2.034409] (tello_msgs) StdoutLine: {'line': b'[ 65%] Built target tello_msgs__rosidl_typesupport_c\n'}
[2.044130] (-) TimerEvent: {}
[2.145845] (-) TimerEvent: {}
[2.228227] (competition) StdoutLine: {'line': b'running develop\n'}
[2.246196] (-) TimerEvent: {}
[2.348251] (-) TimerEvent: {}
[2.354613] (tello_msgs) StdoutLine: {'line': b'[ 76%] Built target tello_msgs__rosidl_typesupport_fastrtps_c\n'}
[2.448518] (-) TimerEvent: {}
[2.520111] (competition) StdoutLine: {'line': b'running egg_info\n'}
[2.526048] (competition) StdoutLine: {'line': b'writing competition.egg-info/PKG-INFO\n'}
[2.530777] (competition) StdoutLine: {'line': b'writing dependency_links to competition.egg-info/dependency_links.txt\n'}
[2.539525] (competition) StdoutLine: {'line': b'writing entry points to competition.egg-info/entry_points.txt\n'}
[2.546107] (competition) StdoutLine: {'line': b'writing requirements to competition.egg-info/requires.txt\n'}
[2.551684] (-) TimerEvent: {}
[2.553099] (competition) StdoutLine: {'line': b'writing top-level names to competition.egg-info/top_level.txt\n'}
[2.627506] (competition) StdoutLine: {'line': b"reading manifest file 'competition.egg-info/SOURCES.txt'\n"}
[2.631459] (tello_msgs) StdoutLine: {'line': b'[ 76%] Built target tello_msgs\n'}
[2.651879] (-) TimerEvent: {}
[2.657200] (competition) StdoutLine: {'line': b"writing manifest file 'competition.egg-info/SOURCES.txt'\n"}
[2.752178] (-) TimerEvent: {}
[2.795691] (competition) StdoutLine: {'line': b'running build_ext\n'}
[2.800828] (competition) StdoutLine: {'line': b'Creating /home/ubuntu/Desktop/16.633_ros/flight_ws/install/competition/lib/python3.8/site-packages/competition.egg-link (link to .)\n'}
[2.817463] (competition) StdoutLine: {'line': b'Installing drone_client script to /home/ubuntu/Desktop/16.633_ros/flight_ws/install/competition/lib/competition\n'}
[2.827283] (competition) StdoutLine: {'line': b'Installing drone_test script to /home/ubuntu/Desktop/16.633_ros/flight_ws/install/competition/lib/competition\n'}
[2.836684] (competition) StdoutLine: {'line': b'\n'}
[2.840970] (competition) StdoutLine: {'line': b'Installed /home/ubuntu/Desktop/16.633_ros/flight_ws/build/competition\n'}
[2.848369] (competition) StdoutLine: {'line': b'running install_data\n'}
[2.856857] (-) TimerEvent: {}
[2.884979] (competition) CommandEnded: {'returncode': 0}
[2.926025] (tello_msgs) StdoutLine: {'line': b'[ 78%] Built target tello_msgs__py\n'}
[2.957072] (-) TimerEvent: {}
[3.038774] (competition) JobEnded: {'identifier': 'competition', 'rc': 0}
[3.057491] (-) TimerEvent: {}
[3.158583] (-) TimerEvent: {}
[3.220734] (tello_msgs) StdoutLine: {'line': b'[ 87%] Built target tello_msgs__python\n'}
[3.258895] (-) TimerEvent: {}
[3.360430] (-) TimerEvent: {}
[3.463405] (-) TimerEvent: {}
[3.564945] (-) TimerEvent: {}
[3.656027] (tello_msgs) StdoutLine: {'line': b'[ 93%] Built target tello_msgs__rosidl_typesupport_introspection_c__pyext\n'}
[3.665199] (-) TimerEvent: {}
[3.672739] (tello_msgs) StdoutLine: {'line': b'[100%] Built target tello_msgs__rosidl_typesupport_c__pyext\n'}
[3.678483] (tello_msgs) StdoutLine: {'line': b'[100%] Built target tello_msgs__rosidl_typesupport_fastrtps_c__pyext\n'}
[3.765412] (-) TimerEvent: {}
[3.857527] (tello_msgs) CommandEnded: {'returncode': 0}
[3.865545] (-) TimerEvent: {}
[3.966715] (-) TimerEvent: {}
[4.067682] (-) TimerEvent: {}
[4.168988] (-) TimerEvent: {}
[4.269991] (-) TimerEvent: {}
[4.371392] (-) TimerEvent: {}
[4.472672] (-) TimerEvent: {}
[4.573794] (-) TimerEvent: {}
[4.675089] (-) TimerEvent: {}
[4.777469] (-) TimerEvent: {}
[4.878964] (-) TimerEvent: {}
[4.980317] (-) TimerEvent: {}
[5.081449] (-) TimerEvent: {}
[5.183603] (-) TimerEvent: {}
[5.284671] (-) TimerEvent: {}
[5.383722] (tello_msgs) JobProgress: {'identifier': 'tello_msgs', 'progress': 'install'}
[5.384853] (-) TimerEvent: {}
[5.451236] (tello_msgs) Command: {'cmd': ['/usr/bin/cmake', '--install', '/home/ubuntu/Desktop/16.633_ros/flight_ws/build/tello_msgs'], 'cwd': '/home/ubuntu/Desktop/16.633_ros/flight_ws/build/tello_msgs', 'env': OrderedDict([('VNCDESKTOP', 'd0e6dc772bf2:1 (ubuntu)'), ('QT_SCALE_FACTOR', '1'), ('USER', 'ubuntu'), ('SUPERVISOR_GROUP_NAME', 'vnc'), ('HOSTNAME', 'd0e6dc772bf2'), ('SHLVL', '2'), ('LD_LIBRARY_PATH', '/home/ubuntu/Desktop/16.633_ros/flight_ws/install/tello_msgs/lib:/usr/lib/x86_64-linux-gnu/gazebo-11/plugins:/opt/ros/foxy/opt/yaml_cpp_vendor/lib:/opt/ros/foxy/opt/rviz_ogre_vendor/lib:/opt/ros/foxy/lib/x86_64-linux-gnu:/opt/ros/foxy/lib'), ('HOME', '/home/ubuntu'), ('OLDPWD', '/home/ubuntu/Desktop/16.633_ros'), ('ROS_PYTHON_VERSION', '3'), ('LC_CTYPE', 'C.UTF-8'), ('DBUS_SESSION_BUS_ADDRESS', 'unix:abstract=/tmp/dbus-0RCRJFHOVg,guid=87bbc748d29ef53aa32dd9dd65021649'), ('COLORTERM', 'truecolor'), ('COLCON_PREFIX_PATH', '/home/ubuntu/Desktop/16.633_ros/flight_ws/install'), ('ROS_DISTRO', 'foxy'), ('WINDOWID', '41943046'), ('QT_AUTO_SCREEN_SCALE_FACTOR', '0'), ('_', '/usr/bin/colcon'), ('ROS_VERSION', '2'), ('TERM', 'xterm-256color'), ('GTK_OVERLAY_SCROLLING', '0'), ('ROS_LOCALHOST_ONLY', '0'), ('INSIDE_CAJA_PYTHON', ''), ('PATH', '/opt/ros/foxy/bin:/usr/local/sbin:/usr/local/bin:/usr/sbin:/usr/bin:/sbin:/bin'), ('SESSION_MANAGER', 'local/d0e6dc772bf2:@/tmp/.ICE-unix/65,unix/d0e6dc772bf2:/tmp/.ICE-unix/65'), ('DISPLAY', ':1'), ('XDG_CURRENT_DESKTOP', 'MATE'), ('SUPERVISOR_ENABLED', '1'), ('AMENT_PREFIX_PATH', '/home/ubuntu/Desktop/16.633_ros/flight_ws/install/tello_msgs:/home/ubuntu/Desktop/16.633_ros/flight_ws/install/competition:/opt/ros/foxy'), ('PASSWD', 'ubuntu'), ('SUPERVISOR_SERVER_URL', 'unix:///var/run/supervisor.sock'), ('SUPERVISOR_PROCESS_NAME', 'vnc'), ('PWD', '/home/ubuntu/Desktop/16.633_ros/flight_ws/build/tello_msgs'), ('PYTHONPATH', '/home/ubuntu/Desktop/16.633_ros/flight_ws/install/tello_msgs/lib/python3.8/site-packages:/home/ubuntu/Desktop/16.633_ros/flight_ws/build/competition:/home/ubuntu/Desktop/16.633_ros/flight_ws/install/competition/lib/python3.8/site-packages:/opt/ros/foxy/lib/python3.8/site-packages'), ('MATE_DESKTOP_SESSION_ID', 'this-is-deprecated'), ('COLCON', '1'), ('VTE_VERSION', '6003'), ('CMAKE_PREFIX_PATH', '/home/ubuntu/Desktop/16.633_ros/flight_ws/install/tello_msgs:/home/ubuntu/Desktop/16.633_ros/flight_ws/install/competition:/opt/ros/foxy')]), 'shell': False}
[5.485075] (-) TimerEvent: {}
[5.519435] (tello_msgs) StdoutLine: {'line': b'-- Install configuration: ""\n'}
[5.526338] (tello_msgs) StdoutLine: {'line': b'-- Execute custom install script\n'}
[5.533651] (tello_msgs) StdoutLine: {'line': b'-- Up-to-date symlink: /home/ubuntu/Desktop/16.633_ros/flight_ws/install/tello_msgs/share/ament_index/resource_index/rosidl_interfaces/tello_msgs\n'}
[5.545213] (tello_msgs) StdoutLine: {'line': b'-- Up-to-date symlink: /home/ubuntu/Desktop/16.633_ros/flight_ws/install/tello_msgs/include/tello_msgs/msg/detail/flight_data__functions.h\n'}
[5.551815] (tello_msgs) StdoutLine: {'line': b'-- Up-to-date symlink: /home/ubuntu/Desktop/16.633_ros/flight_ws/install/tello_msgs/include/tello_msgs/msg/detail/flight_data__struct.h\n'}
[5.557018] (tello_msgs) StdoutLine: {'line': b'-- Up-to-date symlink: /home/ubuntu/Desktop/16.633_ros/flight_ws/install/tello_msgs/include/tello_msgs/msg/detail/flight_data__type_support.h\n'}
[5.561995] (tello_msgs) StdoutLine: {'line': b'-- Up-to-date symlink: /home/ubuntu/Desktop/16.633_ros/flight_ws/install/tello_msgs/include/tello_msgs/msg/detail/tello_response__functions.h\n'}
[5.567043] (tello_msgs) StdoutLine: {'line': b'-- Up-to-date symlink: /home/ubuntu/Desktop/16.633_ros/flight_ws/install/tello_msgs/include/tello_msgs/msg/detail/tello_response__struct.h\n'}
[5.571777] (tello_msgs) StdoutLine: {'line': b'-- Up-to-date symlink: /home/ubuntu/Desktop/16.633_ros/flight_ws/install/tello_msgs/include/tello_msgs/msg/detail/tello_response__type_support.h\n'}
[5.579705] (tello_msgs) StdoutLine: {'line': b'-- Up-to-date symlink: /home/ubuntu/Desktop/16.633_ros/flight_ws/install/tello_msgs/include/tello_msgs/msg/flight_data.h\n'}
[5.585194] (-) TimerEvent: {}
[5.586152] (tello_msgs) StdoutLine: {'line': b'-- Up-to-date symlink: /home/ubuntu/Desktop/16.633_ros/flight_ws/install/tello_msgs/include/tello_msgs/msg/rosidl_generator_c__visibility_control.h\n'}
[5.590221] (tello_msgs) StdoutLine: {'line': b'-- Up-to-date symlink: /home/ubuntu/Desktop/16.633_ros/flight_ws/install/tello_msgs/include/tello_msgs/msg/tello_response.h\n'}
[5.594989] (tello_msgs) StdoutLine: {'line': b'-- Up-to-date symlink: /home/ubuntu/Desktop/16.633_ros/flight_ws/install/tello_msgs/include/tello_msgs/srv/detail/tello_action__functions.h\n'}
[5.602856] (tello_msgs) StdoutLine: {'line': b'-- Up-to-date symlink: /home/ubuntu/Desktop/16.633_ros/flight_ws/install/tello_msgs/include/tello_msgs/srv/detail/tello_action__struct.h\n'}
[5.608878] (tello_msgs) StdoutLine: {'line': b'-- Up-to-date symlink: /home/ubuntu/Desktop/16.633_ros/flight_ws/install/tello_msgs/include/tello_msgs/srv/detail/tello_action__type_support.h\n'}
[5.613454] (tello_msgs) StdoutLine: {'line': b'-- Up-to-date symlink: /home/ubuntu/Desktop/16.633_ros/flight_ws/install/tello_msgs/include/tello_msgs/srv/tello_action.h\n'}
[5.617788] (tello_msgs) StdoutLine: {'line': b'-- Up-to-date symlink: /home/ubuntu/Desktop/16.633_ros/flight_ws/install/tello_msgs/share/tello_msgs/environment/library_path.sh\n'}
[5.623458] (tello_msgs) StdoutLine: {'line': b'-- Up-to-date symlink: /home/ubuntu/Desktop/16.633_ros/flight_ws/install/tello_msgs/share/tello_msgs/environment/library_path.dsv\n'}
[5.631579] (tello_msgs) StdoutLine: {'line': b'-- Up-to-date symlink: /home/ubuntu/Desktop/16.633_ros/flight_ws/install/tello_msgs/include/tello_msgs/msg/detail/flight_data__rosidl_typesupport_fastrtps_c.h\n'}
[5.637827] (tello_msgs) StdoutLine: {'line': b'-- Up-to-date symlink: /home/ubuntu/Desktop/16.633_ros/flight_ws/install/tello_msgs/include/tello_msgs/msg/detail/tello_response__rosidl_typesupport_fastrtps_c.h\n'}
[5.645159] (tello_msgs) StdoutLine: {'line': b'-- Up-to-date symlink: /home/ubuntu/Desktop/16.633_ros/flight_ws/install/tello_msgs/include/tello_msgs/msg/rosidl_typesupport_fastrtps_c__visibility_control.h\n'}
[5.653146] (tello_msgs) StdoutLine: {'line': b'-- Up-to-date symlink: /home/ubuntu/Desktop/16.633_ros/flight_ws/install/tello_msgs/include/tello_msgs/srv/detail/tello_action__rosidl_typesupport_fastrtps_c.h\n'}
[5.663921] (tello_msgs) StdoutLine: {'line': b'-- Up-to-date symlink: /home/ubuntu/Desktop/16.633_ros/flight_ws/install/tello_msgs/lib/libtello_msgs__rosidl_typesupport_fastrtps_c.so\n'}
[5.675014] (tello_msgs) StdoutLine: {'line': b'-- Up-to-date symlink: /home/ubuntu/Desktop/16.633_ros/flight_ws/install/tello_msgs/include/tello_msgs/msg/detail/flight_data__rosidl_typesupport_fastrtps_cpp.hpp\n'}
[5.683132] (tello_msgs) StdoutLine: {'line': b'-- Up-to-date symlink: /home/ubuntu/Desktop/16.633_ros/flight_ws/install/tello_msgs/include/tello_msgs/msg/detail/tello_response__rosidl_typesupport_fastrtps_cpp.hpp\n'}
[5.690709] (-) TimerEvent: {}
[5.691735] (tello_msgs) StdoutLine: {'line': b'-- Up-to-date symlink: /home/ubuntu/Desktop/16.633_ros/flight_ws/install/tello_msgs/include/tello_msgs/msg/rosidl_typesupport_fastrtps_cpp__visibility_control.h\n'}
[5.697093] (tello_msgs) StdoutLine: {'line': b'-- Up-to-date symlink: /home/ubuntu/Desktop/16.633_ros/flight_ws/install/tello_msgs/include/tello_msgs/srv/detail/tello_action__rosidl_typesupport_fastrtps_cpp.hpp\n'}
[5.709355] (tello_msgs) StdoutLine: {'line': b'-- Up-to-date symlink: /home/ubuntu/Desktop/16.633_ros/flight_ws/install/tello_msgs/lib/libtello_msgs__rosidl_typesupport_fastrtps_cpp.so\n'}
[5.721647] (tello_msgs) StdoutLine: {'line': b'-- Up-to-date symlink: /home/ubuntu/Desktop/16.633_ros/flight_ws/install/tello_msgs/include/tello_msgs/msg/detail/flight_data__rosidl_typesupport_introspection_c.h\n'}
[5.729592] (tello_msgs) StdoutLine: {'line': b'-- Up-to-date symlink: /home/ubuntu/Desktop/16.633_ros/flight_ws/install/tello_msgs/include/tello_msgs/msg/detail/tello_response__rosidl_typesupport_introspection_c.h\n'}
[5.737777] (tello_msgs) StdoutLine: {'line': b'-- Up-to-date symlink: /home/ubuntu/Desktop/16.633_ros/flight_ws/install/tello_msgs/include/tello_msgs/msg/rosidl_typesupport_introspection_c__visibility_control.h\n'}
[5.745957] (tello_msgs) StdoutLine: {'line': b'-- Up-to-date symlink: /home/ubuntu/Desktop/16.633_ros/flight_ws/install/tello_msgs/include/tello_msgs/srv/detail/tello_action__rosidl_typesupport_introspection_c.h\n'}
[5.758567] (tello_msgs) StdoutLine: {'line': b'-- Up-to-date symlink: /home/ubuntu/Desktop/16.633_ros/flight_ws/install/tello_msgs/include/tello_msgs/msg/detail/flight_data__builder.hpp\n'}
[5.766115] (tello_msgs) StdoutLine: {'line': b'-- Up-to-date symlink: /home/ubuntu/Desktop/16.633_ros/flight_ws/install/tello_msgs/include/tello_msgs/msg/detail/flight_data__struct.hpp\n'}
[5.775479] (tello_msgs) StdoutLine: {'line': b'-- Up-to-date symlink: /home/ubuntu/Desktop/16.633_ros/flight_ws/install/tello_msgs/include/tello_msgs/msg/detail/flight_data__traits.hpp\n'}
[5.784159] (tello_msgs) StdoutLine: {'line': b'-- Up-to-date symlink: /home/ubuntu/Desktop/16.633_ros/flight_ws/install/tello_msgs/include/tello_msgs/msg/detail/flight_data__type_support.hpp\n'}
[5.790853] (-) TimerEvent: {}
[5.791961] (tello_msgs) StdoutLine: {'line': b'-- Up-to-date symlink: /home/ubuntu/Desktop/16.633_ros/flight_ws/install/tello_msgs/include/tello_msgs/msg/detail/tello_response__builder.hpp\n'}
[5.799013] (tello_msgs) StdoutLine: {'line': b'-- Up-to-date symlink: /home/ubuntu/Desktop/16.633_ros/flight_ws/install/tello_msgs/include/tello_msgs/msg/detail/tello_response__struct.hpp\n'}
[5.808452] (tello_msgs) StdoutLine: {'line': b'-- Up-to-date symlink: /home/ubuntu/Desktop/16.633_ros/flight_ws/install/tello_msgs/include/tello_msgs/msg/detail/tello_response__traits.hpp\n'}
[5.816727] (tello_msgs) StdoutLine: {'line': b'-- Up-to-date symlink: /home/ubuntu/Desktop/16.633_ros/flight_ws/install/tello_msgs/include/tello_msgs/msg/detail/tello_response__type_support.hpp\n'}
[5.824481] (tello_msgs) StdoutLine: {'line': b'-- Up-to-date symlink: /home/ubuntu/Desktop/16.633_ros/flight_ws/install/tello_msgs/include/tello_msgs/msg/flight_data.hpp\n'}
[5.832322] (tello_msgs) StdoutLine: {'line': b'-- Up-to-date symlink: /home/ubuntu/Desktop/16.633_ros/flight_ws/install/tello_msgs/include/tello_msgs/msg/rosidl_generator_cpp__visibility_control.hpp\n'}
[5.840851] (tello_msgs) StdoutLine: {'line': b'-- Up-to-date symlink: /home/ubuntu/Desktop/16.633_ros/flight_ws/install/tello_msgs/include/tello_msgs/msg/tello_response.hpp\n'}
[5.849180] (tello_msgs) StdoutLine: {'line': b'-- Up-to-date symlink: /home/ubuntu/Desktop/16.633_ros/flight_ws/install/tello_msgs/include/tello_msgs/srv/detail/tello_action__builder.hpp\n'}
[5.857226] (tello_msgs) StdoutLine: {'line': b'-- Up-to-date symlink: /home/ubuntu/Desktop/16.633_ros/flight_ws/install/tello_msgs/include/tello_msgs/srv/detail/tello_action__struct.hpp\n'}
[5.865636] (tello_msgs) StdoutLine: {'line': b'-- Up-to-date symlink: /home/ubuntu/Desktop/16.633_ros/flight_ws/install/tello_msgs/include/tello_msgs/srv/detail/tello_action__traits.hpp\n'}
[5.873992] (tello_msgs) StdoutLine: {'line': b'-- Up-to-date symlink: /home/ubuntu/Desktop/16.633_ros/flight_ws/install/tello_msgs/include/tello_msgs/srv/detail/tello_action__type_support.hpp\n'}
[5.882948] (tello_msgs) StdoutLine: {'line': b'-- Up-to-date symlink: /home/ubuntu/Desktop/16.633_ros/flight_ws/install/tello_msgs/include/tello_msgs/srv/tello_action.hpp\n'}
[5.891014] (-) TimerEvent: {}
[5.892789] (tello_msgs) StdoutLine: {'line': b'-- Up-to-date symlink: /home/ubuntu/Desktop/16.633_ros/flight_ws/install/tello_msgs/include/tello_msgs/msg/detail/flight_data__rosidl_typesupport_introspection_cpp.hpp\n'}
[5.900528] (tello_msgs) StdoutLine: {'line': b'-- Up-to-date symlink: /home/ubuntu/Desktop/16.633_ros/flight_ws/install/tello_msgs/include/tello_msgs/msg/detail/tello_response__rosidl_typesupport_introspection_cpp.hpp\n'}
[5.911173] (tello_msgs) StdoutLine: {'line': b'-- Up-to-date symlink: /home/ubuntu/Desktop/16.633_ros/flight_ws/install/tello_msgs/include/tello_msgs/srv/detail/tello_action__rosidl_typesupport_introspection_cpp.hpp\n'}
[5.920748] (tello_msgs) StdoutLine: {'line': b'-- Up-to-date symlink: /home/ubuntu/Desktop/16.633_ros/flight_ws/install/tello_msgs/share/tello_msgs/environment/pythonpath.sh\n'}
[5.931673] (tello_msgs) StdoutLine: {'line': b'-- Up-to-date symlink: /home/ubuntu/Desktop/16.633_ros/flight_ws/install/tello_msgs/share/tello_msgs/environment/pythonpath.dsv\n'}
[5.941944] (tello_msgs) StdoutLine: {'line': b'-- Up-to-date symlink: /home/ubuntu/Desktop/16.633_ros/flight_ws/install/tello_msgs/lib/python3.8/site-packages/tello_msgs/__init__.py\n'}
[5.952553] (tello_msgs) StdoutLine: {'line': b'-- Up-to-date symlink: /home/ubuntu/Desktop/16.633_ros/flight_ws/install/tello_msgs/lib/python3.8/site-packages/tello_msgs/msg/__init__.py\n'}
[5.958842] (tello_msgs) StdoutLine: {'line': b'-- Up-to-date symlink: /home/ubuntu/Desktop/16.633_ros/flight_ws/install/tello_msgs/lib/python3.8/site-packages/tello_msgs/msg/_flight_data.py\n'}
[5.965984] (tello_msgs) StdoutLine: {'line': b'-- Up-to-date symlink: /home/ubuntu/Desktop/16.633_ros/flight_ws/install/tello_msgs/lib/python3.8/site-packages/tello_msgs/msg/_tello_response.py\n'}
[5.973233] (tello_msgs) StdoutLine: {'line': b'-- Up-to-date symlink: /home/ubuntu/Desktop/16.633_ros/flight_ws/install/tello_msgs/lib/python3.8/site-packages/tello_msgs/srv/__init__.py\n'}
[5.983259] (tello_msgs) StdoutLine: {'line': b'-- Up-to-date symlink: /home/ubuntu/Desktop/16.633_ros/flight_ws/install/tello_msgs/lib/python3.8/site-packages/tello_msgs/srv/_tello_action.py\n'}
[5.991325] (-) TimerEvent: {}
[5.994047] (tello_msgs) StdoutLine: {'line': b'-- Up-to-date symlink: /home/ubuntu/Desktop/16.633_ros/flight_ws/install/tello_msgs/lib/python3.8/site-packages/tello_msgs/tello_msgs_s__rosidl_typesupport_fastrtps_c.cpython-38-x86_64-linux-gnu.so\n'}
[6.005429] (tello_msgs) StdoutLine: {'line': b'-- Up-to-date symlink: /home/ubuntu/Desktop/16.633_ros/flight_ws/install/tello_msgs/lib/python3.8/site-packages/tello_msgs/tello_msgs_s__rosidl_typesupport_introspection_c.cpython-38-x86_64-linux-gnu.so\n'}
[6.016097] (tello_msgs) StdoutLine: {'line': b'-- Up-to-date symlink: /home/ubuntu/Desktop/16.633_ros/flight_ws/install/tello_msgs/lib/python3.8/site-packages/tello_msgs/tello_msgs_s__rosidl_typesupport_c.cpython-38-x86_64-linux-gnu.so\n'}
[6.025443] (tello_msgs) StdoutLine: {'line': b'-- Up-to-date symlink: /home/ubuntu/Desktop/16.633_ros/flight_ws/install/tello_msgs/lib/libtello_msgs__python.so\n'}
[6.031023] (tello_msgs) StdoutLine: {'line': b'-- Up-to-date symlink: /home/ubuntu/Desktop/16.633_ros/flight_ws/install/tello_msgs/share/tello_msgs/msg/FlightData.idl\n'}
[6.039583] (tello_msgs) StdoutLine: {'line': b'-- Up-to-date symlink: /home/ubuntu/Desktop/16.633_ros/flight_ws/install/tello_msgs/share/tello_msgs/msg/TelloResponse.idl\n'}
[6.045431] (tello_msgs) StdoutLine: {'line': b'-- Up-to-date symlink: /home/ubuntu/Desktop/16.633_ros/flight_ws/install/tello_msgs/share/tello_msgs/srv/TelloAction.idl\n'}
[6.052923] (tello_msgs) StdoutLine: {'line': b'-- Up-to-date symlink: /home/ubuntu/Desktop/16.633_ros/flight_ws/install/tello_msgs/share/tello_msgs/msg/FlightData.msg\n'}
[6.059054] (tello_msgs) StdoutLine: {'line': b'-- Up-to-date symlink: /home/ubuntu/Desktop/16.633_ros/flight_ws/install/tello_msgs/share/tello_msgs/msg/TelloResponse.msg\n'}
[6.066822] (tello_msgs) StdoutLine: {'line': b'-- Up-to-date symlink: /home/ubuntu/Desktop/16.633_ros/flight_ws/install/tello_msgs/share/tello_msgs/srv/TelloAction.srv\n'}
[6.075442] (tello_msgs) StdoutLine: {'line': b'-- Up-to-date symlink: /home/ubuntu/Desktop/16.633_ros/flight_ws/install/tello_msgs/share/tello_msgs/srv/TelloAction_Request.msg\n'}
[6.081900] (tello_msgs) StdoutLine: {'line': b'-- Up-to-date symlink: /home/ubuntu/Desktop/16.633_ros/flight_ws/install/tello_msgs/share/tello_msgs/srv/TelloAction_Response.msg\n'}
[6.089361] (tello_msgs) StdoutLine: {'line': b'-- Up-to-date symlink: /home/ubuntu/Desktop/16.633_ros/flight_ws/install/tello_msgs/share/ament_index/resource_index/package_run_dependencies/tello_msgs\n'}
[6.093098] (-) TimerEvent: {}
[6.096331] (tello_msgs) StdoutLine: {'line': b'-- Up-to-date symlink: /home/ubuntu/Desktop/16.633_ros/flight_ws/install/tello_msgs/share/ament_index/resource_index/parent_prefix_path/tello_msgs\n'}
[6.104870] (tello_msgs) StdoutLine: {'line': b'-- Up-to-date symlink: /home/ubuntu/Desktop/16.633_ros/flight_ws/install/tello_msgs/share/tello_msgs/environment/ament_prefix_path.sh\n'}
[6.113047] (tello_msgs) StdoutLine: {'line': b'-- Up-to-date symlink: /home/ubuntu/Desktop/16.633_ros/flight_ws/install/tello_msgs/share/tello_msgs/environment/ament_prefix_path.dsv\n'}
[6.120221] (tello_msgs) StdoutLine: {'line': b'-- Up-to-date symlink: /home/ubuntu/Desktop/16.633_ros/flight_ws/install/tello_msgs/share/tello_msgs/environment/path.sh\n'}
[6.126648] (tello_msgs) StdoutLine: {'line': b'-- Up-to-date symlink: /home/ubuntu/Desktop/16.633_ros/flight_ws/install/tello_msgs/share/tello_msgs/environment/path.dsv\n'}
[6.131454] (tello_msgs) StdoutLine: {'line': b'-- Up-to-date symlink: /home/ubuntu/Desktop/16.633_ros/flight_ws/install/tello_msgs/share/tello_msgs/local_setup.bash\n'}
[6.136720] (tello_msgs) StdoutLine: {'line': b'-- Up-to-date symlink: /home/ubuntu/Desktop/16.633_ros/flight_ws/install/tello_msgs/share/tello_msgs/local_setup.sh\n'}
[6.142096] (tello_msgs) StdoutLine: {'line': b'-- Up-to-date symlink: /home/ubuntu/Desktop/16.633_ros/flight_ws/install/tello_msgs/share/tello_msgs/local_setup.zsh\n'}
[6.150445] (tello_msgs) StdoutLine: {'line': b'-- Up-to-date symlink: /home/ubuntu/Desktop/16.633_ros/flight_ws/install/tello_msgs/share/tello_msgs/local_setup.dsv\n'}
[6.157641] (tello_msgs) StdoutLine: {'line': b'-- Symlinking: /home/ubuntu/Desktop/16.633_ros/flight_ws/install/tello_msgs/share/tello_msgs/package.dsv\n'}
[6.193390] (-) TimerEvent: {}
[6.273746] (tello_msgs) StdoutLine: {'line': b'-- Up-to-date symlink: /home/ubuntu/Desktop/16.633_ros/flight_ws/install/tello_msgs/share/ament_index/resource_index/packages/tello_msgs\n'}
[6.285480] (tello_msgs) StdoutLine: {'line': b'-- Up-to-date symlink: /home/ubuntu/Desktop/16.633_ros/flight_ws/install/tello_msgs/share/tello_msgs/cmake/rosidl_cmake-extras.cmake\n'}
[6.293540] (-) TimerEvent: {}
[6.295520] (tello_msgs) StdoutLine: {'line': b'-- Up-to-date symlink: /home/ubuntu/Desktop/16.633_ros/flight_ws/install/tello_msgs/share/tello_msgs/cmake/ament_cmake_export_dependencies-extras.cmake\n'}
[6.305732] (tello_msgs) StdoutLine: {'line': b'-- Up-to-date symlink: /home/ubuntu/Desktop/16.633_ros/flight_ws/install/tello_msgs/share/tello_msgs/cmake/ament_cmake_export_libraries-extras.cmake\n'}
[6.314385] (tello_msgs) StdoutLine: {'line': b'-- Up-to-date symlink: /home/ubuntu/Desktop/16.633_ros/flight_ws/install/tello_msgs/share/tello_msgs/cmake/ament_cmake_export_targets-extras.cmake\n'}
[6.321691] (tello_msgs) StdoutLine: {'line': b'-- Up-to-date symlink: /home/ubuntu/Desktop/16.633_ros/flight_ws/install/tello_msgs/share/tello_msgs/cmake/ament_cmake_export_include_directories-extras.cmake\n'}
[6.328449] (tello_msgs) StdoutLine: {'line': b'-- Up-to-date symlink: /home/ubuntu/Desktop/16.633_ros/flight_ws/install/tello_msgs/share/tello_msgs/cmake/rosidl_cmake_export_typesupport_libraries-extras.cmake\n'}
[6.339573] (tello_msgs) StdoutLine: {'line': b'-- Up-to-date symlink: /home/ubuntu/Desktop/16.633_ros/flight_ws/install/tello_msgs/share/tello_msgs/cmake/rosidl_cmake_export_typesupport_targets-extras.cmake\n'}
[6.347937] (tello_msgs) StdoutLine: {'line': b'-- Up-to-date symlink: /home/ubuntu/Desktop/16.633_ros/flight_ws/install/tello_msgs/share/tello_msgs/cmake/tello_msgsConfig.cmake\n'}
[6.357019] (tello_msgs) StdoutLine: {'line': b'-- Up-to-date symlink: /home/ubuntu/Desktop/16.633_ros/flight_ws/install/tello_msgs/share/tello_msgs/cmake/tello_msgsConfig-version.cmake\n'}
[6.363817] (tello_msgs) StdoutLine: {'line': b'-- Up-to-date symlink: /home/ubuntu/Desktop/16.633_ros/flight_ws/install/tello_msgs/share/tello_msgs/package.xml\n'}
[6.369520] (tello_msgs) StdoutLine: {'line': b'-- Up-to-date: /home/ubuntu/Desktop/16.633_ros/flight_ws/install/tello_msgs/lib/libtello_msgs__rosidl_generator_c.so\n'}
[6.380822] (tello_msgs) StdoutLine: {'line': b'-- Up-to-date: /home/ubuntu/Desktop/16.633_ros/flight_ws/install/tello_msgs/lib/libtello_msgs__rosidl_typesupport_introspection_c.so\n'}
[6.392109] (tello_msgs) StdoutLine: {'line': b'-- Up-to-date: /home/ubuntu/Desktop/16.633_ros/flight_ws/install/tello_msgs/lib/libtello_msgs__rosidl_typesupport_c.so\n'}
[6.395431] (-) TimerEvent: {}
[6.401854] (tello_msgs) StdoutLine: {'line': b'-- Up-to-date: /home/ubuntu/Desktop/16.633_ros/flight_ws/install/tello_msgs/lib/libtello_msgs__rosidl_typesupport_introspection_cpp.so\n'}
[6.412464] (tello_msgs) StdoutLine: {'line': b'-- Up-to-date: /home/ubuntu/Desktop/16.633_ros/flight_ws/install/tello_msgs/lib/libtello_msgs__rosidl_typesupport_cpp.so\n'}
[6.495579] (-) TimerEvent: {}
[6.497907] (tello_msgs) StdoutLine: {'line': b'-- Up-to-date: /home/ubuntu/Desktop/16.633_ros/flight_ws/install/tello_msgs/share/tello_msgs/cmake/tello_msgs__rosidl_generator_cExport.cmake\n'}
[6.501533] (tello_msgs) StdoutLine: {'line': b'-- Up-to-date: /home/ubuntu/Desktop/16.633_ros/flight_ws/install/tello_msgs/share/tello_msgs/cmake/tello_msgs__rosidl_generator_cExport-noconfig.cmake\n'}
[6.505669] (tello_msgs) StdoutLine: {'line': b'-- Up-to-date: /home/ubuntu/Desktop/16.633_ros/flight_ws/install/tello_msgs/share/tello_msgs/cmake/tello_msgs__rosidl_typesupport_introspection_cExport.cmake\n'}
[6.509326] (tello_msgs) StdoutLine: {'line': b'-- Up-to-date: /home/ubuntu/Desktop/16.633_ros/flight_ws/install/tello_msgs/share/tello_msgs/cmake/tello_msgs__rosidl_typesupport_introspection_cExport-noconfig.cmake\n'}
[6.513660] (tello_msgs) StdoutLine: {'line': b'-- Up-to-date: /home/ubuntu/Desktop/16.633_ros/flight_ws/install/tello_msgs/share/tello_msgs/cmake/tello_msgs__rosidl_typesupport_cExport.cmake\n'}
[6.516999] (tello_msgs) StdoutLine: {'line': b'-- Up-to-date: /home/ubuntu/Desktop/16.633_ros/flight_ws/install/tello_msgs/share/tello_msgs/cmake/tello_msgs__rosidl_typesupport_cExport-noconfig.cmake\n'}
[6.531707] (tello_msgs) StdoutLine: {'line': b'-- Up-to-date: /home/ubuntu/Desktop/16.633_ros/flight_ws/install/tello_msgs/share/tello_msgs/cmake/tello_msgs__rosidl_generator_cppExport.cmake\n'}
[6.542876] (tello_msgs) StdoutLine: {'line': b'-- Up-to-date: /home/ubuntu/Desktop/16.633_ros/flight_ws/install/tello_msgs/share/tello_msgs/cmake/tello_msgs__rosidl_typesupport_introspection_cppExport.cmake\n'}
[6.548440] (tello_msgs) StdoutLine: {'line': b'-- Up-to-date: /home/ubuntu/Desktop/16.633_ros/flight_ws/install/tello_msgs/share/tello_msgs/cmake/tello_msgs__rosidl_typesupport_introspection_cppExport-noconfig.cmake\n'}
[6.559337] (tello_msgs) StdoutLine: {'line': b'-- Up-to-date: /home/ubuntu/Desktop/16.633_ros/flight_ws/install/tello_msgs/share/tello_msgs/cmake/tello_msgs__rosidl_typesupport_cppExport.cmake\n'}
[6.564389] (tello_msgs) StdoutLine: {'line': b'-- Up-to-date: /home/ubuntu/Desktop/16.633_ros/flight_ws/install/tello_msgs/share/tello_msgs/cmake/tello_msgs__rosidl_typesupport_cppExport-noconfig.cmake\n'}
[6.576746] (tello_msgs) CommandEnded: {'returncode': 0}
[6.595845] (-) TimerEvent: {}
[6.701347] (-) TimerEvent: {}
[6.810834] (-) TimerEvent: {}
[6.911876] (-) TimerEvent: {}
[7.013346] (-) TimerEvent: {}
[7.115615] (-) TimerEvent: {}
[7.216674] (-) TimerEvent: {}
[7.317926] (-) TimerEvent: {}
[7.419416] (-) TimerEvent: {}
[7.521121] (-) TimerEvent: {}
[7.622392] (-) TimerEvent: {}
[7.723720] (-) TimerEvent: {}
[7.824668] (-) TimerEvent: {}
[7.925685] (-) TimerEvent: {}
[8.026797] (-) TimerEvent: {}
[8.128536] (-) TimerEvent: {}
[8.229826] (-) TimerEvent: {}
[8.330783] (-) TimerEvent: {}
[8.439345] (-) TimerEvent: {}
[8.540532] (-) TimerEvent: {}
[8.551551] (tello_msgs) JobEnded: {'identifier': 'tello_msgs', 'rc': 0}
[8.558982] (-) EventReactorShutdown: {}
