[0.553s] Invoking command in '/home/ubuntu/Desktop/16.633_ros/flight_ws/build/tello_msgs': CMAKE_PREFIX_PATH=${CMAKE_PREFIX_PATH}:/home/ubuntu/Desktop/16.633_ros/flight_ws/install/competition:/opt/ros/foxy /usr/bin/cmake --build /home/ubuntu/Desktop/16.633_ros/flight_ws/build/tello_msgs -- -j6 -l6
[1.276s] [  2%] Built target tello_msgs__cpp
[1.341s] [ 12%] Built target tello_msgs__rosidl_generator_c
[1.898s] [ 36%] Built target tello_msgs__rosidl_typesupport_cpp
[1.943s] [ 59%] Built target tello_msgs__rosidl_typesupport_introspection_c
[1.954s] [ 59%] Built target tello_msgs__rosidl_typesupport_fastrtps_cpp
[1.967s] [ 65%] Built target tello_msgs__rosidl_typesupport_introspection_cpp
[1.971s] [ 65%] Built target tello_msgs__rosidl_typesupport_c
[2.292s] [ 76%] Built target tello_msgs__rosidl_typesupport_fastrtps_c
[2.569s] [ 76%] Built target tello_msgs
[2.865s] [ 78%] Built target tello_msgs__py
[3.157s] [ 87%] Built target tello_msgs__python
[3.593s] [ 93%] Built target tello_msgs__rosidl_typesupport_introspection_c__pyext
[3.611s] [100%] Built target tello_msgs__rosidl_typesupport_c__pyext
[3.616s] [100%] Built target tello_msgs__rosidl_typesupport_fastrtps_c__pyext
[3.795s] Invoked command in '/home/ubuntu/Desktop/16.633_ros/flight_ws/build/tello_msgs' returned '0': CMAKE_PREFIX_PATH=${CMAKE_PREFIX_PATH}:/home/ubuntu/Desktop/16.633_ros/flight_ws/install/competition:/opt/ros/foxy /usr/bin/cmake --build /home/ubuntu/Desktop/16.633_ros/flight_ws/build/tello_msgs -- -j6 -l6
[5.388s] Invoking command in '/home/ubuntu/Desktop/16.633_ros/flight_ws/build/tello_msgs': CMAKE_PREFIX_PATH=${CMAKE_PREFIX_PATH}:/home/ubuntu/Desktop/16.633_ros/flight_ws/install/competition:/opt/ros/foxy /usr/bin/cmake --install /home/ubuntu/Desktop/16.633_ros/flight_ws/build/tello_msgs
[5.456s] -- Install configuration: ""
[5.462s] -- Execute custom install script
[5.472s] -- Up-to-date symlink: /home/ubuntu/Desktop/16.633_ros/flight_ws/install/tello_msgs/share/ament_index/resource_index/rosidl_interfaces/tello_msgs
[5.483s] -- Up-to-date symlink: /home/ubuntu/Desktop/16.633_ros/flight_ws/install/tello_msgs/include/tello_msgs/msg/detail/flight_data__functions.h
[5.488s] -- Up-to-date symlink: /home/ubuntu/Desktop/16.633_ros/flight_ws/install/tello_msgs/include/tello_msgs/msg/detail/flight_data__struct.h
[5.493s] -- Up-to-date symlink: /home/ubuntu/Desktop/16.633_ros/flight_ws/install/tello_msgs/include/tello_msgs/msg/detail/flight_data__type_support.h
[5.498s] -- Up-to-date symlink: /home/ubuntu/Desktop/16.633_ros/flight_ws/install/tello_msgs/include/tello_msgs/msg/detail/tello_response__functions.h
[5.503s] -- Up-to-date symlink: /home/ubuntu/Desktop/16.633_ros/flight_ws/install/tello_msgs/include/tello_msgs/msg/detail/tello_response__struct.h
[5.511s] -- Up-to-date symlink: /home/ubuntu/Desktop/16.633_ros/flight_ws/install/tello_msgs/include/tello_msgs/msg/detail/tello_response__type_support.h
[5.516s] -- Up-to-date symlink: /home/ubuntu/Desktop/16.633_ros/flight_ws/install/tello_msgs/include/tello_msgs/msg/flight_data.h
[5.522s] -- Up-to-date symlink: /home/ubuntu/Desktop/16.633_ros/flight_ws/install/tello_msgs/include/tello_msgs/msg/rosidl_generator_c__visibility_control.h
[5.526s] -- Up-to-date symlink: /home/ubuntu/Desktop/16.633_ros/flight_ws/install/tello_msgs/include/tello_msgs/msg/tello_response.h
[5.532s] -- Up-to-date symlink: /home/ubuntu/Desktop/16.633_ros/flight_ws/install/tello_msgs/include/tello_msgs/srv/detail/tello_action__functions.h
[5.539s] -- Up-to-date symlink: /home/ubuntu/Desktop/16.633_ros/flight_ws/install/tello_msgs/include/tello_msgs/srv/detail/tello_action__struct.h
[5.545s] -- Up-to-date symlink: /home/ubuntu/Desktop/16.633_ros/flight_ws/install/tello_msgs/include/tello_msgs/srv/detail/tello_action__type_support.h
[5.549s] -- Up-to-date symlink: /home/ubuntu/Desktop/16.633_ros/flight_ws/install/tello_msgs/include/tello_msgs/srv/tello_action.h
[5.554s] -- Up-to-date symlink: /home/ubuntu/Desktop/16.633_ros/flight_ws/install/tello_msgs/share/tello_msgs/environment/library_path.sh
[5.559s] -- Up-to-date symlink: /home/ubuntu/Desktop/16.633_ros/flight_ws/install/tello_msgs/share/tello_msgs/environment/library_path.dsv
[5.569s] -- Up-to-date symlink: /home/ubuntu/Desktop/16.633_ros/flight_ws/install/tello_msgs/include/tello_msgs/msg/detail/flight_data__rosidl_typesupport_fastrtps_c.h
[5.574s] -- Up-to-date symlink: /home/ubuntu/Desktop/16.633_ros/flight_ws/install/tello_msgs/include/tello_msgs/msg/detail/tello_response__rosidl_typesupport_fastrtps_c.h
[5.583s] -- Up-to-date symlink: /home/ubuntu/Desktop/16.633_ros/flight_ws/install/tello_msgs/include/tello_msgs/msg/rosidl_typesupport_fastrtps_c__visibility_control.h
[5.591s] -- Up-to-date symlink: /home/ubuntu/Desktop/16.633_ros/flight_ws/install/tello_msgs/include/tello_msgs/srv/detail/tello_action__rosidl_typesupport_fastrtps_c.h
[5.601s] -- Up-to-date symlink: /home/ubuntu/Desktop/16.633_ros/flight_ws/install/tello_msgs/lib/libtello_msgs__rosidl_typesupport_fastrtps_c.so
[5.613s] -- Up-to-date symlink: /home/ubuntu/Desktop/16.633_ros/flight_ws/install/tello_msgs/include/tello_msgs/msg/detail/flight_data__rosidl_typesupport_fastrtps_cpp.hpp
[5.623s] -- Up-to-date symlink: /home/ubuntu/Desktop/16.633_ros/flight_ws/install/tello_msgs/include/tello_msgs/msg/detail/tello_response__rosidl_typesupport_fastrtps_cpp.hpp
[5.628s] -- Up-to-date symlink: /home/ubuntu/Desktop/16.633_ros/flight_ws/install/tello_msgs/include/tello_msgs/msg/rosidl_typesupport_fastrtps_cpp__visibility_control.h
[5.634s] -- Up-to-date symlink: /home/ubuntu/Desktop/16.633_ros/flight_ws/install/tello_msgs/include/tello_msgs/srv/detail/tello_action__rosidl_typesupport_fastrtps_cpp.hpp
[5.647s] -- Up-to-date symlink: /home/ubuntu/Desktop/16.633_ros/flight_ws/install/tello_msgs/lib/libtello_msgs__rosidl_typesupport_fastrtps_cpp.so
[5.660s] -- Up-to-date symlink: /home/ubuntu/Desktop/16.633_ros/flight_ws/install/tello_msgs/include/tello_msgs/msg/detail/flight_data__rosidl_typesupport_introspection_c.h
[5.667s] -- Up-to-date symlink: /home/ubuntu/Desktop/16.633_ros/flight_ws/install/tello_msgs/include/tello_msgs/msg/detail/tello_response__rosidl_typesupport_introspection_c.h
[5.675s] -- Up-to-date symlink: /home/ubuntu/Desktop/16.633_ros/flight_ws/install/tello_msgs/include/tello_msgs/msg/rosidl_typesupport_introspection_c__visibility_control.h
[5.685s] -- Up-to-date symlink: /home/ubuntu/Desktop/16.633_ros/flight_ws/install/tello_msgs/include/tello_msgs/srv/detail/tello_action__rosidl_typesupport_introspection_c.h
[5.696s] -- Up-to-date symlink: /home/ubuntu/Desktop/16.633_ros/flight_ws/install/tello_msgs/include/tello_msgs/msg/detail/flight_data__builder.hpp
[5.705s] -- Up-to-date symlink: /home/ubuntu/Desktop/16.633_ros/flight_ws/install/tello_msgs/include/tello_msgs/msg/detail/flight_data__struct.hpp
[5.713s] -- Up-to-date symlink: /home/ubuntu/Desktop/16.633_ros/flight_ws/install/tello_msgs/include/tello_msgs/msg/detail/flight_data__traits.hpp
[5.722s] -- Up-to-date symlink: /home/ubuntu/Desktop/16.633_ros/flight_ws/install/tello_msgs/include/tello_msgs/msg/detail/flight_data__type_support.hpp
[5.729s] -- Up-to-date symlink: /home/ubuntu/Desktop/16.633_ros/flight_ws/install/tello_msgs/include/tello_msgs/msg/detail/tello_response__builder.hpp
[5.737s] -- Up-to-date symlink: /home/ubuntu/Desktop/16.633_ros/flight_ws/install/tello_msgs/include/tello_msgs/msg/detail/tello_response__struct.hpp
[5.747s] -- Up-to-date symlink: /home/ubuntu/Desktop/16.633_ros/flight_ws/install/tello_msgs/include/tello_msgs/msg/detail/tello_response__traits.hpp
[5.754s] -- Up-to-date symlink: /home/ubuntu/Desktop/16.633_ros/flight_ws/install/tello_msgs/include/tello_msgs/msg/detail/tello_response__type_support.hpp
[5.762s] -- Up-to-date symlink: /home/ubuntu/Desktop/16.633_ros/flight_ws/install/tello_msgs/include/tello_msgs/msg/flight_data.hpp
[5.769s] -- Up-to-date symlink: /home/ubuntu/Desktop/16.633_ros/flight_ws/install/tello_msgs/include/tello_msgs/msg/rosidl_generator_cpp__visibility_control.hpp
[5.778s] -- Up-to-date symlink: /home/ubuntu/Desktop/16.633_ros/flight_ws/install/tello_msgs/include/tello_msgs/msg/tello_response.hpp
[5.787s] -- Up-to-date symlink: /home/ubuntu/Desktop/16.633_ros/flight_ws/install/tello_msgs/include/tello_msgs/srv/detail/tello_action__builder.hpp
[5.795s] -- Up-to-date symlink: /home/ubuntu/Desktop/16.633_ros/flight_ws/install/tello_msgs/include/tello_msgs/srv/detail/tello_action__struct.hpp
[5.803s] -- Up-to-date symlink: /home/ubuntu/Desktop/16.633_ros/flight_ws/install/tello_msgs/include/tello_msgs/srv/detail/tello_action__traits.hpp
[5.813s] -- Up-to-date symlink: /home/ubuntu/Desktop/16.633_ros/flight_ws/install/tello_msgs/include/tello_msgs/srv/detail/tello_action__type_support.hpp
[5.821s] -- Up-to-date symlink: /home/ubuntu/Desktop/16.633_ros/flight_ws/install/tello_msgs/include/tello_msgs/srv/tello_action.hpp
[5.830s] -- Up-to-date symlink: /home/ubuntu/Desktop/16.633_ros/flight_ws/install/tello_msgs/include/tello_msgs/msg/detail/flight_data__rosidl_typesupport_introspection_cpp.hpp
[5.840s] -- Up-to-date symlink: /home/ubuntu/Desktop/16.633_ros/flight_ws/install/tello_msgs/include/tello_msgs/msg/detail/tello_response__rosidl_typesupport_introspection_cpp.hpp
[5.850s] -- Up-to-date symlink: /home/ubuntu/Desktop/16.633_ros/flight_ws/install/tello_msgs/include/tello_msgs/srv/detail/tello_action__rosidl_typesupport_introspection_cpp.hpp
[5.858s] -- Up-to-date symlink: /home/ubuntu/Desktop/16.633_ros/flight_ws/install/tello_msgs/share/tello_msgs/environment/pythonpath.sh
[5.873s] -- Up-to-date symlink: /home/ubuntu/Desktop/16.633_ros/flight_ws/install/tello_msgs/share/tello_msgs/environment/pythonpath.dsv
[5.880s] -- Up-to-date symlink: /home/ubuntu/Desktop/16.633_ros/flight_ws/install/tello_msgs/lib/python3.8/site-packages/tello_msgs/__init__.py
[5.889s] -- Up-to-date symlink: /home/ubuntu/Desktop/16.633_ros/flight_ws/install/tello_msgs/lib/python3.8/site-packages/tello_msgs/msg/__init__.py
[5.897s] -- Up-to-date symlink: /home/ubuntu/Desktop/16.633_ros/flight_ws/install/tello_msgs/lib/python3.8/site-packages/tello_msgs/msg/_flight_data.py
[5.903s] -- Up-to-date symlink: /home/ubuntu/Desktop/16.633_ros/flight_ws/install/tello_msgs/lib/python3.8/site-packages/tello_msgs/msg/_tello_response.py
[5.913s] -- Up-to-date symlink: /home/ubuntu/Desktop/16.633_ros/flight_ws/install/tello_msgs/lib/python3.8/site-packages/tello_msgs/srv/__init__.py
[5.921s] -- Up-to-date symlink: /home/ubuntu/Desktop/16.633_ros/flight_ws/install/tello_msgs/lib/python3.8/site-packages/tello_msgs/srv/_tello_action.py
[5.933s] -- Up-to-date symlink: /home/ubuntu/Desktop/16.633_ros/flight_ws/install/tello_msgs/lib/python3.8/site-packages/tello_msgs/tello_msgs_s__rosidl_typesupport_fastrtps_c.cpython-38-x86_64-linux-gnu.so
[5.943s] -- Up-to-date symlink: /home/ubuntu/Desktop/16.633_ros/flight_ws/install/tello_msgs/lib/python3.8/site-packages/tello_msgs/tello_msgs_s__rosidl_typesupport_introspection_c.cpython-38-x86_64-linux-gnu.so
[5.953s] -- Up-to-date symlink: /home/ubuntu/Desktop/16.633_ros/flight_ws/install/tello_msgs/lib/python3.8/site-packages/tello_msgs/tello_msgs_s__rosidl_typesupport_c.cpython-38-x86_64-linux-gnu.so
[5.962s] -- Up-to-date symlink: /home/ubuntu/Desktop/16.633_ros/flight_ws/install/tello_msgs/lib/libtello_msgs__python.so
[5.969s] -- Up-to-date symlink: /home/ubuntu/Desktop/16.633_ros/flight_ws/install/tello_msgs/share/tello_msgs/msg/FlightData.idl
[5.976s] -- Up-to-date symlink: /home/ubuntu/Desktop/16.633_ros/flight_ws/install/tello_msgs/share/tello_msgs/msg/TelloResponse.idl
[5.982s] -- Up-to-date symlink: /home/ubuntu/Desktop/16.633_ros/flight_ws/install/tello_msgs/share/tello_msgs/srv/TelloAction.idl
[5.990s] -- Up-to-date symlink: /home/ubuntu/Desktop/16.633_ros/flight_ws/install/tello_msgs/share/tello_msgs/msg/FlightData.msg
[5.996s] -- Up-to-date symlink: /home/ubuntu/Desktop/16.633_ros/flight_ws/install/tello_msgs/share/tello_msgs/msg/TelloResponse.msg
[6.004s] -- Up-to-date symlink: /home/ubuntu/Desktop/16.633_ros/flight_ws/install/tello_msgs/share/tello_msgs/srv/TelloAction.srv
[6.012s] -- Up-to-date symlink: /home/ubuntu/Desktop/16.633_ros/flight_ws/install/tello_msgs/share/tello_msgs/srv/TelloAction_Request.msg
[6.018s] -- Up-to-date symlink: /home/ubuntu/Desktop/16.633_ros/flight_ws/install/tello_msgs/share/tello_msgs/srv/TelloAction_Response.msg
[6.026s] -- Up-to-date symlink: /home/ubuntu/Desktop/16.633_ros/flight_ws/install/tello_msgs/share/ament_index/resource_index/package_run_dependencies/tello_msgs
[6.035s] -- Up-to-date symlink: /home/ubuntu/Desktop/16.633_ros/flight_ws/install/tello_msgs/share/ament_index/resource_index/parent_prefix_path/tello_msgs
[6.042s] -- Up-to-date symlink: /home/ubuntu/Desktop/16.633_ros/flight_ws/install/tello_msgs/share/tello_msgs/environment/ament_prefix_path.sh
[6.050s] -- Up-to-date symlink: /home/ubuntu/Desktop/16.633_ros/flight_ws/install/tello_msgs/share/tello_msgs/environment/ament_prefix_path.dsv
[6.057s] -- Up-to-date symlink: /home/ubuntu/Desktop/16.633_ros/flight_ws/install/tello_msgs/share/tello_msgs/environment/path.sh
[6.062s] -- Up-to-date symlink: /home/ubuntu/Desktop/16.633_ros/flight_ws/install/tello_msgs/share/tello_msgs/environment/path.dsv
[6.068s] -- Up-to-date symlink: /home/ubuntu/Desktop/16.633_ros/flight_ws/install/tello_msgs/share/tello_msgs/local_setup.bash
[6.073s] -- Up-to-date symlink: /home/ubuntu/Desktop/16.633_ros/flight_ws/install/tello_msgs/share/tello_msgs/local_setup.sh
[6.078s] -- Up-to-date symlink: /home/ubuntu/Desktop/16.633_ros/flight_ws/install/tello_msgs/share/tello_msgs/local_setup.zsh
[6.088s] -- Up-to-date symlink: /home/ubuntu/Desktop/16.633_ros/flight_ws/install/tello_msgs/share/tello_msgs/local_setup.dsv
[6.097s] -- Symlinking: /home/ubuntu/Desktop/16.633_ros/flight_ws/install/tello_msgs/share/tello_msgs/package.dsv
[6.214s] -- Up-to-date symlink: /home/ubuntu/Desktop/16.633_ros/flight_ws/install/tello_msgs/share/ament_index/resource_index/packages/tello_msgs
[6.226s] -- Up-to-date symlink: /home/ubuntu/Desktop/16.633_ros/flight_ws/install/tello_msgs/share/tello_msgs/cmake/rosidl_cmake-extras.cmake
[6.234s] -- Up-to-date symlink: /home/ubuntu/Desktop/16.633_ros/flight_ws/install/tello_msgs/share/tello_msgs/cmake/ament_cmake_export_dependencies-extras.cmake
[6.246s] -- Up-to-date symlink: /home/ubuntu/Desktop/16.633_ros/flight_ws/install/tello_msgs/share/tello_msgs/cmake/ament_cmake_export_libraries-extras.cmake
[6.252s] -- Up-to-date symlink: /home/ubuntu/Desktop/16.633_ros/flight_ws/install/tello_msgs/share/tello_msgs/cmake/ament_cmake_export_targets-extras.cmake
[6.260s] -- Up-to-date symlink: /home/ubuntu/Desktop/16.633_ros/flight_ws/install/tello_msgs/share/tello_msgs/cmake/ament_cmake_export_include_directories-extras.cmake
[6.266s] -- Up-to-date symlink: /home/ubuntu/Desktop/16.633_ros/flight_ws/install/tello_msgs/share/tello_msgs/cmake/rosidl_cmake_export_typesupport_libraries-extras.cmake
[6.277s] -- Up-to-date symlink: /home/ubuntu/Desktop/16.633_ros/flight_ws/install/tello_msgs/share/tello_msgs/cmake/rosidl_cmake_export_typesupport_targets-extras.cmake
[6.286s] -- Up-to-date symlink: /home/ubuntu/Desktop/16.633_ros/flight_ws/install/tello_msgs/share/tello_msgs/cmake/tello_msgsConfig.cmake
[6.294s] -- Up-to-date symlink: /home/ubuntu/Desktop/16.633_ros/flight_ws/install/tello_msgs/share/tello_msgs/cmake/tello_msgsConfig-version.cmake
[6.301s] -- Up-to-date symlink: /home/ubuntu/Desktop/16.633_ros/flight_ws/install/tello_msgs/share/tello_msgs/package.xml
[6.307s] -- Up-to-date: /home/ubuntu/Desktop/16.633_ros/flight_ws/install/tello_msgs/lib/libtello_msgs__rosidl_generator_c.so
[6.318s] -- Up-to-date: /home/ubuntu/Desktop/16.633_ros/flight_ws/install/tello_msgs/lib/libtello_msgs__rosidl_typesupport_introspection_c.so
[6.328s] -- Up-to-date: /home/ubuntu/Desktop/16.633_ros/flight_ws/install/tello_msgs/lib/libtello_msgs__rosidl_typesupport_c.so
[6.339s] -- Up-to-date: /home/ubuntu/Desktop/16.633_ros/flight_ws/install/tello_msgs/lib/libtello_msgs__rosidl_typesupport_introspection_cpp.so
[6.352s] -- Up-to-date: /home/ubuntu/Desktop/16.633_ros/flight_ws/install/tello_msgs/lib/libtello_msgs__rosidl_typesupport_cpp.so
[6.434s] -- Up-to-date: /home/ubuntu/Desktop/16.633_ros/flight_ws/install/tello_msgs/share/tello_msgs/cmake/tello_msgs__rosidl_generator_cExport.cmake
[6.438s] -- Up-to-date: /home/ubuntu/Desktop/16.633_ros/flight_ws/install/tello_msgs/share/tello_msgs/cmake/tello_msgs__rosidl_generator_cExport-noconfig.cmake
[6.442s] -- Up-to-date: /home/ubuntu/Desktop/16.633_ros/flight_ws/install/tello_msgs/share/tello_msgs/cmake/tello_msgs__rosidl_typesupport_introspection_cExport.cmake
[6.446s] -- Up-to-date: /home/ubuntu/Desktop/16.633_ros/flight_ws/install/tello_msgs/share/tello_msgs/cmake/tello_msgs__rosidl_typesupport_introspection_cExport-noconfig.cmake
[6.450s] -- Up-to-date: /home/ubuntu/Desktop/16.633_ros/flight_ws/install/tello_msgs/share/tello_msgs/cmake/tello_msgs__rosidl_typesupport_cExport.cmake
[6.459s] -- Up-to-date: /home/ubuntu/Desktop/16.633_ros/flight_ws/install/tello_msgs/share/tello_msgs/cmake/tello_msgs__rosidl_typesupport_cExport-noconfig.cmake
[6.469s] -- Up-to-date: /home/ubuntu/Desktop/16.633_ros/flight_ws/install/tello_msgs/share/tello_msgs/cmake/tello_msgs__rosidl_generator_cppExport.cmake
[6.481s] -- Up-to-date: /home/ubuntu/Desktop/16.633_ros/flight_ws/install/tello_msgs/share/tello_msgs/cmake/tello_msgs__rosidl_typesupport_introspection_cppExport.cmake
[6.488s] -- Up-to-date: /home/ubuntu/Desktop/16.633_ros/flight_ws/install/tello_msgs/share/tello_msgs/cmake/tello_msgs__rosidl_typesupport_introspection_cppExport-noconfig.cmake
[6.497s] -- Up-to-date: /home/ubuntu/Desktop/16.633_ros/flight_ws/install/tello_msgs/share/tello_msgs/cmake/tello_msgs__rosidl_typesupport_cppExport.cmake
[6.503s] -- Up-to-date: /home/ubuntu/Desktop/16.633_ros/flight_ws/install/tello_msgs/share/tello_msgs/cmake/tello_msgs__rosidl_typesupport_cppExport-noconfig.cmake
[6.517s] Invoked command in '/home/ubuntu/Desktop/16.633_ros/flight_ws/build/tello_msgs' returned '0': CMAKE_PREFIX_PATH=${CMAKE_PREFIX_PATH}:/home/ubuntu/Desktop/16.633_ros/flight_ws/install/competition:/opt/ros/foxy /usr/bin/cmake --install /home/ubuntu/Desktop/16.633_ros/flight_ws/build/tello_msgs
