[0.000000] (-) TimerEvent: {}
[0.003984] (competition) JobQueued: {'identifier': 'competition', 'dependencies': OrderedDict()}
[0.004889] (tello_msgs) JobQueued: {'identifier': 'tello_msgs', 'dependencies': OrderedDict()}
[0.006497] (competition) JobStarted: {'identifier': 'competition'}
[0.091884] (tello_msgs) JobStarted: {'identifier': 'tello_msgs'}
[0.098867] (-) TimerEvent: {}
[0.200614] (-) TimerEvent: {}
[0.303539] (-) TimerEvent: {}
[0.405784] (-) TimerEvent: {}
[0.507662] (-) TimerEvent: {}
[0.609569] (-) TimerEvent: {}
[0.711630] (-) TimerEvent: {}
[0.814118] (-) TimerEvent: {}
[0.888171] (tello_msgs) JobProgress: {'identifier': 'tello_msgs', 'progress': 'cmake'}
[0.900402] (tello_msgs) JobProgress: {'identifier': 'tello_msgs', 'progress': 'build'}
[0.903900] (tello_msgs) Command: {'cmd': ['/usr/bin/cmake', '--build', '/home/ubuntu/Desktop/16.633_ros/flight_ws/build/tello_msgs', '--', '-j6', '-l6'], 'cwd': '/home/ubuntu/Desktop/16.633_ros/flight_ws/build/tello_msgs', 'env': OrderedDict([('VNCDESKTOP', 'd0e6dc772bf2:1 (ubuntu)'), ('QT_SCALE_FACTOR', '1'), ('USER', 'ubuntu'), ('SUPERVISOR_GROUP_NAME', 'vnc'), ('HOSTNAME', 'd0e6dc772bf2'), ('SHLVL', '2'), ('LD_LIBRARY_PATH', '/home/ubuntu/Desktop/16.633_ros/flight_ws/install/tello_msgs/lib:/usr/lib/x86_64-linux-gnu/gazebo-11/plugins:/opt/ros/foxy/opt/yaml_cpp_vendor/lib:/opt/ros/foxy/opt/rviz_ogre_vendor/lib:/opt/ros/foxy/lib/x86_64-linux-gnu:/opt/ros/foxy/lib'), ('HOME', '/home/ubuntu'), ('OLDPWD', '/home/ubuntu/Desktop/16.633_ros'), ('ROS_PYTHON_VERSION', '3'), ('LC_CTYPE', 'C.UTF-8'), ('DBUS_SESSION_BUS_ADDRESS', 'unix:abstract=/tmp/dbus-0RCRJFHOVg,guid=87bbc748d29ef53aa32dd9dd65021649'), ('COLORTERM', 'truecolor'), ('COLCON_PREFIX_PATH', '/home/ubuntu/Desktop/16.633_ros/flight_ws/install'), ('ROS_DISTRO', 'foxy'), ('WINDOWID', '41943046'), ('QT_AUTO_SCREEN_SCALE_FACTOR', '0'), ('_', '/usr/bin/colcon'), ('ROS_VERSION', '2'), ('TERM', 'xterm-256color'), ('GTK_OVERLAY_SCROLLING', '0'), ('ROS_LOCALHOST_ONLY', '0'), ('INSIDE_CAJA_PYTHON', ''), ('PATH', '/opt/ros/foxy/bin:/usr/local/sbin:/usr/local/bin:/usr/sbin:/usr/bin:/sbin:/bin'), ('SESSION_MANAGER', 'local/d0e6dc772bf2:@/tmp/.ICE-unix/65,unix/d0e6dc772bf2:/tmp/.ICE-unix/65'), ('DISPLAY', ':1'), ('XDG_CURRENT_DESKTOP', 'MATE'), ('SUPERVISOR_ENABLED', '1'), ('AMENT_PREFIX_PATH', '/home/ubuntu/Desktop/16.633_ros/flight_ws/install/tello_msgs:/home/ubuntu/Desktop/16.633_ros/flight_ws/install/competition:/opt/ros/foxy'), ('PASSWD', 'ubuntu'), ('SUPERVISOR_SERVER_URL', 'unix:///var/run/supervisor.sock'), ('SUPERVISOR_PROCESS_NAME', 'vnc'), ('PWD', '/home/ubuntu/Desktop/16.633_ros/flight_ws/build/tello_msgs'), ('PYTHONPATH', '/home/ubuntu/Desktop/16.633_ros/flight_ws/install/tello_msgs/lib/python3.8/site-packages:/home/ubuntu/Desktop/16.633_ros/flight_ws/build/competition:/home/ubuntu/Desktop/16.633_ros/flight_ws/install/competition/lib/python3.8/site-packages:/opt/ros/foxy/lib/python3.8/site-packages'), ('MATE_DESKTOP_SESSION_ID', 'this-is-deprecated'), ('COLCON', '1'), ('VTE_VERSION', '6003'), ('CMAKE_PREFIX_PATH', '/home/ubuntu/Desktop/16.633_ros/flight_ws/install/tello_msgs:/home/ubuntu/Desktop/16.633_ros/flight_ws/install/competition:/opt/ros/foxy')]), 'shell': False}
[0.947272] (-) TimerEvent: {}
[1.050328] (-) TimerEvent: {}
[1.154094] (-) TimerEvent: {}
[1.255621] (-) TimerEvent: {}
[1.357500] (-) TimerEvent: {}
[1.458941] (-) TimerEvent: {}
[1.560826] (-) TimerEvent: {}
[1.667622] (-) TimerEvent: {}
[1.769350] (-) TimerEvent: {}
[1.870966] (-) TimerEvent: {}
[1.874719] (tello_msgs) StdoutLine: {'line': b'[  2%] Built target tello_msgs__cpp\n'}
[1.971142] (-) TimerEvent: {}
[2.073353] (-) TimerEvent: {}
[2.175554] (-) TimerEvent: {}
[2.277301] (-) TimerEvent: {}
[2.330733] (competition) Command: {'cmd': ['/usr/bin/python3', 'setup.py', 'develop', '--editable', '--build-directory', '/home/ubuntu/Desktop/16.633_ros/flight_ws/build/competition/build', '--no-deps', 'install_data'], 'cwd': '/home/ubuntu/Desktop/16.633_ros/flight_ws/build/competition', 'env': {'VNCDESKTOP': 'd0e6dc772bf2:1 (ubuntu)', 'QT_SCALE_FACTOR': '1', 'USER': 'ubuntu', 'SUPERVISOR_GROUP_NAME': 'vnc', 'HOSTNAME': 'd0e6dc772bf2', 'SHLVL': '2', 'LD_LIBRARY_PATH': '/home/ubuntu/Desktop/16.633_ros/flight_ws/install/tello_msgs/lib:/usr/lib/x86_64-linux-gnu/gazebo-11/plugins:/opt/ros/foxy/opt/yaml_cpp_vendor/lib:/opt/ros/foxy/opt/rviz_ogre_vendor/lib:/opt/ros/foxy/lib/x86_64-linux-gnu:/opt/ros/foxy/lib', 'HOME': '/home/ubuntu', 'OLDPWD': '/home/ubuntu/Desktop/16.633_ros', 'ROS_PYTHON_VERSION': '3', 'LC_CTYPE': 'C.UTF-8', 'DBUS_SESSION_BUS_ADDRESS': 'unix:abstract=/tmp/dbus-0RCRJFHOVg,guid=87bbc748d29ef53aa32dd9dd65021649', 'COLORTERM': 'truecolor', 'COLCON_PREFIX_PATH': '/home/ubuntu/Desktop/16.633_ros/flight_ws/install', 'ROS_DISTRO': 'foxy', 'WINDOWID': '41943046', 'QT_AUTO_SCREEN_SCALE_FACTOR': '0', '_': '/usr/bin/colcon', 'ROS_VERSION': '2', 'TERM': 'xterm-256color', 'GTK_OVERLAY_SCROLLING': '0', 'ROS_LOCALHOST_ONLY': '0', 'INSIDE_CAJA_PYTHON': '', 'PATH': '/opt/ros/foxy/bin:/usr/local/sbin:/usr/local/bin:/usr/sbin:/usr/bin:/sbin:/bin', 'SESSION_MANAGER': 'local/d0e6dc772bf2:@/tmp/.ICE-unix/65,unix/d0e6dc772bf2:/tmp/.ICE-unix/65', 'DISPLAY': ':1', 'XDG_CURRENT_DESKTOP': 'MATE', 'SUPERVISOR_ENABLED': '1', 'AMENT_PREFIX_PATH': '/home/ubuntu/Desktop/16.633_ros/flight_ws/install/tello_msgs:/home/ubuntu/Desktop/16.633_ros/flight_ws/install/competition:/opt/ros/foxy', 'PASSWD': 'ubuntu', 'SUPERVISOR_SERVER_URL': 'unix:///var/run/supervisor.sock', 'SUPERVISOR_PROCESS_NAME': 'vnc', 'PWD': '/home/ubuntu/Desktop/16.633_ros/flight_ws/build/competition', 'PYTHONPATH': '/home/ubuntu/Desktop/16.633_ros/flight_ws/build/competition/prefix_override:/home/ubuntu/Desktop/16.633_ros/flight_ws/install/competition/lib/python3.8/site-packages:/home/ubuntu/Desktop/16.633_ros/flight_ws/install/tello_msgs/lib/python3.8/site-packages:/home/ubuntu/Desktop/16.633_ros/flight_ws/build/competition:/home/ubuntu/Desktop/16.633_ros/flight_ws/install/competition/lib/python3.8/site-packages:/opt/ros/foxy/lib/python3.8/site-packages', 'MATE_DESKTOP_SESSION_ID': 'this-is-deprecated', 'COLCON': '1', 'VTE_VERSION': '6003', 'CMAKE_PREFIX_PATH': '/home/ubuntu/Desktop/16.633_ros/flight_ws/install/tello_msgs'}, 'shell': False}
[2.368176] (tello_msgs) StdoutLine: {'line': b'[ 12%] Built target tello_msgs__rosidl_generator_c\n'}
[2.377582] (-) TimerEvent: {}
[2.480017] (-) TimerEvent: {}
[2.581572] (-) TimerEvent: {}
[2.683386] (-) TimerEvent: {}
[2.784794] (-) TimerEvent: {}
[2.843298] (tello_msgs) StdoutLine: {'line': b'[ 23%] Built target tello_msgs__rosidl_typesupport_introspection_cpp\n'}
[2.885348] (-) TimerEvent: {}
[2.987130] (-) TimerEvent: {}
[3.088532] (-) TimerEvent: {}
[3.118358] (competition) StdoutLine: {'line': b'running develop\n'}
[3.188630] (-) TimerEvent: {}
[3.290295] (-) TimerEvent: {}
[3.299145] (tello_msgs) StdoutLine: {'line': b'[ 34%] Built target tello_msgs__rosidl_typesupport_c\n'}
[3.390397] (-) TimerEvent: {}
[3.492500] (-) TimerEvent: {}
[3.573840] (competition) StdoutLine: {'line': b'running egg_info\n'}
[3.578337] (competition) StdoutLine: {'line': b'writing competition.egg-info/PKG-INFO\n'}
[3.585517] (competition) StdoutLine: {'line': b'writing dependency_links to competition.egg-info/dependency_links.txt\n'}
[3.592532] (competition) StdoutLine: {'line': b'writing entry points to competition.egg-info/entry_points.txt\n'}
[3.596903] (-) TimerEvent: {}
[3.599087] (competition) StdoutLine: {'line': b'writing requirements to competition.egg-info/requires.txt\n'}
[3.604001] (competition) StdoutLine: {'line': b'writing top-level names to competition.egg-info/top_level.txt\n'}
[3.697130] (-) TimerEvent: {}
[3.743517] (competition) StdoutLine: {'line': b"reading manifest file 'competition.egg-info/SOURCES.txt'\n"}
[3.786428] (tello_msgs) StdoutLine: {'line': b'[ 44%] Built target tello_msgs__rosidl_typesupport_introspection_c\n'}
[3.793310] (competition) StdoutLine: {'line': b"writing manifest file 'competition.egg-info/SOURCES.txt'\n"}
[3.801989] (-) TimerEvent: {}
[3.904192] (-) TimerEvent: {}
[4.005835] (-) TimerEvent: {}
[4.101676] (competition) StdoutLine: {'line': b'running build_ext\n'}
[4.110966] (-) TimerEvent: {}
[4.112098] (competition) StdoutLine: {'line': b'Creating /home/ubuntu/Desktop/16.633_ros/flight_ws/install/competition/lib/python3.8/site-packages/competition.egg-link (link to .)\n'}
[4.137033] (competition) StdoutLine: {'line': b'Installing drone_client script to /home/ubuntu/Desktop/16.633_ros/flight_ws/install/competition/lib/competition\n'}
[4.152251] (competition) StdoutLine: {'line': b'Installing drone_test script to /home/ubuntu/Desktop/16.633_ros/flight_ws/install/competition/lib/competition\n'}
[4.164831] (competition) StdoutLine: {'line': b'\n'}
[4.169562] (competition) StdoutLine: {'line': b'Installed /home/ubuntu/Desktop/16.633_ros/flight_ws/build/competition\n'}
[4.174086] (competition) StdoutLine: {'line': b'running install_data\n'}
[4.211310] (-) TimerEvent: {}
[4.256972] (tello_msgs) StdoutLine: {'line': b'[ 55%] Built target tello_msgs__rosidl_typesupport_fastrtps_cpp\n'}
[4.268190] (competition) CommandEnded: {'returncode': 0}
[4.311652] (-) TimerEvent: {}
[4.413645] (-) TimerEvent: {}
[4.516424] (-) TimerEvent: {}
[4.560539] (competition) JobEnded: {'identifier': 'competition', 'rc': 0}
[4.617184] (-) TimerEvent: {}
[4.719029] (-) TimerEvent: {}
[4.730185] (tello_msgs) StdoutLine: {'line': b'[ 65%] Built target tello_msgs__rosidl_typesupport_cpp\n'}
[4.819384] (-) TimerEvent: {}
[4.920860] (-) TimerEvent: {}
[5.022342] (-) TimerEvent: {}
[5.124079] (-) TimerEvent: {}
[5.225817] (-) TimerEvent: {}
[5.240590] (tello_msgs) StdoutLine: {'line': b'[ 76%] Built target tello_msgs__rosidl_typesupport_fastrtps_c\n'}
[5.326141] (-) TimerEvent: {}
[5.427447] (-) TimerEvent: {}
[5.529476] (-) TimerEvent: {}
[5.601085] (tello_msgs) StdoutLine: {'line': b'[ 76%] Built target tello_msgs\n'}
[5.630103] (-) TimerEvent: {}
[5.732933] (-) TimerEvent: {}
[5.835536] (-) TimerEvent: {}
[5.938200] (-) TimerEvent: {}
[6.007483] (tello_msgs) StdoutLine: {'line': b'[ 78%] Built target tello_msgs__py\n'}
[6.038678] (-) TimerEvent: {}
[6.140125] (-) TimerEvent: {}
[6.241339] (-) TimerEvent: {}
[6.344340] (-) TimerEvent: {}
[6.445901] (-) TimerEvent: {}
[6.525617] (tello_msgs) StdoutLine: {'line': b'[ 87%] Built target tello_msgs__python\n'}
[6.546261] (-) TimerEvent: {}
[6.647762] (-) TimerEvent: {}
[6.749560] (-) TimerEvent: {}
[6.852840] (-) TimerEvent: {}
[6.954263] (-) TimerEvent: {}
[6.957284] (tello_msgs) StdoutLine: {'line': b'[ 91%] Built target tello_msgs__rosidl_typesupport_c__pyext\n'}
[7.054527] (-) TimerEvent: {}
[7.156620] (-) TimerEvent: {}
[7.272547] (-) TimerEvent: {}
[7.373873] (-) TimerEvent: {}
[7.443943] (tello_msgs) StdoutLine: {'line': b'[ 95%] Built target tello_msgs__rosidl_typesupport_introspection_c__pyext\n'}
[7.476544] (-) TimerEvent: {}
[7.578140] (-) TimerEvent: {}
[7.679398] (-) TimerEvent: {}
[7.780788] (-) TimerEvent: {}
[7.871064] (tello_msgs) StdoutLine: {'line': b'[100%] Built target tello_msgs__rosidl_typesupport_fastrtps_c__pyext\n'}
[7.881246] (-) TimerEvent: {}
[7.983414] (-) TimerEvent: {}
[8.084968] (-) TimerEvent: {}
[8.111098] (tello_msgs) CommandEnded: {'returncode': 0}
[8.185201] (-) TimerEvent: {}
[8.287998] (-) TimerEvent: {}
[8.391272] (-) TimerEvent: {}
[8.493855] (-) TimerEvent: {}
[8.596038] (-) TimerEvent: {}
[8.697508] (-) TimerEvent: {}
[8.799579] (-) TimerEvent: {}
[8.901155] (-) TimerEvent: {}
[9.003296] (-) TimerEvent: {}
[9.104948] (-) TimerEvent: {}
[9.206572] (-) TimerEvent: {}
[9.308365] (-) TimerEvent: {}
[9.409628] (-) TimerEvent: {}
[9.511621] (-) TimerEvent: {}
[9.613272] (-) TimerEvent: {}
[9.714641] (-) TimerEvent: {}
[9.816286] (-) TimerEvent: {}
[9.918189] (-) TimerEvent: {}
[10.019786] (-) TimerEvent: {}
[10.121239] (-) TimerEvent: {}
[10.223173] (-) TimerEvent: {}
[10.324446] (-) TimerEvent: {}
[10.426378] (-) TimerEvent: {}
[10.529119] (-) TimerEvent: {}
[10.630911] (-) TimerEvent: {}
[10.732028] (-) TimerEvent: {}
[10.834078] (-) TimerEvent: {}
[10.935795] (-) TimerEvent: {}
[11.037554] (-) TimerEvent: {}
[11.139627] (-) TimerEvent: {}
[11.241199] (-) TimerEvent: {}
[11.342958] (-) TimerEvent: {}
[11.352255] (tello_msgs) JobProgress: {'identifier': 'tello_msgs', 'progress': 'install'}
[11.443308] (-) TimerEvent: {}
[11.520112] (tello_msgs) Command: {'cmd': ['/usr/bin/cmake', '--install', '/home/ubuntu/Desktop/16.633_ros/flight_ws/build/tello_msgs'], 'cwd': '/home/ubuntu/Desktop/16.633_ros/flight_ws/build/tello_msgs', 'env': OrderedDict([('VNCDESKTOP', 'd0e6dc772bf2:1 (ubuntu)'), ('QT_SCALE_FACTOR', '1'), ('USER', 'ubuntu'), ('SUPERVISOR_GROUP_NAME', 'vnc'), ('HOSTNAME', 'd0e6dc772bf2'), ('SHLVL', '2'), ('LD_LIBRARY_PATH', '/home/ubuntu/Desktop/16.633_ros/flight_ws/install/tello_msgs/lib:/usr/lib/x86_64-linux-gnu/gazebo-11/plugins:/opt/ros/foxy/opt/yaml_cpp_vendor/lib:/opt/ros/foxy/opt/rviz_ogre_vendor/lib:/opt/ros/foxy/lib/x86_64-linux-gnu:/opt/ros/foxy/lib'), ('HOME', '/home/ubuntu'), ('OLDPWD', '/home/ubuntu/Desktop/16.633_ros'), ('ROS_PYTHON_VERSION', '3'), ('LC_CTYPE', 'C.UTF-8'), ('DBUS_SESSION_BUS_ADDRESS', 'unix:abstract=/tmp/dbus-0RCRJFHOVg,guid=87bbc748d29ef53aa32dd9dd65021649'), ('COLORTERM', 'truecolor'), ('COLCON_PREFIX_PATH', '/home/ubuntu/Desktop/16.633_ros/flight_ws/install'), ('ROS_DISTRO', 'foxy'), ('WINDOWID', '41943046'), ('QT_AUTO_SCREEN_SCALE_FACTOR', '0'), ('_', '/usr/bin/colcon'), ('ROS_VERSION', '2'), ('TERM', 'xterm-256color'), ('GTK_OVERLAY_SCROLLING', '0'), ('ROS_LOCALHOST_ONLY', '0'), ('INSIDE_CAJA_PYTHON', ''), ('PATH', '/opt/ros/foxy/bin:/usr/local/sbin:/usr/local/bin:/usr/sbin:/usr/bin:/sbin:/bin'), ('SESSION_MANAGER', 'local/d0e6dc772bf2:@/tmp/.ICE-unix/65,unix/d0e6dc772bf2:/tmp/.ICE-unix/65'), ('DISPLAY', ':1'), ('XDG_CURRENT_DESKTOP', 'MATE'), ('SUPERVISOR_ENABLED', '1'), ('AMENT_PREFIX_PATH', '/home/ubuntu/Desktop/16.633_ros/flight_ws/install/tello_msgs:/home/ubuntu/Desktop/16.633_ros/flight_ws/install/competition:/opt/ros/foxy'), ('PASSWD', 'ubuntu'), ('SUPERVISOR_SERVER_URL', 'unix:///var/run/supervisor.sock'), ('SUPERVISOR_PROCESS_NAME', 'vnc'), ('PWD', '/home/ubuntu/Desktop/16.633_ros/flight_ws/build/tello_msgs'), ('PYTHONPATH', '/home/ubuntu/Desktop/16.633_ros/flight_ws/install/tello_msgs/lib/python3.8/site-packages:/home/ubuntu/Desktop/16.633_ros/flight_ws/build/competition:/home/ubuntu/Desktop/16.633_ros/flight_ws/install/competition/lib/python3.8/site-packages:/opt/ros/foxy/lib/python3.8/site-packages'), ('MATE_DESKTOP_SESSION_ID', 'this-is-deprecated'), ('COLCON', '1'), ('VTE_VERSION', '6003'), ('CMAKE_PREFIX_PATH', '/home/ubuntu/Desktop/16.633_ros/flight_ws/install/tello_msgs:/home/ubuntu/Desktop/16.633_ros/flight_ws/install/competition:/opt/ros/foxy')]), 'shell': False}
[11.543658] (-) TimerEvent: {}
[11.635664] (tello_msgs) StdoutLine: {'line': b'-- Install configuration: ""\n'}
[11.643847] (-) TimerEvent: {}
[11.647882] (tello_msgs) StdoutLine: {'line': b'-- Execute custom install script\n'}
[11.654079] (tello_msgs) StdoutLine: {'line': b'-- Up-to-date symlink: /home/ubuntu/Desktop/16.633_ros/flight_ws/install/tello_msgs/share/ament_index/resource_index/rosidl_interfaces/tello_msgs\n'}
[11.666087] (tello_msgs) StdoutLine: {'line': b'-- Up-to-date symlink: /home/ubuntu/Desktop/16.633_ros/flight_ws/install/tello_msgs/include/tello_msgs/msg/detail/flight_data__functions.h\n'}
[11.674115] (tello_msgs) StdoutLine: {'line': b'-- Up-to-date symlink: /home/ubuntu/Desktop/16.633_ros/flight_ws/install/tello_msgs/include/tello_msgs/msg/detail/flight_data__struct.h\n'}
[11.687550] (tello_msgs) StdoutLine: {'line': b'-- Up-to-date symlink: /home/ubuntu/Desktop/16.633_ros/flight_ws/install/tello_msgs/include/tello_msgs/msg/detail/flight_data__type_support.h\n'}
[11.703625] (tello_msgs) StdoutLine: {'line': b'-- Up-to-date symlink: /home/ubuntu/Desktop/16.633_ros/flight_ws/install/tello_msgs/include/tello_msgs/msg/detail/tello_response__functions.h\n'}
[11.709626] (tello_msgs) StdoutLine: {'line': b'-- Up-to-date symlink: /home/ubuntu/Desktop/16.633_ros/flight_ws/install/tello_msgs/include/tello_msgs/msg/detail/tello_response__struct.h\n'}
[11.719863] (tello_msgs) StdoutLine: {'line': b'-- Up-to-date symlink: /home/ubuntu/Desktop/16.633_ros/flight_ws/install/tello_msgs/include/tello_msgs/msg/detail/tello_response__type_support.h\n'}
[11.728288] (tello_msgs) StdoutLine: {'line': b'-- Up-to-date symlink: /home/ubuntu/Desktop/16.633_ros/flight_ws/install/tello_msgs/include/tello_msgs/msg/flight_data.h\n'}
[11.736517] (tello_msgs) StdoutLine: {'line': b'-- Up-to-date symlink: /home/ubuntu/Desktop/16.633_ros/flight_ws/install/tello_msgs/include/tello_msgs/msg/rosidl_generator_c__visibility_control.h\n'}
[11.744238] (-) TimerEvent: {}
[11.746068] (tello_msgs) StdoutLine: {'line': b'-- Up-to-date symlink: /home/ubuntu/Desktop/16.633_ros/flight_ws/install/tello_msgs/include/tello_msgs/msg/tello_response.h\n'}
[11.751070] (tello_msgs) StdoutLine: {'line': b'-- Up-to-date symlink: /home/ubuntu/Desktop/16.633_ros/flight_ws/install/tello_msgs/include/tello_msgs/srv/detail/tello_action__functions.h\n'}
[11.759446] (tello_msgs) StdoutLine: {'line': b'-- Up-to-date symlink: /home/ubuntu/Desktop/16.633_ros/flight_ws/install/tello_msgs/include/tello_msgs/srv/detail/tello_action__struct.h\n'}
[11.768352] (tello_msgs) StdoutLine: {'line': b'-- Up-to-date symlink: /home/ubuntu/Desktop/16.633_ros/flight_ws/install/tello_msgs/include/tello_msgs/srv/detail/tello_action__type_support.h\n'}
[11.777016] (tello_msgs) StdoutLine: {'line': b'-- Up-to-date symlink: /home/ubuntu/Desktop/16.633_ros/flight_ws/install/tello_msgs/include/tello_msgs/srv/tello_action.h\n'}
[11.784939] (tello_msgs) StdoutLine: {'line': b'-- Up-to-date symlink: /home/ubuntu/Desktop/16.633_ros/flight_ws/install/tello_msgs/share/tello_msgs/environment/library_path.sh\n'}
[11.793394] (tello_msgs) StdoutLine: {'line': b'-- Up-to-date symlink: /home/ubuntu/Desktop/16.633_ros/flight_ws/install/tello_msgs/share/tello_msgs/environment/library_path.dsv\n'}
[11.803609] (tello_msgs) StdoutLine: {'line': b'-- Up-to-date symlink: /home/ubuntu/Desktop/16.633_ros/flight_ws/install/tello_msgs/include/tello_msgs/msg/detail/flight_data__rosidl_typesupport_fastrtps_c.h\n'}
[11.814417] (tello_msgs) StdoutLine: {'line': b'-- Up-to-date symlink: /home/ubuntu/Desktop/16.633_ros/flight_ws/install/tello_msgs/include/tello_msgs/msg/detail/tello_response__rosidl_typesupport_fastrtps_c.h\n'}
[11.823415] (tello_msgs) StdoutLine: {'line': b'-- Up-to-date symlink: /home/ubuntu/Desktop/16.633_ros/flight_ws/install/tello_msgs/include/tello_msgs/msg/rosidl_typesupport_fastrtps_c__visibility_control.h\n'}
[11.839155] (tello_msgs) StdoutLine: {'line': b'-- Up-to-date symlink: /home/ubuntu/Desktop/16.633_ros/flight_ws/install/tello_msgs/include/tello_msgs/srv/detail/tello_action__rosidl_typesupport_fastrtps_c.h\n'}
[11.845166] (-) TimerEvent: {}
[11.848460] (tello_msgs) StdoutLine: {'line': b'-- Up-to-date symlink: /home/ubuntu/Desktop/16.633_ros/flight_ws/install/tello_msgs/lib/libtello_msgs__rosidl_typesupport_fastrtps_c.so\n'}
[11.868153] (tello_msgs) StdoutLine: {'line': b'-- Up-to-date symlink: /home/ubuntu/Desktop/16.633_ros/flight_ws/install/tello_msgs/include/tello_msgs/msg/detail/flight_data__rosidl_typesupport_fastrtps_cpp.hpp\n'}
[11.878118] (tello_msgs) StdoutLine: {'line': b'-- Up-to-date symlink: /home/ubuntu/Desktop/16.633_ros/flight_ws/install/tello_msgs/include/tello_msgs/msg/detail/tello_response__rosidl_typesupport_fastrtps_cpp.hpp\n'}
[11.890990] (tello_msgs) StdoutLine: {'line': b'-- Up-to-date symlink: /home/ubuntu/Desktop/16.633_ros/flight_ws/install/tello_msgs/include/tello_msgs/msg/rosidl_typesupport_fastrtps_cpp__visibility_control.h\n'}
[11.897337] (tello_msgs) StdoutLine: {'line': b'-- Up-to-date symlink: /home/ubuntu/Desktop/16.633_ros/flight_ws/install/tello_msgs/include/tello_msgs/srv/detail/tello_action__rosidl_typesupport_fastrtps_cpp.hpp\n'}
[11.909064] (tello_msgs) StdoutLine: {'line': b'-- Up-to-date symlink: /home/ubuntu/Desktop/16.633_ros/flight_ws/install/tello_msgs/lib/libtello_msgs__rosidl_typesupport_fastrtps_cpp.so\n'}
[11.921593] (tello_msgs) StdoutLine: {'line': b'-- Up-to-date symlink: /home/ubuntu/Desktop/16.633_ros/flight_ws/install/tello_msgs/include/tello_msgs/msg/detail/flight_data__rosidl_typesupport_introspection_c.h\n'}
[11.933090] (tello_msgs) StdoutLine: {'line': b'-- Up-to-date symlink: /home/ubuntu/Desktop/16.633_ros/flight_ws/install/tello_msgs/include/tello_msgs/msg/detail/tello_response__rosidl_typesupport_introspection_c.h\n'}
[11.938682] (tello_msgs) StdoutLine: {'line': b'-- Up-to-date symlink: /home/ubuntu/Desktop/16.633_ros/flight_ws/install/tello_msgs/include/tello_msgs/msg/rosidl_typesupport_introspection_c__visibility_control.h\n'}
[11.945802] (-) TimerEvent: {}
[11.947285] (tello_msgs) StdoutLine: {'line': b'-- Up-to-date symlink: /home/ubuntu/Desktop/16.633_ros/flight_ws/install/tello_msgs/include/tello_msgs/srv/detail/tello_action__rosidl_typesupport_introspection_c.h\n'}
[11.956298] (tello_msgs) StdoutLine: {'line': b'-- Up-to-date symlink: /home/ubuntu/Desktop/16.633_ros/flight_ws/install/tello_msgs/include/tello_msgs/msg/detail/flight_data__builder.hpp\n'}
[11.964739] (tello_msgs) StdoutLine: {'line': b'-- Up-to-date symlink: /home/ubuntu/Desktop/16.633_ros/flight_ws/install/tello_msgs/include/tello_msgs/msg/detail/flight_data__struct.hpp\n'}
[11.972073] (tello_msgs) StdoutLine: {'line': b'-- Up-to-date symlink: /home/ubuntu/Desktop/16.633_ros/flight_ws/install/tello_msgs/include/tello_msgs/msg/detail/flight_data__traits.hpp\n'}
[11.982711] (tello_msgs) StdoutLine: {'line': b'-- Up-to-date symlink: /home/ubuntu/Desktop/16.633_ros/flight_ws/install/tello_msgs/include/tello_msgs/msg/detail/flight_data__type_support.hpp\n'}
[11.990699] (tello_msgs) StdoutLine: {'line': b'-- Up-to-date symlink: /home/ubuntu/Desktop/16.633_ros/flight_ws/install/tello_msgs/include/tello_msgs/msg/detail/tello_response__builder.hpp\n'}
[11.997217] (tello_msgs) StdoutLine: {'line': b'-- Up-to-date symlink: /home/ubuntu/Desktop/16.633_ros/flight_ws/install/tello_msgs/include/tello_msgs/msg/detail/tello_response__struct.hpp\n'}
[12.002343] (tello_msgs) StdoutLine: {'line': b'-- Up-to-date symlink: /home/ubuntu/Desktop/16.633_ros/flight_ws/install/tello_msgs/include/tello_msgs/msg/detail/tello_response__traits.hpp\n'}
[12.009896] (tello_msgs) StdoutLine: {'line': b'-- Up-to-date symlink: /home/ubuntu/Desktop/16.633_ros/flight_ws/install/tello_msgs/include/tello_msgs/msg/detail/tello_response__type_support.hpp\n'}
[12.023279] (tello_msgs) StdoutLine: {'line': b'-- Up-to-date symlink: /home/ubuntu/Desktop/16.633_ros/flight_ws/install/tello_msgs/include/tello_msgs/msg/flight_data.hpp\n'}
[12.034146] (tello_msgs) StdoutLine: {'line': b'-- Up-to-date symlink: /home/ubuntu/Desktop/16.633_ros/flight_ws/install/tello_msgs/include/tello_msgs/msg/rosidl_generator_cpp__visibility_control.hpp\n'}
[12.043193] (tello_msgs) StdoutLine: {'line': b'-- Up-to-date symlink: /home/ubuntu/Desktop/16.633_ros/flight_ws/install/tello_msgs/include/tello_msgs/msg/tello_response.hpp\n'}
[12.049009] (-) TimerEvent: {}
[12.050613] (tello_msgs) StdoutLine: {'line': b'-- Up-to-date symlink: /home/ubuntu/Desktop/16.633_ros/flight_ws/install/tello_msgs/include/tello_msgs/srv/detail/tello_action__builder.hpp\n'}
[12.058001] (tello_msgs) StdoutLine: {'line': b'-- Up-to-date symlink: /home/ubuntu/Desktop/16.633_ros/flight_ws/install/tello_msgs/include/tello_msgs/srv/detail/tello_action__struct.hpp\n'}
[12.065787] (tello_msgs) StdoutLine: {'line': b'-- Up-to-date symlink: /home/ubuntu/Desktop/16.633_ros/flight_ws/install/tello_msgs/include/tello_msgs/srv/detail/tello_action__traits.hpp\n'}
[12.080051] (tello_msgs) StdoutLine: {'line': b'-- Up-to-date symlink: /home/ubuntu/Desktop/16.633_ros/flight_ws/install/tello_msgs/include/tello_msgs/srv/detail/tello_action__type_support.hpp\n'}
[12.089549] (tello_msgs) StdoutLine: {'line': b'-- Up-to-date symlink: /home/ubuntu/Desktop/16.633_ros/flight_ws/install/tello_msgs/include/tello_msgs/srv/tello_action.hpp\n'}
[12.097574] (tello_msgs) StdoutLine: {'line': b'-- Up-to-date symlink: /home/ubuntu/Desktop/16.633_ros/flight_ws/install/tello_msgs/include/tello_msgs/msg/detail/flight_data__rosidl_typesupport_introspection_cpp.hpp\n'}
[12.104919] (tello_msgs) StdoutLine: {'line': b'-- Up-to-date symlink: /home/ubuntu/Desktop/16.633_ros/flight_ws/install/tello_msgs/include/tello_msgs/msg/detail/tello_response__rosidl_typesupport_introspection_cpp.hpp\n'}
[12.112584] (tello_msgs) StdoutLine: {'line': b'-- Up-to-date symlink: /home/ubuntu/Desktop/16.633_ros/flight_ws/install/tello_msgs/include/tello_msgs/srv/detail/tello_action__rosidl_typesupport_introspection_cpp.hpp\n'}
[12.123773] (tello_msgs) StdoutLine: {'line': b'-- Up-to-date symlink: /home/ubuntu/Desktop/16.633_ros/flight_ws/install/tello_msgs/share/tello_msgs/environment/pythonpath.sh\n'}
[12.135280] (tello_msgs) StdoutLine: {'line': b'-- Up-to-date symlink: /home/ubuntu/Desktop/16.633_ros/flight_ws/install/tello_msgs/share/tello_msgs/environment/pythonpath.dsv\n'}
[12.145808] (tello_msgs) StdoutLine: {'line': b'-- Up-to-date symlink: /home/ubuntu/Desktop/16.633_ros/flight_ws/install/tello_msgs/lib/python3.8/site-packages/tello_msgs/__init__.py\n'}
[12.152926] (-) TimerEvent: {}
[12.158835] (tello_msgs) StdoutLine: {'line': b'-- Up-to-date symlink: /home/ubuntu/Desktop/16.633_ros/flight_ws/install/tello_msgs/lib/python3.8/site-packages/tello_msgs/msg/__init__.py\n'}
[12.169134] (tello_msgs) StdoutLine: {'line': b'-- Up-to-date symlink: /home/ubuntu/Desktop/16.633_ros/flight_ws/install/tello_msgs/lib/python3.8/site-packages/tello_msgs/msg/_flight_data.py\n'}
[12.179507] (tello_msgs) StdoutLine: {'line': b'-- Up-to-date symlink: /home/ubuntu/Desktop/16.633_ros/flight_ws/install/tello_msgs/lib/python3.8/site-packages/tello_msgs/msg/_tello_response.py\n'}
[12.195161] (tello_msgs) StdoutLine: {'line': b'-- Up-to-date symlink: /home/ubuntu/Desktop/16.633_ros/flight_ws/install/tello_msgs/lib/python3.8/site-packages/tello_msgs/srv/__init__.py\n'}
[12.204881] (tello_msgs) StdoutLine: {'line': b'-- Up-to-date symlink: /home/ubuntu/Desktop/16.633_ros/flight_ws/install/tello_msgs/lib/python3.8/site-packages/tello_msgs/srv/_tello_action.py\n'}
[12.217302] (tello_msgs) StdoutLine: {'line': b'-- Up-to-date symlink: /home/ubuntu/Desktop/16.633_ros/flight_ws/install/tello_msgs/lib/python3.8/site-packages/tello_msgs/tello_msgs_s__rosidl_typesupport_fastrtps_c.cpython-38-x86_64-linux-gnu.so\n'}
[12.226624] (tello_msgs) StdoutLine: {'line': b'-- Up-to-date symlink: /home/ubuntu/Desktop/16.633_ros/flight_ws/install/tello_msgs/lib/python3.8/site-packages/tello_msgs/tello_msgs_s__rosidl_typesupport_introspection_c.cpython-38-x86_64-linux-gnu.so\n'}
[12.235652] (tello_msgs) StdoutLine: {'line': b'-- Up-to-date symlink: /home/ubuntu/Desktop/16.633_ros/flight_ws/install/tello_msgs/lib/python3.8/site-packages/tello_msgs/tello_msgs_s__rosidl_typesupport_c.cpython-38-x86_64-linux-gnu.so\n'}
[12.243331] (tello_msgs) StdoutLine: {'line': b'-- Up-to-date symlink: /home/ubuntu/Desktop/16.633_ros/flight_ws/install/tello_msgs/lib/libtello_msgs__python.so\n'}
[12.250144] (tello_msgs) StdoutLine: {'line': b'-- Up-to-date symlink: /home/ubuntu/Desktop/16.633_ros/flight_ws/install/tello_msgs/share/tello_msgs/msg/FlightData.idl\n'}
[12.254295] (-) TimerEvent: {}
[12.264025] (tello_msgs) StdoutLine: {'line': b'-- Up-to-date symlink: /home/ubuntu/Desktop/16.633_ros/flight_ws/install/tello_msgs/share/tello_msgs/msg/TelloResponse.idl\n'}
[12.273555] (tello_msgs) StdoutLine: {'line': b'-- Up-to-date symlink: /home/ubuntu/Desktop/16.633_ros/flight_ws/install/tello_msgs/share/tello_msgs/srv/TelloAction.idl\n'}
[12.287127] (tello_msgs) StdoutLine: {'line': b'-- Up-to-date symlink: /home/ubuntu/Desktop/16.633_ros/flight_ws/install/tello_msgs/share/tello_msgs/msg/FlightData.msg\n'}
[12.295880] (tello_msgs) StdoutLine: {'line': b'-- Up-to-date symlink: /home/ubuntu/Desktop/16.633_ros/flight_ws/install/tello_msgs/share/tello_msgs/msg/TelloResponse.msg\n'}
[12.303606] (tello_msgs) StdoutLine: {'line': b'-- Up-to-date symlink: /home/ubuntu/Desktop/16.633_ros/flight_ws/install/tello_msgs/share/tello_msgs/srv/TelloAction.srv\n'}
[12.314542] (tello_msgs) StdoutLine: {'line': b'-- Up-to-date symlink: /home/ubuntu/Desktop/16.633_ros/flight_ws/install/tello_msgs/share/tello_msgs/srv/TelloAction_Request.msg\n'}
[12.323828] (tello_msgs) StdoutLine: {'line': b'-- Up-to-date symlink: /home/ubuntu/Desktop/16.633_ros/flight_ws/install/tello_msgs/share/tello_msgs/srv/TelloAction_Response.msg\n'}
[12.342928] (tello_msgs) StdoutLine: {'line': b'-- Up-to-date symlink: /home/ubuntu/Desktop/16.633_ros/flight_ws/install/tello_msgs/share/ament_index/resource_index/package_run_dependencies/tello_msgs\n'}
[12.349941] (tello_msgs) StdoutLine: {'line': b'-- Up-to-date symlink: /home/ubuntu/Desktop/16.633_ros/flight_ws/install/tello_msgs/share/ament_index/resource_index/parent_prefix_path/tello_msgs\n'}
[12.354442] (-) TimerEvent: {}
[12.358256] (tello_msgs) StdoutLine: {'line': b'-- Up-to-date symlink: /home/ubuntu/Desktop/16.633_ros/flight_ws/install/tello_msgs/share/tello_msgs/environment/ament_prefix_path.sh\n'}
[12.371382] (tello_msgs) StdoutLine: {'line': b'-- Up-to-date symlink: /home/ubuntu/Desktop/16.633_ros/flight_ws/install/tello_msgs/share/tello_msgs/environment/ament_prefix_path.dsv\n'}
[12.389295] (tello_msgs) StdoutLine: {'line': b'-- Up-to-date symlink: /home/ubuntu/Desktop/16.633_ros/flight_ws/install/tello_msgs/share/tello_msgs/environment/path.sh\n'}
[12.398189] (tello_msgs) StdoutLine: {'line': b'-- Up-to-date symlink: /home/ubuntu/Desktop/16.633_ros/flight_ws/install/tello_msgs/share/tello_msgs/environment/path.dsv\n'}
[12.407172] (tello_msgs) StdoutLine: {'line': b'-- Up-to-date symlink: /home/ubuntu/Desktop/16.633_ros/flight_ws/install/tello_msgs/share/tello_msgs/local_setup.bash\n'}
[12.418290] (tello_msgs) StdoutLine: {'line': b'-- Up-to-date symlink: /home/ubuntu/Desktop/16.633_ros/flight_ws/install/tello_msgs/share/tello_msgs/local_setup.sh\n'}
[12.424238] (tello_msgs) StdoutLine: {'line': b'-- Up-to-date symlink: /home/ubuntu/Desktop/16.633_ros/flight_ws/install/tello_msgs/share/tello_msgs/local_setup.zsh\n'}
[12.431973] (tello_msgs) StdoutLine: {'line': b'-- Up-to-date symlink: /home/ubuntu/Desktop/16.633_ros/flight_ws/install/tello_msgs/share/tello_msgs/local_setup.dsv\n'}
[12.436984] (tello_msgs) StdoutLine: {'line': b'-- Symlinking: /home/ubuntu/Desktop/16.633_ros/flight_ws/install/tello_msgs/share/tello_msgs/package.dsv\n'}
[12.454614] (-) TimerEvent: {}
[12.556255] (-) TimerEvent: {}
[12.577940] (tello_msgs) StdoutLine: {'line': b'-- Up-to-date symlink: /home/ubuntu/Desktop/16.633_ros/flight_ws/install/tello_msgs/share/ament_index/resource_index/packages/tello_msgs\n'}
[12.586974] (tello_msgs) StdoutLine: {'line': b'-- Up-to-date symlink: /home/ubuntu/Desktop/16.633_ros/flight_ws/install/tello_msgs/share/tello_msgs/cmake/rosidl_cmake-extras.cmake\n'}
[12.593841] (tello_msgs) StdoutLine: {'line': b'-- Up-to-date symlink: /home/ubuntu/Desktop/16.633_ros/flight_ws/install/tello_msgs/share/tello_msgs/cmake/ament_cmake_export_dependencies-extras.cmake\n'}
[12.605896] (tello_msgs) StdoutLine: {'line': b'-- Up-to-date symlink: /home/ubuntu/Desktop/16.633_ros/flight_ws/install/tello_msgs/share/tello_msgs/cmake/ament_cmake_export_libraries-extras.cmake\n'}
[12.619224] (tello_msgs) StdoutLine: {'line': b'-- Up-to-date symlink: /home/ubuntu/Desktop/16.633_ros/flight_ws/install/tello_msgs/share/tello_msgs/cmake/ament_cmake_export_targets-extras.cmake\n'}
[12.626278] (tello_msgs) StdoutLine: {'line': b'-- Up-to-date symlink: /home/ubuntu/Desktop/16.633_ros/flight_ws/install/tello_msgs/share/tello_msgs/cmake/ament_cmake_export_include_directories-extras.cmake\n'}
[12.636652] (tello_msgs) StdoutLine: {'line': b'-- Up-to-date symlink: /home/ubuntu/Desktop/16.633_ros/flight_ws/install/tello_msgs/share/tello_msgs/cmake/rosidl_cmake_export_typesupport_libraries-extras.cmake\n'}
[12.644213] (tello_msgs) StdoutLine: {'line': b'-- Up-to-date symlink: /home/ubuntu/Desktop/16.633_ros/flight_ws/install/tello_msgs/share/tello_msgs/cmake/rosidl_cmake_export_typesupport_targets-extras.cmake\n'}
[12.651190] (tello_msgs) StdoutLine: {'line': b'-- Up-to-date symlink: /home/ubuntu/Desktop/16.633_ros/flight_ws/install/tello_msgs/share/tello_msgs/cmake/tello_msgsConfig.cmake\n'}
[12.656895] (-) TimerEvent: {}
[12.658551] (tello_msgs) StdoutLine: {'line': b'-- Up-to-date symlink: /home/ubuntu/Desktop/16.633_ros/flight_ws/install/tello_msgs/share/tello_msgs/cmake/tello_msgsConfig-version.cmake\n'}
[12.665968] (tello_msgs) StdoutLine: {'line': b'-- Up-to-date symlink: /home/ubuntu/Desktop/16.633_ros/flight_ws/install/tello_msgs/share/tello_msgs/package.xml\n'}
[12.670023] (tello_msgs) StdoutLine: {'line': b'-- Up-to-date: /home/ubuntu/Desktop/16.633_ros/flight_ws/install/tello_msgs/lib/libtello_msgs__rosidl_generator_c.so\n'}
[12.678875] (tello_msgs) StdoutLine: {'line': b'-- Up-to-date: /home/ubuntu/Desktop/16.633_ros/flight_ws/install/tello_msgs/lib/libtello_msgs__rosidl_typesupport_introspection_c.so\n'}
[12.686405] (tello_msgs) StdoutLine: {'line': b'-- Up-to-date: /home/ubuntu/Desktop/16.633_ros/flight_ws/install/tello_msgs/lib/libtello_msgs__rosidl_typesupport_c.so\n'}
[12.693825] (tello_msgs) StdoutLine: {'line': b'-- Up-to-date: /home/ubuntu/Desktop/16.633_ros/flight_ws/install/tello_msgs/lib/libtello_msgs__rosidl_typesupport_introspection_cpp.so\n'}
[12.708750] (tello_msgs) StdoutLine: {'line': b'-- Up-to-date: /home/ubuntu/Desktop/16.633_ros/flight_ws/install/tello_msgs/lib/libtello_msgs__rosidl_typesupport_cpp.so\n'}
[12.759194] (-) TimerEvent: {}
[12.855342] (tello_msgs) StdoutLine: {'line': b'-- Up-to-date: /home/ubuntu/Desktop/16.633_ros/flight_ws/install/tello_msgs/share/tello_msgs/cmake/tello_msgs__rosidl_generator_cExport.cmake\n'}
[12.862269] (-) TimerEvent: {}
[12.863745] (tello_msgs) StdoutLine: {'line': b'-- Up-to-date: /home/ubuntu/Desktop/16.633_ros/flight_ws/install/tello_msgs/share/tello_msgs/cmake/tello_msgs__rosidl_generator_cExport-noconfig.cmake\n'}
[12.868955] (tello_msgs) StdoutLine: {'line': b'-- Up-to-date: /home/ubuntu/Desktop/16.633_ros/flight_ws/install/tello_msgs/share/tello_msgs/cmake/tello_msgs__rosidl_typesupport_introspection_cExport.cmake\n'}
[12.872413] (tello_msgs) StdoutLine: {'line': b'-- Up-to-date: /home/ubuntu/Desktop/16.633_ros/flight_ws/install/tello_msgs/share/tello_msgs/cmake/tello_msgs__rosidl_typesupport_introspection_cExport-noconfig.cmake\n'}
[12.875953] (tello_msgs) StdoutLine: {'line': b'-- Up-to-date: /home/ubuntu/Desktop/16.633_ros/flight_ws/install/tello_msgs/share/tello_msgs/cmake/tello_msgs__rosidl_typesupport_cExport.cmake\n'}
[12.879299] (tello_msgs) StdoutLine: {'line': b'-- Up-to-date: /home/ubuntu/Desktop/16.633_ros/flight_ws/install/tello_msgs/share/tello_msgs/cmake/tello_msgs__rosidl_typesupport_cExport-noconfig.cmake\n'}
[12.884516] (tello_msgs) StdoutLine: {'line': b'-- Up-to-date: /home/ubuntu/Desktop/16.633_ros/flight_ws/install/tello_msgs/share/tello_msgs/cmake/tello_msgs__rosidl_generator_cppExport.cmake\n'}
[12.888534] (tello_msgs) StdoutLine: {'line': b'-- Up-to-date: /home/ubuntu/Desktop/16.633_ros/flight_ws/install/tello_msgs/share/tello_msgs/cmake/tello_msgs__rosidl_typesupport_introspection_cppExport.cmake\n'}
[12.893074] (tello_msgs) StdoutLine: {'line': b'-- Up-to-date: /home/ubuntu/Desktop/16.633_ros/flight_ws/install/tello_msgs/share/tello_msgs/cmake/tello_msgs__rosidl_typesupport_introspection_cppExport-noconfig.cmake\n'}
[12.896254] (tello_msgs) StdoutLine: {'line': b'-- Up-to-date: /home/ubuntu/Desktop/16.633_ros/flight_ws/install/tello_msgs/share/tello_msgs/cmake/tello_msgs__rosidl_typesupport_cppExport.cmake\n'}
[12.900189] (tello_msgs) StdoutLine: {'line': b'-- Up-to-date: /home/ubuntu/Desktop/16.633_ros/flight_ws/install/tello_msgs/share/tello_msgs/cmake/tello_msgs__rosidl_typesupport_cppExport-noconfig.cmake\n'}
[12.903667] (tello_msgs) CommandEnded: {'returncode': 0}
[12.962418] (-) TimerEvent: {}
[13.067537] (-) TimerEvent: {}
[13.176461] (-) TimerEvent: {}
[13.277813] (-) TimerEvent: {}
[13.379072] (-) TimerEvent: {}
[13.480421] (-) TimerEvent: {}
[13.584709] (-) TimerEvent: {}
[13.686642] (-) TimerEvent: {}
[13.788590] (-) TimerEvent: {}
[13.891818] (-) TimerEvent: {}
[13.993803] (-) TimerEvent: {}
[14.095246] (-) TimerEvent: {}
[14.196842] (-) TimerEvent: {}
[14.298298] (-) TimerEvent: {}
[14.400410] (-) TimerEvent: {}
[14.502212] (-) TimerEvent: {}
[14.603828] (-) TimerEvent: {}
[14.705480] (-) TimerEvent: {}
[14.807515] (-) TimerEvent: {}
[14.909133] (-) TimerEvent: {}
[15.013051] (-) TimerEvent: {}
[15.114567] (-) TimerEvent: {}
[15.218858] (-) TimerEvent: {}
[15.321079] (-) TimerEvent: {}
[15.423103] (-) TimerEvent: {}
[15.525112] (-) TimerEvent: {}
[15.626983] (-) TimerEvent: {}
[15.729076] (-) TimerEvent: {}
[15.830755] (-) TimerEvent: {}
[15.934075] (-) TimerEvent: {}
[16.036652] (-) TimerEvent: {}
[16.139568] (-) TimerEvent: {}
[16.241186] (-) TimerEvent: {}
[16.344418] (-) TimerEvent: {}
[16.446520] (-) TimerEvent: {}
[16.548029] (-) TimerEvent: {}
[16.651065] (-) TimerEvent: {}
[16.753133] (-) TimerEvent: {}
[16.862127] (-) TimerEvent: {}
[16.956875] (tello_msgs) JobEnded: {'identifier': 'tello_msgs', 'rc': 0}
[16.966919] (-) TimerEvent: {}
[16.968157] (-) EventReactorShutdown: {}
