[0.302s] Invoking command in '/home/ubuntu/Desktop/16.633_ros/tello_ros_ws/build/tello_driver': CMAKE_PREFIX_PATH=/home/ubuntu/Desktop/16.633_ros/tello_ros_ws/install/tello_msgs:/home/ubuntu/Desktop/16.633_ros/tello_ros_ws/install/ros2_shared:/home/ubuntu/Desktop/16.633_ros/tello_ros_ws/install/tello_gazebo:/home/ubuntu/Desktop/16.633_ros/tello_ros_ws/install/tello_driver:/home/ubuntu/Desktop/16.633_ros/tello_ros_ws/install/tello_description:/opt/ros/foxy LD_LIBRARY_PATH=/home/ubuntu/Desktop/16.633_ros/tello_ros_ws/install/tello_msgs/lib:/home/ubuntu/Desktop/16.633_ros/tello_ros_ws/install/tello_gazebo/lib:/home/ubuntu/Desktop/16.633_ros/tello_ros_ws/install/tello_driver/lib:/usr/lib/x86_64-linux-gnu/gazebo-11/plugins:/opt/ros/foxy/opt/yaml_cpp_vendor/lib:/opt/ros/foxy/opt/rviz_ogre_vendor/lib:/opt/ros/foxy/lib/x86_64-linux-gnu:/opt/ros/foxy/lib /usr/bin/cmake --build /home/ubuntu/Desktop/16.633_ros/tello_ros_ws/build/tello_driver -- -j6 -l6
[2.309s] [  9%] Built target tello_emulator
[2.349s] [ 27%] Built target tello_joy_main
[2.356s] [ 31%] Built target tello_joy_node
[2.498s] [ 81%] Built target tello_driver_node
[2.522s] [100%] Built target tello_driver_main
[2.845s] Invoked command in '/home/ubuntu/Desktop/16.633_ros/tello_ros_ws/build/tello_driver' returned '0': CMAKE_PREFIX_PATH=/home/ubuntu/Desktop/16.633_ros/tello_ros_ws/install/tello_msgs:/home/ubuntu/Desktop/16.633_ros/tello_ros_ws/install/ros2_shared:/home/ubuntu/Desktop/16.633_ros/tello_ros_ws/install/tello_gazebo:/home/ubuntu/Desktop/16.633_ros/tello_ros_ws/install/tello_driver:/home/ubuntu/Desktop/16.633_ros/tello_ros_ws/install/tello_description:/opt/ros/foxy LD_LIBRARY_PATH=/home/ubuntu/Desktop/16.633_ros/tello_ros_ws/install/tello_msgs/lib:/home/ubuntu/Desktop/16.633_ros/tello_ros_ws/install/tello_gazebo/lib:/home/ubuntu/Desktop/16.633_ros/tello_ros_ws/install/tello_driver/lib:/usr/lib/x86_64-linux-gnu/gazebo-11/plugins:/opt/ros/foxy/opt/yaml_cpp_vendor/lib:/opt/ros/foxy/opt/rviz_ogre_vendor/lib:/opt/ros/foxy/lib/x86_64-linux-gnu:/opt/ros/foxy/lib /usr/bin/cmake --build /home/ubuntu/Desktop/16.633_ros/tello_ros_ws/build/tello_driver -- -j6 -l6
[6.040s] Invoking command in '/home/ubuntu/Desktop/16.633_ros/tello_ros_ws/build/tello_driver': CMAKE_PREFIX_PATH=/home/ubuntu/Desktop/16.633_ros/tello_ros_ws/install/tello_msgs:/home/ubuntu/Desktop/16.633_ros/tello_ros_ws/install/ros2_shared:/home/ubuntu/Desktop/16.633_ros/tello_ros_ws/install/tello_gazebo:/home/ubuntu/Desktop/16.633_ros/tello_ros_ws/install/tello_driver:/home/ubuntu/Desktop/16.633_ros/tello_ros_ws/install/tello_description:/opt/ros/foxy LD_LIBRARY_PATH=/home/ubuntu/Desktop/16.633_ros/tello_ros_ws/install/tello_msgs/lib:/home/ubuntu/Desktop/16.633_ros/tello_ros_ws/install/tello_gazebo/lib:/home/ubuntu/Desktop/16.633_ros/tello_ros_ws/install/tello_driver/lib:/usr/lib/x86_64-linux-gnu/gazebo-11/plugins:/opt/ros/foxy/opt/yaml_cpp_vendor/lib:/opt/ros/foxy/opt/rviz_ogre_vendor/lib:/opt/ros/foxy/lib/x86_64-linux-gnu:/opt/ros/foxy/lib /usr/bin/cmake --install /home/ubuntu/Desktop/16.633_ros/tello_ros_ws/build/tello_driver
[6.256s] -- Install configuration: ""
[6.263s] -- Execute custom install script
[6.268s] -- Up-to-date symlink: /home/ubuntu/Desktop/16.633_ros/tello_ros_ws/install/tello_driver/share/tello_driver/environment/library_path.sh
[6.277s] -- Up-to-date symlink: /home/ubuntu/Desktop/16.633_ros/tello_ros_ws/install/tello_driver/share/tello_driver/environment/library_path.dsv
[6.285s] -- Up-to-date symlink: /home/ubuntu/Desktop/16.633_ros/tello_ros_ws/install/tello_driver/lib/libtello_driver_node.so
[6.291s] -- Up-to-date symlink: /home/ubuntu/Desktop/16.633_ros/tello_ros_ws/install/tello_driver/lib/libtello_joy_node.so
[6.300s] -- Up-to-date symlink: /home/ubuntu/Desktop/16.633_ros/tello_ros_ws/install/tello_driver/lib/tello_driver/tello_driver_main
[6.309s] -- Up-to-date symlink: /home/ubuntu/Desktop/16.633_ros/tello_ros_ws/install/tello_driver/lib/tello_driver/tello_joy_main
[6.316s] -- Up-to-date symlink: /home/ubuntu/Desktop/16.633_ros/tello_ros_ws/install/tello_driver/lib/tello_driver/tello_emulator
[6.323s] -- Up-to-date symlink: /home/ubuntu/Desktop/16.633_ros/tello_ros_ws/install/tello_driver/share/tello_driver/cfg/camera_info.yaml
[6.332s] -- Up-to-date symlink: /home/ubuntu/Desktop/16.633_ros/tello_ros_ws/install/tello_driver/share/tello_driver/launch/emulator_launch.py
[6.340s] -- Up-to-date symlink: /home/ubuntu/Desktop/16.633_ros/tello_ros_ws/install/tello_driver/share/tello_driver/launch/emulators_launch.py
[6.346s] -- Up-to-date symlink: /home/ubuntu/Desktop/16.633_ros/tello_ros_ws/install/tello_driver/share/tello_driver/launch/teleop_launch.py
[6.355s] -- Up-to-date symlink: /home/ubuntu/Desktop/16.633_ros/tello_ros_ws/install/tello_driver/share/ament_index/resource_index/package_run_dependencies/tello_driver
[6.361s] -- Up-to-date symlink: /home/ubuntu/Desktop/16.633_ros/tello_ros_ws/install/tello_driver/share/ament_index/resource_index/parent_prefix_path/tello_driver
[6.371s] -- Up-to-date symlink: /home/ubuntu/Desktop/16.633_ros/tello_ros_ws/install/tello_driver/share/tello_driver/environment/ament_prefix_path.sh
[6.381s] -- Up-to-date symlink: /home/ubuntu/Desktop/16.633_ros/tello_ros_ws/install/tello_driver/share/tello_driver/environment/ament_prefix_path.dsv
[6.387s] -- Up-to-date symlink: /home/ubuntu/Desktop/16.633_ros/tello_ros_ws/install/tello_driver/share/tello_driver/environment/path.sh
[6.395s] -- Up-to-date symlink: /home/ubuntu/Desktop/16.633_ros/tello_ros_ws/install/tello_driver/share/tello_driver/environment/path.dsv
[6.403s] -- Up-to-date symlink: /home/ubuntu/Desktop/16.633_ros/tello_ros_ws/install/tello_driver/share/tello_driver/local_setup.bash
[6.409s] -- Up-to-date symlink: /home/ubuntu/Desktop/16.633_ros/tello_ros_ws/install/tello_driver/share/tello_driver/local_setup.sh
[6.415s] -- Up-to-date symlink: /home/ubuntu/Desktop/16.633_ros/tello_ros_ws/install/tello_driver/share/tello_driver/local_setup.zsh
[6.423s] -- Up-to-date symlink: /home/ubuntu/Desktop/16.633_ros/tello_ros_ws/install/tello_driver/share/tello_driver/local_setup.dsv
[6.429s] -- Symlinking: /home/ubuntu/Desktop/16.633_ros/tello_ros_ws/install/tello_driver/share/tello_driver/package.dsv
[6.683s] -- Up-to-date symlink: /home/ubuntu/Desktop/16.633_ros/tello_ros_ws/install/tello_driver/share/ament_index/resource_index/packages/tello_driver
[6.693s] -- Up-to-date symlink: /home/ubuntu/Desktop/16.633_ros/tello_ros_ws/install/tello_driver/share/ament_index/resource_index/rclcpp_components/tello_driver
[6.703s] -- Up-to-date symlink: /home/ubuntu/Desktop/16.633_ros/tello_ros_ws/install/tello_driver/share/tello_driver/cmake/tello_driverConfig.cmake
[6.710s] -- Up-to-date symlink: /home/ubuntu/Desktop/16.633_ros/tello_ros_ws/install/tello_driver/share/tello_driver/cmake/tello_driverConfig-version.cmake
[6.718s] -- Up-to-date symlink: /home/ubuntu/Desktop/16.633_ros/tello_ros_ws/install/tello_driver/share/tello_driver/package.xml
[6.730s] Invoked command in '/home/ubuntu/Desktop/16.633_ros/tello_ros_ws/build/tello_driver' returned '0': CMAKE_PREFIX_PATH=/home/ubuntu/Desktop/16.633_ros/tello_ros_ws/install/tello_msgs:/home/ubuntu/Desktop/16.633_ros/tello_ros_ws/install/ros2_shared:/home/ubuntu/Desktop/16.633_ros/tello_ros_ws/install/tello_gazebo:/home/ubuntu/Desktop/16.633_ros/tello_ros_ws/install/tello_driver:/home/ubuntu/Desktop/16.633_ros/tello_ros_ws/install/tello_description:/opt/ros/foxy LD_LIBRARY_PATH=/home/ubuntu/Desktop/16.633_ros/tello_ros_ws/install/tello_msgs/lib:/home/ubuntu/Desktop/16.633_ros/tello_ros_ws/install/tello_gazebo/lib:/home/ubuntu/Desktop/16.633_ros/tello_ros_ws/install/tello_driver/lib:/usr/lib/x86_64-linux-gnu/gazebo-11/plugins:/opt/ros/foxy/opt/yaml_cpp_vendor/lib:/opt/ros/foxy/opt/rviz_ogre_vendor/lib:/opt/ros/foxy/lib/x86_64-linux-gnu:/opt/ros/foxy/lib /usr/bin/cmake --install /home/ubuntu/Desktop/16.633_ros/tello_ros_ws/build/tello_driver
