[1.308s] Invoking command in '/home/ubuntu/Desktop/16.633_ros/flight_ws/build/competition': PYTHONPATH=/home/ubuntu/Desktop/16.633_ros/flight_ws/build/competition/prefix_override:/home/ubuntu/Desktop/16.633_ros/flight_ws/install/competition/lib/python3.8/site-packages:${PYTHONPATH} /usr/bin/python3 setup.py develop --uninstall --editable --build-directory /home/ubuntu/Desktop/16.633_ros/flight_ws/build/competition/build
[1.602s] running develop
[1.855s] Removing /home/ubuntu/Desktop/16.633_ros/flight_ws/install/competition/lib/python3.8/site-packages/competition.egg-link (link to .)
[1.883s] Invoked command in '/home/ubuntu/Desktop/16.633_ros/flight_ws/build/competition' returned '0': PYTHONPATH=/home/ubuntu/Desktop/16.633_ros/flight_ws/build/competition/prefix_override:/home/ubuntu/Desktop/16.633_ros/flight_ws/install/competition/lib/python3.8/site-packages:${PYTHONPATH} /usr/bin/python3 setup.py develop --uninstall --editable --build-directory /home/ubuntu/Desktop/16.633_ros/flight_ws/build/competition/build
[1.896s] Invoking command in '/home/ubuntu/Desktop/16.633_ros/flight_ws/src/competition': PYTHONPATH=/home/ubuntu/Desktop/16.633_ros/flight_ws/build/competition/prefix_override:/home/ubuntu/Desktop/16.633_ros/flight_ws/install/competition/lib/python3.8/site-packages:${PYTHONPATH} /usr/bin/python3 setup.py egg_info --egg-base ../../build/competition build --build-base /home/ubuntu/Desktop/16.633_ros/flight_ws/build/competition/build install --record /home/ubuntu/Desktop/16.633_ros/flight_ws/build/competition/install.log --install-scripts $base/lib/competition --single-version-externally-managed
[2.319s] running egg_info
[2.326s] writing ../../build/competition/competition.egg-info/PKG-INFO
[2.332s] writing dependency_links to ../../build/competition/competition.egg-info/dependency_links.txt
[2.341s] writing entry points to ../../build/competition/competition.egg-info/entry_points.txt
[2.349s] writing requirements to ../../build/competition/competition.egg-info/requires.txt
[2.361s] writing top-level names to ../../build/competition/competition.egg-info/top_level.txt
[2.449s] reading manifest file '../../build/competition/competition.egg-info/SOURCES.txt'
[2.491s] writing manifest file '../../build/competition/competition.egg-info/SOURCES.txt'
[2.502s] running build
[2.508s] running build_py
[2.513s] copying competition/drone_control_test.py -> /home/ubuntu/Desktop/16.633_ros/flight_ws/build/competition/build/lib/competition
[2.527s] copying competition/drone_service_test.py -> /home/ubuntu/Desktop/16.633_ros/flight_ws/build/competition/build/lib/competition
[2.557s] running install
[2.570s] running install_lib
[2.580s] creating /home/ubuntu/Desktop/16.633_ros/flight_ws/install/competition/lib/python3.8/site-packages/competition
[2.587s] copying /home/ubuntu/Desktop/16.633_ros/flight_ws/build/competition/build/lib/competition/__init__.py -> /home/ubuntu/Desktop/16.633_ros/flight_ws/install/competition/lib/python3.8/site-packages/competition
[2.610s] copying /home/ubuntu/Desktop/16.633_ros/flight_ws/build/competition/build/lib/competition/drone_control_test.py -> /home/ubuntu/Desktop/16.633_ros/flight_ws/install/competition/lib/python3.8/site-packages/competition
[2.636s] copying /home/ubuntu/Desktop/16.633_ros/flight_ws/build/competition/build/lib/competition/drone_service_test.py -> /home/ubuntu/Desktop/16.633_ros/flight_ws/install/competition/lib/python3.8/site-packages/competition
[2.667s] byte-compiling /home/ubuntu/Desktop/16.633_ros/flight_ws/install/competition/lib/python3.8/site-packages/competition/__init__.py to __init__.cpython-38.pyc
[2.693s] byte-compiling /home/ubuntu/Desktop/16.633_ros/flight_ws/install/competition/lib/python3.8/site-packages/competition/drone_control_test.py to drone_control_test.cpython-38.pyc
[2.715s] byte-compiling /home/ubuntu/Desktop/16.633_ros/flight_ws/install/competition/lib/python3.8/site-packages/competition/drone_service_test.py to drone_service_test.cpython-38.pyc
[2.736s] running install_data
[2.742s] running install_egg_info
[2.747s] Copying ../../build/competition/competition.egg-info to /home/ubuntu/Desktop/16.633_ros/flight_ws/install/competition/lib/python3.8/site-packages/competition-0.0.0-py3.8.egg-info
[2.892s] running install_scripts
[2.924s] Installing drone_client script to /home/ubuntu/Desktop/16.633_ros/flight_ws/install/competition/lib/competition
[2.934s] Installing drone_test script to /home/ubuntu/Desktop/16.633_ros/flight_ws/install/competition/lib/competition
[2.944s] writing list of installed files to '/home/ubuntu/Desktop/16.633_ros/flight_ws/build/competition/install.log'
[2.977s] Invoked command in '/home/ubuntu/Desktop/16.633_ros/flight_ws/src/competition' returned '0': PYTHONPATH=/home/ubuntu/Desktop/16.633_ros/flight_ws/build/competition/prefix_override:/home/ubuntu/Desktop/16.633_ros/flight_ws/install/competition/lib/python3.8/site-packages:${PYTHONPATH} /usr/bin/python3 setup.py egg_info --egg-base ../../build/competition build --build-base /home/ubuntu/Desktop/16.633_ros/flight_ws/build/competition/build install --record /home/ubuntu/Desktop/16.633_ros/flight_ws/build/competition/install.log --install-scripts $base/lib/competition --single-version-externally-managed
