[0.000000] (-) TimerEvent: {}
[0.001630] (-) JobUnselected: {'identifier': 'tello_msgs'}
[0.004245] (competition) JobQueued: {'identifier': 'competition', 'dependencies': OrderedDict()}
[0.005054] (competition) JobStarted: {'identifier': 'competition'}
[0.098246] (-) TimerEvent: {}
[0.206098] (-) TimerEvent: {}
[0.307703] (-) TimerEvent: {}
[0.410423] (-) TimerEvent: {}
[0.512558] (-) TimerEvent: {}
[0.614207] (-) TimerEvent: {}
[0.716069] (-) TimerEvent: {}
[0.818162] (-) TimerEvent: {}
[0.920208] (-) TimerEvent: {}
[1.022471] (-) TimerEvent: {}
[1.124495] (-) TimerEvent: {}
[1.226227] (-) TimerEvent: {}
[1.328288] (-) TimerEvent: {}
[1.430614] (-) TimerEvent: {}
[1.531828] (-) TimerEvent: {}
[1.633851] (-) TimerEvent: {}
[1.735583] (-) TimerEvent: {}
[1.837352] (-) TimerEvent: {}
[1.938978] (-) TimerEvent: {}
[2.040859] (-) TimerEvent: {}
[2.142970] (-) TimerEvent: {}
[2.244619] (-) TimerEvent: {}
[2.246883] (competition) Command: {'cmd': ['/usr/bin/python3', 'setup.py', 'develop', '--editable', '--build-directory', '/home/ubuntu/Desktop/16.633_ros/flight_ws/build/competition/build', '--no-deps', 'install_data'], 'cwd': '/home/ubuntu/Desktop/16.633_ros/flight_ws/build/competition', 'env': {'VNCDESKTOP': '3f437f477d9b:1 (ubuntu)', 'QT_SCALE_FACTOR': '1', 'USER': 'ubuntu', 'SUPERVISOR_GROUP_NAME': 'vnc', 'HOSTNAME': '3f437f477d9b', 'SHLVL': '2', 'LD_LIBRARY_PATH': '/home/ubuntu/Desktop/16.633_ros/flight_ws/install/tello_msgs/lib:/usr/lib/x86_64-linux-gnu/gazebo-11/plugins:/opt/ros/foxy/opt/yaml_cpp_vendor/lib:/opt/ros/foxy/opt/rviz_ogre_vendor/lib:/opt/ros/foxy/lib/x86_64-linux-gnu:/opt/ros/foxy/lib', 'HOME': '/home/ubuntu', 'OLDPWD': '/home/ubuntu/Desktop/16.633_ros', 'ROS_PYTHON_VERSION': '3', 'LC_CTYPE': 'C.UTF-8', 'DBUS_SESSION_BUS_ADDRESS': 'unix:abstract=/tmp/dbus-PDjdGgeinN,guid=8e875f7dbc6e9601ea2d39ca64c6659e', 'COLORTERM': 'truecolor', 'COLCON_PREFIX_PATH': '/home/ubuntu/Desktop/16.633_ros/flight_ws/install', 'ROS_DISTRO': 'foxy', 'WINDOWID': '39845894', 'QT_AUTO_SCREEN_SCALE_FACTOR': '0', '_': '/usr/bin/colcon', 'ROS_VERSION': '2', 'TERM': 'xterm-256color', 'GTK_OVERLAY_SCROLLING': '0', 'ROS_LOCALHOST_ONLY': '0', 'INSIDE_CAJA_PYTHON': '', 'PATH': '/opt/ros/foxy/bin:/usr/local/sbin:/usr/local/bin:/usr/sbin:/usr/bin:/sbin:/bin', 'SESSION_MANAGER': 'local/3f437f477d9b:@/tmp/.ICE-unix/67,unix/3f437f477d9b:/tmp/.ICE-unix/67', 'DISPLAY': ':1', 'XDG_CURRENT_DESKTOP': 'MATE', 'SUPERVISOR_ENABLED': '1', 'AMENT_PREFIX_PATH': '/home/ubuntu/Desktop/16.633_ros/flight_ws/install/tello_msgs:/home/ubuntu/Desktop/16.633_ros/flight_ws/install/competition:/opt/ros/foxy', 'PASSWD': 'ubuntu', 'SUPERVISOR_SERVER_URL': 'unix:///var/run/supervisor.sock', 'SUPERVISOR_PROCESS_NAME': 'vnc', 'PWD': '/home/ubuntu/Desktop/16.633_ros/flight_ws/build/competition', 'PYTHONPATH': '/home/ubuntu/Desktop/16.633_ros/flight_ws/build/competition/prefix_override:/home/ubuntu/Desktop/16.633_ros/flight_ws/install/competition/lib/python3.8/site-packages:/home/ubuntu/Desktop/16.633_ros/flight_ws/install/tello_msgs/lib/python3.8/site-packages:/home/ubuntu/Desktop/16.633_ros/flight_ws/build/competition:/home/ubuntu/Desktop/16.633_ros/flight_ws/install/competition/lib/python3.8/site-packages:/opt/ros/foxy/lib/python3.8/site-packages', 'MATE_DESKTOP_SESSION_ID': 'this-is-deprecated', 'COLCON': '1', 'VTE_VERSION': '6003', 'CMAKE_PREFIX_PATH': '/home/ubuntu/Desktop/16.633_ros/flight_ws/install/tello_msgs'}, 'shell': False}
[2.344899] (-) TimerEvent: {}
[2.450459] (-) TimerEvent: {}
[2.552224] (-) TimerEvent: {}
[2.655100] (-) TimerEvent: {}
[2.756663] (-) TimerEvent: {}
[2.858970] (-) TimerEvent: {}
[2.960297] (-) TimerEvent: {}
[2.997089] (competition) StdoutLine: {'line': b'running develop\n'}
[3.060529] (-) TimerEvent: {}
[3.162521] (-) TimerEvent: {}
[3.264603] (-) TimerEvent: {}
[3.367006] (-) TimerEvent: {}
[3.429911] (competition) StdoutLine: {'line': b'running egg_info\n'}
[3.436445] (competition) StdoutLine: {'line': b'writing competition.egg-info/PKG-INFO\n'}
[3.447630] (competition) StdoutLine: {'line': b'writing dependency_links to competition.egg-info/dependency_links.txt\n'}
[3.458145] (competition) StdoutLine: {'line': b'writing entry points to competition.egg-info/entry_points.txt\n'}
[3.465891] (competition) StdoutLine: {'line': b'writing requirements to competition.egg-info/requires.txt\n'}
[3.471328] (-) TimerEvent: {}
[3.473370] (competition) StdoutLine: {'line': b'writing top-level names to competition.egg-info/top_level.txt\n'}
[3.571479] (-) TimerEvent: {}
[3.587189] (competition) StdoutLine: {'line': b"reading manifest file 'competition.egg-info/SOURCES.txt'\n"}
[3.628279] (competition) StdoutLine: {'line': b"writing manifest file 'competition.egg-info/SOURCES.txt'\n"}
[3.671886] (-) TimerEvent: {}
[3.773550] (-) TimerEvent: {}
[3.856060] (competition) StdoutLine: {'line': b'running build_ext\n'}
[3.863124] (competition) StdoutLine: {'line': b'Creating /home/ubuntu/Desktop/16.633_ros/flight_ws/install/competition/lib/python3.8/site-packages/competition.egg-link (link to .)\n'}
[3.873716] (-) TimerEvent: {}
[3.884846] (competition) StdoutLine: {'line': b'Installing drone_client script to /home/ubuntu/Desktop/16.633_ros/flight_ws/install/competition/lib/competition\n'}
[3.894799] (competition) StdoutLine: {'line': b'Installing drone_test script to /home/ubuntu/Desktop/16.633_ros/flight_ws/install/competition/lib/competition\n'}
[3.915451] (competition) StdoutLine: {'line': b'\n'}
[3.922704] (competition) StdoutLine: {'line': b'Installed /home/ubuntu/Desktop/16.633_ros/flight_ws/build/competition\n'}
[3.928386] (competition) StdoutLine: {'line': b'running install_data\n'}
[3.973939] (-) TimerEvent: {}
[3.986509] (competition) CommandEnded: {'returncode': 0}
[4.074396] (-) TimerEvent: {}
[4.176659] (-) TimerEvent: {}
[4.239308] (competition) JobEnded: {'identifier': 'competition', 'rc': 0}
[4.257353] (-) EventReactorShutdown: {}
