[0.000000] (-) TimerEvent: {}
[0.001340] (-) JobUnselected: {'identifier': 'tello_msgs'}
[0.002346] (competition) JobQueued: {'identifier': 'competition', 'dependencies': OrderedDict()}
[0.004037] (competition) JobStarted: {'identifier': 'competition'}
[0.097080] (-) TimerEvent: {}
[0.199551] (-) TimerEvent: {}
[0.301668] (-) TimerEvent: {}
[0.403924] (-) TimerEvent: {}
[0.505733] (-) TimerEvent: {}
[0.607378] (-) TimerEvent: {}
[0.710064] (-) TimerEvent: {}
[0.812339] (-) TimerEvent: {}
[0.913688] (-) TimerEvent: {}
[1.015315] (-) TimerEvent: {}
[1.101551] (competition) Command: {'cmd': ['/usr/bin/python3', 'setup.py', 'develop', '--uninstall', '--editable', '--build-directory', '/home/ubuntu/Desktop/16.633_ros/flight_ws/build/competition/build'], 'cwd': '/home/ubuntu/Desktop/16.633_ros/flight_ws/build/competition', 'env': {'VNCDESKTOP': '3f437f477d9b:1 (ubuntu)', 'QT_SCALE_FACTOR': '1', 'USER': 'ubuntu', 'SUPERVISOR_GROUP_NAME': 'vnc', 'HOSTNAME': '3f437f477d9b', 'SHLVL': '2', 'LD_LIBRARY_PATH': '/usr/lib/x86_64-linux-gnu/gazebo-11/plugins:/opt/ros/foxy/opt/yaml_cpp_vendor/lib:/opt/ros/foxy/opt/rviz_ogre_vendor/lib:/opt/ros/foxy/lib/x86_64-linux-gnu:/opt/ros/foxy/lib', 'HOME': '/home/ubuntu', 'OLDPWD': '/home/ubuntu/Desktop/16.633_ros/flight_ws/src', 'ROS_PYTHON_VERSION': '3', 'LC_CTYPE': 'C.UTF-8', 'DBUS_SESSION_BUS_ADDRESS': 'unix:abstract=/tmp/dbus-GJ7dSiW8sr,guid=947c6f2354fa13cddbb6018b64c836aa', 'COLORTERM': 'truecolor', 'ROS_DISTRO': 'foxy', 'WINDOWID': '41943046', 'QT_AUTO_SCREEN_SCALE_FACTOR': '0', '_': '/usr/bin/colcon', 'ROS_VERSION': '2', 'TERM': 'xterm-256color', 'GTK_OVERLAY_SCROLLING': '0', 'ROS_LOCALHOST_ONLY': '0', 'INSIDE_CAJA_PYTHON': '', 'PATH': '/opt/ros/foxy/bin:/usr/local/sbin:/usr/local/bin:/usr/sbin:/usr/bin:/sbin:/bin', 'SESSION_MANAGER': 'local/3f437f477d9b:@/tmp/.ICE-unix/65,unix/3f437f477d9b:/tmp/.ICE-unix/65', 'DISPLAY': ':1', 'XDG_CURRENT_DESKTOP': 'MATE', 'SUPERVISOR_ENABLED': '1', 'AMENT_PREFIX_PATH': '/opt/ros/foxy', 'PASSWD': 'ubuntu', 'SUPERVISOR_SERVER_URL': 'unix:///var/run/supervisor.sock', 'SUPERVISOR_PROCESS_NAME': 'vnc', 'PWD': '/home/ubuntu/Desktop/16.633_ros/flight_ws/build/competition', 'PYTHONPATH': '/home/ubuntu/Desktop/16.633_ros/flight_ws/build/competition/prefix_override:/home/ubuntu/Desktop/16.633_ros/flight_ws/install/competition/lib/python3.8/site-packages:/opt/ros/foxy/lib/python3.8/site-packages', 'MATE_DESKTOP_SESSION_ID': 'this-is-deprecated', 'COLCON': '1', 'VTE_VERSION': '6003'}, 'shell': False}
[1.141620] (-) TimerEvent: {}
[1.243236] (-) TimerEvent: {}
[1.345141] (-) TimerEvent: {}
[1.424867] (competition) StdoutLine: {'line': b'running develop\n'}
[1.445329] (-) TimerEvent: {}
[1.546496] (-) TimerEvent: {}
[1.635152] (competition) CommandEnded: {'returncode': 0}
[1.644767] (competition) Command: {'cmd': ['/usr/bin/python3', 'setup.py', 'egg_info', '--egg-base', '../../build/competition', 'build', '--build-base', '/home/ubuntu/Desktop/16.633_ros/flight_ws/build/competition/build', 'install', '--record', '/home/ubuntu/Desktop/16.633_ros/flight_ws/build/competition/install.log', '--install-scripts', '$base/lib/competition', '--single-version-externally-managed'], 'cwd': '/home/ubuntu/Desktop/16.633_ros/flight_ws/src/competition', 'env': {'VNCDESKTOP': '3f437f477d9b:1 (ubuntu)', 'QT_SCALE_FACTOR': '1', 'USER': 'ubuntu', 'SUPERVISOR_GROUP_NAME': 'vnc', 'HOSTNAME': '3f437f477d9b', 'SHLVL': '2', 'LD_LIBRARY_PATH': '/usr/lib/x86_64-linux-gnu/gazebo-11/plugins:/opt/ros/foxy/opt/yaml_cpp_vendor/lib:/opt/ros/foxy/opt/rviz_ogre_vendor/lib:/opt/ros/foxy/lib/x86_64-linux-gnu:/opt/ros/foxy/lib', 'HOME': '/home/ubuntu', 'OLDPWD': '/home/ubuntu/Desktop/16.633_ros/flight_ws/src', 'ROS_PYTHON_VERSION': '3', 'LC_CTYPE': 'C.UTF-8', 'DBUS_SESSION_BUS_ADDRESS': 'unix:abstract=/tmp/dbus-GJ7dSiW8sr,guid=947c6f2354fa13cddbb6018b64c836aa', 'COLORTERM': 'truecolor', 'ROS_DISTRO': 'foxy', 'WINDOWID': '41943046', 'QT_AUTO_SCREEN_SCALE_FACTOR': '0', '_': '/usr/bin/colcon', 'ROS_VERSION': '2', 'TERM': 'xterm-256color', 'GTK_OVERLAY_SCROLLING': '0', 'ROS_LOCALHOST_ONLY': '0', 'INSIDE_CAJA_PYTHON': '', 'PATH': '/opt/ros/foxy/bin:/usr/local/sbin:/usr/local/bin:/usr/sbin:/usr/bin:/sbin:/bin', 'SESSION_MANAGER': 'local/3f437f477d9b:@/tmp/.ICE-unix/65,unix/3f437f477d9b:/tmp/.ICE-unix/65', 'DISPLAY': ':1', 'XDG_CURRENT_DESKTOP': 'MATE', 'SUPERVISOR_ENABLED': '1', 'AMENT_PREFIX_PATH': '/opt/ros/foxy', 'PASSWD': 'ubuntu', 'SUPERVISOR_SERVER_URL': 'unix:///var/run/supervisor.sock', 'SUPERVISOR_PROCESS_NAME': 'vnc', 'PWD': '/home/ubuntu/Desktop/16.633_ros/flight_ws/build/competition', 'PYTHONPATH': '/home/ubuntu/Desktop/16.633_ros/flight_ws/build/competition/prefix_override:/home/ubuntu/Desktop/16.633_ros/flight_ws/install/competition/lib/python3.8/site-packages:/opt/ros/foxy/lib/python3.8/site-packages', 'MATE_DESKTOP_SESSION_ID': 'this-is-deprecated', 'COLCON': '1', 'VTE_VERSION': '6003'}, 'shell': False}
[1.650556] (-) TimerEvent: {}
[1.752175] (-) TimerEvent: {}
[1.853630] (-) TimerEvent: {}
[1.901259] (competition) StdoutLine: {'line': b'running egg_info\n'}
[1.904740] (competition) StdoutLine: {'line': b'writing ../../build/competition/competition.egg-info/PKG-INFO\n'}
[1.907804] (competition) StdoutLine: {'line': b'writing dependency_links to ../../build/competition/competition.egg-info/dependency_links.txt\n'}
[1.913820] (competition) StdoutLine: {'line': b'writing entry points to ../../build/competition/competition.egg-info/entry_points.txt\n'}
[1.919081] (competition) StdoutLine: {'line': b'writing requirements to ../../build/competition/competition.egg-info/requires.txt\n'}
[1.924406] (competition) StdoutLine: {'line': b'writing top-level names to ../../build/competition/competition.egg-info/top_level.txt\n'}
[1.953919] (-) TimerEvent: {}
[2.009035] (competition) StdoutLine: {'line': b"reading manifest file '../../build/competition/competition.egg-info/SOURCES.txt'\n"}
[2.021137] (competition) StdoutLine: {'line': b"writing manifest file '../../build/competition/competition.egg-info/SOURCES.txt'\n"}
[2.024792] (competition) StdoutLine: {'line': b'running build\n'}
[2.028206] (competition) StdoutLine: {'line': b'running build_py\n'}
[2.031801] (competition) StdoutLine: {'line': b'running install\n'}
[2.035157] (competition) StdoutLine: {'line': b'running install_lib\n'}
[2.038604] (competition) StdoutLine: {'line': b'running install_data\n'}
[2.041896] (competition) StdoutLine: {'line': b'running install_egg_info\n'}
[2.044805] (competition) StdoutLine: {'line': b"removing '/home/ubuntu/Desktop/16.633_ros/flight_ws/install/competition/lib/python3.8/site-packages/competition-0.0.0-py3.8.egg-info' (and everything under it)\n"}
[2.047766] (competition) StdoutLine: {'line': b'Copying ../../build/competition/competition.egg-info to /home/ubuntu/Desktop/16.633_ros/flight_ws/install/competition/lib/python3.8/site-packages/competition-0.0.0-py3.8.egg-info\n'}
[2.054009] (-) TimerEvent: {}
[2.119456] (competition) StdoutLine: {'line': b'running install_scripts\n'}
[2.141005] (competition) StdoutLine: {'line': b'Installing drone_client script to /home/ubuntu/Desktop/16.633_ros/flight_ws/install/competition/lib/competition\n'}
[2.148393] (competition) StdoutLine: {'line': b'Installing drone_test script to /home/ubuntu/Desktop/16.633_ros/flight_ws/install/competition/lib/competition\n'}
[2.154000] (competition) StdoutLine: {'line': b"writing list of installed files to '/home/ubuntu/Desktop/16.633_ros/flight_ws/build/competition/install.log'\n"}
[2.156990] (-) TimerEvent: {}
[2.179544] (competition) CommandEnded: {'returncode': 0}
[2.257201] (-) TimerEvent: {}
[2.281755] (competition) JobEnded: {'identifier': 'competition', 'rc': 0}
[2.291741] (-) EventReactorShutdown: {}
