[0.315s] Invoking command in '/home/ubuntu/Desktop/16.633_ros/tello_ros_ws/build/tello_description': CMAKE_PREFIX_PATH=${CMAKE_PREFIX_PATH}:/opt/ros/foxy /usr/bin/cmake --build /home/ubuntu/Desktop/16.633_ros/tello_ros_ws/build/tello_description -- -j6 -l6
[2.345s] [ 11%] Built target generate_urdf_3
[2.410s] [ 22%] Built target generate_urdf_1
[2.469s] [ 33%] Built target generate_urdf
[2.512s] [ 55%] Built target generate_urdf_4
[2.517s] [ 55%] Built target generate_urdf_8
[2.555s] [ 66%] Built target generate_urdf_6
[3.414s] [ 77%] Built target generate_urdf_5
[3.586s] [ 88%] Built target generate_urdf_7
[3.753s] [100%] Built target generate_urdf_2
[4.094s] Invoked command in '/home/ubuntu/Desktop/16.633_ros/tello_ros_ws/build/tello_description' returned '0': CMAKE_PREFIX_PATH=${CMAKE_PREFIX_PATH}:/opt/ros/foxy /usr/bin/cmake --build /home/ubuntu/Desktop/16.633_ros/tello_ros_ws/build/tello_description -- -j6 -l6
[5.312s] Invoking command in '/home/ubuntu/Desktop/16.633_ros/tello_ros_ws/build/tello_description': CMAKE_PREFIX_PATH=${CMAKE_PREFIX_PATH}:/opt/ros/foxy /usr/bin/cmake --install /home/ubuntu/Desktop/16.633_ros/tello_ros_ws/build/tello_description
[5.545s] -- Install configuration: ""
[5.550s] -- Execute custom install script
[5.557s] -- Up-to-date symlink: /home/ubuntu/Desktop/16.633_ros/tello_ros_ws/install/tello_description/share/tello_description/urdf/tello.urdf
[5.562s] -- Up-to-date symlink: /home/ubuntu/Desktop/16.633_ros/tello_ros_ws/install/tello_description/share/tello_description/urdf/tello_1.urdf
[5.569s] -- Up-to-date symlink: /home/ubuntu/Desktop/16.633_ros/tello_ros_ws/install/tello_description/share/tello_description/urdf/tello_2.urdf
[5.574s] -- Up-to-date symlink: /home/ubuntu/Desktop/16.633_ros/tello_ros_ws/install/tello_description/share/tello_description/urdf/tello_3.urdf
[5.579s] -- Up-to-date symlink: /home/ubuntu/Desktop/16.633_ros/tello_ros_ws/install/tello_description/share/tello_description/urdf/tello_4.urdf
[5.588s] -- Up-to-date symlink: /home/ubuntu/Desktop/16.633_ros/tello_ros_ws/install/tello_description/share/tello_description/urdf/tello_5.urdf
[5.595s] -- Up-to-date symlink: /home/ubuntu/Desktop/16.633_ros/tello_ros_ws/install/tello_description/share/tello_description/urdf/tello_6.urdf
[5.600s] -- Up-to-date symlink: /home/ubuntu/Desktop/16.633_ros/tello_ros_ws/install/tello_description/share/tello_description/urdf/tello_7.urdf
[5.606s] -- Up-to-date symlink: /home/ubuntu/Desktop/16.633_ros/tello_ros_ws/install/tello_description/share/tello_description/urdf/tello_8.urdf
[5.612s] -- Up-to-date symlink: /home/ubuntu/Desktop/16.633_ros/tello_ros_ws/install/tello_description/share/ament_index/resource_index/package_run_dependencies/tello_description
[5.618s] -- Up-to-date symlink: /home/ubuntu/Desktop/16.633_ros/tello_ros_ws/install/tello_description/share/ament_index/resource_index/parent_prefix_path/tello_description
[5.624s] -- Up-to-date symlink: /home/ubuntu/Desktop/16.633_ros/tello_ros_ws/install/tello_description/share/tello_description/environment/ament_prefix_path.sh
[5.629s] -- Up-to-date symlink: /home/ubuntu/Desktop/16.633_ros/tello_ros_ws/install/tello_description/share/tello_description/environment/ament_prefix_path.dsv
[5.634s] -- Up-to-date symlink: /home/ubuntu/Desktop/16.633_ros/tello_ros_ws/install/tello_description/share/tello_description/environment/path.sh
[5.641s] -- Up-to-date symlink: /home/ubuntu/Desktop/16.633_ros/tello_ros_ws/install/tello_description/share/tello_description/environment/path.dsv
[5.650s] -- Up-to-date symlink: /home/ubuntu/Desktop/16.633_ros/tello_ros_ws/install/tello_description/share/tello_description/local_setup.bash
[5.659s] -- Up-to-date symlink: /home/ubuntu/Desktop/16.633_ros/tello_ros_ws/install/tello_description/share/tello_description/local_setup.sh
[5.666s] -- Up-to-date symlink: /home/ubuntu/Desktop/16.633_ros/tello_ros_ws/install/tello_description/share/tello_description/local_setup.zsh
[5.674s] -- Up-to-date symlink: /home/ubuntu/Desktop/16.633_ros/tello_ros_ws/install/tello_description/share/tello_description/local_setup.dsv
[5.678s] -- Symlinking: /home/ubuntu/Desktop/16.633_ros/tello_ros_ws/install/tello_description/share/tello_description/package.dsv
[5.862s] -- Up-to-date symlink: /home/ubuntu/Desktop/16.633_ros/tello_ros_ws/install/tello_description/share/ament_index/resource_index/packages/tello_description
[5.870s] -- Up-to-date symlink: /home/ubuntu/Desktop/16.633_ros/tello_ros_ws/install/tello_description/share/tello_description/cmake/tello_descriptionConfig.cmake
[5.875s] -- Up-to-date symlink: /home/ubuntu/Desktop/16.633_ros/tello_ros_ws/install/tello_description/share/tello_description/cmake/tello_descriptionConfig-version.cmake
[5.885s] -- Up-to-date symlink: /home/ubuntu/Desktop/16.633_ros/tello_ros_ws/install/tello_description/share/tello_description/package.xml
[5.892s] Invoked command in '/home/ubuntu/Desktop/16.633_ros/tello_ros_ws/build/tello_description' returned '0': CMAKE_PREFIX_PATH=${CMAKE_PREFIX_PATH}:/opt/ros/foxy /usr/bin/cmake --install /home/ubuntu/Desktop/16.633_ros/tello_ros_ws/build/tello_description
