[0.178s] Invoking command in '/home/ubuntu/Desktop/16.633_ros/tello_ros_ws/build/tello_msgs': CMAKE_PREFIX_PATH=/opt/ros/foxy /usr/bin/cmake --build /home/ubuntu/Desktop/16.633_ros/tello_ros_ws/build/tello_msgs -- -j6 -l6
[0.445s] [  2%] Built target tello_msgs__cpp
[0.512s] [ 12%] Built target tello_msgs__rosidl_generator_c
[0.746s] [ 46%] Built target tello_msgs__rosidl_typesupport_cpp
[0.764s] [ 46%] Built target tello_msgs__rosidl_typesupport_fastrtps_cpp
[0.770s] [ 53%] Built target tello_msgs__rosidl_typesupport_introspection_cpp
[0.807s] [ 65%] Built target tello_msgs__rosidl_typesupport_introspection_c
[0.813s] [ 65%] Built target tello_msgs__rosidl_typesupport_c
[0.925s] [ 76%] Built target tello_msgs__rosidl_typesupport_fastrtps_c
[0.997s] [ 76%] Built target tello_msgs
[1.073s] [ 78%] Built target tello_msgs__py
[1.209s] [ 87%] Built target tello_msgs__python
[1.336s] [ 97%] Built target tello_msgs__rosidl_typesupport_introspection_c__pyext
[1.344s] [100%] Built target tello_msgs__rosidl_typesupport_fastrtps_c__pyext
[1.354s] [100%] Built target tello_msgs__rosidl_typesupport_c__pyext
[1.464s] Invoked command in '/home/ubuntu/Desktop/16.633_ros/tello_ros_ws/build/tello_msgs' returned '0': CMAKE_PREFIX_PATH=/opt/ros/foxy /usr/bin/cmake --build /home/ubuntu/Desktop/16.633_ros/tello_ros_ws/build/tello_msgs -- -j6 -l6
[1.641s] Invoking command in '/home/ubuntu/Desktop/16.633_ros/tello_ros_ws/build/tello_msgs': CMAKE_PREFIX_PATH=/opt/ros/foxy /usr/bin/cmake --install /home/ubuntu/Desktop/16.633_ros/tello_ros_ws/build/tello_msgs
[1.647s] -- Install configuration: ""
[1.651s] -- Execute custom install script
[1.656s] -- Up-to-date symlink: /home/ubuntu/Desktop/16.633_ros/tello_ros_ws/install/tello_msgs/share/ament_index/resource_index/rosidl_interfaces/tello_msgs
[1.660s] -- Up-to-date symlink: /home/ubuntu/Desktop/16.633_ros/tello_ros_ws/install/tello_msgs/include/tello_msgs/msg/detail/flight_data__functions.h
[1.666s] -- Up-to-date symlink: /home/ubuntu/Desktop/16.633_ros/tello_ros_ws/install/tello_msgs/include/tello_msgs/msg/detail/flight_data__struct.h
[1.674s] -- Up-to-date symlink: /home/ubuntu/Desktop/16.633_ros/tello_ros_ws/install/tello_msgs/include/tello_msgs/msg/detail/flight_data__type_support.h
[1.682s] -- Up-to-date symlink: /home/ubuntu/Desktop/16.633_ros/tello_ros_ws/install/tello_msgs/include/tello_msgs/msg/detail/tello_response__functions.h
[1.694s] -- Up-to-date symlink: /home/ubuntu/Desktop/16.633_ros/tello_ros_ws/install/tello_msgs/include/tello_msgs/msg/detail/tello_response__struct.h
[1.700s] -- Up-to-date symlink: /home/ubuntu/Desktop/16.633_ros/tello_ros_ws/install/tello_msgs/include/tello_msgs/msg/detail/tello_response__type_support.h
[1.712s] -- Up-to-date symlink: /home/ubuntu/Desktop/16.633_ros/tello_ros_ws/install/tello_msgs/include/tello_msgs/msg/flight_data.h
[1.719s] -- Up-to-date symlink: /home/ubuntu/Desktop/16.633_ros/tello_ros_ws/install/tello_msgs/include/tello_msgs/msg/rosidl_generator_c__visibility_control.h
[1.728s] -- Up-to-date symlink: /home/ubuntu/Desktop/16.633_ros/tello_ros_ws/install/tello_msgs/include/tello_msgs/msg/tello_response.h
[1.736s] -- Up-to-date symlink: /home/ubuntu/Desktop/16.633_ros/tello_ros_ws/install/tello_msgs/include/tello_msgs/srv/detail/tello_action__functions.h
[1.744s] -- Up-to-date symlink: /home/ubuntu/Desktop/16.633_ros/tello_ros_ws/install/tello_msgs/include/tello_msgs/srv/detail/tello_action__struct.h
[1.753s] -- Up-to-date symlink: /home/ubuntu/Desktop/16.633_ros/tello_ros_ws/install/tello_msgs/include/tello_msgs/srv/detail/tello_action__type_support.h
[1.761s] -- Up-to-date symlink: /home/ubuntu/Desktop/16.633_ros/tello_ros_ws/install/tello_msgs/include/tello_msgs/srv/tello_action.h
[1.771s] -- Up-to-date symlink: /home/ubuntu/Desktop/16.633_ros/tello_ros_ws/install/tello_msgs/share/tello_msgs/environment/library_path.sh
[1.779s] -- Up-to-date symlink: /home/ubuntu/Desktop/16.633_ros/tello_ros_ws/install/tello_msgs/share/tello_msgs/environment/library_path.dsv
[1.788s] -- Up-to-date symlink: /home/ubuntu/Desktop/16.633_ros/tello_ros_ws/install/tello_msgs/include/tello_msgs/msg/detail/flight_data__rosidl_typesupport_fastrtps_c.h
[1.796s] -- Up-to-date symlink: /home/ubuntu/Desktop/16.633_ros/tello_ros_ws/install/tello_msgs/include/tello_msgs/msg/detail/tello_response__rosidl_typesupport_fastrtps_c.h
[1.801s] -- Up-to-date symlink: /home/ubuntu/Desktop/16.633_ros/tello_ros_ws/install/tello_msgs/include/tello_msgs/msg/rosidl_typesupport_fastrtps_c__visibility_control.h
[1.806s] -- Up-to-date symlink: /home/ubuntu/Desktop/16.633_ros/tello_ros_ws/install/tello_msgs/include/tello_msgs/srv/detail/tello_action__rosidl_typesupport_fastrtps_c.h
[1.816s] -- Up-to-date symlink: /home/ubuntu/Desktop/16.633_ros/tello_ros_ws/install/tello_msgs/lib/libtello_msgs__rosidl_typesupport_fastrtps_c.so
[1.824s] -- Up-to-date symlink: /home/ubuntu/Desktop/16.633_ros/tello_ros_ws/install/tello_msgs/include/tello_msgs/msg/detail/flight_data__rosidl_typesupport_fastrtps_cpp.hpp
[1.830s] -- Up-to-date symlink: /home/ubuntu/Desktop/16.633_ros/tello_ros_ws/install/tello_msgs/include/tello_msgs/msg/detail/tello_response__rosidl_typesupport_fastrtps_cpp.hpp
[1.833s] -- Up-to-date symlink: /home/ubuntu/Desktop/16.633_ros/tello_ros_ws/install/tello_msgs/include/tello_msgs/msg/rosidl_typesupport_fastrtps_cpp__visibility_control.h
[1.837s] -- Up-to-date symlink: /home/ubuntu/Desktop/16.633_ros/tello_ros_ws/install/tello_msgs/include/tello_msgs/srv/detail/tello_action__rosidl_typesupport_fastrtps_cpp.hpp
[1.844s] -- Up-to-date symlink: /home/ubuntu/Desktop/16.633_ros/tello_ros_ws/install/tello_msgs/lib/libtello_msgs__rosidl_typesupport_fastrtps_cpp.so
[1.850s] -- Up-to-date symlink: /home/ubuntu/Desktop/16.633_ros/tello_ros_ws/install/tello_msgs/include/tello_msgs/msg/detail/flight_data__rosidl_typesupport_introspection_c.h
[1.857s] -- Up-to-date symlink: /home/ubuntu/Desktop/16.633_ros/tello_ros_ws/install/tello_msgs/include/tello_msgs/msg/detail/tello_response__rosidl_typesupport_introspection_c.h
[1.862s] -- Up-to-date symlink: /home/ubuntu/Desktop/16.633_ros/tello_ros_ws/install/tello_msgs/include/tello_msgs/msg/rosidl_typesupport_introspection_c__visibility_control.h
[1.866s] -- Up-to-date symlink: /home/ubuntu/Desktop/16.633_ros/tello_ros_ws/install/tello_msgs/include/tello_msgs/srv/detail/tello_action__rosidl_typesupport_introspection_c.h
[1.873s] -- Up-to-date symlink: /home/ubuntu/Desktop/16.633_ros/tello_ros_ws/install/tello_msgs/include/tello_msgs/msg/detail/flight_data__builder.hpp
[1.877s] -- Up-to-date symlink: /home/ubuntu/Desktop/16.633_ros/tello_ros_ws/install/tello_msgs/include/tello_msgs/msg/detail/flight_data__struct.hpp
[1.883s] -- Up-to-date symlink: /home/ubuntu/Desktop/16.633_ros/tello_ros_ws/install/tello_msgs/include/tello_msgs/msg/detail/flight_data__traits.hpp
[1.888s] -- Up-to-date symlink: /home/ubuntu/Desktop/16.633_ros/tello_ros_ws/install/tello_msgs/include/tello_msgs/msg/detail/flight_data__type_support.hpp
[1.892s] -- Up-to-date symlink: /home/ubuntu/Desktop/16.633_ros/tello_ros_ws/install/tello_msgs/include/tello_msgs/msg/detail/tello_response__builder.hpp
[1.897s] -- Up-to-date symlink: /home/ubuntu/Desktop/16.633_ros/tello_ros_ws/install/tello_msgs/include/tello_msgs/msg/detail/tello_response__struct.hpp
[1.902s] -- Up-to-date symlink: /home/ubuntu/Desktop/16.633_ros/tello_ros_ws/install/tello_msgs/include/tello_msgs/msg/detail/tello_response__traits.hpp
[1.906s] -- Up-to-date symlink: /home/ubuntu/Desktop/16.633_ros/tello_ros_ws/install/tello_msgs/include/tello_msgs/msg/detail/tello_response__type_support.hpp
[1.911s] -- Up-to-date symlink: /home/ubuntu/Desktop/16.633_ros/tello_ros_ws/install/tello_msgs/include/tello_msgs/msg/flight_data.hpp
[1.915s] -- Up-to-date symlink: /home/ubuntu/Desktop/16.633_ros/tello_ros_ws/install/tello_msgs/include/tello_msgs/msg/rosidl_generator_cpp__visibility_control.hpp
[1.919s] -- Up-to-date symlink: /home/ubuntu/Desktop/16.633_ros/tello_ros_ws/install/tello_msgs/include/tello_msgs/msg/tello_response.hpp
[1.923s] -- Up-to-date symlink: /home/ubuntu/Desktop/16.633_ros/tello_ros_ws/install/tello_msgs/include/tello_msgs/srv/detail/tello_action__builder.hpp
[1.928s] -- Up-to-date symlink: /home/ubuntu/Desktop/16.633_ros/tello_ros_ws/install/tello_msgs/include/tello_msgs/srv/detail/tello_action__struct.hpp
[1.934s] -- Up-to-date symlink: /home/ubuntu/Desktop/16.633_ros/tello_ros_ws/install/tello_msgs/include/tello_msgs/srv/detail/tello_action__traits.hpp
[1.940s] -- Up-to-date symlink: /home/ubuntu/Desktop/16.633_ros/tello_ros_ws/install/tello_msgs/include/tello_msgs/srv/detail/tello_action__type_support.hpp
[1.950s] -- Up-to-date symlink: /home/ubuntu/Desktop/16.633_ros/tello_ros_ws/install/tello_msgs/include/tello_msgs/srv/tello_action.hpp
[1.959s] -- Up-to-date symlink: /home/ubuntu/Desktop/16.633_ros/tello_ros_ws/install/tello_msgs/include/tello_msgs/msg/detail/flight_data__rosidl_typesupport_introspection_cpp.hpp
[1.966s] -- Up-to-date symlink: /home/ubuntu/Desktop/16.633_ros/tello_ros_ws/install/tello_msgs/include/tello_msgs/msg/detail/tello_response__rosidl_typesupport_introspection_cpp.hpp
[1.971s] -- Up-to-date symlink: /home/ubuntu/Desktop/16.633_ros/tello_ros_ws/install/tello_msgs/include/tello_msgs/srv/detail/tello_action__rosidl_typesupport_introspection_cpp.hpp
[1.978s] -- Up-to-date symlink: /home/ubuntu/Desktop/16.633_ros/tello_ros_ws/install/tello_msgs/share/tello_msgs/environment/pythonpath.sh
[1.981s] -- Up-to-date symlink: /home/ubuntu/Desktop/16.633_ros/tello_ros_ws/install/tello_msgs/share/tello_msgs/environment/pythonpath.dsv
[1.985s] -- Up-to-date symlink: /home/ubuntu/Desktop/16.633_ros/tello_ros_ws/install/tello_msgs/lib/python3.8/site-packages/tello_msgs/__init__.py
[1.990s] -- Up-to-date symlink: /home/ubuntu/Desktop/16.633_ros/tello_ros_ws/install/tello_msgs/lib/python3.8/site-packages/tello_msgs/msg/__init__.py
[1.995s] -- Up-to-date symlink: /home/ubuntu/Desktop/16.633_ros/tello_ros_ws/install/tello_msgs/lib/python3.8/site-packages/tello_msgs/msg/_flight_data.py
[2.001s] -- Up-to-date symlink: /home/ubuntu/Desktop/16.633_ros/tello_ros_ws/install/tello_msgs/lib/python3.8/site-packages/tello_msgs/msg/_tello_response.py
[2.006s] -- Up-to-date symlink: /home/ubuntu/Desktop/16.633_ros/tello_ros_ws/install/tello_msgs/lib/python3.8/site-packages/tello_msgs/srv/__init__.py
[2.011s] -- Up-to-date symlink: /home/ubuntu/Desktop/16.633_ros/tello_ros_ws/install/tello_msgs/lib/python3.8/site-packages/tello_msgs/srv/_tello_action.py
[2.017s] -- Up-to-date symlink: /home/ubuntu/Desktop/16.633_ros/tello_ros_ws/install/tello_msgs/lib/python3.8/site-packages/tello_msgs/tello_msgs_s__rosidl_typesupport_fastrtps_c.cpython-38-x86_64-linux-gnu.so
[2.023s] -- Up-to-date symlink: /home/ubuntu/Desktop/16.633_ros/tello_ros_ws/install/tello_msgs/lib/python3.8/site-packages/tello_msgs/tello_msgs_s__rosidl_typesupport_introspection_c.cpython-38-x86_64-linux-gnu.so
[2.031s] -- Up-to-date symlink: /home/ubuntu/Desktop/16.633_ros/tello_ros_ws/install/tello_msgs/lib/python3.8/site-packages/tello_msgs/tello_msgs_s__rosidl_typesupport_c.cpython-38-x86_64-linux-gnu.so
[2.038s] -- Up-to-date symlink: /home/ubuntu/Desktop/16.633_ros/tello_ros_ws/install/tello_msgs/lib/libtello_msgs__python.so
[2.044s] -- Up-to-date symlink: /home/ubuntu/Desktop/16.633_ros/tello_ros_ws/install/tello_msgs/share/tello_msgs/msg/FlightData.idl
[2.049s] -- Up-to-date symlink: /home/ubuntu/Desktop/16.633_ros/tello_ros_ws/install/tello_msgs/share/tello_msgs/msg/TelloResponse.idl
[2.053s] -- Up-to-date symlink: /home/ubuntu/Desktop/16.633_ros/tello_ros_ws/install/tello_msgs/share/tello_msgs/srv/TelloAction.idl
[2.059s] -- Up-to-date symlink: /home/ubuntu/Desktop/16.633_ros/tello_ros_ws/install/tello_msgs/share/tello_msgs/msg/FlightData.msg
[2.063s] -- Up-to-date symlink: /home/ubuntu/Desktop/16.633_ros/tello_ros_ws/install/tello_msgs/share/tello_msgs/msg/TelloResponse.msg
[2.069s] -- Up-to-date symlink: /home/ubuntu/Desktop/16.633_ros/tello_ros_ws/install/tello_msgs/share/tello_msgs/srv/TelloAction.srv
[2.073s] -- Up-to-date symlink: /home/ubuntu/Desktop/16.633_ros/tello_ros_ws/install/tello_msgs/share/tello_msgs/srv/TelloAction_Request.msg
[2.078s] -- Up-to-date symlink: /home/ubuntu/Desktop/16.633_ros/tello_ros_ws/install/tello_msgs/share/tello_msgs/srv/TelloAction_Response.msg
[2.082s] -- Up-to-date symlink: /home/ubuntu/Desktop/16.633_ros/tello_ros_ws/install/tello_msgs/share/ament_index/resource_index/package_run_dependencies/tello_msgs
[2.086s] -- Up-to-date symlink: /home/ubuntu/Desktop/16.633_ros/tello_ros_ws/install/tello_msgs/share/ament_index/resource_index/parent_prefix_path/tello_msgs
[2.090s] -- Up-to-date symlink: /home/ubuntu/Desktop/16.633_ros/tello_ros_ws/install/tello_msgs/share/tello_msgs/environment/ament_prefix_path.sh
[2.095s] -- Up-to-date symlink: /home/ubuntu/Desktop/16.633_ros/tello_ros_ws/install/tello_msgs/share/tello_msgs/environment/ament_prefix_path.dsv
[2.101s] -- Up-to-date symlink: /home/ubuntu/Desktop/16.633_ros/tello_ros_ws/install/tello_msgs/share/tello_msgs/environment/path.sh
[2.107s] -- Up-to-date symlink: /home/ubuntu/Desktop/16.633_ros/tello_ros_ws/install/tello_msgs/share/tello_msgs/environment/path.dsv
[2.117s] -- Up-to-date symlink: /home/ubuntu/Desktop/16.633_ros/tello_ros_ws/install/tello_msgs/share/tello_msgs/local_setup.bash
[2.127s] -- Up-to-date symlink: /home/ubuntu/Desktop/16.633_ros/tello_ros_ws/install/tello_msgs/share/tello_msgs/local_setup.sh
[2.138s] -- Up-to-date symlink: /home/ubuntu/Desktop/16.633_ros/tello_ros_ws/install/tello_msgs/share/tello_msgs/local_setup.zsh
[2.146s] -- Up-to-date symlink: /home/ubuntu/Desktop/16.633_ros/tello_ros_ws/install/tello_msgs/share/tello_msgs/local_setup.dsv
[2.152s] -- Symlinking: /home/ubuntu/Desktop/16.633_ros/tello_ros_ws/install/tello_msgs/share/tello_msgs/package.dsv
[2.171s] -- Up-to-date symlink: /home/ubuntu/Desktop/16.633_ros/tello_ros_ws/install/tello_msgs/share/ament_index/resource_index/packages/tello_msgs
[2.177s] -- Up-to-date symlink: /home/ubuntu/Desktop/16.633_ros/tello_ros_ws/install/tello_msgs/share/tello_msgs/cmake/rosidl_cmake-extras.cmake
[2.183s] -- Up-to-date symlink: /home/ubuntu/Desktop/16.633_ros/tello_ros_ws/install/tello_msgs/share/tello_msgs/cmake/ament_cmake_export_dependencies-extras.cmake
[2.189s] -- Up-to-date symlink: /home/ubuntu/Desktop/16.633_ros/tello_ros_ws/install/tello_msgs/share/tello_msgs/cmake/ament_cmake_export_libraries-extras.cmake
[2.194s] -- Up-to-date symlink: /home/ubuntu/Desktop/16.633_ros/tello_ros_ws/install/tello_msgs/share/tello_msgs/cmake/ament_cmake_export_targets-extras.cmake
[2.198s] -- Up-to-date symlink: /home/ubuntu/Desktop/16.633_ros/tello_ros_ws/install/tello_msgs/share/tello_msgs/cmake/ament_cmake_export_include_directories-extras.cmake
[2.204s] -- Up-to-date symlink: /home/ubuntu/Desktop/16.633_ros/tello_ros_ws/install/tello_msgs/share/tello_msgs/cmake/rosidl_cmake_export_typesupport_libraries-extras.cmake
[2.209s] -- Up-to-date symlink: /home/ubuntu/Desktop/16.633_ros/tello_ros_ws/install/tello_msgs/share/tello_msgs/cmake/rosidl_cmake_export_typesupport_targets-extras.cmake
[2.214s] -- Up-to-date symlink: /home/ubuntu/Desktop/16.633_ros/tello_ros_ws/install/tello_msgs/share/tello_msgs/cmake/tello_msgsConfig.cmake
[2.218s] -- Up-to-date symlink: /home/ubuntu/Desktop/16.633_ros/tello_ros_ws/install/tello_msgs/share/tello_msgs/cmake/tello_msgsConfig-version.cmake
[2.223s] -- Up-to-date symlink: /home/ubuntu/Desktop/16.633_ros/tello_ros_ws/install/tello_msgs/share/tello_msgs/package.xml
[2.227s] -- Up-to-date: /home/ubuntu/Desktop/16.633_ros/tello_ros_ws/install/tello_msgs/lib/libtello_msgs__rosidl_generator_c.so
[2.236s] -- Up-to-date: /home/ubuntu/Desktop/16.633_ros/tello_ros_ws/install/tello_msgs/lib/libtello_msgs__rosidl_typesupport_introspection_c.so
[2.243s] -- Up-to-date: /home/ubuntu/Desktop/16.633_ros/tello_ros_ws/install/tello_msgs/lib/libtello_msgs__rosidl_typesupport_c.so
[2.250s] -- Up-to-date: /home/ubuntu/Desktop/16.633_ros/tello_ros_ws/install/tello_msgs/lib/libtello_msgs__rosidl_typesupport_introspection_cpp.so
[2.258s] -- Up-to-date: /home/ubuntu/Desktop/16.633_ros/tello_ros_ws/install/tello_msgs/lib/libtello_msgs__rosidl_typesupport_cpp.so
[2.315s] -- Up-to-date: /home/ubuntu/Desktop/16.633_ros/tello_ros_ws/install/tello_msgs/share/tello_msgs/cmake/tello_msgs__rosidl_generator_cExport.cmake
[2.319s] -- Up-to-date: /home/ubuntu/Desktop/16.633_ros/tello_ros_ws/install/tello_msgs/share/tello_msgs/cmake/tello_msgs__rosidl_generator_cExport-noconfig.cmake
[2.324s] -- Up-to-date: /home/ubuntu/Desktop/16.633_ros/tello_ros_ws/install/tello_msgs/share/tello_msgs/cmake/tello_msgs__rosidl_typesupport_introspection_cExport.cmake
[2.328s] -- Up-to-date: /home/ubuntu/Desktop/16.633_ros/tello_ros_ws/install/tello_msgs/share/tello_msgs/cmake/tello_msgs__rosidl_typesupport_introspection_cExport-noconfig.cmake
[2.333s] -- Up-to-date: /home/ubuntu/Desktop/16.633_ros/tello_ros_ws/install/tello_msgs/share/tello_msgs/cmake/tello_msgs__rosidl_typesupport_cExport.cmake
[2.337s] -- Up-to-date: /home/ubuntu/Desktop/16.633_ros/tello_ros_ws/install/tello_msgs/share/tello_msgs/cmake/tello_msgs__rosidl_typesupport_cExport-noconfig.cmake
[2.342s] -- Up-to-date: /home/ubuntu/Desktop/16.633_ros/tello_ros_ws/install/tello_msgs/share/tello_msgs/cmake/tello_msgs__rosidl_generator_cppExport.cmake
[2.349s] -- Up-to-date: /home/ubuntu/Desktop/16.633_ros/tello_ros_ws/install/tello_msgs/share/tello_msgs/cmake/tello_msgs__rosidl_typesupport_introspection_cppExport.cmake
[2.353s] -- Up-to-date: /home/ubuntu/Desktop/16.633_ros/tello_ros_ws/install/tello_msgs/share/tello_msgs/cmake/tello_msgs__rosidl_typesupport_introspection_cppExport-noconfig.cmake
[2.362s] -- Up-to-date: /home/ubuntu/Desktop/16.633_ros/tello_ros_ws/install/tello_msgs/share/tello_msgs/cmake/tello_msgs__rosidl_typesupport_cppExport.cmake
[2.368s] -- Up-to-date: /home/ubuntu/Desktop/16.633_ros/tello_ros_ws/install/tello_msgs/share/tello_msgs/cmake/tello_msgs__rosidl_typesupport_cppExport-noconfig.cmake
[2.383s] Invoked command in '/home/ubuntu/Desktop/16.633_ros/tello_ros_ws/build/tello_msgs' returned '0': CMAKE_PREFIX_PATH=/opt/ros/foxy /usr/bin/cmake --install /home/ubuntu/Desktop/16.633_ros/tello_ros_ws/build/tello_msgs
