[0.000000] (-) TimerEvent: {}
[0.001428] (-) JobUnselected: {'identifier': 'ros2_shared'}
[0.003898] (-) JobUnselected: {'identifier': 'tello_description'}
[0.006476] (-) JobUnselected: {'identifier': 'tello_driver'}
[0.008754] (-) JobUnselected: {'identifier': 'tello_msgs'}
[0.009859] (tello_gazebo) JobQueued: {'identifier': 'tello_gazebo', 'dependencies': OrderedDict([('tello_msgs', '/home/ubuntu/Desktop/16.633_ros/tello_ros_ws/install/tello_msgs')])}
[0.011097] (tello_gazebo) JobStarted: {'identifier': 'tello_gazebo'}
[0.095669] (-) TimerEvent: {}
[0.181199] (tello_gazebo) JobProgress: {'identifier': 'tello_gazebo', 'progress': 'cmake'}
[0.194455] (tello_gazebo) JobProgress: {'identifier': 'tello_gazebo', 'progress': 'build'}
[0.196108] (-) TimerEvent: {}
[0.206922] (tello_gazebo) Command: {'cmd': ['/usr/bin/cmake', '--build', '/home/ubuntu/Desktop/16.633_ros/tello_ros_ws/build/tello_gazebo', '--', '-j6', '-l6'], 'cwd': '/home/ubuntu/Desktop/16.633_ros/tello_ros_ws/build/tello_gazebo', 'env': OrderedDict([('VNCDESKTOP', '3f437f477d9b:1 (ubuntu)'), ('QT_SCALE_FACTOR', '1'), ('USER', 'ubuntu'), ('SUPERVISOR_GROUP_NAME', 'vnc'), ('HOSTNAME', '3f437f477d9b'), ('SHLVL', '2'), ('LD_LIBRARY_PATH', '/home/ubuntu/Desktop/16.633_ros/tello_ros_ws/install/tello_msgs/lib:/home/ubuntu/Desktop/16.633_ros/tello_ros_ws/install/tello_gazebo/lib:/home/ubuntu/Desktop/16.633_ros/tello_ros_ws/install/tello_driver/lib:/usr/lib/x86_64-linux-gnu/gazebo-11/plugins:/opt/ros/foxy/opt/yaml_cpp_vendor/lib:/opt/ros/foxy/opt/rviz_ogre_vendor/lib:/opt/ros/foxy/lib/x86_64-linux-gnu:/opt/ros/foxy/lib'), ('HOME', '/home/ubuntu'), ('OLDPWD', '/home/ubuntu/Desktop/16.633_ros'), ('ROS_PYTHON_VERSION', '3'), ('LC_CTYPE', 'C.UTF-8'), ('DBUS_SESSION_BUS_ADDRESS', 'unix:abstract=/tmp/dbus-NyDJJxlgNc,guid=49ef09368b794cd2e712e32b64c50eed'), ('COLORTERM', 'truecolor'), ('COLCON_PREFIX_PATH', '/home/ubuntu/Desktop/16.633_ros/tello_ros_ws/install'), ('ROS_DISTRO', 'foxy'), ('WINDOWID', '41943046'), ('QT_AUTO_SCREEN_SCALE_FACTOR', '0'), ('_', '/usr/bin/colcon'), ('ROS_VERSION', '2'), ('TERM', 'xterm-256color'), ('GTK_OVERLAY_SCROLLING', '0'), ('ROS_LOCALHOST_ONLY', '0'), ('INSIDE_CAJA_PYTHON', ''), ('PATH', '/opt/ros/foxy/bin:/usr/local/sbin:/usr/local/bin:/usr/sbin:/usr/bin:/sbin:/bin'), ('SESSION_MANAGER', 'local/3f437f477d9b:@/tmp/.ICE-unix/67,unix/3f437f477d9b:/tmp/.ICE-unix/67'), ('DISPLAY', ':1'), ('XDG_CURRENT_DESKTOP', 'MATE'), ('SUPERVISOR_ENABLED', '1'), ('AMENT_PREFIX_PATH', '/home/ubuntu/Desktop/16.633_ros/tello_ros_ws/install/tello_gazebo:/home/ubuntu/Desktop/16.633_ros/tello_ros_ws/install/tello_driver:/home/ubuntu/Desktop/16.633_ros/tello_ros_ws/install/tello_msgs:/home/ubuntu/Desktop/16.633_ros/tello_ros_ws/install/tello_description:/home/ubuntu/Desktop/16.633_ros/tello_ros_ws/install/ros2_shared:/opt/ros/foxy'), ('PASSWD', 'ubuntu'), ('SUPERVISOR_SERVER_URL', 'unix:///var/run/supervisor.sock'), ('SUPERVISOR_PROCESS_NAME', 'vnc'), ('PWD', '/home/ubuntu/Desktop/16.633_ros/tello_ros_ws/build/tello_gazebo'), ('PYTHONPATH', '/home/ubuntu/Desktop/16.633_ros/tello_ros_ws/install/tello_msgs/lib/python3.8/site-packages:/opt/ros/foxy/lib/python3.8/site-packages'), ('MATE_DESKTOP_SESSION_ID', 'this-is-deprecated'), ('COLCON', '1'), ('VTE_VERSION', '6003'), ('CMAKE_PREFIX_PATH', '/home/ubuntu/Desktop/16.633_ros/tello_ros_ws/install/tello_msgs:/home/ubuntu/Desktop/16.633_ros/tello_ros_ws/install/tello_gazebo:/home/ubuntu/Desktop/16.633_ros/tello_ros_ws/install/tello_driver:/home/ubuntu/Desktop/16.633_ros/tello_ros_ws/install/tello_description:/home/ubuntu/Desktop/16.633_ros/tello_ros_ws/install/ros2_shared:/opt/ros/foxy')]), 'shell': False}
[0.296352] (-) TimerEvent: {}
[0.398217] (-) TimerEvent: {}
[0.500566] (-) TimerEvent: {}
[0.601736] (-) TimerEvent: {}
[0.704155] (-) TimerEvent: {}
[0.805517] (-) TimerEvent: {}
[0.906593] (-) TimerEvent: {}
[1.007712] (-) TimerEvent: {}
[1.108754] (-) TimerEvent: {}
[1.211777] (-) TimerEvent: {}
[1.312917] (-) TimerEvent: {}
[1.399731] (tello_gazebo) StdoutLine: {'line': b'[100%] Built target TelloPlugin\n'}
[1.413111] (-) TimerEvent: {}
[1.515208] (-) TimerEvent: {}
[1.616798] (-) TimerEvent: {}
[1.625239] (tello_gazebo) CommandEnded: {'returncode': 0}
[1.717014] (-) TimerEvent: {}
[1.832373] (-) TimerEvent: {}
[1.933563] (-) TimerEvent: {}
[2.034539] (-) TimerEvent: {}
[2.135964] (-) TimerEvent: {}
[2.237324] (-) TimerEvent: {}
[2.338375] (-) TimerEvent: {}
[2.439342] (-) TimerEvent: {}
[2.442339] (tello_gazebo) JobProgress: {'identifier': 'tello_gazebo', 'progress': 'install'}
[2.539628] (-) TimerEvent: {}
[2.607583] (tello_gazebo) Command: {'cmd': ['/usr/bin/cmake', '--install', '/home/ubuntu/Desktop/16.633_ros/tello_ros_ws/build/tello_gazebo'], 'cwd': '/home/ubuntu/Desktop/16.633_ros/tello_ros_ws/build/tello_gazebo', 'env': OrderedDict([('VNCDESKTOP', '3f437f477d9b:1 (ubuntu)'), ('QT_SCALE_FACTOR', '1'), ('USER', 'ubuntu'), ('SUPERVISOR_GROUP_NAME', 'vnc'), ('HOSTNAME', '3f437f477d9b'), ('SHLVL', '2'), ('LD_LIBRARY_PATH', '/home/ubuntu/Desktop/16.633_ros/tello_ros_ws/install/tello_msgs/lib:/home/ubuntu/Desktop/16.633_ros/tello_ros_ws/install/tello_gazebo/lib:/home/ubuntu/Desktop/16.633_ros/tello_ros_ws/install/tello_driver/lib:/usr/lib/x86_64-linux-gnu/gazebo-11/plugins:/opt/ros/foxy/opt/yaml_cpp_vendor/lib:/opt/ros/foxy/opt/rviz_ogre_vendor/lib:/opt/ros/foxy/lib/x86_64-linux-gnu:/opt/ros/foxy/lib'), ('HOME', '/home/ubuntu'), ('OLDPWD', '/home/ubuntu/Desktop/16.633_ros'), ('ROS_PYTHON_VERSION', '3'), ('LC_CTYPE', 'C.UTF-8'), ('DBUS_SESSION_BUS_ADDRESS', 'unix:abstract=/tmp/dbus-NyDJJxlgNc,guid=49ef09368b794cd2e712e32b64c50eed'), ('COLORTERM', 'truecolor'), ('COLCON_PREFIX_PATH', '/home/ubuntu/Desktop/16.633_ros/tello_ros_ws/install'), ('ROS_DISTRO', 'foxy'), ('WINDOWID', '41943046'), ('QT_AUTO_SCREEN_SCALE_FACTOR', '0'), ('_', '/usr/bin/colcon'), ('ROS_VERSION', '2'), ('TERM', 'xterm-256color'), ('GTK_OVERLAY_SCROLLING', '0'), ('ROS_LOCALHOST_ONLY', '0'), ('INSIDE_CAJA_PYTHON', ''), ('PATH', '/opt/ros/foxy/bin:/usr/local/sbin:/usr/local/bin:/usr/sbin:/usr/bin:/sbin:/bin'), ('SESSION_MANAGER', 'local/3f437f477d9b:@/tmp/.ICE-unix/67,unix/3f437f477d9b:/tmp/.ICE-unix/67'), ('DISPLAY', ':1'), ('XDG_CURRENT_DESKTOP', 'MATE'), ('SUPERVISOR_ENABLED', '1'), ('AMENT_PREFIX_PATH', '/home/ubuntu/Desktop/16.633_ros/tello_ros_ws/install/tello_gazebo:/home/ubuntu/Desktop/16.633_ros/tello_ros_ws/install/tello_driver:/home/ubuntu/Desktop/16.633_ros/tello_ros_ws/install/tello_msgs:/home/ubuntu/Desktop/16.633_ros/tello_ros_ws/install/tello_description:/home/ubuntu/Desktop/16.633_ros/tello_ros_ws/install/ros2_shared:/opt/ros/foxy'), ('PASSWD', 'ubuntu'), ('SUPERVISOR_SERVER_URL', 'unix:///var/run/supervisor.sock'), ('SUPERVISOR_PROCESS_NAME', 'vnc'), ('PWD', '/home/ubuntu/Desktop/16.633_ros/tello_ros_ws/build/tello_gazebo'), ('PYTHONPATH', '/home/ubuntu/Desktop/16.633_ros/tello_ros_ws/install/tello_msgs/lib/python3.8/site-packages:/opt/ros/foxy/lib/python3.8/site-packages'), ('MATE_DESKTOP_SESSION_ID', 'this-is-deprecated'), ('COLCON', '1'), ('VTE_VERSION', '6003'), ('CMAKE_PREFIX_PATH', '/home/ubuntu/Desktop/16.633_ros/tello_ros_ws/install/tello_msgs:/home/ubuntu/Desktop/16.633_ros/tello_ros_ws/install/tello_gazebo:/home/ubuntu/Desktop/16.633_ros/tello_ros_ws/install/tello_driver:/home/ubuntu/Desktop/16.633_ros/tello_ros_ws/install/tello_description:/home/ubuntu/Desktop/16.633_ros/tello_ros_ws/install/ros2_shared:/opt/ros/foxy')]), 'shell': False}
[2.639946] (-) TimerEvent: {}
[2.741275] (-) TimerEvent: {}
[2.801609] (tello_gazebo) StdoutLine: {'line': b'-- Install configuration: ""\n'}
[2.804680] (tello_gazebo) StdoutLine: {'line': b'-- Up-to-date: /home/ubuntu/Desktop/16.633_ros/tello_ros_ws/install/tello_gazebo/lib/libTelloPlugin.so\n'}
[2.808249] (tello_gazebo) StdoutLine: {'line': b'-- Up-to-date: /home/ubuntu/Desktop/16.633_ros/tello_ros_ws/install/tello_gazebo/share/tello_gazebo/models\n'}
[2.811715] (tello_gazebo) StdoutLine: {'line': b'-- Up-to-date: /home/ubuntu/Desktop/16.633_ros/tello_ros_ws/install/tello_gazebo/share/tello_gazebo/models/marker_0\n'}
[2.815915] (tello_gazebo) StdoutLine: {'line': b'-- Up-to-date: /home/ubuntu/Desktop/16.633_ros/tello_ros_ws/install/tello_gazebo/share/tello_gazebo/models/marker_0/materials\n'}
[2.822238] (tello_gazebo) StdoutLine: {'line': b'-- Up-to-date: /home/ubuntu/Desktop/16.633_ros/tello_ros_ws/install/tello_gazebo/share/tello_gazebo/models/marker_0/materials/scripts\n'}
[2.827335] (tello_gazebo) StdoutLine: {'line': b'-- Up-to-date: /home/ubuntu/Desktop/16.633_ros/tello_ros_ws/install/tello_gazebo/share/tello_gazebo/models/marker_0/materials/scripts/marker_0.material\n'}
[2.833120] (tello_gazebo) StdoutLine: {'line': b'-- Up-to-date: /home/ubuntu/Desktop/16.633_ros/tello_ros_ws/install/tello_gazebo/share/tello_gazebo/models/marker_0/materials/textures\n'}
[2.837341] (tello_gazebo) StdoutLine: {'line': b'-- Up-to-date: /home/ubuntu/Desktop/16.633_ros/tello_ros_ws/install/tello_gazebo/share/tello_gazebo/models/marker_0/materials/textures/aruco_mark_0.png\n'}
[2.840975] (tello_gazebo) StdoutLine: {'line': b'-- Up-to-date: /home/ubuntu/Desktop/16.633_ros/tello_ros_ws/install/tello_gazebo/share/tello_gazebo/models/marker_0/materials/textures/aruco_mark_0.svg\n'}
[2.844191] (-) TimerEvent: {}
[2.845102] (tello_gazebo) StdoutLine: {'line': b'-- Up-to-date: /home/ubuntu/Desktop/16.633_ros/tello_ros_ws/install/tello_gazebo/share/tello_gazebo/models/marker_0/model.config\n'}
[2.848764] (tello_gazebo) StdoutLine: {'line': b'-- Up-to-date: /home/ubuntu/Desktop/16.633_ros/tello_ros_ws/install/tello_gazebo/share/tello_gazebo/models/marker_0/model.sdf\n'}
[2.852035] (tello_gazebo) StdoutLine: {'line': b'-- Up-to-date: /home/ubuntu/Desktop/16.633_ros/tello_ros_ws/install/tello_gazebo/share/tello_gazebo/models/marker_1\n'}
[2.855138] (tello_gazebo) StdoutLine: {'line': b'-- Up-to-date: /home/ubuntu/Desktop/16.633_ros/tello_ros_ws/install/tello_gazebo/share/tello_gazebo/models/marker_1/materials\n'}
[2.858188] (tello_gazebo) StdoutLine: {'line': b'-- Up-to-date: /home/ubuntu/Desktop/16.633_ros/tello_ros_ws/install/tello_gazebo/share/tello_gazebo/models/marker_1/materials/scripts\n'}
[2.861157] (tello_gazebo) StdoutLine: {'line': b'-- Up-to-date: /home/ubuntu/Desktop/16.633_ros/tello_ros_ws/install/tello_gazebo/share/tello_gazebo/models/marker_1/materials/scripts/marker_1.material\n'}
[2.864557] (tello_gazebo) StdoutLine: {'line': b'-- Up-to-date: /home/ubuntu/Desktop/16.633_ros/tello_ros_ws/install/tello_gazebo/share/tello_gazebo/models/marker_1/materials/textures\n'}
[2.867755] (tello_gazebo) StdoutLine: {'line': b'-- Up-to-date: /home/ubuntu/Desktop/16.633_ros/tello_ros_ws/install/tello_gazebo/share/tello_gazebo/models/marker_1/materials/textures/aruco_mark_1.png\n'}
[2.870764] (tello_gazebo) StdoutLine: {'line': b'-- Up-to-date: /home/ubuntu/Desktop/16.633_ros/tello_ros_ws/install/tello_gazebo/share/tello_gazebo/models/marker_1/materials/textures/aruco_mark_1.svg\n'}
[2.873997] (tello_gazebo) StdoutLine: {'line': b'-- Up-to-date: /home/ubuntu/Desktop/16.633_ros/tello_ros_ws/install/tello_gazebo/share/tello_gazebo/models/marker_1/model.config\n'}
[2.880021] (tello_gazebo) StdoutLine: {'line': b'-- Up-to-date: /home/ubuntu/Desktop/16.633_ros/tello_ros_ws/install/tello_gazebo/share/tello_gazebo/models/marker_1/model.sdf\n'}
[2.886168] (tello_gazebo) StdoutLine: {'line': b'-- Up-to-date: /home/ubuntu/Desktop/16.633_ros/tello_ros_ws/install/tello_gazebo/share/tello_gazebo/models/marker_2\n'}
[2.892153] (tello_gazebo) StdoutLine: {'line': b'-- Up-to-date: /home/ubuntu/Desktop/16.633_ros/tello_ros_ws/install/tello_gazebo/share/tello_gazebo/models/marker_2/materials\n'}
[2.898712] (tello_gazebo) StdoutLine: {'line': b'-- Up-to-date: /home/ubuntu/Desktop/16.633_ros/tello_ros_ws/install/tello_gazebo/share/tello_gazebo/models/marker_2/materials/scripts\n'}
[2.905663] (tello_gazebo) StdoutLine: {'line': b'-- Up-to-date: /home/ubuntu/Desktop/16.633_ros/tello_ros_ws/install/tello_gazebo/share/tello_gazebo/models/marker_2/materials/scripts/marker_2.material\n'}
[2.911917] (tello_gazebo) StdoutLine: {'line': b'-- Up-to-date: /home/ubuntu/Desktop/16.633_ros/tello_ros_ws/install/tello_gazebo/share/tello_gazebo/models/marker_2/materials/textures\n'}
[2.920639] (tello_gazebo) StdoutLine: {'line': b'-- Up-to-date: /home/ubuntu/Desktop/16.633_ros/tello_ros_ws/install/tello_gazebo/share/tello_gazebo/models/marker_2/materials/textures/aruco_mark_2.png\n'}
[2.925600] (tello_gazebo) StdoutLine: {'line': b'-- Up-to-date: /home/ubuntu/Desktop/16.633_ros/tello_ros_ws/install/tello_gazebo/share/tello_gazebo/models/marker_2/materials/textures/aruco_mark_2.svg\n'}
[2.929662] (tello_gazebo) StdoutLine: {'line': b'-- Up-to-date: /home/ubuntu/Desktop/16.633_ros/tello_ros_ws/install/tello_gazebo/share/tello_gazebo/models/marker_2/model.config\n'}
[2.934331] (tello_gazebo) StdoutLine: {'line': b'-- Up-to-date: /home/ubuntu/Desktop/16.633_ros/tello_ros_ws/install/tello_gazebo/share/tello_gazebo/models/marker_2/model.sdf\n'}
[2.937706] (tello_gazebo) StdoutLine: {'line': b'-- Up-to-date: /home/ubuntu/Desktop/16.633_ros/tello_ros_ws/install/tello_gazebo/share/tello_gazebo/models/marker_3\n'}
[2.940798] (tello_gazebo) StdoutLine: {'line': b'-- Up-to-date: /home/ubuntu/Desktop/16.633_ros/tello_ros_ws/install/tello_gazebo/share/tello_gazebo/models/marker_3/materials\n'}
[2.946001] (-) TimerEvent: {}
[2.946893] (tello_gazebo) StdoutLine: {'line': b'-- Up-to-date: /home/ubuntu/Desktop/16.633_ros/tello_ros_ws/install/tello_gazebo/share/tello_gazebo/models/marker_3/materials/scripts\n'}
[2.949779] (tello_gazebo) StdoutLine: {'line': b'-- Up-to-date: /home/ubuntu/Desktop/16.633_ros/tello_ros_ws/install/tello_gazebo/share/tello_gazebo/models/marker_3/materials/scripts/marker_3.material\n'}
[2.952818] (tello_gazebo) StdoutLine: {'line': b'-- Up-to-date: /home/ubuntu/Desktop/16.633_ros/tello_ros_ws/install/tello_gazebo/share/tello_gazebo/models/marker_3/materials/textures\n'}
[2.955937] (tello_gazebo) StdoutLine: {'line': b'-- Up-to-date: /home/ubuntu/Desktop/16.633_ros/tello_ros_ws/install/tello_gazebo/share/tello_gazebo/models/marker_3/materials/textures/aruco_mark_3.png\n'}
[2.958786] (tello_gazebo) StdoutLine: {'line': b'-- Up-to-date: /home/ubuntu/Desktop/16.633_ros/tello_ros_ws/install/tello_gazebo/share/tello_gazebo/models/marker_3/materials/textures/aruco_mark_3.svg\n'}
[2.961739] (tello_gazebo) StdoutLine: {'line': b'-- Up-to-date: /home/ubuntu/Desktop/16.633_ros/tello_ros_ws/install/tello_gazebo/share/tello_gazebo/models/marker_3/model.config\n'}
[2.965834] (tello_gazebo) StdoutLine: {'line': b'-- Up-to-date: /home/ubuntu/Desktop/16.633_ros/tello_ros_ws/install/tello_gazebo/share/tello_gazebo/models/marker_3/model.sdf\n'}
[2.968946] (tello_gazebo) StdoutLine: {'line': b'-- Up-to-date: /home/ubuntu/Desktop/16.633_ros/tello_ros_ws/install/tello_gazebo/share/tello_gazebo/models/marker_4\n'}
[2.971883] (tello_gazebo) StdoutLine: {'line': b'-- Up-to-date: /home/ubuntu/Desktop/16.633_ros/tello_ros_ws/install/tello_gazebo/share/tello_gazebo/models/marker_4/materials\n'}
[2.974888] (tello_gazebo) StdoutLine: {'line': b'-- Up-to-date: /home/ubuntu/Desktop/16.633_ros/tello_ros_ws/install/tello_gazebo/share/tello_gazebo/models/marker_4/materials/scripts\n'}
[2.978688] (tello_gazebo) StdoutLine: {'line': b'-- Up-to-date: /home/ubuntu/Desktop/16.633_ros/tello_ros_ws/install/tello_gazebo/share/tello_gazebo/models/marker_4/materials/scripts/marker_4.material\n'}
[2.981765] (tello_gazebo) StdoutLine: {'line': b'-- Up-to-date: /home/ubuntu/Desktop/16.633_ros/tello_ros_ws/install/tello_gazebo/share/tello_gazebo/models/marker_4/materials/textures\n'}
[2.985166] (tello_gazebo) StdoutLine: {'line': b'-- Up-to-date: /home/ubuntu/Desktop/16.633_ros/tello_ros_ws/install/tello_gazebo/share/tello_gazebo/models/marker_4/materials/textures/aruco_mark_4.png\n'}
[2.988497] (tello_gazebo) StdoutLine: {'line': b'-- Up-to-date: /home/ubuntu/Desktop/16.633_ros/tello_ros_ws/install/tello_gazebo/share/tello_gazebo/models/marker_4/materials/textures/aruco_mark_4.svg\n'}
[2.991262] (tello_gazebo) StdoutLine: {'line': b'-- Up-to-date: /home/ubuntu/Desktop/16.633_ros/tello_ros_ws/install/tello_gazebo/share/tello_gazebo/models/marker_4/model.config\n'}
[2.994678] (tello_gazebo) StdoutLine: {'line': b'-- Up-to-date: /home/ubuntu/Desktop/16.633_ros/tello_ros_ws/install/tello_gazebo/share/tello_gazebo/models/marker_4/model.sdf\n'}
[2.998703] (tello_gazebo) StdoutLine: {'line': b'-- Up-to-date: /home/ubuntu/Desktop/16.633_ros/tello_ros_ws/install/tello_gazebo/share/tello_gazebo/models/marker_5\n'}
[3.001609] (tello_gazebo) StdoutLine: {'line': b'-- Up-to-date: /home/ubuntu/Desktop/16.633_ros/tello_ros_ws/install/tello_gazebo/share/tello_gazebo/models/marker_5/materials\n'}
[3.004907] (tello_gazebo) StdoutLine: {'line': b'-- Up-to-date: /home/ubuntu/Desktop/16.633_ros/tello_ros_ws/install/tello_gazebo/share/tello_gazebo/models/marker_5/materials/scripts\n'}
[3.007846] (tello_gazebo) StdoutLine: {'line': b'-- Up-to-date: /home/ubuntu/Desktop/16.633_ros/tello_ros_ws/install/tello_gazebo/share/tello_gazebo/models/marker_5/materials/scripts/marker_5.material\n'}
[3.011120] (tello_gazebo) StdoutLine: {'line': b'-- Up-to-date: /home/ubuntu/Desktop/16.633_ros/tello_ros_ws/install/tello_gazebo/share/tello_gazebo/models/marker_5/materials/textures\n'}
[3.014833] (tello_gazebo) StdoutLine: {'line': b'-- Up-to-date: /home/ubuntu/Desktop/16.633_ros/tello_ros_ws/install/tello_gazebo/share/tello_gazebo/models/marker_5/materials/textures/aruco_mark_5.png\n'}
[3.018038] (tello_gazebo) StdoutLine: {'line': b'-- Up-to-date: /home/ubuntu/Desktop/16.633_ros/tello_ros_ws/install/tello_gazebo/share/tello_gazebo/models/marker_5/materials/textures/aruco_mark_5.svg\n'}
[3.021286] (tello_gazebo) StdoutLine: {'line': b'-- Up-to-date: /home/ubuntu/Desktop/16.633_ros/tello_ros_ws/install/tello_gazebo/share/tello_gazebo/models/marker_5/model.config\n'}
[3.024320] (tello_gazebo) StdoutLine: {'line': b'-- Up-to-date: /home/ubuntu/Desktop/16.633_ros/tello_ros_ws/install/tello_gazebo/share/tello_gazebo/models/marker_5/model.sdf\n'}
[3.027588] (tello_gazebo) StdoutLine: {'line': b'-- Up-to-date: /home/ubuntu/Desktop/16.633_ros/tello_ros_ws/install/tello_gazebo/share/tello_gazebo/models/marker_6\n'}
[3.031097] (tello_gazebo) StdoutLine: {'line': b'-- Up-to-date: /home/ubuntu/Desktop/16.633_ros/tello_ros_ws/install/tello_gazebo/share/tello_gazebo/models/marker_6/materials\n'}
[3.034145] (tello_gazebo) StdoutLine: {'line': b'-- Up-to-date: /home/ubuntu/Desktop/16.633_ros/tello_ros_ws/install/tello_gazebo/share/tello_gazebo/models/marker_6/materials/scripts\n'}
[3.037950] (tello_gazebo) StdoutLine: {'line': b'-- Up-to-date: /home/ubuntu/Desktop/16.633_ros/tello_ros_ws/install/tello_gazebo/share/tello_gazebo/models/marker_6/materials/scripts/marker_6.material\n'}
[3.041345] (tello_gazebo) StdoutLine: {'line': b'-- Up-to-date: /home/ubuntu/Desktop/16.633_ros/tello_ros_ws/install/tello_gazebo/share/tello_gazebo/models/marker_6/materials/textures\n'}
[3.045792] (tello_gazebo) StdoutLine: {'line': b'-- Up-to-date: /home/ubuntu/Desktop/16.633_ros/tello_ros_ws/install/tello_gazebo/share/tello_gazebo/models/marker_6/materials/textures/aruco_mark_6.png\n'}
[3.049930] (-) TimerEvent: {}
[3.051021] (tello_gazebo) StdoutLine: {'line': b'-- Up-to-date: /home/ubuntu/Desktop/16.633_ros/tello_ros_ws/install/tello_gazebo/share/tello_gazebo/models/marker_6/materials/textures/aruco_mark_6.svg\n'}
[3.054100] (tello_gazebo) StdoutLine: {'line': b'-- Up-to-date: /home/ubuntu/Desktop/16.633_ros/tello_ros_ws/install/tello_gazebo/share/tello_gazebo/models/marker_6/model.config\n'}
[3.057325] (tello_gazebo) StdoutLine: {'line': b'-- Up-to-date: /home/ubuntu/Desktop/16.633_ros/tello_ros_ws/install/tello_gazebo/share/tello_gazebo/models/marker_6/model.sdf\n'}
[3.061198] (tello_gazebo) StdoutLine: {'line': b'-- Up-to-date: /home/ubuntu/Desktop/16.633_ros/tello_ros_ws/install/tello_gazebo/share/tello_gazebo/models/marker_7\n'}
[3.065070] (tello_gazebo) StdoutLine: {'line': b'-- Up-to-date: /home/ubuntu/Desktop/16.633_ros/tello_ros_ws/install/tello_gazebo/share/tello_gazebo/models/marker_7/materials\n'}
[3.068430] (tello_gazebo) StdoutLine: {'line': b'-- Up-to-date: /home/ubuntu/Desktop/16.633_ros/tello_ros_ws/install/tello_gazebo/share/tello_gazebo/models/marker_7/materials/scripts\n'}
[3.071847] (tello_gazebo) StdoutLine: {'line': b'-- Up-to-date: /home/ubuntu/Desktop/16.633_ros/tello_ros_ws/install/tello_gazebo/share/tello_gazebo/models/marker_7/materials/scripts/marker_7.material\n'}
[3.075589] (tello_gazebo) StdoutLine: {'line': b'-- Up-to-date: /home/ubuntu/Desktop/16.633_ros/tello_ros_ws/install/tello_gazebo/share/tello_gazebo/models/marker_7/materials/textures\n'}
[3.078696] (tello_gazebo) StdoutLine: {'line': b'-- Up-to-date: /home/ubuntu/Desktop/16.633_ros/tello_ros_ws/install/tello_gazebo/share/tello_gazebo/models/marker_7/materials/textures/aruco_mark_7.png\n'}
[3.081872] (tello_gazebo) StdoutLine: {'line': b'-- Up-to-date: /home/ubuntu/Desktop/16.633_ros/tello_ros_ws/install/tello_gazebo/share/tello_gazebo/models/marker_7/materials/textures/aruco_mark_7.svg\n'}
[3.085239] (tello_gazebo) StdoutLine: {'line': b'-- Up-to-date: /home/ubuntu/Desktop/16.633_ros/tello_ros_ws/install/tello_gazebo/share/tello_gazebo/models/marker_7/model.config\n'}
[3.088459] (tello_gazebo) StdoutLine: {'line': b'-- Up-to-date: /home/ubuntu/Desktop/16.633_ros/tello_ros_ws/install/tello_gazebo/share/tello_gazebo/models/marker_7/model.sdf\n'}
[3.091720] (tello_gazebo) StdoutLine: {'line': b'-- Up-to-date: /home/ubuntu/Desktop/16.633_ros/tello_ros_ws/install/tello_gazebo/share/tello_gazebo/worlds\n'}
[3.094945] (tello_gazebo) StdoutLine: {'line': b'-- Up-to-date: /home/ubuntu/Desktop/16.633_ros/tello_ros_ws/install/tello_gazebo/share/tello_gazebo/worlds/build_world.py\n'}
[3.097679] (tello_gazebo) StdoutLine: {'line': b'-- Installing: /home/ubuntu/Desktop/16.633_ros/tello_ros_ws/install/tello_gazebo/share/tello_gazebo/worlds/competition.world\n'}
[3.101456] (tello_gazebo) StdoutLine: {'line': b'-- Up-to-date: /home/ubuntu/Desktop/16.633_ros/tello_ros_ws/install/tello_gazebo/share/tello_gazebo/worlds/f2.world\n'}
[3.104889] (tello_gazebo) StdoutLine: {'line': b'-- Up-to-date: /home/ubuntu/Desktop/16.633_ros/tello_ros_ws/install/tello_gazebo/share/tello_gazebo/worlds/f2_map.yaml\n'}
[3.107642] (tello_gazebo) StdoutLine: {'line': b'-- Up-to-date: /home/ubuntu/Desktop/16.633_ros/tello_ros_ws/install/tello_gazebo/share/tello_gazebo/worlds/fiducial.world\n'}
[3.112387] (tello_gazebo) StdoutLine: {'line': b'-- Up-to-date: /home/ubuntu/Desktop/16.633_ros/tello_ros_ws/install/tello_gazebo/share/tello_gazebo/worlds/fiducial_map.yaml\n'}
[3.117597] (tello_gazebo) StdoutLine: {'line': b'-- Up-to-date: /home/ubuntu/Desktop/16.633_ros/tello_ros_ws/install/tello_gazebo/share/tello_gazebo/worlds/simple.world\n'}
[3.121074] (tello_gazebo) StdoutLine: {'line': b'-- Up-to-date: /home/ubuntu/Desktop/16.633_ros/tello_ros_ws/install/tello_gazebo/share/tello_gazebo/launch\n'}
[3.124195] (tello_gazebo) StdoutLine: {'line': b'-- Up-to-date: /home/ubuntu/Desktop/16.633_ros/tello_ros_ws/install/tello_gazebo/share/tello_gazebo/launch/simple_launch.py\n'}
[3.127302] (tello_gazebo) StdoutLine: {'line': b'-- Up-to-date: /home/ubuntu/Desktop/16.633_ros/tello_ros_ws/install/tello_gazebo/share/tello_gazebo/launch/vlam_launch.py\n'}
[3.130923] (tello_gazebo) StdoutLine: {'line': b'-- Up-to-date: /home/ubuntu/Desktop/16.633_ros/tello_ros_ws/install/tello_gazebo/lib/tello_gazebo/inject_entity.py\n'}
[3.134585] (tello_gazebo) StdoutLine: {'line': b'-- Up-to-date: /home/ubuntu/Desktop/16.633_ros/tello_ros_ws/install/tello_gazebo/share/ament_index/resource_index/package_run_dependencies/tello_gazebo\n'}
[3.139873] (tello_gazebo) StdoutLine: {'line': b'-- Up-to-date: /home/ubuntu/Desktop/16.633_ros/tello_ros_ws/install/tello_gazebo/share/ament_index/resource_index/parent_prefix_path/tello_gazebo\n'}
[3.143905] (tello_gazebo) StdoutLine: {'line': b'-- Up-to-date: /home/ubuntu/Desktop/16.633_ros/tello_ros_ws/install/tello_gazebo/share/tello_gazebo/environment/ament_prefix_path.sh\n'}
[3.146907] (tello_gazebo) StdoutLine: {'line': b'-- Up-to-date: /home/ubuntu/Desktop/16.633_ros/tello_ros_ws/install/tello_gazebo/share/tello_gazebo/environment/ament_prefix_path.dsv\n'}
[3.150342] (-) TimerEvent: {}
[3.151331] (tello_gazebo) StdoutLine: {'line': b'-- Up-to-date: /home/ubuntu/Desktop/16.633_ros/tello_ros_ws/install/tello_gazebo/share/tello_gazebo/environment/path.sh\n'}
[3.155220] (tello_gazebo) StdoutLine: {'line': b'-- Up-to-date: /home/ubuntu/Desktop/16.633_ros/tello_ros_ws/install/tello_gazebo/share/tello_gazebo/environment/path.dsv\n'}
[3.158445] (tello_gazebo) StdoutLine: {'line': b'-- Up-to-date: /home/ubuntu/Desktop/16.633_ros/tello_ros_ws/install/tello_gazebo/share/tello_gazebo/local_setup.bash\n'}
[3.163337] (tello_gazebo) StdoutLine: {'line': b'-- Up-to-date: /home/ubuntu/Desktop/16.633_ros/tello_ros_ws/install/tello_gazebo/share/tello_gazebo/local_setup.sh\n'}
[3.166379] (tello_gazebo) StdoutLine: {'line': b'-- Up-to-date: /home/ubuntu/Desktop/16.633_ros/tello_ros_ws/install/tello_gazebo/share/tello_gazebo/local_setup.zsh\n'}
[3.171253] (tello_gazebo) StdoutLine: {'line': b'-- Up-to-date: /home/ubuntu/Desktop/16.633_ros/tello_ros_ws/install/tello_gazebo/share/tello_gazebo/local_setup.dsv\n'}
[3.175312] (tello_gazebo) StdoutLine: {'line': b'-- Installing: /home/ubuntu/Desktop/16.633_ros/tello_ros_ws/install/tello_gazebo/share/tello_gazebo/package.dsv\n'}
[3.179193] (tello_gazebo) StdoutLine: {'line': b'-- Up-to-date: /home/ubuntu/Desktop/16.633_ros/tello_ros_ws/install/tello_gazebo/share/ament_index/resource_index/packages/tello_gazebo\n'}
[3.182168] (tello_gazebo) StdoutLine: {'line': b'-- Up-to-date: /home/ubuntu/Desktop/16.633_ros/tello_ros_ws/install/tello_gazebo/share/tello_gazebo/cmake/tello_gazeboConfig.cmake\n'}
[3.186145] (tello_gazebo) StdoutLine: {'line': b'-- Up-to-date: /home/ubuntu/Desktop/16.633_ros/tello_ros_ws/install/tello_gazebo/share/tello_gazebo/cmake/tello_gazeboConfig-version.cmake\n'}
[3.188993] (tello_gazebo) StdoutLine: {'line': b'-- Up-to-date: /home/ubuntu/Desktop/16.633_ros/tello_ros_ws/install/tello_gazebo/share/tello_gazebo/package.xml\n'}
[3.193814] (tello_gazebo) CommandEnded: {'returncode': 0}
[3.250885] (-) TimerEvent: {}
[3.352166] (-) TimerEvent: {}
[3.453348] (-) TimerEvent: {}
[3.554429] (-) TimerEvent: {}
[3.655662] (-) TimerEvent: {}
[3.757121] (-) TimerEvent: {}
[3.858404] (-) TimerEvent: {}
[3.960039] (-) TimerEvent: {}
[4.061213] (-) TimerEvent: {}
[4.163206] (-) TimerEvent: {}
[4.187741] (tello_gazebo) JobEnded: {'identifier': 'tello_gazebo', 'rc': 0}
[4.195784] (-) EventReactorShutdown: {}
