[0.485s] DEBUG:colcon:Command line arguments: ['/usr/bin/colcon', 'build', '--symlink-install', '--packages-select', 'competition']
[0.486s] DEBUG:colcon:Parsed command line arguments: Namespace(allow_overriding=[], ament_cmake_args=None, base_paths=['.'], build_base='build', catkin_cmake_args=None, catkin_skip_building_tests=False, cmake_args=None, cmake_clean_cache=False, cmake_clean_first=False, cmake_force_configure=False, cmake_target=None, cmake_target_skip_unavailable=False, continue_on_error=False, event_handlers=None, executor='parallel', ignore_user_meta=False, install_base='install', log_base=None, log_level=None, main=<bound method BuildVerb.main of <colcon_core.verb.build.BuildVerb object at 0x7fb3ec5d56a0>>, merge_install=False, metas=['./colcon.meta'], packages_above=None, packages_above_and_dependencies=None, packages_above_depth=None, packages_end=None, packages_ignore=None, packages_ignore_regex=None, packages_select=['competition'], packages_select_build_failed=False, packages_select_by_dep=None, packages_select_regex=None, packages_select_test_failures=False, packages_skip=None, packages_skip_build_finished=False, packages_skip_by_dep=None, packages_skip_regex=None, packages_skip_test_passed=False, packages_skip_up_to=None, packages_start=None, packages_up_to=None, packages_up_to_regex=None, parallel_workers=6, paths=None, symlink_install=True, test_result_base=None, verb_extension=<colcon_core.verb.build.BuildVerb object at 0x7fb3ec5d56a0>, verb_name='build', verb_parser=<colcon_defaults.argument_parser.defaults.DefaultArgumentsDecorator object at 0x7fb3ec5d5be0>)
[0.522s] Level 1:colcon.colcon_core.package_discovery:discover_packages(colcon_meta) check parameters
[0.524s] Level 1:colcon.colcon_core.package_discovery:discover_packages(recursive) check parameters
[0.525s] Level 1:colcon.colcon_core.package_discovery:discover_packages(ignore) check parameters
[0.525s] Level 1:colcon.colcon_core.package_discovery:discover_packages(path) check parameters
[0.526s] Level 1:colcon.colcon_core.package_discovery:discover_packages(colcon_meta) discover
[0.527s] Level 1:colcon.colcon_core.package_discovery:discover_packages(recursive) discover
[0.528s] INFO:colcon.colcon_core.package_discovery:Crawling recursively for packages in '/home/ubuntu/Desktop/16.633_ros/flight_ws'
[0.529s] Level 1:colcon.colcon_core.package_identification:_identify(.) by extensions ['ignore', 'ignore_ament_install']
[0.530s] Level 1:colcon.colcon_core.package_identification:_identify(.) by extension 'ignore'
[0.531s] Level 1:colcon.colcon_core.package_identification:_identify(.) by extension 'ignore_ament_install'
[0.533s] Level 1:colcon.colcon_core.package_identification:_identify(.) by extensions ['colcon_pkg']
[0.534s] Level 1:colcon.colcon_core.package_identification:_identify(.) by extension 'colcon_pkg'
[0.536s] Level 1:colcon.colcon_core.package_identification:_identify(.) by extensions ['colcon_meta']
[0.536s] Level 1:colcon.colcon_core.package_identification:_identify(.) by extension 'colcon_meta'
[0.537s] Level 1:colcon.colcon_core.package_identification:_identify(.) by extensions ['ros']
[0.538s] Level 1:colcon.colcon_core.package_identification:_identify(.) by extension 'ros'
[0.564s] Level 1:colcon.colcon_core.package_identification:_identify(.) by extensions ['cmake', 'python']
[0.565s] Level 1:colcon.colcon_core.package_identification:_identify(.) by extension 'cmake'
[0.567s] Level 1:colcon.colcon_core.package_identification:_identify(.) by extension 'python'
[0.570s] Level 1:colcon.colcon_core.package_identification:_identify(.) by extensions ['python_setup_py']
[0.571s] Level 1:colcon.colcon_core.package_identification:_identify(.) by extension 'python_setup_py'
[0.574s] Level 1:colcon.colcon_core.package_identification:_identify(build) by extensions ['ignore', 'ignore_ament_install']
[0.575s] Level 1:colcon.colcon_core.package_identification:_identify(build) by extension 'ignore'
[0.576s] Level 1:colcon.colcon_core.package_identification:_identify(build) ignored
[0.577s] Level 1:colcon.colcon_core.package_identification:_identify(install) by extensions ['ignore', 'ignore_ament_install']
[0.579s] Level 1:colcon.colcon_core.package_identification:_identify(install) by extension 'ignore'
[0.579s] Level 1:colcon.colcon_core.package_identification:_identify(install) ignored
[0.588s] Level 1:colcon.colcon_core.package_identification:_identify(log) by extensions ['ignore', 'ignore_ament_install']
[0.589s] Level 1:colcon.colcon_core.package_identification:_identify(log) by extension 'ignore'
[0.590s] Level 1:colcon.colcon_core.package_identification:_identify(log) ignored
[0.591s] Level 1:colcon.colcon_core.package_identification:_identify(src) by extensions ['ignore', 'ignore_ament_install']
[0.591s] Level 1:colcon.colcon_core.package_identification:_identify(src) by extension 'ignore'
[0.593s] Level 1:colcon.colcon_core.package_identification:_identify(src) by extension 'ignore_ament_install'
[0.595s] Level 1:colcon.colcon_core.package_identification:_identify(src) by extensions ['colcon_pkg']
[0.596s] Level 1:colcon.colcon_core.package_identification:_identify(src) by extension 'colcon_pkg'
[0.597s] Level 1:colcon.colcon_core.package_identification:_identify(src) by extensions ['colcon_meta']
[0.598s] Level 1:colcon.colcon_core.package_identification:_identify(src) by extension 'colcon_meta'
[0.599s] Level 1:colcon.colcon_core.package_identification:_identify(src) by extensions ['ros']
[0.600s] Level 1:colcon.colcon_core.package_identification:_identify(src) by extension 'ros'
[0.603s] Level 1:colcon.colcon_core.package_identification:_identify(src) by extensions ['cmake', 'python']
[0.604s] Level 1:colcon.colcon_core.package_identification:_identify(src) by extension 'cmake'
[0.605s] Level 1:colcon.colcon_core.package_identification:_identify(src) by extension 'python'
[0.606s] Level 1:colcon.colcon_core.package_identification:_identify(src) by extensions ['python_setup_py']
[0.607s] Level 1:colcon.colcon_core.package_identification:_identify(src) by extension 'python_setup_py'
[0.609s] Level 1:colcon.colcon_core.package_identification:_identify(src/competition) by extensions ['ignore', 'ignore_ament_install']
[0.609s] Level 1:colcon.colcon_core.package_identification:_identify(src/competition) by extension 'ignore'
[0.611s] Level 1:colcon.colcon_core.package_identification:_identify(src/competition) by extension 'ignore_ament_install'
[0.613s] Level 1:colcon.colcon_core.package_identification:_identify(src/competition) by extensions ['colcon_pkg']
[0.614s] Level 1:colcon.colcon_core.package_identification:_identify(src/competition) by extension 'colcon_pkg'
[0.615s] Level 1:colcon.colcon_core.package_identification:_identify(src/competition) by extensions ['colcon_meta']
[0.616s] Level 1:colcon.colcon_core.package_identification:_identify(src/competition) by extension 'colcon_meta'
[0.617s] Level 1:colcon.colcon_core.package_identification:_identify(src/competition) by extensions ['ros']
[0.618s] Level 1:colcon.colcon_core.package_identification:_identify(src/competition) by extension 'ros'
[0.623s] DEBUG:colcon.colcon_core.package_identification:Package 'src/competition' with type 'ros.ament_python' and name 'competition'
[0.625s] Level 1:colcon.colcon_core.package_identification:_identify(src/tello_msgs) by extensions ['ignore', 'ignore_ament_install']
[0.626s] Level 1:colcon.colcon_core.package_identification:_identify(src/tello_msgs) by extension 'ignore'
[0.627s] Level 1:colcon.colcon_core.package_identification:_identify(src/tello_msgs) by extension 'ignore_ament_install'
[0.630s] Level 1:colcon.colcon_core.package_identification:_identify(src/tello_msgs) by extensions ['colcon_pkg']
[0.630s] Level 1:colcon.colcon_core.package_identification:_identify(src/tello_msgs) by extension 'colcon_pkg'
[0.632s] Level 1:colcon.colcon_core.package_identification:_identify(src/tello_msgs) by extensions ['colcon_meta']
[0.633s] Level 1:colcon.colcon_core.package_identification:_identify(src/tello_msgs) by extension 'colcon_meta'
[0.634s] Level 1:colcon.colcon_core.package_identification:_identify(src/tello_msgs) by extensions ['ros']
[0.634s] Level 1:colcon.colcon_core.package_identification:_identify(src/tello_msgs) by extension 'ros'
[0.639s] DEBUG:colcon.colcon_core.package_identification:Package 'src/tello_msgs' with type 'ros.ament_cmake' and name 'tello_msgs'
[0.640s] Level 1:colcon.colcon_core.package_discovery:discover_packages(recursive) using defaults
[0.641s] Level 1:colcon.colcon_core.package_discovery:discover_packages(ignore) discover
[0.641s] Level 1:colcon.colcon_core.package_discovery:discover_packages(ignore) using defaults
[0.642s] Level 1:colcon.colcon_core.package_discovery:discover_packages(path) discover
[0.643s] Level 1:colcon.colcon_core.package_discovery:discover_packages(path) using defaults
[0.675s] INFO:colcon.colcon_core.package_selection:Skipping not selected package 'tello_msgs' in 'src/tello_msgs'
[0.677s] Level 1:colcon.colcon_core.package_discovery:discover_packages(prefix_path) check parameters
[0.678s] Level 1:colcon.colcon_core.package_discovery:discover_packages(prefix_path) discover
[0.704s] DEBUG:colcon.colcon_installed_package_information.package_discovery:Found 2 installed packages in /home/ubuntu/Desktop/16.633_ros/flight_ws/install
[0.708s] DEBUG:colcon.colcon_installed_package_information.package_discovery:Found 5 installed packages in /home/ubuntu/Desktop/16.633_ros/tello_ros_ws/install
[0.711s] DEBUG:colcon.colcon_installed_package_information.package_discovery:Found 264 installed packages in /opt/ros/foxy
[0.715s] Level 1:colcon.colcon_core.package_discovery:discover_packages(prefix_path) using defaults
[0.819s] Level 5:colcon.colcon_core.verb:set package 'competition' build argument 'cmake_args' from command line to 'None'
[0.821s] Level 5:colcon.colcon_core.verb:set package 'competition' build argument 'cmake_target' from command line to 'None'
[0.822s] Level 5:colcon.colcon_core.verb:set package 'competition' build argument 'cmake_target_skip_unavailable' from command line to 'False'
[0.823s] Level 5:colcon.colcon_core.verb:set package 'competition' build argument 'cmake_clean_cache' from command line to 'False'
[0.824s] Level 5:colcon.colcon_core.verb:set package 'competition' build argument 'cmake_clean_first' from command line to 'False'
[0.825s] Level 5:colcon.colcon_core.verb:set package 'competition' build argument 'cmake_force_configure' from command line to 'False'
[0.826s] Level 5:colcon.colcon_core.verb:set package 'competition' build argument 'ament_cmake_args' from command line to 'None'
[0.826s] Level 5:colcon.colcon_core.verb:set package 'competition' build argument 'catkin_cmake_args' from command line to 'None'
[0.828s] Level 5:colcon.colcon_core.verb:set package 'competition' build argument 'catkin_skip_building_tests' from command line to 'False'
[0.829s] DEBUG:colcon.colcon_core.verb:Building package 'competition' with the following arguments: {'ament_cmake_args': None, 'build_base': '/home/ubuntu/Desktop/16.633_ros/flight_ws/build/competition', 'catkin_cmake_args': None, 'catkin_skip_building_tests': False, 'cmake_args': None, 'cmake_clean_cache': False, 'cmake_clean_first': False, 'cmake_force_configure': False, 'cmake_target': None, 'cmake_target_skip_unavailable': False, 'install_base': '/home/ubuntu/Desktop/16.633_ros/flight_ws/install/competition', 'merge_install': False, 'path': '/home/ubuntu/Desktop/16.633_ros/flight_ws/src/competition', 'symlink_install': True, 'test_result_base': None}
[0.831s] INFO:colcon.colcon_core.executor:Executing jobs using 'parallel' executor
[0.837s] DEBUG:colcon.colcon_parallel_executor.executor.parallel:run_until_complete
[0.839s] INFO:colcon.colcon_ros.task.ament_python.build:Building ROS package in '/home/ubuntu/Desktop/16.633_ros/flight_ws/src/competition' with build type 'ament_python'
[0.841s] Level 1:colcon.colcon_core.shell:create_environment_hook('competition', 'ament_prefix_path')
[0.849s] INFO:colcon.colcon_core.plugin_system:Skipping extension 'colcon_core.shell.bat': Not used on non-Windows systems
[0.851s] INFO:colcon.colcon_core.shell:Creating environment hook '/home/ubuntu/Desktop/16.633_ros/flight_ws/install/competition/share/competition/hook/ament_prefix_path.ps1'
[0.860s] INFO:colcon.colcon_core.shell:Creating environment descriptor '/home/ubuntu/Desktop/16.633_ros/flight_ws/install/competition/share/competition/hook/ament_prefix_path.dsv'
[0.868s] INFO:colcon.colcon_core.shell:Creating environment hook '/home/ubuntu/Desktop/16.633_ros/flight_ws/install/competition/share/competition/hook/ament_prefix_path.sh'
[0.878s] INFO:colcon.colcon_core.shell:Skip shell extension 'powershell' for command environment: Not usable outside of PowerShell
[0.879s] DEBUG:colcon.colcon_core.shell:Skip shell extension 'dsv' for command environment
[1.591s] INFO:colcon.colcon_core.task.python.build:Building Python package in '/home/ubuntu/Desktop/16.633_ros/flight_ws/src/competition'
[1.595s] INFO:colcon.colcon_core.shell:Skip shell extension 'powershell' for command environment: Not usable outside of PowerShell
[1.596s] DEBUG:colcon.colcon_core.shell:Skip shell extension 'dsv' for command environment
[2.447s] DEBUG:colcon.colcon_core.event_handler.log_command:Invoking command in '/home/ubuntu/Desktop/16.633_ros/flight_ws/build/competition': PYTHONPATH=/home/ubuntu/Desktop/16.633_ros/flight_ws/build/competition/prefix_override:/home/ubuntu/Desktop/16.633_ros/flight_ws/install/competition/lib/python3.8/site-packages:${PYTHONPATH} /usr/bin/python3 setup.py develop --editable --build-directory /home/ubuntu/Desktop/16.633_ros/flight_ws/build/competition/build --no-deps install_data
[3.387s] Level 1:colcon.colcon_core.shell:create_environment_hook('competition', 'pythonpath_develop')
[3.391s] INFO:colcon.colcon_core.shell:Creating environment hook '/home/ubuntu/Desktop/16.633_ros/flight_ws/build/competition/share/competition/hook/pythonpath_develop.ps1'
[3.394s] DEBUG:colcon.colcon_core.event_handler.log_command:Invoked command in '/home/ubuntu/Desktop/16.633_ros/flight_ws/build/competition' returned '0': PYTHONPATH=/home/ubuntu/Desktop/16.633_ros/flight_ws/build/competition/prefix_override:/home/ubuntu/Desktop/16.633_ros/flight_ws/install/competition/lib/python3.8/site-packages:${PYTHONPATH} /usr/bin/python3 setup.py develop --editable --build-directory /home/ubuntu/Desktop/16.633_ros/flight_ws/build/competition/build --no-deps install_data
[3.400s] INFO:colcon.colcon_core.shell:Creating environment descriptor '/home/ubuntu/Desktop/16.633_ros/flight_ws/build/competition/share/competition/hook/pythonpath_develop.dsv'
[3.406s] INFO:colcon.colcon_core.shell:Creating environment hook '/home/ubuntu/Desktop/16.633_ros/flight_ws/build/competition/share/competition/hook/pythonpath_develop.sh'
[3.419s] Level 1:colcon.colcon_core.environment:checking '/home/ubuntu/Desktop/16.633_ros/flight_ws/install/competition' for CMake module files
[3.447s] Level 1:colcon.colcon_core.environment:checking '/home/ubuntu/Desktop/16.633_ros/flight_ws/install/competition' for CMake config files
[3.451s] Level 1:colcon.colcon_core.environment:checking '/home/ubuntu/Desktop/16.633_ros/flight_ws/install/competition/lib'
[3.452s] Level 1:colcon.colcon_core.environment:checking '/home/ubuntu/Desktop/16.633_ros/flight_ws/install/competition/bin'
[3.454s] Level 1:colcon.colcon_core.environment:checking '/home/ubuntu/Desktop/16.633_ros/flight_ws/install/competition/lib/pkgconfig/competition.pc'
[3.456s] Level 1:colcon.colcon_core.environment:checking '/home/ubuntu/Desktop/16.633_ros/flight_ws/install/competition/lib/python3.8/site-packages'
[3.456s] Level 1:colcon.colcon_core.shell:create_environment_hook('competition', 'pythonpath')
[3.459s] INFO:colcon.colcon_core.shell:Creating environment hook '/home/ubuntu/Desktop/16.633_ros/flight_ws/install/competition/share/competition/hook/pythonpath.ps1'
[3.464s] INFO:colcon.colcon_core.shell:Creating environment descriptor '/home/ubuntu/Desktop/16.633_ros/flight_ws/install/competition/share/competition/hook/pythonpath.dsv'
[3.470s] INFO:colcon.colcon_core.shell:Creating environment hook '/home/ubuntu/Desktop/16.633_ros/flight_ws/install/competition/share/competition/hook/pythonpath.sh'
[3.476s] Level 1:colcon.colcon_core.environment:checking '/home/ubuntu/Desktop/16.633_ros/flight_ws/install/competition/bin'
[3.479s] Level 1:colcon.colcon_core.environment:create_environment_scripts_only(competition)
[3.482s] INFO:colcon.colcon_core.shell:Creating package script '/home/ubuntu/Desktop/16.633_ros/flight_ws/install/competition/share/competition/package.ps1'
[3.489s] INFO:colcon.colcon_core.shell:Creating package descriptor '/home/ubuntu/Desktop/16.633_ros/flight_ws/install/competition/share/competition/package.dsv'
[3.495s] INFO:colcon.colcon_core.shell:Creating package script '/home/ubuntu/Desktop/16.633_ros/flight_ws/install/competition/share/competition/package.sh'
[3.501s] INFO:colcon.colcon_core.shell:Creating package script '/home/ubuntu/Desktop/16.633_ros/flight_ws/install/competition/share/competition/package.bash'
[3.507s] INFO:colcon.colcon_core.shell:Creating package script '/home/ubuntu/Desktop/16.633_ros/flight_ws/install/competition/share/competition/package.zsh'
[3.514s] Level 1:colcon.colcon_core.environment:create_file_with_runtime_dependencies(/home/ubuntu/Desktop/16.633_ros/flight_ws/install/competition/share/colcon-core/packages/competition)
[3.520s] DEBUG:colcon.colcon_parallel_executor.executor.parallel:closing loop
[3.521s] DEBUG:colcon.colcon_parallel_executor.executor.parallel:loop closed
[3.522s] DEBUG:colcon.colcon_parallel_executor.executor.parallel:run_until_complete finished with '0'
[3.523s] DEBUG:colcon.colcon_core.event_reactor:joining thread
[3.577s] INFO:colcon.colcon_core.plugin_system:Skipping extension 'colcon_notification.desktop_notification.terminal_notifier': Not used on non-Darwin systems
[3.579s] INFO:colcon.colcon_core.plugin_system:Skipping extension 'colcon_notification.desktop_notification.win32': Not used on non-Windows systems
[3.580s] INFO:colcon.colcon_notification.desktop_notification:Sending desktop notification using 'notify2'
[3.771s] DEBUG:colcon.colcon_core.event_reactor:joined thread
[3.774s] INFO:colcon.colcon_core.shell:Creating prefix script '/home/ubuntu/Desktop/16.633_ros/flight_ws/install/local_setup.ps1'
[3.780s] INFO:colcon.colcon_core.shell:Creating prefix util module '/home/ubuntu/Desktop/16.633_ros/flight_ws/install/_local_setup_util_ps1.py'
[3.786s] INFO:colcon.colcon_core.shell:Creating prefix chain script '/home/ubuntu/Desktop/16.633_ros/flight_ws/install/setup.ps1'
[3.805s] INFO:colcon.colcon_core.shell:Creating prefix script '/home/ubuntu/Desktop/16.633_ros/flight_ws/install/local_setup.sh'
[3.810s] INFO:colcon.colcon_core.shell:Creating prefix util module '/home/ubuntu/Desktop/16.633_ros/flight_ws/install/_local_setup_util_sh.py'
[3.818s] INFO:colcon.colcon_core.shell:Creating prefix chain script '/home/ubuntu/Desktop/16.633_ros/flight_ws/install/setup.sh'
[3.845s] INFO:colcon.colcon_core.shell:Creating prefix script '/home/ubuntu/Desktop/16.633_ros/flight_ws/install/local_setup.bash'
[3.852s] INFO:colcon.colcon_core.shell:Creating prefix chain script '/home/ubuntu/Desktop/16.633_ros/flight_ws/install/setup.bash'
[3.872s] INFO:colcon.colcon_core.shell:Creating prefix script '/home/ubuntu/Desktop/16.633_ros/flight_ws/install/local_setup.zsh'
[3.876s] INFO:colcon.colcon_core.shell:Creating prefix chain script '/home/ubuntu/Desktop/16.633_ros/flight_ws/install/setup.zsh'
