[0.315s] Invoking command in '/home/ubuntu/Desktop/16.633_ros/tello_ros_ws/build/tello_driver': CMAKE_PREFIX_PATH=/home/ubuntu/Desktop/16.633_ros/tello_ros_ws/install/tello_msgs:/home/ubuntu/Desktop/16.633_ros/tello_ros_ws/install/ros2_shared:/home/ubuntu/Desktop/16.633_ros/tello_ros_ws/install/tello_gazebo:/home/ubuntu/Desktop/16.633_ros/tello_ros_ws/install/tello_driver:/home/ubuntu/Desktop/16.633_ros/tello_ros_ws/install/tello_description:/opt/ros/foxy LD_LIBRARY_PATH=/home/ubuntu/Desktop/16.633_ros/tello_ros_ws/install/tello_msgs/lib:/home/ubuntu/Desktop/16.633_ros/tello_ros_ws/install/tello_gazebo/lib:/home/ubuntu/Desktop/16.633_ros/tello_ros_ws/install/tello_driver/lib:/usr/lib/x86_64-linux-gnu/gazebo-11/plugins:/opt/ros/foxy/opt/yaml_cpp_vendor/lib:/opt/ros/foxy/opt/rviz_ogre_vendor/lib:/opt/ros/foxy/lib/x86_64-linux-gnu:/opt/ros/foxy/lib /usr/bin/cmake --build /home/ubuntu/Desktop/16.633_ros/tello_ros_ws/build/tello_driver -- -j6 -l6
[2.370s] [ 18%] Built target tello_emulator
[2.377s] [ 18%] Built target tello_joy_node
[2.417s] [ 31%] Built target tello_joy_main
[2.506s] [ 95%] Built target tello_driver_main
[2.516s] [100%] Built target tello_driver_node
[2.814s] Invoked command in '/home/ubuntu/Desktop/16.633_ros/tello_ros_ws/build/tello_driver' returned '0': CMAKE_PREFIX_PATH=/home/ubuntu/Desktop/16.633_ros/tello_ros_ws/install/tello_msgs:/home/ubuntu/Desktop/16.633_ros/tello_ros_ws/install/ros2_shared:/home/ubuntu/Desktop/16.633_ros/tello_ros_ws/install/tello_gazebo:/home/ubuntu/Desktop/16.633_ros/tello_ros_ws/install/tello_driver:/home/ubuntu/Desktop/16.633_ros/tello_ros_ws/install/tello_description:/opt/ros/foxy LD_LIBRARY_PATH=/home/ubuntu/Desktop/16.633_ros/tello_ros_ws/install/tello_msgs/lib:/home/ubuntu/Desktop/16.633_ros/tello_ros_ws/install/tello_gazebo/lib:/home/ubuntu/Desktop/16.633_ros/tello_ros_ws/install/tello_driver/lib:/usr/lib/x86_64-linux-gnu/gazebo-11/plugins:/opt/ros/foxy/opt/yaml_cpp_vendor/lib:/opt/ros/foxy/opt/rviz_ogre_vendor/lib:/opt/ros/foxy/lib/x86_64-linux-gnu:/opt/ros/foxy/lib /usr/bin/cmake --build /home/ubuntu/Desktop/16.633_ros/tello_ros_ws/build/tello_driver -- -j6 -l6
[6.188s] Invoking command in '/home/ubuntu/Desktop/16.633_ros/tello_ros_ws/build/tello_driver': CMAKE_PREFIX_PATH=/home/ubuntu/Desktop/16.633_ros/tello_ros_ws/install/tello_msgs:/home/ubuntu/Desktop/16.633_ros/tello_ros_ws/install/ros2_shared:/home/ubuntu/Desktop/16.633_ros/tello_ros_ws/install/tello_gazebo:/home/ubuntu/Desktop/16.633_ros/tello_ros_ws/install/tello_driver:/home/ubuntu/Desktop/16.633_ros/tello_ros_ws/install/tello_description:/opt/ros/foxy LD_LIBRARY_PATH=/home/ubuntu/Desktop/16.633_ros/tello_ros_ws/install/tello_msgs/lib:/home/ubuntu/Desktop/16.633_ros/tello_ros_ws/install/tello_gazebo/lib:/home/ubuntu/Desktop/16.633_ros/tello_ros_ws/install/tello_driver/lib:/usr/lib/x86_64-linux-gnu/gazebo-11/plugins:/opt/ros/foxy/opt/yaml_cpp_vendor/lib:/opt/ros/foxy/opt/rviz_ogre_vendor/lib:/opt/ros/foxy/lib/x86_64-linux-gnu:/opt/ros/foxy/lib /usr/bin/cmake --install /home/ubuntu/Desktop/16.633_ros/tello_ros_ws/build/tello_driver
[6.691s] -- Install configuration: ""
[6.704s] -- Execute custom install script
[6.719s] -- Up-to-date symlink: /home/ubuntu/Desktop/16.633_ros/tello_ros_ws/install/tello_driver/share/tello_driver/environment/library_path.sh
[6.741s] -- Up-to-date symlink: /home/ubuntu/Desktop/16.633_ros/tello_ros_ws/install/tello_driver/share/tello_driver/environment/library_path.dsv
[6.756s] -- Up-to-date symlink: /home/ubuntu/Desktop/16.633_ros/tello_ros_ws/install/tello_driver/lib/libtello_driver_node.so
[6.766s] -- Up-to-date symlink: /home/ubuntu/Desktop/16.633_ros/tello_ros_ws/install/tello_driver/lib/libtello_joy_node.so
[6.791s] -- Up-to-date symlink: /home/ubuntu/Desktop/16.633_ros/tello_ros_ws/install/tello_driver/lib/tello_driver/tello_driver_main
[6.801s] -- Up-to-date symlink: /home/ubuntu/Desktop/16.633_ros/tello_ros_ws/install/tello_driver/lib/tello_driver/tello_joy_main
[6.808s] -- Up-to-date symlink: /home/ubuntu/Desktop/16.633_ros/tello_ros_ws/install/tello_driver/lib/tello_driver/tello_emulator
[6.824s] -- Up-to-date symlink: /home/ubuntu/Desktop/16.633_ros/tello_ros_ws/install/tello_driver/share/tello_driver/cfg/camera_info.yaml
[6.840s] -- Up-to-date symlink: /home/ubuntu/Desktop/16.633_ros/tello_ros_ws/install/tello_driver/share/tello_driver/launch/emulator_launch.py
[6.848s] -- Up-to-date symlink: /home/ubuntu/Desktop/16.633_ros/tello_ros_ws/install/tello_driver/share/tello_driver/launch/emulators_launch.py
[6.857s] -- Up-to-date symlink: /home/ubuntu/Desktop/16.633_ros/tello_ros_ws/install/tello_driver/share/tello_driver/launch/teleop_launch.py
[6.885s] -- Up-to-date symlink: /home/ubuntu/Desktop/16.633_ros/tello_ros_ws/install/tello_driver/share/ament_index/resource_index/package_run_dependencies/tello_driver
[6.899s] -- Up-to-date symlink: /home/ubuntu/Desktop/16.633_ros/tello_ros_ws/install/tello_driver/share/ament_index/resource_index/parent_prefix_path/tello_driver
[6.912s] -- Up-to-date symlink: /home/ubuntu/Desktop/16.633_ros/tello_ros_ws/install/tello_driver/share/tello_driver/environment/ament_prefix_path.sh
[6.941s] -- Up-to-date symlink: /home/ubuntu/Desktop/16.633_ros/tello_ros_ws/install/tello_driver/share/tello_driver/environment/ament_prefix_path.dsv
[6.949s] -- Up-to-date symlink: /home/ubuntu/Desktop/16.633_ros/tello_ros_ws/install/tello_driver/share/tello_driver/environment/path.sh
[6.960s] -- Up-to-date symlink: /home/ubuntu/Desktop/16.633_ros/tello_ros_ws/install/tello_driver/share/tello_driver/environment/path.dsv
[6.985s] -- Up-to-date symlink: /home/ubuntu/Desktop/16.633_ros/tello_ros_ws/install/tello_driver/share/tello_driver/local_setup.bash
[6.994s] -- Up-to-date symlink: /home/ubuntu/Desktop/16.633_ros/tello_ros_ws/install/tello_driver/share/tello_driver/local_setup.sh
[7.003s] -- Up-to-date symlink: /home/ubuntu/Desktop/16.633_ros/tello_ros_ws/install/tello_driver/share/tello_driver/local_setup.zsh
[7.012s] -- Up-to-date symlink: /home/ubuntu/Desktop/16.633_ros/tello_ros_ws/install/tello_driver/share/tello_driver/local_setup.dsv
[7.020s] -- Symlinking: /home/ubuntu/Desktop/16.633_ros/tello_ros_ws/install/tello_driver/share/tello_driver/package.dsv
[7.321s] -- Up-to-date symlink: /home/ubuntu/Desktop/16.633_ros/tello_ros_ws/install/tello_driver/share/ament_index/resource_index/packages/tello_driver
[7.337s] -- Up-to-date symlink: /home/ubuntu/Desktop/16.633_ros/tello_ros_ws/install/tello_driver/share/ament_index/resource_index/rclcpp_components/tello_driver
[7.364s] -- Up-to-date symlink: /home/ubuntu/Desktop/16.633_ros/tello_ros_ws/install/tello_driver/share/tello_driver/cmake/tello_driverConfig.cmake
[7.378s] -- Up-to-date symlink: /home/ubuntu/Desktop/16.633_ros/tello_ros_ws/install/tello_driver/share/tello_driver/cmake/tello_driverConfig-version.cmake
[7.389s] -- Up-to-date symlink: /home/ubuntu/Desktop/16.633_ros/tello_ros_ws/install/tello_driver/share/tello_driver/package.xml
[7.400s] Invoked command in '/home/ubuntu/Desktop/16.633_ros/tello_ros_ws/build/tello_driver' returned '0': CMAKE_PREFIX_PATH=/home/ubuntu/Desktop/16.633_ros/tello_ros_ws/install/tello_msgs:/home/ubuntu/Desktop/16.633_ros/tello_ros_ws/install/ros2_shared:/home/ubuntu/Desktop/16.633_ros/tello_ros_ws/install/tello_gazebo:/home/ubuntu/Desktop/16.633_ros/tello_ros_ws/install/tello_driver:/home/ubuntu/Desktop/16.633_ros/tello_ros_ws/install/tello_description:/opt/ros/foxy LD_LIBRARY_PATH=/home/ubuntu/Desktop/16.633_ros/tello_ros_ws/install/tello_msgs/lib:/home/ubuntu/Desktop/16.633_ros/tello_ros_ws/install/tello_gazebo/lib:/home/ubuntu/Desktop/16.633_ros/tello_ros_ws/install/tello_driver/lib:/usr/lib/x86_64-linux-gnu/gazebo-11/plugins:/opt/ros/foxy/opt/yaml_cpp_vendor/lib:/opt/ros/foxy/opt/rviz_ogre_vendor/lib:/opt/ros/foxy/lib/x86_64-linux-gnu:/opt/ros/foxy/lib /usr/bin/cmake --install /home/ubuntu/Desktop/16.633_ros/tello_ros_ws/build/tello_driver
