[1.531s] Invoking command in '/home/ubuntu/Desktop/16.633_ros/flight_ws/build/tello_msgs': CMAKE_PREFIX_PATH=${CMAKE_PREFIX_PATH}:/home/ubuntu/Desktop/16.633_ros/flight_ws/install/competition:/opt/ros/foxy /usr/bin/cmake --build /home/ubuntu/Desktop/16.633_ros/flight_ws/build/tello_msgs -- -j6 -l6
[2.747s] [  2%] Built target tello_msgs__cpp
[3.184s] [ 12%] Built target tello_msgs__rosidl_generator_c
[3.474s] [ 23%] Built target tello_msgs__rosidl_typesupport_introspection_cpp
[3.716s] [ 34%] Built target tello_msgs__rosidl_typesupport_c
[4.045s] [ 44%] Built target tello_msgs__rosidl_typesupport_introspection_c
[4.371s] [ 55%] Built target tello_msgs__rosidl_typesupport_fastrtps_cpp
[4.818s] [ 65%] Built target tello_msgs__rosidl_typesupport_cpp
[5.348s] [ 76%] Built target tello_msgs__rosidl_typesupport_fastrtps_c
[5.684s] [ 76%] Built target tello_msgs
[5.971s] [ 78%] Built target tello_msgs__py
[6.364s] [ 87%] Built target tello_msgs__python
[6.715s] [ 91%] Built target tello_msgs__rosidl_typesupport_c__pyext
[7.045s] [ 95%] Built target tello_msgs__rosidl_typesupport_introspection_c__pyext
[7.384s] [100%] Built target tello_msgs__rosidl_typesupport_fastrtps_c__pyext
[7.610s] Invoked command in '/home/ubuntu/Desktop/16.633_ros/flight_ws/build/tello_msgs' returned '0': CMAKE_PREFIX_PATH=${CMAKE_PREFIX_PATH}:/home/ubuntu/Desktop/16.633_ros/flight_ws/install/competition:/opt/ros/foxy /usr/bin/cmake --build /home/ubuntu/Desktop/16.633_ros/flight_ws/build/tello_msgs -- -j6 -l6
[9.922s] Invoking command in '/home/ubuntu/Desktop/16.633_ros/flight_ws/build/tello_msgs': CMAKE_PREFIX_PATH=${CMAKE_PREFIX_PATH}:/home/ubuntu/Desktop/16.633_ros/flight_ws/install/competition:/opt/ros/foxy /usr/bin/cmake --install /home/ubuntu/Desktop/16.633_ros/flight_ws/build/tello_msgs
[10.065s] -- Install configuration: ""
[10.073s] -- Execute custom install script
[10.082s] -- Up-to-date symlink: /home/ubuntu/Desktop/16.633_ros/flight_ws/install/tello_msgs/share/ament_index/resource_index/rosidl_interfaces/tello_msgs
[10.092s] -- Up-to-date symlink: /home/ubuntu/Desktop/16.633_ros/flight_ws/install/tello_msgs/include/tello_msgs/msg/detail/flight_data__functions.h
[10.102s] -- Up-to-date symlink: /home/ubuntu/Desktop/16.633_ros/flight_ws/install/tello_msgs/include/tello_msgs/msg/detail/flight_data__struct.h
[10.114s] -- Up-to-date symlink: /home/ubuntu/Desktop/16.633_ros/flight_ws/install/tello_msgs/include/tello_msgs/msg/detail/flight_data__type_support.h
[10.123s] -- Up-to-date symlink: /home/ubuntu/Desktop/16.633_ros/flight_ws/install/tello_msgs/include/tello_msgs/msg/detail/tello_response__functions.h
[10.131s] -- Up-to-date symlink: /home/ubuntu/Desktop/16.633_ros/flight_ws/install/tello_msgs/include/tello_msgs/msg/detail/tello_response__struct.h
[10.143s] -- Up-to-date symlink: /home/ubuntu/Desktop/16.633_ros/flight_ws/install/tello_msgs/include/tello_msgs/msg/detail/tello_response__type_support.h
[10.158s] -- Up-to-date symlink: /home/ubuntu/Desktop/16.633_ros/flight_ws/install/tello_msgs/include/tello_msgs/msg/flight_data.h
[10.167s] -- Up-to-date symlink: /home/ubuntu/Desktop/16.633_ros/flight_ws/install/tello_msgs/include/tello_msgs/msg/rosidl_generator_c__visibility_control.h
[10.174s] -- Up-to-date symlink: /home/ubuntu/Desktop/16.633_ros/flight_ws/install/tello_msgs/include/tello_msgs/msg/tello_response.h
[10.183s] -- Up-to-date symlink: /home/ubuntu/Desktop/16.633_ros/flight_ws/install/tello_msgs/include/tello_msgs/srv/detail/tello_action__functions.h
[10.192s] -- Up-to-date symlink: /home/ubuntu/Desktop/16.633_ros/flight_ws/install/tello_msgs/include/tello_msgs/srv/detail/tello_action__struct.h
[10.201s] -- Up-to-date symlink: /home/ubuntu/Desktop/16.633_ros/flight_ws/install/tello_msgs/include/tello_msgs/srv/detail/tello_action__type_support.h
[10.210s] -- Up-to-date symlink: /home/ubuntu/Desktop/16.633_ros/flight_ws/install/tello_msgs/include/tello_msgs/srv/tello_action.h
[10.223s] -- Up-to-date symlink: /home/ubuntu/Desktop/16.633_ros/flight_ws/install/tello_msgs/share/tello_msgs/environment/library_path.sh
[10.229s] -- Up-to-date symlink: /home/ubuntu/Desktop/16.633_ros/flight_ws/install/tello_msgs/share/tello_msgs/environment/library_path.dsv
[10.245s] -- Up-to-date symlink: /home/ubuntu/Desktop/16.633_ros/flight_ws/install/tello_msgs/include/tello_msgs/msg/detail/flight_data__rosidl_typesupport_fastrtps_c.h
[10.261s] -- Up-to-date symlink: /home/ubuntu/Desktop/16.633_ros/flight_ws/install/tello_msgs/include/tello_msgs/msg/detail/tello_response__rosidl_typesupport_fastrtps_c.h
[10.267s] -- Up-to-date symlink: /home/ubuntu/Desktop/16.633_ros/flight_ws/install/tello_msgs/include/tello_msgs/msg/rosidl_typesupport_fastrtps_c__visibility_control.h
[10.277s] -- Up-to-date symlink: /home/ubuntu/Desktop/16.633_ros/flight_ws/install/tello_msgs/include/tello_msgs/srv/detail/tello_action__rosidl_typesupport_fastrtps_c.h
[10.286s] -- Up-to-date symlink: /home/ubuntu/Desktop/16.633_ros/flight_ws/install/tello_msgs/lib/libtello_msgs__rosidl_typesupport_fastrtps_c.so
[10.299s] -- Up-to-date symlink: /home/ubuntu/Desktop/16.633_ros/flight_ws/install/tello_msgs/include/tello_msgs/msg/detail/flight_data__rosidl_typesupport_fastrtps_cpp.hpp
[10.308s] -- Up-to-date symlink: /home/ubuntu/Desktop/16.633_ros/flight_ws/install/tello_msgs/include/tello_msgs/msg/detail/tello_response__rosidl_typesupport_fastrtps_cpp.hpp
[10.314s] -- Up-to-date symlink: /home/ubuntu/Desktop/16.633_ros/flight_ws/install/tello_msgs/include/tello_msgs/msg/rosidl_typesupport_fastrtps_cpp__visibility_control.h
[10.321s] -- Up-to-date symlink: /home/ubuntu/Desktop/16.633_ros/flight_ws/install/tello_msgs/include/tello_msgs/srv/detail/tello_action__rosidl_typesupport_fastrtps_cpp.hpp
[10.330s] -- Up-to-date symlink: /home/ubuntu/Desktop/16.633_ros/flight_ws/install/tello_msgs/lib/libtello_msgs__rosidl_typesupport_fastrtps_cpp.so
[10.340s] -- Up-to-date symlink: /home/ubuntu/Desktop/16.633_ros/flight_ws/install/tello_msgs/include/tello_msgs/msg/detail/flight_data__rosidl_typesupport_introspection_c.h
[10.347s] -- Up-to-date symlink: /home/ubuntu/Desktop/16.633_ros/flight_ws/install/tello_msgs/include/tello_msgs/msg/detail/tello_response__rosidl_typesupport_introspection_c.h
[10.359s] -- Up-to-date symlink: /home/ubuntu/Desktop/16.633_ros/flight_ws/install/tello_msgs/include/tello_msgs/msg/rosidl_typesupport_introspection_c__visibility_control.h
[10.366s] -- Up-to-date symlink: /home/ubuntu/Desktop/16.633_ros/flight_ws/install/tello_msgs/include/tello_msgs/srv/detail/tello_action__rosidl_typesupport_introspection_c.h
[10.377s] -- Up-to-date symlink: /home/ubuntu/Desktop/16.633_ros/flight_ws/install/tello_msgs/include/tello_msgs/msg/detail/flight_data__builder.hpp
[10.388s] -- Up-to-date symlink: /home/ubuntu/Desktop/16.633_ros/flight_ws/install/tello_msgs/include/tello_msgs/msg/detail/flight_data__struct.hpp
[10.403s] -- Up-to-date symlink: /home/ubuntu/Desktop/16.633_ros/flight_ws/install/tello_msgs/include/tello_msgs/msg/detail/flight_data__traits.hpp
[10.413s] -- Up-to-date symlink: /home/ubuntu/Desktop/16.633_ros/flight_ws/install/tello_msgs/include/tello_msgs/msg/detail/flight_data__type_support.hpp
[10.424s] -- Up-to-date symlink: /home/ubuntu/Desktop/16.633_ros/flight_ws/install/tello_msgs/include/tello_msgs/msg/detail/tello_response__builder.hpp
[10.433s] -- Up-to-date symlink: /home/ubuntu/Desktop/16.633_ros/flight_ws/install/tello_msgs/include/tello_msgs/msg/detail/tello_response__struct.hpp
[10.444s] -- Up-to-date symlink: /home/ubuntu/Desktop/16.633_ros/flight_ws/install/tello_msgs/include/tello_msgs/msg/detail/tello_response__traits.hpp
[10.462s] -- Up-to-date symlink: /home/ubuntu/Desktop/16.633_ros/flight_ws/install/tello_msgs/include/tello_msgs/msg/detail/tello_response__type_support.hpp
[10.471s] -- Up-to-date symlink: /home/ubuntu/Desktop/16.633_ros/flight_ws/install/tello_msgs/include/tello_msgs/msg/flight_data.hpp
[10.482s] -- Up-to-date symlink: /home/ubuntu/Desktop/16.633_ros/flight_ws/install/tello_msgs/include/tello_msgs/msg/rosidl_generator_cpp__visibility_control.hpp
[10.491s] -- Up-to-date symlink: /home/ubuntu/Desktop/16.633_ros/flight_ws/install/tello_msgs/include/tello_msgs/msg/tello_response.hpp
[10.503s] -- Up-to-date symlink: /home/ubuntu/Desktop/16.633_ros/flight_ws/install/tello_msgs/include/tello_msgs/srv/detail/tello_action__builder.hpp
[10.514s] -- Up-to-date symlink: /home/ubuntu/Desktop/16.633_ros/flight_ws/install/tello_msgs/include/tello_msgs/srv/detail/tello_action__struct.hpp
[10.524s] -- Up-to-date symlink: /home/ubuntu/Desktop/16.633_ros/flight_ws/install/tello_msgs/include/tello_msgs/srv/detail/tello_action__traits.hpp
[10.538s] -- Up-to-date symlink: /home/ubuntu/Desktop/16.633_ros/flight_ws/install/tello_msgs/include/tello_msgs/srv/detail/tello_action__type_support.hpp
[10.546s] -- Up-to-date symlink: /home/ubuntu/Desktop/16.633_ros/flight_ws/install/tello_msgs/include/tello_msgs/srv/tello_action.hpp
[10.557s] -- Up-to-date symlink: /home/ubuntu/Desktop/16.633_ros/flight_ws/install/tello_msgs/include/tello_msgs/msg/detail/flight_data__rosidl_typesupport_introspection_cpp.hpp
[10.566s] -- Up-to-date symlink: /home/ubuntu/Desktop/16.633_ros/flight_ws/install/tello_msgs/include/tello_msgs/msg/detail/tello_response__rosidl_typesupport_introspection_cpp.hpp
[10.582s] -- Up-to-date symlink: /home/ubuntu/Desktop/16.633_ros/flight_ws/install/tello_msgs/include/tello_msgs/srv/detail/tello_action__rosidl_typesupport_introspection_cpp.hpp
[10.591s] -- Up-to-date symlink: /home/ubuntu/Desktop/16.633_ros/flight_ws/install/tello_msgs/share/tello_msgs/environment/pythonpath.sh
[10.600s] -- Up-to-date symlink: /home/ubuntu/Desktop/16.633_ros/flight_ws/install/tello_msgs/share/tello_msgs/environment/pythonpath.dsv
[10.609s] -- Up-to-date symlink: /home/ubuntu/Desktop/16.633_ros/flight_ws/install/tello_msgs/lib/python3.8/site-packages/tello_msgs/__init__.py
[10.617s] -- Up-to-date symlink: /home/ubuntu/Desktop/16.633_ros/flight_ws/install/tello_msgs/lib/python3.8/site-packages/tello_msgs/msg/__init__.py
[10.624s] -- Up-to-date symlink: /home/ubuntu/Desktop/16.633_ros/flight_ws/install/tello_msgs/lib/python3.8/site-packages/tello_msgs/msg/_flight_data.py
[10.633s] -- Up-to-date symlink: /home/ubuntu/Desktop/16.633_ros/flight_ws/install/tello_msgs/lib/python3.8/site-packages/tello_msgs/msg/_tello_response.py
[10.641s] -- Up-to-date symlink: /home/ubuntu/Desktop/16.633_ros/flight_ws/install/tello_msgs/lib/python3.8/site-packages/tello_msgs/srv/__init__.py
[10.645s] -- Up-to-date symlink: /home/ubuntu/Desktop/16.633_ros/flight_ws/install/tello_msgs/lib/python3.8/site-packages/tello_msgs/srv/_tello_action.py
[10.654s] -- Up-to-date symlink: /home/ubuntu/Desktop/16.633_ros/flight_ws/install/tello_msgs/lib/python3.8/site-packages/tello_msgs/tello_msgs_s__rosidl_typesupport_fastrtps_c.cpython-38-x86_64-linux-gnu.so
[10.664s] -- Up-to-date symlink: /home/ubuntu/Desktop/16.633_ros/flight_ws/install/tello_msgs/lib/python3.8/site-packages/tello_msgs/tello_msgs_s__rosidl_typesupport_introspection_c.cpython-38-x86_64-linux-gnu.so
[10.675s] -- Up-to-date symlink: /home/ubuntu/Desktop/16.633_ros/flight_ws/install/tello_msgs/lib/python3.8/site-packages/tello_msgs/tello_msgs_s__rosidl_typesupport_c.cpython-38-x86_64-linux-gnu.so
[10.685s] -- Up-to-date symlink: /home/ubuntu/Desktop/16.633_ros/flight_ws/install/tello_msgs/lib/libtello_msgs__python.so
[10.697s] -- Up-to-date symlink: /home/ubuntu/Desktop/16.633_ros/flight_ws/install/tello_msgs/share/tello_msgs/msg/FlightData.idl
[10.705s] -- Up-to-date symlink: /home/ubuntu/Desktop/16.633_ros/flight_ws/install/tello_msgs/share/tello_msgs/msg/TelloResponse.idl
[10.720s] -- Up-to-date symlink: /home/ubuntu/Desktop/16.633_ros/flight_ws/install/tello_msgs/share/tello_msgs/srv/TelloAction.idl
[10.728s] -- Up-to-date symlink: /home/ubuntu/Desktop/16.633_ros/flight_ws/install/tello_msgs/share/tello_msgs/msg/FlightData.msg
[10.739s] -- Up-to-date symlink: /home/ubuntu/Desktop/16.633_ros/flight_ws/install/tello_msgs/share/tello_msgs/msg/TelloResponse.msg
[10.754s] -- Up-to-date symlink: /home/ubuntu/Desktop/16.633_ros/flight_ws/install/tello_msgs/share/tello_msgs/srv/TelloAction.srv
[10.760s] -- Up-to-date symlink: /home/ubuntu/Desktop/16.633_ros/flight_ws/install/tello_msgs/share/tello_msgs/srv/TelloAction_Request.msg
[10.772s] -- Up-to-date symlink: /home/ubuntu/Desktop/16.633_ros/flight_ws/install/tello_msgs/share/tello_msgs/srv/TelloAction_Response.msg
[10.783s] -- Up-to-date symlink: /home/ubuntu/Desktop/16.633_ros/flight_ws/install/tello_msgs/share/ament_index/resource_index/package_run_dependencies/tello_msgs
[10.796s] -- Up-to-date symlink: /home/ubuntu/Desktop/16.633_ros/flight_ws/install/tello_msgs/share/ament_index/resource_index/parent_prefix_path/tello_msgs
[10.809s] -- Up-to-date symlink: /home/ubuntu/Desktop/16.633_ros/flight_ws/install/tello_msgs/share/tello_msgs/environment/ament_prefix_path.sh
[10.823s] -- Up-to-date symlink: /home/ubuntu/Desktop/16.633_ros/flight_ws/install/tello_msgs/share/tello_msgs/environment/ament_prefix_path.dsv
[10.832s] -- Up-to-date symlink: /home/ubuntu/Desktop/16.633_ros/flight_ws/install/tello_msgs/share/tello_msgs/environment/path.sh
[10.840s] -- Up-to-date symlink: /home/ubuntu/Desktop/16.633_ros/flight_ws/install/tello_msgs/share/tello_msgs/environment/path.dsv
[10.855s] -- Up-to-date symlink: /home/ubuntu/Desktop/16.633_ros/flight_ws/install/tello_msgs/share/tello_msgs/local_setup.bash
[10.871s] -- Up-to-date symlink: /home/ubuntu/Desktop/16.633_ros/flight_ws/install/tello_msgs/share/tello_msgs/local_setup.sh
[10.886s] -- Up-to-date symlink: /home/ubuntu/Desktop/16.633_ros/flight_ws/install/tello_msgs/share/tello_msgs/local_setup.zsh
[10.895s] -- Up-to-date symlink: /home/ubuntu/Desktop/16.633_ros/flight_ws/install/tello_msgs/share/tello_msgs/local_setup.dsv
[10.902s] -- Symlinking: /home/ubuntu/Desktop/16.633_ros/flight_ws/install/tello_msgs/share/tello_msgs/package.dsv
[11.134s] -- Up-to-date symlink: /home/ubuntu/Desktop/16.633_ros/flight_ws/install/tello_msgs/share/ament_index/resource_index/packages/tello_msgs
[11.158s] -- Up-to-date symlink: /home/ubuntu/Desktop/16.633_ros/flight_ws/install/tello_msgs/share/tello_msgs/cmake/rosidl_cmake-extras.cmake
[11.170s] -- Up-to-date symlink: /home/ubuntu/Desktop/16.633_ros/flight_ws/install/tello_msgs/share/tello_msgs/cmake/ament_cmake_export_dependencies-extras.cmake
[11.186s] -- Up-to-date symlink: /home/ubuntu/Desktop/16.633_ros/flight_ws/install/tello_msgs/share/tello_msgs/cmake/ament_cmake_export_libraries-extras.cmake
[11.198s] -- Up-to-date symlink: /home/ubuntu/Desktop/16.633_ros/flight_ws/install/tello_msgs/share/tello_msgs/cmake/ament_cmake_export_targets-extras.cmake
[11.211s] -- Up-to-date symlink: /home/ubuntu/Desktop/16.633_ros/flight_ws/install/tello_msgs/share/tello_msgs/cmake/ament_cmake_export_include_directories-extras.cmake
[11.222s] -- Up-to-date symlink: /home/ubuntu/Desktop/16.633_ros/flight_ws/install/tello_msgs/share/tello_msgs/cmake/rosidl_cmake_export_typesupport_libraries-extras.cmake
[11.231s] -- Up-to-date symlink: /home/ubuntu/Desktop/16.633_ros/flight_ws/install/tello_msgs/share/tello_msgs/cmake/rosidl_cmake_export_typesupport_targets-extras.cmake
[11.240s] -- Up-to-date symlink: /home/ubuntu/Desktop/16.633_ros/flight_ws/install/tello_msgs/share/tello_msgs/cmake/tello_msgsConfig.cmake
[11.249s] -- Up-to-date symlink: /home/ubuntu/Desktop/16.633_ros/flight_ws/install/tello_msgs/share/tello_msgs/cmake/tello_msgsConfig-version.cmake
[11.260s] -- Up-to-date symlink: /home/ubuntu/Desktop/16.633_ros/flight_ws/install/tello_msgs/share/tello_msgs/package.xml
[11.270s] -- Up-to-date: /home/ubuntu/Desktop/16.633_ros/flight_ws/install/tello_msgs/lib/libtello_msgs__rosidl_generator_c.so
[11.283s] -- Up-to-date: /home/ubuntu/Desktop/16.633_ros/flight_ws/install/tello_msgs/lib/libtello_msgs__rosidl_typesupport_introspection_c.so
[11.300s] -- Up-to-date: /home/ubuntu/Desktop/16.633_ros/flight_ws/install/tello_msgs/lib/libtello_msgs__rosidl_typesupport_c.so
[11.309s] -- Up-to-date: /home/ubuntu/Desktop/16.633_ros/flight_ws/install/tello_msgs/lib/libtello_msgs__rosidl_typesupport_introspection_cpp.so
[11.320s] -- Up-to-date: /home/ubuntu/Desktop/16.633_ros/flight_ws/install/tello_msgs/lib/libtello_msgs__rosidl_typesupport_cpp.so
[11.484s] -- Up-to-date: /home/ubuntu/Desktop/16.633_ros/flight_ws/install/tello_msgs/share/tello_msgs/cmake/tello_msgs__rosidl_generator_cExport.cmake
[11.495s] -- Up-to-date: /home/ubuntu/Desktop/16.633_ros/flight_ws/install/tello_msgs/share/tello_msgs/cmake/tello_msgs__rosidl_generator_cExport-noconfig.cmake
[11.502s] -- Up-to-date: /home/ubuntu/Desktop/16.633_ros/flight_ws/install/tello_msgs/share/tello_msgs/cmake/tello_msgs__rosidl_typesupport_introspection_cExport.cmake
[11.514s] -- Up-to-date: /home/ubuntu/Desktop/16.633_ros/flight_ws/install/tello_msgs/share/tello_msgs/cmake/tello_msgs__rosidl_typesupport_introspection_cExport-noconfig.cmake
[11.523s] -- Up-to-date: /home/ubuntu/Desktop/16.633_ros/flight_ws/install/tello_msgs/share/tello_msgs/cmake/tello_msgs__rosidl_typesupport_cExport.cmake
[11.528s] -- Up-to-date: /home/ubuntu/Desktop/16.633_ros/flight_ws/install/tello_msgs/share/tello_msgs/cmake/tello_msgs__rosidl_typesupport_cExport-noconfig.cmake
[11.533s] -- Up-to-date: /home/ubuntu/Desktop/16.633_ros/flight_ws/install/tello_msgs/share/tello_msgs/cmake/tello_msgs__rosidl_generator_cppExport.cmake
[11.539s] -- Up-to-date: /home/ubuntu/Desktop/16.633_ros/flight_ws/install/tello_msgs/share/tello_msgs/cmake/tello_msgs__rosidl_typesupport_introspection_cppExport.cmake
[11.544s] -- Up-to-date: /home/ubuntu/Desktop/16.633_ros/flight_ws/install/tello_msgs/share/tello_msgs/cmake/tello_msgs__rosidl_typesupport_introspection_cppExport-noconfig.cmake
[11.549s] -- Up-to-date: /home/ubuntu/Desktop/16.633_ros/flight_ws/install/tello_msgs/share/tello_msgs/cmake/tello_msgs__rosidl_typesupport_cppExport.cmake
[11.554s] -- Up-to-date: /home/ubuntu/Desktop/16.633_ros/flight_ws/install/tello_msgs/share/tello_msgs/cmake/tello_msgs__rosidl_typesupport_cppExport-noconfig.cmake
[11.566s] Invoked command in '/home/ubuntu/Desktop/16.633_ros/flight_ws/build/tello_msgs' returned '0': CMAKE_PREFIX_PATH=${CMAKE_PREFIX_PATH}:/home/ubuntu/Desktop/16.633_ros/flight_ws/install/competition:/opt/ros/foxy /usr/bin/cmake --install /home/ubuntu/Desktop/16.633_ros/flight_ws/build/tello_msgs
