[0.000000] (-) TimerEvent: {}
[0.004976] (competition) JobQueued: {'identifier': 'competition', 'dependencies': OrderedDict()}
[0.008173] (tello_msgs) JobQueued: {'identifier': 'tello_msgs', 'dependencies': OrderedDict()}
[0.013786] (competition) JobStarted: {'identifier': 'competition'}
[0.078453] (tello_msgs) JobStarted: {'identifier': 'tello_msgs'}
[0.096313] (-) TimerEvent: {}
[0.199497] (-) TimerEvent: {}
[0.301566] (-) TimerEvent: {}
[0.403469] (-) TimerEvent: {}
[0.505707] (-) TimerEvent: {}
[0.608444] (-) TimerEvent: {}
[0.638654] (tello_msgs) JobProgress: {'identifier': 'tello_msgs', 'progress': 'cmake'}
[0.649593] (tello_msgs) JobProgress: {'identifier': 'tello_msgs', 'progress': 'build'}
[0.652029] (tello_msgs) Command: {'cmd': ['/usr/bin/cmake', '--build', '/home/ubuntu/Desktop/16.633_ros/flight_ws/build/tello_msgs', '--', '-j6', '-l6'], 'cwd': '/home/ubuntu/Desktop/16.633_ros/flight_ws/build/tello_msgs', 'env': OrderedDict([('VNCDESKTOP', 'd0e6dc772bf2:1 (ubuntu)'), ('QT_SCALE_FACTOR', '1'), ('USER', 'ubuntu'), ('SUPERVISOR_GROUP_NAME', 'vnc'), ('HOSTNAME', 'd0e6dc772bf2'), ('SHLVL', '2'), ('LD_LIBRARY_PATH', '/home/ubuntu/Desktop/16.633_ros/flight_ws/install/tello_msgs/lib:/usr/lib/x86_64-linux-gnu/gazebo-11/plugins:/opt/ros/foxy/opt/yaml_cpp_vendor/lib:/opt/ros/foxy/opt/rviz_ogre_vendor/lib:/opt/ros/foxy/lib/x86_64-linux-gnu:/opt/ros/foxy/lib'), ('HOME', '/home/ubuntu'), ('OLDPWD', '/home/ubuntu/Desktop/16.633_ros'), ('ROS_PYTHON_VERSION', '3'), ('LC_CTYPE', 'C.UTF-8'), ('DBUS_SESSION_BUS_ADDRESS', 'unix:abstract=/tmp/dbus-0RCRJFHOVg,guid=87bbc748d29ef53aa32dd9dd65021649'), ('COLORTERM', 'truecolor'), ('COLCON_PREFIX_PATH', '/home/ubuntu/Desktop/16.633_ros/flight_ws/install'), ('ROS_DISTRO', 'foxy'), ('WINDOWID', '41943046'), ('QT_AUTO_SCREEN_SCALE_FACTOR', '0'), ('_', '/usr/bin/colcon'), ('ROS_VERSION', '2'), ('TERM', 'xterm-256color'), ('GTK_OVERLAY_SCROLLING', '0'), ('ROS_LOCALHOST_ONLY', '0'), ('INSIDE_CAJA_PYTHON', ''), ('PATH', '/opt/ros/foxy/bin:/usr/local/sbin:/usr/local/bin:/usr/sbin:/usr/bin:/sbin:/bin'), ('SESSION_MANAGER', 'local/d0e6dc772bf2:@/tmp/.ICE-unix/65,unix/d0e6dc772bf2:/tmp/.ICE-unix/65'), ('DISPLAY', ':1'), ('XDG_CURRENT_DESKTOP', 'MATE'), ('SUPERVISOR_ENABLED', '1'), ('AMENT_PREFIX_PATH', '/home/ubuntu/Desktop/16.633_ros/flight_ws/install/tello_msgs:/home/ubuntu/Desktop/16.633_ros/flight_ws/install/competition:/opt/ros/foxy'), ('PASSWD', 'ubuntu'), ('SUPERVISOR_SERVER_URL', 'unix:///var/run/supervisor.sock'), ('SUPERVISOR_PROCESS_NAME', 'vnc'), ('PWD', '/home/ubuntu/Desktop/16.633_ros/flight_ws/build/tello_msgs'), ('PYTHONPATH', '/home/ubuntu/Desktop/16.633_ros/flight_ws/install/tello_msgs/lib/python3.8/site-packages:/home/ubuntu/Desktop/16.633_ros/flight_ws/build/competition:/home/ubuntu/Desktop/16.633_ros/flight_ws/install/competition/lib/python3.8/site-packages:/opt/ros/foxy/lib/python3.8/site-packages'), ('MATE_DESKTOP_SESSION_ID', 'this-is-deprecated'), ('COLCON', '1'), ('VTE_VERSION', '6003'), ('CMAKE_PREFIX_PATH', '/home/ubuntu/Desktop/16.633_ros/flight_ws/install/tello_msgs:/home/ubuntu/Desktop/16.633_ros/flight_ws/install/competition:/opt/ros/foxy')]), 'shell': False}
[0.708845] (-) TimerEvent: {}
[0.811153] (-) TimerEvent: {}
[0.913385] (-) TimerEvent: {}
[1.015378] (-) TimerEvent: {}
[1.116718] (-) TimerEvent: {}
[1.156537] (tello_msgs) StdoutLine: {'line': b'[  2%] Built target tello_msgs__cpp\n'}
[1.217035] (-) TimerEvent: {}
[1.318359] (-) TimerEvent: {}
[1.361702] (competition) Command: {'cmd': ['/usr/bin/python3', 'setup.py', 'develop', '--editable', '--build-directory', '/home/ubuntu/Desktop/16.633_ros/flight_ws/build/competition/build', '--no-deps', 'install_data'], 'cwd': '/home/ubuntu/Desktop/16.633_ros/flight_ws/build/competition', 'env': {'VNCDESKTOP': 'd0e6dc772bf2:1 (ubuntu)', 'QT_SCALE_FACTOR': '1', 'USER': 'ubuntu', 'SUPERVISOR_GROUP_NAME': 'vnc', 'HOSTNAME': 'd0e6dc772bf2', 'SHLVL': '2', 'LD_LIBRARY_PATH': '/home/ubuntu/Desktop/16.633_ros/flight_ws/install/tello_msgs/lib:/usr/lib/x86_64-linux-gnu/gazebo-11/plugins:/opt/ros/foxy/opt/yaml_cpp_vendor/lib:/opt/ros/foxy/opt/rviz_ogre_vendor/lib:/opt/ros/foxy/lib/x86_64-linux-gnu:/opt/ros/foxy/lib', 'HOME': '/home/ubuntu', 'OLDPWD': '/home/ubuntu/Desktop/16.633_ros', 'ROS_PYTHON_VERSION': '3', 'LC_CTYPE': 'C.UTF-8', 'DBUS_SESSION_BUS_ADDRESS': 'unix:abstract=/tmp/dbus-0RCRJFHOVg,guid=87bbc748d29ef53aa32dd9dd65021649', 'COLORTERM': 'truecolor', 'COLCON_PREFIX_PATH': '/home/ubuntu/Desktop/16.633_ros/flight_ws/install', 'ROS_DISTRO': 'foxy', 'WINDOWID': '41943046', 'QT_AUTO_SCREEN_SCALE_FACTOR': '0', '_': '/usr/bin/colcon', 'ROS_VERSION': '2', 'TERM': 'xterm-256color', 'GTK_OVERLAY_SCROLLING': '0', 'ROS_LOCALHOST_ONLY': '0', 'INSIDE_CAJA_PYTHON': '', 'PATH': '/opt/ros/foxy/bin:/usr/local/sbin:/usr/local/bin:/usr/sbin:/usr/bin:/sbin:/bin', 'SESSION_MANAGER': 'local/d0e6dc772bf2:@/tmp/.ICE-unix/65,unix/d0e6dc772bf2:/tmp/.ICE-unix/65', 'DISPLAY': ':1', 'XDG_CURRENT_DESKTOP': 'MATE', 'SUPERVISOR_ENABLED': '1', 'AMENT_PREFIX_PATH': '/home/ubuntu/Desktop/16.633_ros/flight_ws/install/tello_msgs:/home/ubuntu/Desktop/16.633_ros/flight_ws/install/competition:/opt/ros/foxy', 'PASSWD': 'ubuntu', 'SUPERVISOR_SERVER_URL': 'unix:///var/run/supervisor.sock', 'SUPERVISOR_PROCESS_NAME': 'vnc', 'PWD': '/home/ubuntu/Desktop/16.633_ros/flight_ws/build/competition', 'PYTHONPATH': '/home/ubuntu/Desktop/16.633_ros/flight_ws/build/competition/prefix_override:/home/ubuntu/Desktop/16.633_ros/flight_ws/install/competition/lib/python3.8/site-packages:/home/ubuntu/Desktop/16.633_ros/flight_ws/install/tello_msgs/lib/python3.8/site-packages:/home/ubuntu/Desktop/16.633_ros/flight_ws/build/competition:/home/ubuntu/Desktop/16.633_ros/flight_ws/install/competition/lib/python3.8/site-packages:/opt/ros/foxy/lib/python3.8/site-packages', 'MATE_DESKTOP_SESSION_ID': 'this-is-deprecated', 'COLCON': '1', 'VTE_VERSION': '6003', 'CMAKE_PREFIX_PATH': '/home/ubuntu/Desktop/16.633_ros/flight_ws/install/tello_msgs'}, 'shell': False}
[1.418609] (-) TimerEvent: {}
[1.466025] (tello_msgs) StdoutLine: {'line': b'[ 12%] Built target tello_msgs__rosidl_generator_c\n'}
[1.518907] (-) TimerEvent: {}
[1.621159] (-) TimerEvent: {}
[1.723496] (-) TimerEvent: {}
[1.824958] (-) TimerEvent: {}
[1.840596] (tello_msgs) StdoutLine: {'line': b'[ 23%] Built target tello_msgs__rosidl_typesupport_introspection_cpp\n'}
[1.921984] (competition) StdoutLine: {'line': b'running develop\n'}
[1.926658] (-) TimerEvent: {}
[2.028293] (-) TimerEvent: {}
[2.130151] (-) TimerEvent: {}
[2.162443] (tello_msgs) StdoutLine: {'line': b'[ 34%] Built target tello_msgs__rosidl_typesupport_c\n'}
[2.225198] (competition) StdoutLine: {'line': b'running egg_info\n'}
[2.232304] (-) TimerEvent: {}
[2.233353] (competition) StdoutLine: {'line': b'writing competition.egg-info/PKG-INFO\n'}
[2.238739] (competition) StdoutLine: {'line': b'writing dependency_links to competition.egg-info/dependency_links.txt\n'}
[2.243974] (competition) StdoutLine: {'line': b'writing entry points to competition.egg-info/entry_points.txt\n'}
[2.249460] (competition) StdoutLine: {'line': b'writing requirements to competition.egg-info/requires.txt\n'}
[2.253503] (competition) StdoutLine: {'line': b'writing top-level names to competition.egg-info/top_level.txt\n'}
[2.332503] (-) TimerEvent: {}
[2.347508] (competition) StdoutLine: {'line': b"reading manifest file 'competition.egg-info/SOURCES.txt'\n"}
[2.398359] (competition) StdoutLine: {'line': b"writing manifest file 'competition.egg-info/SOURCES.txt'\n"}
[2.432721] (-) TimerEvent: {}
[2.506593] (tello_msgs) StdoutLine: {'line': b'[ 44%] Built target tello_msgs__rosidl_typesupport_introspection_c\n'}
[2.532985] (-) TimerEvent: {}
[2.588557] (competition) StdoutLine: {'line': b'running build_ext\n'}
[2.593461] (competition) StdoutLine: {'line': b'Creating /home/ubuntu/Desktop/16.633_ros/flight_ws/install/competition/lib/python3.8/site-packages/competition.egg-link (link to .)\n'}
[2.604775] (competition) StdoutLine: {'line': b'Installing drone_client script to /home/ubuntu/Desktop/16.633_ros/flight_ws/install/competition/lib/competition\n'}
[2.614999] (competition) StdoutLine: {'line': b'Installing drone_test script to /home/ubuntu/Desktop/16.633_ros/flight_ws/install/competition/lib/competition\n'}
[2.627298] (competition) StdoutLine: {'line': b'\n'}
[2.631611] (competition) StdoutLine: {'line': b'Installed /home/ubuntu/Desktop/16.633_ros/flight_ws/build/competition\n'}
[2.636137] (-) TimerEvent: {}
[2.639822] (competition) StdoutLine: {'line': b'running install_data\n'}
[2.676685] (competition) CommandEnded: {'returncode': 0}
[2.736400] (-) TimerEvent: {}
[2.830045] (competition) JobEnded: {'identifier': 'competition', 'rc': 0}
[2.836615] (-) TimerEvent: {}
[2.839568] (tello_msgs) StdoutLine: {'line': b'[ 55%] Built target tello_msgs__rosidl_typesupport_fastrtps_cpp\n'}
[2.936866] (-) TimerEvent: {}
[3.037929] (-) TimerEvent: {}
[3.073380] (tello_msgs) StdoutLine: {'line': b'[ 65%] Built target tello_msgs__rosidl_typesupport_cpp\n'}
[3.138102] (-) TimerEvent: {}
[3.239195] (-) TimerEvent: {}
[3.296989] (tello_msgs) StdoutLine: {'line': b'[ 76%] Built target tello_msgs__rosidl_typesupport_fastrtps_c\n'}
[3.339427] (-) TimerEvent: {}
[3.440491] (-) TimerEvent: {}
[3.486913] (tello_msgs) StdoutLine: {'line': b'[ 76%] Built target tello_msgs\n'}
[3.540696] (-) TimerEvent: {}
[3.641912] (-) TimerEvent: {}
[3.678287] (tello_msgs) StdoutLine: {'line': b'[ 78%] Built target tello_msgs__py\n'}
[3.742055] (-) TimerEvent: {}
[3.842946] (-) TimerEvent: {}
[3.901008] (tello_msgs) StdoutLine: {'line': b'[ 87%] Built target tello_msgs__python\n'}
[3.943105] (-) TimerEvent: {}
[4.044425] (-) TimerEvent: {}
[4.107657] (tello_msgs) StdoutLine: {'line': b'[ 91%] Built target tello_msgs__rosidl_typesupport_c__pyext\n'}
[4.144563] (-) TimerEvent: {}
[4.245576] (-) TimerEvent: {}
[4.320526] (tello_msgs) StdoutLine: {'line': b'[ 95%] Built target tello_msgs__rosidl_typesupport_introspection_c__pyext\n'}
[4.345723] (-) TimerEvent: {}
[4.447175] (-) TimerEvent: {}
[4.536191] (tello_msgs) StdoutLine: {'line': b'[100%] Built target tello_msgs__rosidl_typesupport_fastrtps_c__pyext\n'}
[4.547380] (-) TimerEvent: {}
[4.648479] (-) TimerEvent: {}
[4.669382] (tello_msgs) CommandEnded: {'returncode': 0}
[4.748782] (-) TimerEvent: {}
[4.850531] (-) TimerEvent: {}
[4.951670] (-) TimerEvent: {}
[5.052816] (-) TimerEvent: {}
[5.153934] (-) TimerEvent: {}
[5.256028] (-) TimerEvent: {}
[5.357379] (-) TimerEvent: {}
[5.458769] (-) TimerEvent: {}
[5.559935] (-) TimerEvent: {}
[5.661594] (-) TimerEvent: {}
[5.762754] (-) TimerEvent: {}
[5.864406] (-) TimerEvent: {}
[5.966744] (-) TimerEvent: {}
[6.068501] (-) TimerEvent: {}
[6.170407] (-) TimerEvent: {}
[6.274602] (-) TimerEvent: {}
[6.376249] (-) TimerEvent: {}
[6.478619] (-) TimerEvent: {}
[6.581621] (-) TimerEvent: {}
[6.682440] (tello_msgs) JobProgress: {'identifier': 'tello_msgs', 'progress': 'install'}
[6.683592] (-) TimerEvent: {}
[6.785393] (-) TimerEvent: {}
[6.812251] (tello_msgs) Command: {'cmd': ['/usr/bin/cmake', '--install', '/home/ubuntu/Desktop/16.633_ros/flight_ws/build/tello_msgs'], 'cwd': '/home/ubuntu/Desktop/16.633_ros/flight_ws/build/tello_msgs', 'env': OrderedDict([('VNCDESKTOP', 'd0e6dc772bf2:1 (ubuntu)'), ('QT_SCALE_FACTOR', '1'), ('USER', 'ubuntu'), ('SUPERVISOR_GROUP_NAME', 'vnc'), ('HOSTNAME', 'd0e6dc772bf2'), ('SHLVL', '2'), ('LD_LIBRARY_PATH', '/home/ubuntu/Desktop/16.633_ros/flight_ws/install/tello_msgs/lib:/usr/lib/x86_64-linux-gnu/gazebo-11/plugins:/opt/ros/foxy/opt/yaml_cpp_vendor/lib:/opt/ros/foxy/opt/rviz_ogre_vendor/lib:/opt/ros/foxy/lib/x86_64-linux-gnu:/opt/ros/foxy/lib'), ('HOME', '/home/ubuntu'), ('OLDPWD', '/home/ubuntu/Desktop/16.633_ros'), ('ROS_PYTHON_VERSION', '3'), ('LC_CTYPE', 'C.UTF-8'), ('DBUS_SESSION_BUS_ADDRESS', 'unix:abstract=/tmp/dbus-0RCRJFHOVg,guid=87bbc748d29ef53aa32dd9dd65021649'), ('COLORTERM', 'truecolor'), ('COLCON_PREFIX_PATH', '/home/ubuntu/Desktop/16.633_ros/flight_ws/install'), ('ROS_DISTRO', 'foxy'), ('WINDOWID', '41943046'), ('QT_AUTO_SCREEN_SCALE_FACTOR', '0'), ('_', '/usr/bin/colcon'), ('ROS_VERSION', '2'), ('TERM', 'xterm-256color'), ('GTK_OVERLAY_SCROLLING', '0'), ('ROS_LOCALHOST_ONLY', '0'), ('INSIDE_CAJA_PYTHON', ''), ('PATH', '/opt/ros/foxy/bin:/usr/local/sbin:/usr/local/bin:/usr/sbin:/usr/bin:/sbin:/bin'), ('SESSION_MANAGER', 'local/d0e6dc772bf2:@/tmp/.ICE-unix/65,unix/d0e6dc772bf2:/tmp/.ICE-unix/65'), ('DISPLAY', ':1'), ('XDG_CURRENT_DESKTOP', 'MATE'), ('SUPERVISOR_ENABLED', '1'), ('AMENT_PREFIX_PATH', '/home/ubuntu/Desktop/16.633_ros/flight_ws/install/tello_msgs:/home/ubuntu/Desktop/16.633_ros/flight_ws/install/competition:/opt/ros/foxy'), ('PASSWD', 'ubuntu'), ('SUPERVISOR_SERVER_URL', 'unix:///var/run/supervisor.sock'), ('SUPERVISOR_PROCESS_NAME', 'vnc'), ('PWD', '/home/ubuntu/Desktop/16.633_ros/flight_ws/build/tello_msgs'), ('PYTHONPATH', '/home/ubuntu/Desktop/16.633_ros/flight_ws/install/tello_msgs/lib/python3.8/site-packages:/home/ubuntu/Desktop/16.633_ros/flight_ws/build/competition:/home/ubuntu/Desktop/16.633_ros/flight_ws/install/competition/lib/python3.8/site-packages:/opt/ros/foxy/lib/python3.8/site-packages'), ('MATE_DESKTOP_SESSION_ID', 'this-is-deprecated'), ('COLCON', '1'), ('VTE_VERSION', '6003'), ('CMAKE_PREFIX_PATH', '/home/ubuntu/Desktop/16.633_ros/flight_ws/install/tello_msgs:/home/ubuntu/Desktop/16.633_ros/flight_ws/install/competition:/opt/ros/foxy')]), 'shell': False}
[6.885591] (-) TimerEvent: {}
[6.929591] (tello_msgs) StdoutLine: {'line': b'-- Install configuration: ""\n'}
[6.939382] (tello_msgs) StdoutLine: {'line': b'-- Execute custom install script\n'}
[6.947253] (tello_msgs) StdoutLine: {'line': b'-- Up-to-date symlink: /home/ubuntu/Desktop/16.633_ros/flight_ws/install/tello_msgs/share/ament_index/resource_index/rosidl_interfaces/tello_msgs\n'}
[6.958911] (tello_msgs) StdoutLine: {'line': b'-- Up-to-date symlink: /home/ubuntu/Desktop/16.633_ros/flight_ws/install/tello_msgs/include/tello_msgs/msg/detail/flight_data__functions.h\n'}
[6.967455] (tello_msgs) StdoutLine: {'line': b'-- Up-to-date symlink: /home/ubuntu/Desktop/16.633_ros/flight_ws/install/tello_msgs/include/tello_msgs/msg/detail/flight_data__struct.h\n'}
[6.976133] (tello_msgs) StdoutLine: {'line': b'-- Up-to-date symlink: /home/ubuntu/Desktop/16.633_ros/flight_ws/install/tello_msgs/include/tello_msgs/msg/detail/flight_data__type_support.h\n'}
[6.986049] (-) TimerEvent: {}
[6.990392] (tello_msgs) StdoutLine: {'line': b'-- Up-to-date symlink: /home/ubuntu/Desktop/16.633_ros/flight_ws/install/tello_msgs/include/tello_msgs/msg/detail/tello_response__functions.h\n'}
[6.998336] (tello_msgs) StdoutLine: {'line': b'-- Up-to-date symlink: /home/ubuntu/Desktop/16.633_ros/flight_ws/install/tello_msgs/include/tello_msgs/msg/detail/tello_response__struct.h\n'}
[7.007749] (tello_msgs) StdoutLine: {'line': b'-- Up-to-date symlink: /home/ubuntu/Desktop/16.633_ros/flight_ws/install/tello_msgs/include/tello_msgs/msg/detail/tello_response__type_support.h\n'}
[7.015566] (tello_msgs) StdoutLine: {'line': b'-- Up-to-date symlink: /home/ubuntu/Desktop/16.633_ros/flight_ws/install/tello_msgs/include/tello_msgs/msg/flight_data.h\n'}
[7.032514] (tello_msgs) StdoutLine: {'line': b'-- Up-to-date symlink: /home/ubuntu/Desktop/16.633_ros/flight_ws/install/tello_msgs/include/tello_msgs/msg/rosidl_generator_c__visibility_control.h\n'}
[7.041413] (tello_msgs) StdoutLine: {'line': b'-- Up-to-date symlink: /home/ubuntu/Desktop/16.633_ros/flight_ws/install/tello_msgs/include/tello_msgs/msg/tello_response.h\n'}
[7.050400] (tello_msgs) StdoutLine: {'line': b'-- Up-to-date symlink: /home/ubuntu/Desktop/16.633_ros/flight_ws/install/tello_msgs/include/tello_msgs/srv/detail/tello_action__functions.h\n'}
[7.058032] (tello_msgs) StdoutLine: {'line': b'-- Up-to-date symlink: /home/ubuntu/Desktop/16.633_ros/flight_ws/install/tello_msgs/include/tello_msgs/srv/detail/tello_action__struct.h\n'}
[7.066110] (tello_msgs) StdoutLine: {'line': b'-- Up-to-date symlink: /home/ubuntu/Desktop/16.633_ros/flight_ws/install/tello_msgs/include/tello_msgs/srv/detail/tello_action__type_support.h\n'}
[7.075015] (tello_msgs) StdoutLine: {'line': b'-- Up-to-date symlink: /home/ubuntu/Desktop/16.633_ros/flight_ws/install/tello_msgs/include/tello_msgs/srv/tello_action.h\n'}
[7.087332] (-) TimerEvent: {}
[7.095050] (tello_msgs) StdoutLine: {'line': b'-- Up-to-date symlink: /home/ubuntu/Desktop/16.633_ros/flight_ws/install/tello_msgs/share/tello_msgs/environment/library_path.sh\n'}
[7.108586] (tello_msgs) StdoutLine: {'line': b'-- Up-to-date symlink: /home/ubuntu/Desktop/16.633_ros/flight_ws/install/tello_msgs/share/tello_msgs/environment/library_path.dsv\n'}
[7.120022] (tello_msgs) StdoutLine: {'line': b'-- Up-to-date symlink: /home/ubuntu/Desktop/16.633_ros/flight_ws/install/tello_msgs/include/tello_msgs/msg/detail/flight_data__rosidl_typesupport_fastrtps_c.h\n'}
[7.131777] (tello_msgs) StdoutLine: {'line': b'-- Up-to-date symlink: /home/ubuntu/Desktop/16.633_ros/flight_ws/install/tello_msgs/include/tello_msgs/msg/detail/tello_response__rosidl_typesupport_fastrtps_c.h\n'}
[7.139339] (tello_msgs) StdoutLine: {'line': b'-- Up-to-date symlink: /home/ubuntu/Desktop/16.633_ros/flight_ws/install/tello_msgs/include/tello_msgs/msg/rosidl_typesupport_fastrtps_c__visibility_control.h\n'}
[7.146406] (tello_msgs) StdoutLine: {'line': b'-- Up-to-date symlink: /home/ubuntu/Desktop/16.633_ros/flight_ws/install/tello_msgs/include/tello_msgs/srv/detail/tello_action__rosidl_typesupport_fastrtps_c.h\n'}
[7.159330] (tello_msgs) StdoutLine: {'line': b'-- Up-to-date symlink: /home/ubuntu/Desktop/16.633_ros/flight_ws/install/tello_msgs/lib/libtello_msgs__rosidl_typesupport_fastrtps_c.so\n'}
[7.175027] (tello_msgs) StdoutLine: {'line': b'-- Up-to-date symlink: /home/ubuntu/Desktop/16.633_ros/flight_ws/install/tello_msgs/include/tello_msgs/msg/detail/flight_data__rosidl_typesupport_fastrtps_cpp.hpp\n'}
[7.182258] (tello_msgs) StdoutLine: {'line': b'-- Up-to-date symlink: /home/ubuntu/Desktop/16.633_ros/flight_ws/install/tello_msgs/include/tello_msgs/msg/detail/tello_response__rosidl_typesupport_fastrtps_cpp.hpp\n'}
[7.189936] (-) TimerEvent: {}
[7.191042] (tello_msgs) StdoutLine: {'line': b'-- Up-to-date symlink: /home/ubuntu/Desktop/16.633_ros/flight_ws/install/tello_msgs/include/tello_msgs/msg/rosidl_typesupport_fastrtps_cpp__visibility_control.h\n'}
[7.194618] (tello_msgs) StdoutLine: {'line': b'-- Up-to-date symlink: /home/ubuntu/Desktop/16.633_ros/flight_ws/install/tello_msgs/include/tello_msgs/srv/detail/tello_action__rosidl_typesupport_fastrtps_cpp.hpp\n'}
[7.202557] (tello_msgs) StdoutLine: {'line': b'-- Up-to-date symlink: /home/ubuntu/Desktop/16.633_ros/flight_ws/install/tello_msgs/lib/libtello_msgs__rosidl_typesupport_fastrtps_cpp.so\n'}
[7.210721] (tello_msgs) StdoutLine: {'line': b'-- Up-to-date symlink: /home/ubuntu/Desktop/16.633_ros/flight_ws/install/tello_msgs/include/tello_msgs/msg/detail/flight_data__rosidl_typesupport_introspection_c.h\n'}
[7.222450] (tello_msgs) StdoutLine: {'line': b'-- Up-to-date symlink: /home/ubuntu/Desktop/16.633_ros/flight_ws/install/tello_msgs/include/tello_msgs/msg/detail/tello_response__rosidl_typesupport_introspection_c.h\n'}
[7.228651] (tello_msgs) StdoutLine: {'line': b'-- Up-to-date symlink: /home/ubuntu/Desktop/16.633_ros/flight_ws/install/tello_msgs/include/tello_msgs/msg/rosidl_typesupport_introspection_c__visibility_control.h\n'}
[7.234034] (tello_msgs) StdoutLine: {'line': b'-- Up-to-date symlink: /home/ubuntu/Desktop/16.633_ros/flight_ws/install/tello_msgs/include/tello_msgs/srv/detail/tello_action__rosidl_typesupport_introspection_c.h\n'}
[7.245337] (tello_msgs) StdoutLine: {'line': b'-- Up-to-date symlink: /home/ubuntu/Desktop/16.633_ros/flight_ws/install/tello_msgs/include/tello_msgs/msg/detail/flight_data__builder.hpp\n'}
[7.254883] (tello_msgs) StdoutLine: {'line': b'-- Up-to-date symlink: /home/ubuntu/Desktop/16.633_ros/flight_ws/install/tello_msgs/include/tello_msgs/msg/detail/flight_data__struct.hpp\n'}
[7.262520] (tello_msgs) StdoutLine: {'line': b'-- Up-to-date symlink: /home/ubuntu/Desktop/16.633_ros/flight_ws/install/tello_msgs/include/tello_msgs/msg/detail/flight_data__traits.hpp\n'}
[7.272681] (tello_msgs) StdoutLine: {'line': b'-- Up-to-date symlink: /home/ubuntu/Desktop/16.633_ros/flight_ws/install/tello_msgs/include/tello_msgs/msg/detail/flight_data__type_support.hpp\n'}
[7.281298] (tello_msgs) StdoutLine: {'line': b'-- Up-to-date symlink: /home/ubuntu/Desktop/16.633_ros/flight_ws/install/tello_msgs/include/tello_msgs/msg/detail/tello_response__builder.hpp\n'}
[7.286502] (tello_msgs) StdoutLine: {'line': b'-- Up-to-date symlink: /home/ubuntu/Desktop/16.633_ros/flight_ws/install/tello_msgs/include/tello_msgs/msg/detail/tello_response__struct.hpp\n'}
[7.291235] (-) TimerEvent: {}
[7.294666] (tello_msgs) StdoutLine: {'line': b'-- Up-to-date symlink: /home/ubuntu/Desktop/16.633_ros/flight_ws/install/tello_msgs/include/tello_msgs/msg/detail/tello_response__traits.hpp\n'}
[7.302352] (tello_msgs) StdoutLine: {'line': b'-- Up-to-date symlink: /home/ubuntu/Desktop/16.633_ros/flight_ws/install/tello_msgs/include/tello_msgs/msg/detail/tello_response__type_support.hpp\n'}
[7.307599] (tello_msgs) StdoutLine: {'line': b'-- Up-to-date symlink: /home/ubuntu/Desktop/16.633_ros/flight_ws/install/tello_msgs/include/tello_msgs/msg/flight_data.hpp\n'}
[7.312396] (tello_msgs) StdoutLine: {'line': b'-- Up-to-date symlink: /home/ubuntu/Desktop/16.633_ros/flight_ws/install/tello_msgs/include/tello_msgs/msg/rosidl_generator_cpp__visibility_control.hpp\n'}
[7.317000] (tello_msgs) StdoutLine: {'line': b'-- Up-to-date symlink: /home/ubuntu/Desktop/16.633_ros/flight_ws/install/tello_msgs/include/tello_msgs/msg/tello_response.hpp\n'}
[7.322332] (tello_msgs) StdoutLine: {'line': b'-- Up-to-date symlink: /home/ubuntu/Desktop/16.633_ros/flight_ws/install/tello_msgs/include/tello_msgs/srv/detail/tello_action__builder.hpp\n'}
[7.327121] (tello_msgs) StdoutLine: {'line': b'-- Up-to-date symlink: /home/ubuntu/Desktop/16.633_ros/flight_ws/install/tello_msgs/include/tello_msgs/srv/detail/tello_action__struct.hpp\n'}
[7.331775] (tello_msgs) StdoutLine: {'line': b'-- Up-to-date symlink: /home/ubuntu/Desktop/16.633_ros/flight_ws/install/tello_msgs/include/tello_msgs/srv/detail/tello_action__traits.hpp\n'}
[7.343177] (tello_msgs) StdoutLine: {'line': b'-- Up-to-date symlink: /home/ubuntu/Desktop/16.633_ros/flight_ws/install/tello_msgs/include/tello_msgs/srv/detail/tello_action__type_support.hpp\n'}
[7.353519] (tello_msgs) StdoutLine: {'line': b'-- Up-to-date symlink: /home/ubuntu/Desktop/16.633_ros/flight_ws/install/tello_msgs/include/tello_msgs/srv/tello_action.hpp\n'}
[7.365273] (tello_msgs) StdoutLine: {'line': b'-- Up-to-date symlink: /home/ubuntu/Desktop/16.633_ros/flight_ws/install/tello_msgs/include/tello_msgs/msg/detail/flight_data__rosidl_typesupport_introspection_cpp.hpp\n'}
[7.374964] (tello_msgs) StdoutLine: {'line': b'-- Up-to-date symlink: /home/ubuntu/Desktop/16.633_ros/flight_ws/install/tello_msgs/include/tello_msgs/msg/detail/tello_response__rosidl_typesupport_introspection_cpp.hpp\n'}
[7.382670] (tello_msgs) StdoutLine: {'line': b'-- Up-to-date symlink: /home/ubuntu/Desktop/16.633_ros/flight_ws/install/tello_msgs/include/tello_msgs/srv/detail/tello_action__rosidl_typesupport_introspection_cpp.hpp\n'}
[7.390393] (tello_msgs) StdoutLine: {'line': b'-- Up-to-date symlink: /home/ubuntu/Desktop/16.633_ros/flight_ws/install/tello_msgs/share/tello_msgs/environment/pythonpath.sh\n'}
[7.396654] (-) TimerEvent: {}
[7.399431] (tello_msgs) StdoutLine: {'line': b'-- Up-to-date symlink: /home/ubuntu/Desktop/16.633_ros/flight_ws/install/tello_msgs/share/tello_msgs/environment/pythonpath.dsv\n'}
[7.408165] (tello_msgs) StdoutLine: {'line': b'-- Up-to-date symlink: /home/ubuntu/Desktop/16.633_ros/flight_ws/install/tello_msgs/lib/python3.8/site-packages/tello_msgs/__init__.py\n'}
[7.417493] (tello_msgs) StdoutLine: {'line': b'-- Up-to-date symlink: /home/ubuntu/Desktop/16.633_ros/flight_ws/install/tello_msgs/lib/python3.8/site-packages/tello_msgs/msg/__init__.py\n'}
[7.423997] (tello_msgs) StdoutLine: {'line': b'-- Up-to-date symlink: /home/ubuntu/Desktop/16.633_ros/flight_ws/install/tello_msgs/lib/python3.8/site-packages/tello_msgs/msg/_flight_data.py\n'}
[7.432378] (tello_msgs) StdoutLine: {'line': b'-- Up-to-date symlink: /home/ubuntu/Desktop/16.633_ros/flight_ws/install/tello_msgs/lib/python3.8/site-packages/tello_msgs/msg/_tello_response.py\n'}
[7.441006] (tello_msgs) StdoutLine: {'line': b'-- Up-to-date symlink: /home/ubuntu/Desktop/16.633_ros/flight_ws/install/tello_msgs/lib/python3.8/site-packages/tello_msgs/srv/__init__.py\n'}
[7.448602] (tello_msgs) StdoutLine: {'line': b'-- Up-to-date symlink: /home/ubuntu/Desktop/16.633_ros/flight_ws/install/tello_msgs/lib/python3.8/site-packages/tello_msgs/srv/_tello_action.py\n'}
[7.461702] (tello_msgs) StdoutLine: {'line': b'-- Up-to-date symlink: /home/ubuntu/Desktop/16.633_ros/flight_ws/install/tello_msgs/lib/python3.8/site-packages/tello_msgs/tello_msgs_s__rosidl_typesupport_fastrtps_c.cpython-38-x86_64-linux-gnu.so\n'}
[7.471814] (tello_msgs) StdoutLine: {'line': b'-- Up-to-date symlink: /home/ubuntu/Desktop/16.633_ros/flight_ws/install/tello_msgs/lib/python3.8/site-packages/tello_msgs/tello_msgs_s__rosidl_typesupport_introspection_c.cpython-38-x86_64-linux-gnu.so\n'}
[7.480600] (tello_msgs) StdoutLine: {'line': b'-- Up-to-date symlink: /home/ubuntu/Desktop/16.633_ros/flight_ws/install/tello_msgs/lib/python3.8/site-packages/tello_msgs/tello_msgs_s__rosidl_typesupport_c.cpython-38-x86_64-linux-gnu.so\n'}
[7.489755] (tello_msgs) StdoutLine: {'line': b'-- Up-to-date symlink: /home/ubuntu/Desktop/16.633_ros/flight_ws/install/tello_msgs/lib/libtello_msgs__python.so\n'}
[7.496845] (-) TimerEvent: {}
[7.498204] (tello_msgs) StdoutLine: {'line': b'-- Up-to-date symlink: /home/ubuntu/Desktop/16.633_ros/flight_ws/install/tello_msgs/share/tello_msgs/msg/FlightData.idl\n'}
[7.505074] (tello_msgs) StdoutLine: {'line': b'-- Up-to-date symlink: /home/ubuntu/Desktop/16.633_ros/flight_ws/install/tello_msgs/share/tello_msgs/msg/TelloResponse.idl\n'}
[7.515463] (tello_msgs) StdoutLine: {'line': b'-- Up-to-date symlink: /home/ubuntu/Desktop/16.633_ros/flight_ws/install/tello_msgs/share/tello_msgs/srv/TelloAction.idl\n'}
[7.523555] (tello_msgs) StdoutLine: {'line': b'-- Up-to-date symlink: /home/ubuntu/Desktop/16.633_ros/flight_ws/install/tello_msgs/share/tello_msgs/msg/FlightData.msg\n'}
[7.530508] (tello_msgs) StdoutLine: {'line': b'-- Up-to-date symlink: /home/ubuntu/Desktop/16.633_ros/flight_ws/install/tello_msgs/share/tello_msgs/msg/TelloResponse.msg\n'}
[7.538352] (tello_msgs) StdoutLine: {'line': b'-- Up-to-date symlink: /home/ubuntu/Desktop/16.633_ros/flight_ws/install/tello_msgs/share/tello_msgs/srv/TelloAction.srv\n'}
[7.546262] (tello_msgs) StdoutLine: {'line': b'-- Up-to-date symlink: /home/ubuntu/Desktop/16.633_ros/flight_ws/install/tello_msgs/share/tello_msgs/srv/TelloAction_Request.msg\n'}
[7.553818] (tello_msgs) StdoutLine: {'line': b'-- Up-to-date symlink: /home/ubuntu/Desktop/16.633_ros/flight_ws/install/tello_msgs/share/tello_msgs/srv/TelloAction_Response.msg\n'}
[7.562043] (tello_msgs) StdoutLine: {'line': b'-- Up-to-date symlink: /home/ubuntu/Desktop/16.633_ros/flight_ws/install/tello_msgs/share/ament_index/resource_index/package_run_dependencies/tello_msgs\n'}
[7.572256] (tello_msgs) StdoutLine: {'line': b'-- Up-to-date symlink: /home/ubuntu/Desktop/16.633_ros/flight_ws/install/tello_msgs/share/ament_index/resource_index/parent_prefix_path/tello_msgs\n'}
[7.580479] (tello_msgs) StdoutLine: {'line': b'-- Up-to-date symlink: /home/ubuntu/Desktop/16.633_ros/flight_ws/install/tello_msgs/share/tello_msgs/environment/ament_prefix_path.sh\n'}
[7.588820] (tello_msgs) StdoutLine: {'line': b'-- Up-to-date symlink: /home/ubuntu/Desktop/16.633_ros/flight_ws/install/tello_msgs/share/tello_msgs/environment/ament_prefix_path.dsv\n'}
[7.598120] (-) TimerEvent: {}
[7.601045] (tello_msgs) StdoutLine: {'line': b'-- Up-to-date symlink: /home/ubuntu/Desktop/16.633_ros/flight_ws/install/tello_msgs/share/tello_msgs/environment/path.sh\n'}
[7.607598] (tello_msgs) StdoutLine: {'line': b'-- Up-to-date symlink: /home/ubuntu/Desktop/16.633_ros/flight_ws/install/tello_msgs/share/tello_msgs/environment/path.dsv\n'}
[7.617001] (tello_msgs) StdoutLine: {'line': b'-- Up-to-date symlink: /home/ubuntu/Desktop/16.633_ros/flight_ws/install/tello_msgs/share/tello_msgs/local_setup.bash\n'}
[7.625903] (tello_msgs) StdoutLine: {'line': b'-- Up-to-date symlink: /home/ubuntu/Desktop/16.633_ros/flight_ws/install/tello_msgs/share/tello_msgs/local_setup.sh\n'}
[7.637240] (tello_msgs) StdoutLine: {'line': b'-- Up-to-date symlink: /home/ubuntu/Desktop/16.633_ros/flight_ws/install/tello_msgs/share/tello_msgs/local_setup.zsh\n'}
[7.645222] (tello_msgs) StdoutLine: {'line': b'-- Up-to-date symlink: /home/ubuntu/Desktop/16.633_ros/flight_ws/install/tello_msgs/share/tello_msgs/local_setup.dsv\n'}
[7.651643] (tello_msgs) StdoutLine: {'line': b'-- Symlinking: /home/ubuntu/Desktop/16.633_ros/flight_ws/install/tello_msgs/share/tello_msgs/package.dsv\n'}
[7.698428] (-) TimerEvent: {}
[7.745282] (tello_msgs) StdoutLine: {'line': b'-- Up-to-date symlink: /home/ubuntu/Desktop/16.633_ros/flight_ws/install/tello_msgs/share/ament_index/resource_index/packages/tello_msgs\n'}
[7.754046] (tello_msgs) StdoutLine: {'line': b'-- Up-to-date symlink: /home/ubuntu/Desktop/16.633_ros/flight_ws/install/tello_msgs/share/tello_msgs/cmake/rosidl_cmake-extras.cmake\n'}
[7.765343] (tello_msgs) StdoutLine: {'line': b'-- Up-to-date symlink: /home/ubuntu/Desktop/16.633_ros/flight_ws/install/tello_msgs/share/tello_msgs/cmake/ament_cmake_export_dependencies-extras.cmake\n'}
[7.773599] (tello_msgs) StdoutLine: {'line': b'-- Up-to-date symlink: /home/ubuntu/Desktop/16.633_ros/flight_ws/install/tello_msgs/share/tello_msgs/cmake/ament_cmake_export_libraries-extras.cmake\n'}
[7.782033] (tello_msgs) StdoutLine: {'line': b'-- Up-to-date symlink: /home/ubuntu/Desktop/16.633_ros/flight_ws/install/tello_msgs/share/tello_msgs/cmake/ament_cmake_export_targets-extras.cmake\n'}
[7.790146] (tello_msgs) StdoutLine: {'line': b'-- Up-to-date symlink: /home/ubuntu/Desktop/16.633_ros/flight_ws/install/tello_msgs/share/tello_msgs/cmake/ament_cmake_export_include_directories-extras.cmake\n'}
[7.797667] (tello_msgs) StdoutLine: {'line': b'-- Up-to-date symlink: /home/ubuntu/Desktop/16.633_ros/flight_ws/install/tello_msgs/share/tello_msgs/cmake/rosidl_cmake_export_typesupport_libraries-extras.cmake\n'}
[7.803960] (-) TimerEvent: {}
[7.811946] (tello_msgs) StdoutLine: {'line': b'-- Up-to-date symlink: /home/ubuntu/Desktop/16.633_ros/flight_ws/install/tello_msgs/share/tello_msgs/cmake/rosidl_cmake_export_typesupport_targets-extras.cmake\n'}
[7.818500] (tello_msgs) StdoutLine: {'line': b'-- Up-to-date symlink: /home/ubuntu/Desktop/16.633_ros/flight_ws/install/tello_msgs/share/tello_msgs/cmake/tello_msgsConfig.cmake\n'}
[7.826087] (tello_msgs) StdoutLine: {'line': b'-- Up-to-date symlink: /home/ubuntu/Desktop/16.633_ros/flight_ws/install/tello_msgs/share/tello_msgs/cmake/tello_msgsConfig-version.cmake\n'}
[7.838481] (tello_msgs) StdoutLine: {'line': b'-- Up-to-date symlink: /home/ubuntu/Desktop/16.633_ros/flight_ws/install/tello_msgs/share/tello_msgs/package.xml\n'}
[7.843725] (tello_msgs) StdoutLine: {'line': b'-- Up-to-date: /home/ubuntu/Desktop/16.633_ros/flight_ws/install/tello_msgs/lib/libtello_msgs__rosidl_generator_c.so\n'}
[7.849814] (tello_msgs) StdoutLine: {'line': b'-- Up-to-date: /home/ubuntu/Desktop/16.633_ros/flight_ws/install/tello_msgs/lib/libtello_msgs__rosidl_typesupport_introspection_c.so\n'}
[7.860141] (tello_msgs) StdoutLine: {'line': b'-- Up-to-date: /home/ubuntu/Desktop/16.633_ros/flight_ws/install/tello_msgs/lib/libtello_msgs__rosidl_typesupport_c.so\n'}
[7.868113] (tello_msgs) StdoutLine: {'line': b'-- Up-to-date: /home/ubuntu/Desktop/16.633_ros/flight_ws/install/tello_msgs/lib/libtello_msgs__rosidl_typesupport_introspection_cpp.so\n'}
[7.880406] (tello_msgs) StdoutLine: {'line': b'-- Up-to-date: /home/ubuntu/Desktop/16.633_ros/flight_ws/install/tello_msgs/lib/libtello_msgs__rosidl_typesupport_cpp.so\n'}
[7.904163] (-) TimerEvent: {}
[7.970639] (tello_msgs) StdoutLine: {'line': b'-- Up-to-date: /home/ubuntu/Desktop/16.633_ros/flight_ws/install/tello_msgs/share/tello_msgs/cmake/tello_msgs__rosidl_generator_cExport.cmake\n'}
[7.978125] (tello_msgs) StdoutLine: {'line': b'-- Up-to-date: /home/ubuntu/Desktop/16.633_ros/flight_ws/install/tello_msgs/share/tello_msgs/cmake/tello_msgs__rosidl_generator_cExport-noconfig.cmake\n'}
[7.986666] (tello_msgs) StdoutLine: {'line': b'-- Up-to-date: /home/ubuntu/Desktop/16.633_ros/flight_ws/install/tello_msgs/share/tello_msgs/cmake/tello_msgs__rosidl_typesupport_introspection_cExport.cmake\n'}
[7.994420] (tello_msgs) StdoutLine: {'line': b'-- Up-to-date: /home/ubuntu/Desktop/16.633_ros/flight_ws/install/tello_msgs/share/tello_msgs/cmake/tello_msgs__rosidl_typesupport_introspection_cExport-noconfig.cmake\n'}
[7.999721] (tello_msgs) StdoutLine: {'line': b'-- Up-to-date: /home/ubuntu/Desktop/16.633_ros/flight_ws/install/tello_msgs/share/tello_msgs/cmake/tello_msgs__rosidl_typesupport_cExport.cmake\n'}
[8.005541] (-) TimerEvent: {}
[8.006832] (tello_msgs) StdoutLine: {'line': b'-- Up-to-date: /home/ubuntu/Desktop/16.633_ros/flight_ws/install/tello_msgs/share/tello_msgs/cmake/tello_msgs__rosidl_typesupport_cExport-noconfig.cmake\n'}
[8.011422] (tello_msgs) StdoutLine: {'line': b'-- Up-to-date: /home/ubuntu/Desktop/16.633_ros/flight_ws/install/tello_msgs/share/tello_msgs/cmake/tello_msgs__rosidl_generator_cppExport.cmake\n'}
[8.017077] (tello_msgs) StdoutLine: {'line': b'-- Up-to-date: /home/ubuntu/Desktop/16.633_ros/flight_ws/install/tello_msgs/share/tello_msgs/cmake/tello_msgs__rosidl_typesupport_introspection_cppExport.cmake\n'}
[8.023601] (tello_msgs) StdoutLine: {'line': b'-- Up-to-date: /home/ubuntu/Desktop/16.633_ros/flight_ws/install/tello_msgs/share/tello_msgs/cmake/tello_msgs__rosidl_typesupport_introspection_cppExport-noconfig.cmake\n'}
[8.035018] (tello_msgs) StdoutLine: {'line': b'-- Up-to-date: /home/ubuntu/Desktop/16.633_ros/flight_ws/install/tello_msgs/share/tello_msgs/cmake/tello_msgs__rosidl_typesupport_cppExport.cmake\n'}
[8.040678] (tello_msgs) StdoutLine: {'line': b'-- Up-to-date: /home/ubuntu/Desktop/16.633_ros/flight_ws/install/tello_msgs/share/tello_msgs/cmake/tello_msgs__rosidl_typesupport_cppExport-noconfig.cmake\n'}
[8.045669] (tello_msgs) CommandEnded: {'returncode': 0}
[8.121600] (-) TimerEvent: {}
[8.224599] (-) TimerEvent: {}
[8.326284] (-) TimerEvent: {}
[8.427813] (-) TimerEvent: {}
[8.529041] (-) TimerEvent: {}
[8.630527] (-) TimerEvent: {}
[8.731969] (-) TimerEvent: {}
[8.834680] (-) TimerEvent: {}
[8.935827] (-) TimerEvent: {}
[9.037772] (-) TimerEvent: {}
[9.139813] (-) TimerEvent: {}
[9.240885] (-) TimerEvent: {}
[9.342169] (-) TimerEvent: {}
[9.443946] (-) TimerEvent: {}
[9.545181] (-) TimerEvent: {}
[9.646258] (-) TimerEvent: {}
[9.747523] (-) TimerEvent: {}
[9.849238] (-) TimerEvent: {}
[9.950660] (-) TimerEvent: {}
[10.051947] (-) TimerEvent: {}
[10.153456] (-) TimerEvent: {}
[10.255194] (-) TimerEvent: {}
[10.319552] (tello_msgs) JobEnded: {'identifier': 'tello_msgs', 'rc': 0}
[10.326698] (-) EventReactorShutdown: {}
