[0.148s] Invoking command in '/home/ubuntu/Desktop/16.633_ros/tello_ros_ws/build/tello_description': CMAKE_PREFIX_PATH=${CMAKE_PREFIX_PATH}:/opt/ros/foxy /usr/bin/cmake --build /home/ubuntu/Desktop/16.633_ros/tello_ros_ws/build/tello_description -- -j6 -l6
[1.930s] [ 22%] Built target generate_urdf_3
[1.938s] [ 22%] Built target generate_urdf_8
[1.952s] [ 33%] Built target generate_urdf_4
[1.986s] [ 55%] Built target generate_urdf
[1.992s] [ 55%] Built target generate_urdf_1
[2.026s] [ 66%] Built target generate_urdf_6
[2.613s] [ 77%] Built target generate_urdf_5
[2.630s] [ 88%] Built target generate_urdf_7
[2.638s] [100%] Built target generate_urdf_2
[2.821s] Invoked command in '/home/ubuntu/Desktop/16.633_ros/tello_ros_ws/build/tello_description' returned '0': CMAKE_PREFIX_PATH=${CMAKE_PREFIX_PATH}:/opt/ros/foxy /usr/bin/cmake --build /home/ubuntu/Desktop/16.633_ros/tello_ros_ws/build/tello_description -- -j6 -l6
[3.952s] Invoking command in '/home/ubuntu/Desktop/16.633_ros/tello_ros_ws/build/tello_description': CMAKE_PREFIX_PATH=${CMAKE_PREFIX_PATH}:/opt/ros/foxy /usr/bin/cmake --install /home/ubuntu/Desktop/16.633_ros/tello_ros_ws/build/tello_description
[4.121s] -- Install configuration: ""
[4.133s] -- Execute custom install script
[4.140s] -- Up-to-date symlink: /home/ubuntu/Desktop/16.633_ros/tello_ros_ws/install/tello_description/share/tello_description/urdf/tello.urdf
[4.149s] -- Up-to-date symlink: /home/ubuntu/Desktop/16.633_ros/tello_ros_ws/install/tello_description/share/tello_description/urdf/tello_1.urdf
[4.155s] -- Up-to-date symlink: /home/ubuntu/Desktop/16.633_ros/tello_ros_ws/install/tello_description/share/tello_description/urdf/tello_2.urdf
[4.159s] -- Up-to-date symlink: /home/ubuntu/Desktop/16.633_ros/tello_ros_ws/install/tello_description/share/tello_description/urdf/tello_3.urdf
[4.163s] -- Up-to-date symlink: /home/ubuntu/Desktop/16.633_ros/tello_ros_ws/install/tello_description/share/tello_description/urdf/tello_4.urdf
[4.169s] -- Up-to-date symlink: /home/ubuntu/Desktop/16.633_ros/tello_ros_ws/install/tello_description/share/tello_description/urdf/tello_5.urdf
[4.173s] -- Up-to-date symlink: /home/ubuntu/Desktop/16.633_ros/tello_ros_ws/install/tello_description/share/tello_description/urdf/tello_6.urdf
[4.177s] -- Up-to-date symlink: /home/ubuntu/Desktop/16.633_ros/tello_ros_ws/install/tello_description/share/tello_description/urdf/tello_7.urdf
[4.182s] -- Up-to-date symlink: /home/ubuntu/Desktop/16.633_ros/tello_ros_ws/install/tello_description/share/tello_description/urdf/tello_8.urdf
[4.187s] -- Up-to-date symlink: /home/ubuntu/Desktop/16.633_ros/tello_ros_ws/install/tello_description/share/ament_index/resource_index/package_run_dependencies/tello_description
[4.192s] -- Up-to-date symlink: /home/ubuntu/Desktop/16.633_ros/tello_ros_ws/install/tello_description/share/ament_index/resource_index/parent_prefix_path/tello_description
[4.197s] -- Up-to-date symlink: /home/ubuntu/Desktop/16.633_ros/tello_ros_ws/install/tello_description/share/tello_description/environment/ament_prefix_path.sh
[4.202s] -- Up-to-date symlink: /home/ubuntu/Desktop/16.633_ros/tello_ros_ws/install/tello_description/share/tello_description/environment/ament_prefix_path.dsv
[4.206s] -- Up-to-date symlink: /home/ubuntu/Desktop/16.633_ros/tello_ros_ws/install/tello_description/share/tello_description/environment/path.sh
[4.210s] -- Up-to-date symlink: /home/ubuntu/Desktop/16.633_ros/tello_ros_ws/install/tello_description/share/tello_description/environment/path.dsv
[4.216s] -- Up-to-date symlink: /home/ubuntu/Desktop/16.633_ros/tello_ros_ws/install/tello_description/share/tello_description/local_setup.bash
[4.222s] -- Up-to-date symlink: /home/ubuntu/Desktop/16.633_ros/tello_ros_ws/install/tello_description/share/tello_description/local_setup.sh
[4.226s] -- Up-to-date symlink: /home/ubuntu/Desktop/16.633_ros/tello_ros_ws/install/tello_description/share/tello_description/local_setup.zsh
[4.232s] -- Up-to-date symlink: /home/ubuntu/Desktop/16.633_ros/tello_ros_ws/install/tello_description/share/tello_description/local_setup.dsv
[4.236s] -- Symlinking: /home/ubuntu/Desktop/16.633_ros/tello_ros_ws/install/tello_description/share/tello_description/package.dsv
[4.423s] -- Up-to-date symlink: /home/ubuntu/Desktop/16.633_ros/tello_ros_ws/install/tello_description/share/ament_index/resource_index/packages/tello_description
[4.432s] -- Up-to-date symlink: /home/ubuntu/Desktop/16.633_ros/tello_ros_ws/install/tello_description/share/tello_description/cmake/tello_descriptionConfig.cmake
[4.438s] -- Up-to-date symlink: /home/ubuntu/Desktop/16.633_ros/tello_ros_ws/install/tello_description/share/tello_description/cmake/tello_descriptionConfig-version.cmake
[4.446s] -- Up-to-date symlink: /home/ubuntu/Desktop/16.633_ros/tello_ros_ws/install/tello_description/share/tello_description/package.xml
[4.452s] Invoked command in '/home/ubuntu/Desktop/16.633_ros/tello_ros_ws/build/tello_description' returned '0': CMAKE_PREFIX_PATH=${CMAKE_PREFIX_PATH}:/opt/ros/foxy /usr/bin/cmake --install /home/ubuntu/Desktop/16.633_ros/tello_ros_ws/build/tello_description
