[0.000000] (-) TimerEvent: {}
[0.003550] (-) JobUnselected: {'identifier': 'ros2_shared'}
[0.004920] (-) JobUnselected: {'identifier': 'tello_driver'}
[0.006755] (-) JobUnselected: {'identifier': 'tello_gazebo'}
[0.008840] (-) JobUnselected: {'identifier': 'tello_msgs'}
[0.010567] (tello_description) JobQueued: {'identifier': 'tello_description', 'dependencies': OrderedDict()}
[0.011883] (tello_description) JobStarted: {'identifier': 'tello_description'}
[0.096251] (-) TimerEvent: {}
[0.154622] (tello_description) JobProgress: {'identifier': 'tello_description', 'progress': 'cmake'}
[0.177420] (tello_description) JobProgress: {'identifier': 'tello_description', 'progress': 'build'}
[0.180812] (tello_description) Command: {'cmd': ['/usr/bin/cmake', '--build', '/home/ubuntu/Desktop/16.633_ros/tello_ros_ws/build/tello_description', '--', '-j6', '-l6'], 'cwd': '/home/ubuntu/Desktop/16.633_ros/tello_ros_ws/build/tello_description', 'env': OrderedDict([('VNCDESKTOP', 'd0e6dc772bf2:1 (ubuntu)'), ('QT_SCALE_FACTOR', '1'), ('USER', 'ubuntu'), ('SUPERVISOR_GROUP_NAME', 'vnc'), ('HOSTNAME', 'd0e6dc772bf2'), ('SHLVL', '2'), ('LD_LIBRARY_PATH', '/home/ubuntu/Desktop/16.633_ros/tello_ros_ws/install/tello_gazebo/lib:/home/ubuntu/Desktop/16.633_ros/tello_ros_ws/install/tello_driver/lib:/home/ubuntu/Desktop/16.633_ros/tello_ros_ws/install/tello_msgs/lib:/usr/lib/x86_64-linux-gnu/gazebo-11/plugins:/opt/ros/foxy/opt/yaml_cpp_vendor/lib:/opt/ros/foxy/opt/rviz_ogre_vendor/lib:/opt/ros/foxy/lib/x86_64-linux-gnu:/opt/ros/foxy/lib'), ('HOME', '/home/ubuntu'), ('OLDPWD', '/home/ubuntu/Desktop/16.633_ros'), ('ROS_PYTHON_VERSION', '3'), ('LC_CTYPE', 'C.UTF-8'), ('DBUS_SESSION_BUS_ADDRESS', 'unix:abstract=/tmp/dbus-bAh9dARKCd,guid=9001c3698dec0493d6aaa5f864ce53db'), ('COLORTERM', 'truecolor'), ('COLCON_PREFIX_PATH', '/home/ubuntu/Desktop/16.633_ros/tello_ros_ws/install'), ('ROS_DISTRO', 'foxy'), ('WINDOWID', '39845894'), ('QT_AUTO_SCREEN_SCALE_FACTOR', '0'), ('_', '/usr/bin/colcon'), ('ROS_VERSION', '2'), ('TERM', 'xterm-256color'), ('GTK_OVERLAY_SCROLLING', '0'), ('ROS_LOCALHOST_ONLY', '0'), ('INSIDE_CAJA_PYTHON', ''), ('PATH', '/opt/ros/foxy/bin:/usr/local/sbin:/usr/local/bin:/usr/sbin:/usr/bin:/sbin:/bin'), ('SESSION_MANAGER', 'local/d0e6dc772bf2:@/tmp/.ICE-unix/69,unix/d0e6dc772bf2:/tmp/.ICE-unix/69'), ('DISPLAY', ':1'), ('XDG_CURRENT_DESKTOP', 'MATE'), ('SUPERVISOR_ENABLED', '1'), ('AMENT_PREFIX_PATH', '/home/ubuntu/Desktop/16.633_ros/tello_ros_ws/install/tello_gazebo:/home/ubuntu/Desktop/16.633_ros/tello_ros_ws/install/tello_driver:/home/ubuntu/Desktop/16.633_ros/tello_ros_ws/install/tello_msgs:/home/ubuntu/Desktop/16.633_ros/tello_ros_ws/install/tello_description:/home/ubuntu/Desktop/16.633_ros/tello_ros_ws/install/ros2_shared:/opt/ros/foxy'), ('PASSWD', 'ubuntu'), ('SUPERVISOR_SERVER_URL', 'unix:///var/run/supervisor.sock'), ('SUPERVISOR_PROCESS_NAME', 'vnc'), ('PWD', '/home/ubuntu/Desktop/16.633_ros/tello_ros_ws/build/tello_description'), ('PYTHONPATH', '/home/ubuntu/Desktop/16.633_ros/tello_ros_ws/install/tello_msgs/lib/python3.8/site-packages:/opt/ros/foxy/lib/python3.8/site-packages'), ('MATE_DESKTOP_SESSION_ID', 'this-is-deprecated'), ('COLCON', '1'), ('VTE_VERSION', '6003'), ('CMAKE_PREFIX_PATH', '/home/ubuntu/Desktop/16.633_ros/tello_ros_ws/install/tello_gazebo:/home/ubuntu/Desktop/16.633_ros/tello_ros_ws/install/tello_driver:/home/ubuntu/Desktop/16.633_ros/tello_ros_ws/install/tello_msgs:/home/ubuntu/Desktop/16.633_ros/tello_ros_ws/install/tello_description:/home/ubuntu/Desktop/16.633_ros/tello_ros_ws/install/ros2_shared:/opt/ros/foxy')]), 'shell': False}
[0.224589] (-) TimerEvent: {}
[0.327402] (-) TimerEvent: {}
[0.428920] (-) TimerEvent: {}
[0.529898] (-) TimerEvent: {}
[0.631479] (-) TimerEvent: {}
[0.733055] (-) TimerEvent: {}
[0.834318] (-) TimerEvent: {}
[0.935692] (-) TimerEvent: {}
[1.037339] (-) TimerEvent: {}
[1.139025] (-) TimerEvent: {}
[1.240529] (-) TimerEvent: {}
[1.343221] (-) TimerEvent: {}
[1.445055] (-) TimerEvent: {}
[1.547028] (-) TimerEvent: {}
[1.649169] (-) TimerEvent: {}
[1.751609] (-) TimerEvent: {}
[1.854678] (-) TimerEvent: {}
[1.958463] (-) TimerEvent: {}
[2.060297] (-) TimerEvent: {}
[2.066507] (tello_description) StdoutLine: {'line': b'[ 22%] \x1b[34m\x1b[1mGenerate /home/ubuntu/Desktop/16.633_ros/tello_ros_ws/build/tello_description/urdf/tello.urdf\x1b[0m\n'}
[2.074706] (tello_description) StdoutLine: {'line': b'[ 33%] \x1b[34m\x1b[1mGenerate /home/ubuntu/Desktop/16.633_ros/tello_ros_ws/build/tello_description/urdf/tello_1.urdf\x1b[0m\n'}
[2.079247] (tello_description) StdoutLine: {'line': b'[ 33%] \x1b[34m\x1b[1mGenerate /home/ubuntu/Desktop/16.633_ros/tello_ros_ws/build/tello_description/urdf/tello_8.urdf\x1b[0m\n'}
[2.102187] (tello_description) StdoutLine: {'line': b'[ 44%] \x1b[34m\x1b[1mGenerate /home/ubuntu/Desktop/16.633_ros/tello_ros_ws/build/tello_description/urdf/tello_6.urdf\x1b[0m\n'}
[2.160541] (-) TimerEvent: {}
[2.167495] (tello_description) StdoutLine: {'line': b'[ 66%] \x1b[34m\x1b[1mGenerate /home/ubuntu/Desktop/16.633_ros/tello_ros_ws/build/tello_description/urdf/tello_4.urdf\x1b[0m\n'}
[2.173758] (tello_description) StdoutLine: {'line': b'[ 66%] \x1b[34m\x1b[1mGenerate /home/ubuntu/Desktop/16.633_ros/tello_ros_ws/build/tello_description/urdf/tello_3.urdf\x1b[0m\n'}
[2.260788] (-) TimerEvent: {}
[2.361861] (-) TimerEvent: {}
[2.464143] (-) TimerEvent: {}
[2.566121] (-) TimerEvent: {}
[2.632138] (tello_description) StdoutLine: {'line': b'[ 66%] Built target generate_urdf_1\n'}
[2.666426] (-) TimerEvent: {}
[2.667975] (tello_description) StdoutLine: {'line': b'[ 66%] Built target generate_urdf\n'}
[2.688501] (tello_description) StdoutLine: {'line': b'[ 66%] Built target generate_urdf_8\n'}
[2.694788] (tello_description) StdoutLine: {'line': b'[ 66%] Built target generate_urdf_6\n'}
[2.766532] (-) TimerEvent: {}
[2.775766] (tello_description) StdoutLine: {'line': b'[ 66%] Built target generate_urdf_3\n'}
[2.790301] (tello_description) StdoutLine: {'line': b'[ 66%] Built target generate_urdf_4\n'}
[2.866716] (-) TimerEvent: {}
[2.968193] (-) TimerEvent: {}
[3.069482] (-) TimerEvent: {}
[3.170584] (-) TimerEvent: {}
[3.271800] (-) TimerEvent: {}
[3.300292] (tello_description) StdoutLine: {'line': b'[ 77%] \x1b[34m\x1b[1mGenerate /home/ubuntu/Desktop/16.633_ros/tello_ros_ws/build/tello_description/urdf/tello_5.urdf\x1b[0m\n'}
[3.330707] (tello_description) StdoutLine: {'line': b'[ 88%] \x1b[34m\x1b[1mGenerate /home/ubuntu/Desktop/16.633_ros/tello_ros_ws/build/tello_description/urdf/tello_7.urdf\x1b[0m\n'}
[3.345719] (tello_description) StdoutLine: {'line': b'[100%] \x1b[34m\x1b[1mGenerate /home/ubuntu/Desktop/16.633_ros/tello_ros_ws/build/tello_description/urdf/tello_2.urdf\x1b[0m\n'}
[3.372010] (-) TimerEvent: {}
[3.473296] (-) TimerEvent: {}
[3.577491] (-) TimerEvent: {}
[3.678537] (-) TimerEvent: {}
[3.713650] (tello_description) StdoutLine: {'line': b'[100%] Built target generate_urdf_5\n'}
[3.730204] (tello_description) StdoutLine: {'line': b'[100%] Built target generate_urdf_7\n'}
[3.745146] (tello_description) StdoutLine: {'line': b'[100%] Built target generate_urdf_2\n'}
[3.778752] (-) TimerEvent: {}
[3.879745] (-) TimerEvent: {}
[3.931153] (tello_description) CommandEnded: {'returncode': 0}
[3.979934] (-) TimerEvent: {}
[4.081244] (-) TimerEvent: {}
[4.182750] (-) TimerEvent: {}
[4.283890] (-) TimerEvent: {}
[4.385009] (-) TimerEvent: {}
[4.486226] (-) TimerEvent: {}
[4.587438] (-) TimerEvent: {}
[4.688702] (-) TimerEvent: {}
[4.789935] (-) TimerEvent: {}
[4.875054] (tello_description) JobProgress: {'identifier': 'tello_description', 'progress': 'install'}
[4.890126] (-) TimerEvent: {}
[4.991205] (-) TimerEvent: {}
[5.055507] (tello_description) Command: {'cmd': ['/usr/bin/cmake', '--install', '/home/ubuntu/Desktop/16.633_ros/tello_ros_ws/build/tello_description'], 'cwd': '/home/ubuntu/Desktop/16.633_ros/tello_ros_ws/build/tello_description', 'env': OrderedDict([('VNCDESKTOP', 'd0e6dc772bf2:1 (ubuntu)'), ('QT_SCALE_FACTOR', '1'), ('USER', 'ubuntu'), ('SUPERVISOR_GROUP_NAME', 'vnc'), ('HOSTNAME', 'd0e6dc772bf2'), ('SHLVL', '2'), ('LD_LIBRARY_PATH', '/home/ubuntu/Desktop/16.633_ros/tello_ros_ws/install/tello_gazebo/lib:/home/ubuntu/Desktop/16.633_ros/tello_ros_ws/install/tello_driver/lib:/home/ubuntu/Desktop/16.633_ros/tello_ros_ws/install/tello_msgs/lib:/usr/lib/x86_64-linux-gnu/gazebo-11/plugins:/opt/ros/foxy/opt/yaml_cpp_vendor/lib:/opt/ros/foxy/opt/rviz_ogre_vendor/lib:/opt/ros/foxy/lib/x86_64-linux-gnu:/opt/ros/foxy/lib'), ('HOME', '/home/ubuntu'), ('OLDPWD', '/home/ubuntu/Desktop/16.633_ros'), ('ROS_PYTHON_VERSION', '3'), ('LC_CTYPE', 'C.UTF-8'), ('DBUS_SESSION_BUS_ADDRESS', 'unix:abstract=/tmp/dbus-bAh9dARKCd,guid=9001c3698dec0493d6aaa5f864ce53db'), ('COLORTERM', 'truecolor'), ('COLCON_PREFIX_PATH', '/home/ubuntu/Desktop/16.633_ros/tello_ros_ws/install'), ('ROS_DISTRO', 'foxy'), ('WINDOWID', '39845894'), ('QT_AUTO_SCREEN_SCALE_FACTOR', '0'), ('_', '/usr/bin/colcon'), ('ROS_VERSION', '2'), ('TERM', 'xterm-256color'), ('GTK_OVERLAY_SCROLLING', '0'), ('ROS_LOCALHOST_ONLY', '0'), ('INSIDE_CAJA_PYTHON', ''), ('PATH', '/opt/ros/foxy/bin:/usr/local/sbin:/usr/local/bin:/usr/sbin:/usr/bin:/sbin:/bin'), ('SESSION_MANAGER', 'local/d0e6dc772bf2:@/tmp/.ICE-unix/69,unix/d0e6dc772bf2:/tmp/.ICE-unix/69'), ('DISPLAY', ':1'), ('XDG_CURRENT_DESKTOP', 'MATE'), ('SUPERVISOR_ENABLED', '1'), ('AMENT_PREFIX_PATH', '/home/ubuntu/Desktop/16.633_ros/tello_ros_ws/install/tello_gazebo:/home/ubuntu/Desktop/16.633_ros/tello_ros_ws/install/tello_driver:/home/ubuntu/Desktop/16.633_ros/tello_ros_ws/install/tello_msgs:/home/ubuntu/Desktop/16.633_ros/tello_ros_ws/install/tello_description:/home/ubuntu/Desktop/16.633_ros/tello_ros_ws/install/ros2_shared:/opt/ros/foxy'), ('PASSWD', 'ubuntu'), ('SUPERVISOR_SERVER_URL', 'unix:///var/run/supervisor.sock'), ('SUPERVISOR_PROCESS_NAME', 'vnc'), ('PWD', '/home/ubuntu/Desktop/16.633_ros/tello_ros_ws/build/tello_description'), ('PYTHONPATH', '/home/ubuntu/Desktop/16.633_ros/tello_ros_ws/install/tello_msgs/lib/python3.8/site-packages:/opt/ros/foxy/lib/python3.8/site-packages'), ('MATE_DESKTOP_SESSION_ID', 'this-is-deprecated'), ('COLCON', '1'), ('VTE_VERSION', '6003'), ('CMAKE_PREFIX_PATH', '/home/ubuntu/Desktop/16.633_ros/tello_ros_ws/install/tello_gazebo:/home/ubuntu/Desktop/16.633_ros/tello_ros_ws/install/tello_driver:/home/ubuntu/Desktop/16.633_ros/tello_ros_ws/install/tello_msgs:/home/ubuntu/Desktop/16.633_ros/tello_ros_ws/install/tello_description:/home/ubuntu/Desktop/16.633_ros/tello_ros_ws/install/ros2_shared:/opt/ros/foxy')]), 'shell': False}
[5.091402] (-) TimerEvent: {}
[5.192773] (-) TimerEvent: {}
[5.240173] (tello_description) StdoutLine: {'line': b'-- Install configuration: ""\n'}
[5.247695] (tello_description) StdoutLine: {'line': b'-- Execute custom install script\n'}
[5.255586] (tello_description) StdoutLine: {'line': b'-- Up-to-date symlink: /home/ubuntu/Desktop/16.633_ros/tello_ros_ws/install/tello_description/share/tello_description/urdf/tello.urdf\n'}
[5.260980] (tello_description) StdoutLine: {'line': b'-- Up-to-date symlink: /home/ubuntu/Desktop/16.633_ros/tello_ros_ws/install/tello_description/share/tello_description/urdf/tello_1.urdf\n'}
[5.266950] (tello_description) StdoutLine: {'line': b'-- Up-to-date symlink: /home/ubuntu/Desktop/16.633_ros/tello_ros_ws/install/tello_description/share/tello_description/urdf/tello_2.urdf\n'}
[5.273381] (tello_description) StdoutLine: {'line': b'-- Up-to-date symlink: /home/ubuntu/Desktop/16.633_ros/tello_ros_ws/install/tello_description/share/tello_description/urdf/tello_3.urdf\n'}
[5.279195] (tello_description) StdoutLine: {'line': b'-- Up-to-date symlink: /home/ubuntu/Desktop/16.633_ros/tello_ros_ws/install/tello_description/share/tello_description/urdf/tello_4.urdf\n'}
[5.285681] (tello_description) StdoutLine: {'line': b'-- Up-to-date symlink: /home/ubuntu/Desktop/16.633_ros/tello_ros_ws/install/tello_description/share/tello_description/urdf/tello_5.urdf\n'}
[5.292079] (tello_description) StdoutLine: {'line': b'-- Up-to-date symlink: /home/ubuntu/Desktop/16.633_ros/tello_ros_ws/install/tello_description/share/tello_description/urdf/tello_6.urdf\n'}
[5.295537] (-) TimerEvent: {}
[5.298712] (tello_description) StdoutLine: {'line': b'-- Up-to-date symlink: /home/ubuntu/Desktop/16.633_ros/tello_ros_ws/install/tello_description/share/tello_description/urdf/tello_7.urdf\n'}
[5.304934] (tello_description) StdoutLine: {'line': b'-- Up-to-date symlink: /home/ubuntu/Desktop/16.633_ros/tello_ros_ws/install/tello_description/share/tello_description/urdf/tello_8.urdf\n'}
[5.310249] (tello_description) StdoutLine: {'line': b'-- Up-to-date symlink: /home/ubuntu/Desktop/16.633_ros/tello_ros_ws/install/tello_description/share/ament_index/resource_index/package_run_dependencies/tello_description\n'}
[5.317110] (tello_description) StdoutLine: {'line': b'-- Up-to-date symlink: /home/ubuntu/Desktop/16.633_ros/tello_ros_ws/install/tello_description/share/ament_index/resource_index/parent_prefix_path/tello_description\n'}
[5.324962] (tello_description) StdoutLine: {'line': b'-- Up-to-date symlink: /home/ubuntu/Desktop/16.633_ros/tello_ros_ws/install/tello_description/share/tello_description/environment/ament_prefix_path.sh\n'}
[5.332174] (tello_description) StdoutLine: {'line': b'-- Up-to-date symlink: /home/ubuntu/Desktop/16.633_ros/tello_ros_ws/install/tello_description/share/tello_description/environment/ament_prefix_path.dsv\n'}
[5.338326] (tello_description) StdoutLine: {'line': b'-- Up-to-date symlink: /home/ubuntu/Desktop/16.633_ros/tello_ros_ws/install/tello_description/share/tello_description/environment/path.sh\n'}
[5.345324] (tello_description) StdoutLine: {'line': b'-- Up-to-date symlink: /home/ubuntu/Desktop/16.633_ros/tello_ros_ws/install/tello_description/share/tello_description/environment/path.dsv\n'}
[5.352203] (tello_description) StdoutLine: {'line': b'-- Up-to-date symlink: /home/ubuntu/Desktop/16.633_ros/tello_ros_ws/install/tello_description/share/tello_description/local_setup.bash\n'}
[5.359093] (tello_description) StdoutLine: {'line': b'-- Up-to-date symlink: /home/ubuntu/Desktop/16.633_ros/tello_ros_ws/install/tello_description/share/tello_description/local_setup.sh\n'}
[5.365455] (tello_description) StdoutLine: {'line': b'-- Up-to-date symlink: /home/ubuntu/Desktop/16.633_ros/tello_ros_ws/install/tello_description/share/tello_description/local_setup.zsh\n'}
[5.372427] (tello_description) StdoutLine: {'line': b'-- Up-to-date symlink: /home/ubuntu/Desktop/16.633_ros/tello_ros_ws/install/tello_description/share/tello_description/local_setup.dsv\n'}
[5.377598] (tello_description) StdoutLine: {'line': b'-- Symlinking: /home/ubuntu/Desktop/16.633_ros/tello_ros_ws/install/tello_description/share/tello_description/package.dsv\n'}
[5.395730] (-) TimerEvent: {}
[5.497404] (-) TimerEvent: {}
[5.586212] (tello_description) StdoutLine: {'line': b'-- Up-to-date symlink: /home/ubuntu/Desktop/16.633_ros/tello_ros_ws/install/tello_description/share/ament_index/resource_index/packages/tello_description\n'}
[5.595137] (tello_description) StdoutLine: {'line': b'-- Up-to-date symlink: /home/ubuntu/Desktop/16.633_ros/tello_ros_ws/install/tello_description/share/tello_description/cmake/tello_descriptionConfig.cmake\n'}
[5.600003] (-) TimerEvent: {}
[5.604095] (tello_description) StdoutLine: {'line': b'-- Up-to-date symlink: /home/ubuntu/Desktop/16.633_ros/tello_ros_ws/install/tello_description/share/tello_description/cmake/tello_descriptionConfig-version.cmake\n'}
[5.612695] (tello_description) StdoutLine: {'line': b'-- Up-to-date symlink: /home/ubuntu/Desktop/16.633_ros/tello_ros_ws/install/tello_description/share/tello_description/package.xml\n'}
[5.620930] (tello_description) CommandEnded: {'returncode': 0}
[5.701626] (-) TimerEvent: {}
[5.805173] (-) TimerEvent: {}
[5.906617] (-) TimerEvent: {}
[6.008042] (-) TimerEvent: {}
[6.109242] (-) TimerEvent: {}
[6.210453] (-) TimerEvent: {}
[6.311663] (-) TimerEvent: {}
[6.412781] (-) TimerEvent: {}
[6.514024] (-) TimerEvent: {}
[6.615193] (-) TimerEvent: {}
[6.716430] (-) TimerEvent: {}
[6.817747] (-) TimerEvent: {}
[6.835424] (tello_description) JobEnded: {'identifier': 'tello_description', 'rc': 0}
[6.841794] (-) EventReactorShutdown: {}
