[0.261s] Invoking command in '/home/ubuntu/Desktop/16.633_ros/tello_ros_ws/build/tello_msgs': CMAKE_PREFIX_PATH=${CMAKE_PREFIX_PATH}:/opt/ros/foxy /usr/bin/cmake --build /home/ubuntu/Desktop/16.633_ros/tello_ros_ws/build/tello_msgs -- -j6 -l6
[2.666s] [  2%] Built target tello_msgs__cpp
[2.699s] [ 12%] Built target tello_msgs__rosidl_generator_c
[3.809s] [ 23%] Built target tello_msgs__rosidl_typesupport_fastrtps_cpp
[3.895s] [ 36%] Built target tello_msgs__rosidl_typesupport_introspection_cpp
[3.941s] [ 51%] Built target tello_msgs__rosidl_typesupport_cpp
[3.969s] [ 59%] Built target tello_msgs__rosidl_typesupport_introspection_c
[3.994s] [ 65%] Built target tello_msgs__rosidl_typesupport_c
[4.672s] [ 76%] Built target tello_msgs__rosidl_typesupport_fastrtps_c
[5.266s] [ 76%] Built target tello_msgs
[5.901s] [ 78%] Built target tello_msgs__py
[6.499s] [ 87%] Built target tello_msgs__python
[7.508s] [ 91%] Built target tello_msgs__rosidl_typesupport_introspection_c__pyext
[7.546s] [ 95%] Built target tello_msgs__rosidl_typesupport_c__pyext
[7.563s] [100%] Built target tello_msgs__rosidl_typesupport_fastrtps_c__pyext
[7.942s] Invoked command in '/home/ubuntu/Desktop/16.633_ros/tello_ros_ws/build/tello_msgs' returned '0': CMAKE_PREFIX_PATH=${CMAKE_PREFIX_PATH}:/opt/ros/foxy /usr/bin/cmake --build /home/ubuntu/Desktop/16.633_ros/tello_ros_ws/build/tello_msgs -- -j6 -l6
[13.058s] Invoking command in '/home/ubuntu/Desktop/16.633_ros/tello_ros_ws/build/tello_msgs': CMAKE_PREFIX_PATH=${CMAKE_PREFIX_PATH}:/opt/ros/foxy /usr/bin/cmake --install /home/ubuntu/Desktop/16.633_ros/tello_ros_ws/build/tello_msgs
[13.251s] -- Install configuration: ""
[13.258s] -- Execute custom install script
[13.266s] -- Up-to-date symlink: /home/ubuntu/Desktop/16.633_ros/tello_ros_ws/install/tello_msgs/share/ament_index/resource_index/rosidl_interfaces/tello_msgs
[13.277s] -- Up-to-date symlink: /home/ubuntu/Desktop/16.633_ros/tello_ros_ws/install/tello_msgs/include/tello_msgs/msg/detail/flight_data__functions.h
[13.285s] -- Up-to-date symlink: /home/ubuntu/Desktop/16.633_ros/tello_ros_ws/install/tello_msgs/include/tello_msgs/msg/detail/flight_data__struct.h
[13.291s] -- Up-to-date symlink: /home/ubuntu/Desktop/16.633_ros/tello_ros_ws/install/tello_msgs/include/tello_msgs/msg/detail/flight_data__type_support.h
[13.299s] -- Up-to-date symlink: /home/ubuntu/Desktop/16.633_ros/tello_ros_ws/install/tello_msgs/include/tello_msgs/msg/detail/tello_response__functions.h
[13.306s] -- Up-to-date symlink: /home/ubuntu/Desktop/16.633_ros/tello_ros_ws/install/tello_msgs/include/tello_msgs/msg/detail/tello_response__struct.h
[13.315s] -- Up-to-date symlink: /home/ubuntu/Desktop/16.633_ros/tello_ros_ws/install/tello_msgs/include/tello_msgs/msg/detail/tello_response__type_support.h
[13.322s] -- Up-to-date symlink: /home/ubuntu/Desktop/16.633_ros/tello_ros_ws/install/tello_msgs/include/tello_msgs/msg/flight_data.h
[13.333s] -- Up-to-date symlink: /home/ubuntu/Desktop/16.633_ros/tello_ros_ws/install/tello_msgs/include/tello_msgs/msg/rosidl_generator_c__visibility_control.h
[13.343s] -- Up-to-date symlink: /home/ubuntu/Desktop/16.633_ros/tello_ros_ws/install/tello_msgs/include/tello_msgs/msg/tello_response.h
[13.350s] -- Up-to-date symlink: /home/ubuntu/Desktop/16.633_ros/tello_ros_ws/install/tello_msgs/include/tello_msgs/srv/detail/tello_action__functions.h
[13.358s] -- Up-to-date symlink: /home/ubuntu/Desktop/16.633_ros/tello_ros_ws/install/tello_msgs/include/tello_msgs/srv/detail/tello_action__struct.h
[13.369s] -- Up-to-date symlink: /home/ubuntu/Desktop/16.633_ros/tello_ros_ws/install/tello_msgs/include/tello_msgs/srv/detail/tello_action__type_support.h
[13.377s] -- Up-to-date symlink: /home/ubuntu/Desktop/16.633_ros/tello_ros_ws/install/tello_msgs/include/tello_msgs/srv/tello_action.h
[13.385s] -- Up-to-date symlink: /home/ubuntu/Desktop/16.633_ros/tello_ros_ws/install/tello_msgs/share/tello_msgs/environment/library_path.sh
[13.398s] -- Up-to-date symlink: /home/ubuntu/Desktop/16.633_ros/tello_ros_ws/install/tello_msgs/share/tello_msgs/environment/library_path.dsv
[13.408s] -- Up-to-date symlink: /home/ubuntu/Desktop/16.633_ros/tello_ros_ws/install/tello_msgs/include/tello_msgs/msg/detail/flight_data__rosidl_typesupport_fastrtps_c.h
[13.416s] -- Up-to-date symlink: /home/ubuntu/Desktop/16.633_ros/tello_ros_ws/install/tello_msgs/include/tello_msgs/msg/detail/tello_response__rosidl_typesupport_fastrtps_c.h
[13.425s] -- Up-to-date symlink: /home/ubuntu/Desktop/16.633_ros/tello_ros_ws/install/tello_msgs/include/tello_msgs/msg/rosidl_typesupport_fastrtps_c__visibility_control.h
[13.433s] -- Up-to-date symlink: /home/ubuntu/Desktop/16.633_ros/tello_ros_ws/install/tello_msgs/include/tello_msgs/srv/detail/tello_action__rosidl_typesupport_fastrtps_c.h
[13.443s] -- Up-to-date symlink: /home/ubuntu/Desktop/16.633_ros/tello_ros_ws/install/tello_msgs/lib/libtello_msgs__rosidl_typesupport_fastrtps_c.so
[13.454s] -- Up-to-date symlink: /home/ubuntu/Desktop/16.633_ros/tello_ros_ws/install/tello_msgs/include/tello_msgs/msg/detail/flight_data__rosidl_typesupport_fastrtps_cpp.hpp
[13.465s] -- Up-to-date symlink: /home/ubuntu/Desktop/16.633_ros/tello_ros_ws/install/tello_msgs/include/tello_msgs/msg/detail/tello_response__rosidl_typesupport_fastrtps_cpp.hpp
[13.471s] -- Up-to-date symlink: /home/ubuntu/Desktop/16.633_ros/tello_ros_ws/install/tello_msgs/include/tello_msgs/msg/rosidl_typesupport_fastrtps_cpp__visibility_control.h
[13.480s] -- Up-to-date symlink: /home/ubuntu/Desktop/16.633_ros/tello_ros_ws/install/tello_msgs/include/tello_msgs/srv/detail/tello_action__rosidl_typesupport_fastrtps_cpp.hpp
[13.491s] -- Up-to-date symlink: /home/ubuntu/Desktop/16.633_ros/tello_ros_ws/install/tello_msgs/lib/libtello_msgs__rosidl_typesupport_fastrtps_cpp.so
[13.502s] -- Up-to-date symlink: /home/ubuntu/Desktop/16.633_ros/tello_ros_ws/install/tello_msgs/include/tello_msgs/msg/detail/flight_data__rosidl_typesupport_introspection_c.h
[13.511s] -- Up-to-date symlink: /home/ubuntu/Desktop/16.633_ros/tello_ros_ws/install/tello_msgs/include/tello_msgs/msg/detail/tello_response__rosidl_typesupport_introspection_c.h
[13.521s] -- Up-to-date symlink: /home/ubuntu/Desktop/16.633_ros/tello_ros_ws/install/tello_msgs/include/tello_msgs/msg/rosidl_typesupport_introspection_c__visibility_control.h
[13.529s] -- Up-to-date symlink: /home/ubuntu/Desktop/16.633_ros/tello_ros_ws/install/tello_msgs/include/tello_msgs/srv/detail/tello_action__rosidl_typesupport_introspection_c.h
[13.540s] -- Up-to-date symlink: /home/ubuntu/Desktop/16.633_ros/tello_ros_ws/install/tello_msgs/include/tello_msgs/msg/detail/flight_data__builder.hpp
[13.547s] -- Up-to-date symlink: /home/ubuntu/Desktop/16.633_ros/tello_ros_ws/install/tello_msgs/include/tello_msgs/msg/detail/flight_data__struct.hpp
[13.558s] -- Up-to-date symlink: /home/ubuntu/Desktop/16.633_ros/tello_ros_ws/install/tello_msgs/include/tello_msgs/msg/detail/flight_data__traits.hpp
[13.568s] -- Up-to-date symlink: /home/ubuntu/Desktop/16.633_ros/tello_ros_ws/install/tello_msgs/include/tello_msgs/msg/detail/flight_data__type_support.hpp
[13.576s] -- Up-to-date symlink: /home/ubuntu/Desktop/16.633_ros/tello_ros_ws/install/tello_msgs/include/tello_msgs/msg/detail/tello_response__builder.hpp
[13.582s] -- Up-to-date symlink: /home/ubuntu/Desktop/16.633_ros/tello_ros_ws/install/tello_msgs/include/tello_msgs/msg/detail/tello_response__struct.hpp
[13.589s] -- Up-to-date symlink: /home/ubuntu/Desktop/16.633_ros/tello_ros_ws/install/tello_msgs/include/tello_msgs/msg/detail/tello_response__traits.hpp
[13.598s] -- Up-to-date symlink: /home/ubuntu/Desktop/16.633_ros/tello_ros_ws/install/tello_msgs/include/tello_msgs/msg/detail/tello_response__type_support.hpp
[13.607s] -- Up-to-date symlink: /home/ubuntu/Desktop/16.633_ros/tello_ros_ws/install/tello_msgs/include/tello_msgs/msg/flight_data.hpp
[13.614s] -- Up-to-date symlink: /home/ubuntu/Desktop/16.633_ros/tello_ros_ws/install/tello_msgs/include/tello_msgs/msg/rosidl_generator_cpp__visibility_control.hpp
[13.621s] -- Up-to-date symlink: /home/ubuntu/Desktop/16.633_ros/tello_ros_ws/install/tello_msgs/include/tello_msgs/msg/tello_response.hpp
[13.630s] -- Up-to-date symlink: /home/ubuntu/Desktop/16.633_ros/tello_ros_ws/install/tello_msgs/include/tello_msgs/srv/detail/tello_action__builder.hpp
[13.636s] -- Up-to-date symlink: /home/ubuntu/Desktop/16.633_ros/tello_ros_ws/install/tello_msgs/include/tello_msgs/srv/detail/tello_action__struct.hpp
[13.644s] -- Up-to-date symlink: /home/ubuntu/Desktop/16.633_ros/tello_ros_ws/install/tello_msgs/include/tello_msgs/srv/detail/tello_action__traits.hpp
[13.649s] -- Up-to-date symlink: /home/ubuntu/Desktop/16.633_ros/tello_ros_ws/install/tello_msgs/include/tello_msgs/srv/detail/tello_action__type_support.hpp
[13.659s] -- Up-to-date symlink: /home/ubuntu/Desktop/16.633_ros/tello_ros_ws/install/tello_msgs/include/tello_msgs/srv/tello_action.hpp
[13.665s] -- Up-to-date symlink: /home/ubuntu/Desktop/16.633_ros/tello_ros_ws/install/tello_msgs/include/tello_msgs/msg/detail/flight_data__rosidl_typesupport_introspection_cpp.hpp
[13.673s] -- Up-to-date symlink: /home/ubuntu/Desktop/16.633_ros/tello_ros_ws/install/tello_msgs/include/tello_msgs/msg/detail/tello_response__rosidl_typesupport_introspection_cpp.hpp
[13.679s] -- Up-to-date symlink: /home/ubuntu/Desktop/16.633_ros/tello_ros_ws/install/tello_msgs/include/tello_msgs/srv/detail/tello_action__rosidl_typesupport_introspection_cpp.hpp
[13.690s] -- Up-to-date symlink: /home/ubuntu/Desktop/16.633_ros/tello_ros_ws/install/tello_msgs/share/tello_msgs/environment/pythonpath.sh
[13.694s] -- Up-to-date symlink: /home/ubuntu/Desktop/16.633_ros/tello_ros_ws/install/tello_msgs/share/tello_msgs/environment/pythonpath.dsv
[13.700s] -- Up-to-date symlink: /home/ubuntu/Desktop/16.633_ros/tello_ros_ws/install/tello_msgs/lib/python3.8/site-packages/tello_msgs/__init__.py
[13.707s] -- Up-to-date symlink: /home/ubuntu/Desktop/16.633_ros/tello_ros_ws/install/tello_msgs/lib/python3.8/site-packages/tello_msgs/msg/__init__.py
[13.712s] -- Up-to-date symlink: /home/ubuntu/Desktop/16.633_ros/tello_ros_ws/install/tello_msgs/lib/python3.8/site-packages/tello_msgs/msg/_flight_data.py
[13.721s] -- Up-to-date symlink: /home/ubuntu/Desktop/16.633_ros/tello_ros_ws/install/tello_msgs/lib/python3.8/site-packages/tello_msgs/msg/_tello_response.py
[13.730s] -- Up-to-date symlink: /home/ubuntu/Desktop/16.633_ros/tello_ros_ws/install/tello_msgs/lib/python3.8/site-packages/tello_msgs/srv/__init__.py
[13.736s] -- Up-to-date symlink: /home/ubuntu/Desktop/16.633_ros/tello_ros_ws/install/tello_msgs/lib/python3.8/site-packages/tello_msgs/srv/_tello_action.py
[13.744s] -- Up-to-date symlink: /home/ubuntu/Desktop/16.633_ros/tello_ros_ws/install/tello_msgs/lib/python3.8/site-packages/tello_msgs/tello_msgs_s__rosidl_typesupport_fastrtps_c.cpython-38-x86_64-linux-gnu.so
[13.751s] -- Up-to-date symlink: /home/ubuntu/Desktop/16.633_ros/tello_ros_ws/install/tello_msgs/lib/python3.8/site-packages/tello_msgs/tello_msgs_s__rosidl_typesupport_introspection_c.cpython-38-x86_64-linux-gnu.so
[13.758s] -- Up-to-date symlink: /home/ubuntu/Desktop/16.633_ros/tello_ros_ws/install/tello_msgs/lib/python3.8/site-packages/tello_msgs/tello_msgs_s__rosidl_typesupport_c.cpython-38-x86_64-linux-gnu.so
[13.765s] -- Up-to-date symlink: /home/ubuntu/Desktop/16.633_ros/tello_ros_ws/install/tello_msgs/lib/libtello_msgs__python.so
[13.772s] -- Up-to-date symlink: /home/ubuntu/Desktop/16.633_ros/tello_ros_ws/install/tello_msgs/share/tello_msgs/msg/FlightData.idl
[13.781s] -- Up-to-date symlink: /home/ubuntu/Desktop/16.633_ros/tello_ros_ws/install/tello_msgs/share/tello_msgs/msg/TelloResponse.idl
[13.790s] -- Up-to-date symlink: /home/ubuntu/Desktop/16.633_ros/tello_ros_ws/install/tello_msgs/share/tello_msgs/srv/TelloAction.idl
[13.797s] -- Up-to-date symlink: /home/ubuntu/Desktop/16.633_ros/tello_ros_ws/install/tello_msgs/share/tello_msgs/msg/FlightData.msg
[13.809s] -- Up-to-date symlink: /home/ubuntu/Desktop/16.633_ros/tello_ros_ws/install/tello_msgs/share/tello_msgs/msg/TelloResponse.msg
[13.816s] -- Up-to-date symlink: /home/ubuntu/Desktop/16.633_ros/tello_ros_ws/install/tello_msgs/share/tello_msgs/srv/TelloAction.srv
[13.822s] -- Up-to-date symlink: /home/ubuntu/Desktop/16.633_ros/tello_ros_ws/install/tello_msgs/share/tello_msgs/srv/TelloAction_Request.msg
[13.828s] -- Up-to-date symlink: /home/ubuntu/Desktop/16.633_ros/tello_ros_ws/install/tello_msgs/share/tello_msgs/srv/TelloAction_Response.msg
[13.838s] -- Up-to-date symlink: /home/ubuntu/Desktop/16.633_ros/tello_ros_ws/install/tello_msgs/share/ament_index/resource_index/package_run_dependencies/tello_msgs
[13.845s] -- Up-to-date symlink: /home/ubuntu/Desktop/16.633_ros/tello_ros_ws/install/tello_msgs/share/ament_index/resource_index/parent_prefix_path/tello_msgs
[13.853s] -- Up-to-date symlink: /home/ubuntu/Desktop/16.633_ros/tello_ros_ws/install/tello_msgs/share/tello_msgs/environment/ament_prefix_path.sh
[13.863s] -- Up-to-date symlink: /home/ubuntu/Desktop/16.633_ros/tello_ros_ws/install/tello_msgs/share/tello_msgs/environment/ament_prefix_path.dsv
[13.871s] -- Up-to-date symlink: /home/ubuntu/Desktop/16.633_ros/tello_ros_ws/install/tello_msgs/share/tello_msgs/environment/path.sh
[13.881s] -- Up-to-date symlink: /home/ubuntu/Desktop/16.633_ros/tello_ros_ws/install/tello_msgs/share/tello_msgs/environment/path.dsv
[13.889s] -- Up-to-date symlink: /home/ubuntu/Desktop/16.633_ros/tello_ros_ws/install/tello_msgs/share/tello_msgs/local_setup.bash
[13.899s] -- Up-to-date symlink: /home/ubuntu/Desktop/16.633_ros/tello_ros_ws/install/tello_msgs/share/tello_msgs/local_setup.sh
[13.909s] -- Up-to-date symlink: /home/ubuntu/Desktop/16.633_ros/tello_ros_ws/install/tello_msgs/share/tello_msgs/local_setup.zsh
[13.919s] -- Up-to-date symlink: /home/ubuntu/Desktop/16.633_ros/tello_ros_ws/install/tello_msgs/share/tello_msgs/local_setup.dsv
[13.932s] -- Symlinking: /home/ubuntu/Desktop/16.633_ros/tello_ros_ws/install/tello_msgs/share/tello_msgs/package.dsv
[14.168s] -- Up-to-date symlink: /home/ubuntu/Desktop/16.633_ros/tello_ros_ws/install/tello_msgs/share/ament_index/resource_index/packages/tello_msgs
[14.179s] -- Up-to-date symlink: /home/ubuntu/Desktop/16.633_ros/tello_ros_ws/install/tello_msgs/share/tello_msgs/cmake/rosidl_cmake-extras.cmake
[14.189s] -- Up-to-date symlink: /home/ubuntu/Desktop/16.633_ros/tello_ros_ws/install/tello_msgs/share/tello_msgs/cmake/ament_cmake_export_dependencies-extras.cmake
[14.198s] -- Up-to-date symlink: /home/ubuntu/Desktop/16.633_ros/tello_ros_ws/install/tello_msgs/share/tello_msgs/cmake/ament_cmake_export_libraries-extras.cmake
[14.205s] -- Up-to-date symlink: /home/ubuntu/Desktop/16.633_ros/tello_ros_ws/install/tello_msgs/share/tello_msgs/cmake/ament_cmake_export_targets-extras.cmake
[14.214s] -- Up-to-date symlink: /home/ubuntu/Desktop/16.633_ros/tello_ros_ws/install/tello_msgs/share/tello_msgs/cmake/ament_cmake_export_include_directories-extras.cmake
[14.224s] -- Up-to-date symlink: /home/ubuntu/Desktop/16.633_ros/tello_ros_ws/install/tello_msgs/share/tello_msgs/cmake/rosidl_cmake_export_typesupport_libraries-extras.cmake
[14.233s] -- Up-to-date symlink: /home/ubuntu/Desktop/16.633_ros/tello_ros_ws/install/tello_msgs/share/tello_msgs/cmake/rosidl_cmake_export_typesupport_targets-extras.cmake
[14.241s] -- Up-to-date symlink: /home/ubuntu/Desktop/16.633_ros/tello_ros_ws/install/tello_msgs/share/tello_msgs/cmake/tello_msgsConfig.cmake
[14.249s] -- Up-to-date symlink: /home/ubuntu/Desktop/16.633_ros/tello_ros_ws/install/tello_msgs/share/tello_msgs/cmake/tello_msgsConfig-version.cmake
[14.257s] -- Up-to-date symlink: /home/ubuntu/Desktop/16.633_ros/tello_ros_ws/install/tello_msgs/share/tello_msgs/package.xml
[14.263s] -- Up-to-date: /home/ubuntu/Desktop/16.633_ros/tello_ros_ws/install/tello_msgs/lib/libtello_msgs__rosidl_generator_c.so
[14.278s] -- Up-to-date: /home/ubuntu/Desktop/16.633_ros/tello_ros_ws/install/tello_msgs/lib/libtello_msgs__rosidl_typesupport_introspection_c.so
[14.288s] -- Up-to-date: /home/ubuntu/Desktop/16.633_ros/tello_ros_ws/install/tello_msgs/lib/libtello_msgs__rosidl_typesupport_c.so
[14.301s] -- Up-to-date: /home/ubuntu/Desktop/16.633_ros/tello_ros_ws/install/tello_msgs/lib/libtello_msgs__rosidl_typesupport_introspection_cpp.so
[14.312s] -- Up-to-date: /home/ubuntu/Desktop/16.633_ros/tello_ros_ws/install/tello_msgs/lib/libtello_msgs__rosidl_typesupport_cpp.so
[14.419s] -- Up-to-date: /home/ubuntu/Desktop/16.633_ros/tello_ros_ws/install/tello_msgs/share/tello_msgs/cmake/tello_msgs__rosidl_generator_cExport.cmake
[14.422s] -- Up-to-date: /home/ubuntu/Desktop/16.633_ros/tello_ros_ws/install/tello_msgs/share/tello_msgs/cmake/tello_msgs__rosidl_generator_cExport-noconfig.cmake
[14.427s] -- Up-to-date: /home/ubuntu/Desktop/16.633_ros/tello_ros_ws/install/tello_msgs/share/tello_msgs/cmake/tello_msgs__rosidl_typesupport_introspection_cExport.cmake
[14.430s] -- Up-to-date: /home/ubuntu/Desktop/16.633_ros/tello_ros_ws/install/tello_msgs/share/tello_msgs/cmake/tello_msgs__rosidl_typesupport_introspection_cExport-noconfig.cmake
[14.435s] -- Up-to-date: /home/ubuntu/Desktop/16.633_ros/tello_ros_ws/install/tello_msgs/share/tello_msgs/cmake/tello_msgs__rosidl_typesupport_cExport.cmake
[14.438s] -- Up-to-date: /home/ubuntu/Desktop/16.633_ros/tello_ros_ws/install/tello_msgs/share/tello_msgs/cmake/tello_msgs__rosidl_typesupport_cExport-noconfig.cmake
[14.445s] -- Up-to-date: /home/ubuntu/Desktop/16.633_ros/tello_ros_ws/install/tello_msgs/share/tello_msgs/cmake/tello_msgs__rosidl_generator_cppExport.cmake
[14.454s] -- Up-to-date: /home/ubuntu/Desktop/16.633_ros/tello_ros_ws/install/tello_msgs/share/tello_msgs/cmake/tello_msgs__rosidl_typesupport_introspection_cppExport.cmake
[14.458s] -- Up-to-date: /home/ubuntu/Desktop/16.633_ros/tello_ros_ws/install/tello_msgs/share/tello_msgs/cmake/tello_msgs__rosidl_typesupport_introspection_cppExport-noconfig.cmake
[14.469s] -- Up-to-date: /home/ubuntu/Desktop/16.633_ros/tello_ros_ws/install/tello_msgs/share/tello_msgs/cmake/tello_msgs__rosidl_typesupport_cppExport.cmake
[14.474s] -- Up-to-date: /home/ubuntu/Desktop/16.633_ros/tello_ros_ws/install/tello_msgs/share/tello_msgs/cmake/tello_msgs__rosidl_typesupport_cppExport-noconfig.cmake
[14.491s] Invoked command in '/home/ubuntu/Desktop/16.633_ros/tello_ros_ws/build/tello_msgs' returned '0': CMAKE_PREFIX_PATH=${CMAKE_PREFIX_PATH}:/opt/ros/foxy /usr/bin/cmake --install /home/ubuntu/Desktop/16.633_ros/tello_ros_ws/build/tello_msgs
