[0.552s] DEBUG:colcon:Command line arguments: ['/usr/bin/colcon', 'build', '--symlink-install']
[0.553s] DEBUG:colcon:Parsed command line arguments: Namespace(allow_overriding=[], ament_cmake_args=None, base_paths=['.'], build_base='build', catkin_cmake_args=None, catkin_skip_building_tests=False, cmake_args=None, cmake_clean_cache=False, cmake_clean_first=False, cmake_force_configure=False, cmake_target=None, cmake_target_skip_unavailable=False, continue_on_error=False, event_handlers=None, executor='parallel', ignore_user_meta=False, install_base='install', log_base=None, log_level=None, main=<bound method BuildVerb.main of <colcon_core.verb.build.BuildVerb object at 0x7febd3672310>>, merge_install=False, metas=['./colcon.meta'], packages_above=None, packages_above_and_dependencies=None, packages_above_depth=None, packages_end=None, packages_ignore=None, packages_ignore_regex=None, packages_select=None, packages_select_build_failed=False, packages_select_by_dep=None, packages_select_regex=None, packages_select_test_failures=False, packages_skip=None, packages_skip_build_finished=False, packages_skip_by_dep=None, packages_skip_regex=None, packages_skip_test_passed=False, packages_skip_up_to=None, packages_start=None, packages_up_to=None, packages_up_to_regex=None, parallel_workers=6, paths=None, symlink_install=True, test_result_base=None, verb_extension=<colcon_core.verb.build.BuildVerb object at 0x7febd3672310>, verb_name='build', verb_parser=<colcon_defaults.argument_parser.defaults.DefaultArgumentsDecorator object at 0x7febd3672850>)
[0.613s] Level 1:colcon.colcon_core.package_discovery:discover_packages(colcon_meta) check parameters
[0.616s] Level 1:colcon.colcon_core.package_discovery:discover_packages(recursive) check parameters
[0.617s] Level 1:colcon.colcon_core.package_discovery:discover_packages(ignore) check parameters
[0.618s] Level 1:colcon.colcon_core.package_discovery:discover_packages(path) check parameters
[0.619s] Level 1:colcon.colcon_core.package_discovery:discover_packages(colcon_meta) discover
[0.621s] Level 1:colcon.colcon_core.package_discovery:discover_packages(recursive) discover
[0.623s] INFO:colcon.colcon_core.package_discovery:Crawling recursively for packages in '/home/ubuntu/Desktop/16.633_ros/flight_ws'
[0.625s] Level 1:colcon.colcon_core.package_identification:_identify(.) by extensions ['ignore', 'ignore_ament_install']
[0.626s] Level 1:colcon.colcon_core.package_identification:_identify(.) by extension 'ignore'
[0.629s] Level 1:colcon.colcon_core.package_identification:_identify(.) by extension 'ignore_ament_install'
[0.632s] Level 1:colcon.colcon_core.package_identification:_identify(.) by extensions ['colcon_pkg']
[0.634s] Level 1:colcon.colcon_core.package_identification:_identify(.) by extension 'colcon_pkg'
[0.636s] Level 1:colcon.colcon_core.package_identification:_identify(.) by extensions ['colcon_meta']
[0.637s] Level 1:colcon.colcon_core.package_identification:_identify(.) by extension 'colcon_meta'
[0.638s] Level 1:colcon.colcon_core.package_identification:_identify(.) by extensions ['ros']
[0.640s] Level 1:colcon.colcon_core.package_identification:_identify(.) by extension 'ros'
[0.679s] Level 1:colcon.colcon_core.package_identification:_identify(.) by extensions ['cmake', 'python']
[0.681s] Level 1:colcon.colcon_core.package_identification:_identify(.) by extension 'cmake'
[0.684s] Level 1:colcon.colcon_core.package_identification:_identify(.) by extension 'python'
[0.686s] Level 1:colcon.colcon_core.package_identification:_identify(.) by extensions ['python_setup_py']
[0.688s] Level 1:colcon.colcon_core.package_identification:_identify(.) by extension 'python_setup_py'
[0.691s] Level 1:colcon.colcon_core.package_identification:_identify(build) by extensions ['ignore', 'ignore_ament_install']
[0.692s] Level 1:colcon.colcon_core.package_identification:_identify(build) by extension 'ignore'
[0.694s] Level 1:colcon.colcon_core.package_identification:_identify(build) ignored
[0.696s] Level 1:colcon.colcon_core.package_identification:_identify(install) by extensions ['ignore', 'ignore_ament_install']
[0.698s] Level 1:colcon.colcon_core.package_identification:_identify(install) by extension 'ignore'
[0.699s] Level 1:colcon.colcon_core.package_identification:_identify(install) ignored
[0.716s] Level 1:colcon.colcon_core.package_identification:_identify(log) by extensions ['ignore', 'ignore_ament_install']
[0.717s] Level 1:colcon.colcon_core.package_identification:_identify(log) by extension 'ignore'
[0.719s] Level 1:colcon.colcon_core.package_identification:_identify(log) ignored
[0.721s] Level 1:colcon.colcon_core.package_identification:_identify(src) by extensions ['ignore', 'ignore_ament_install']
[0.722s] Level 1:colcon.colcon_core.package_identification:_identify(src) by extension 'ignore'
[0.725s] Level 1:colcon.colcon_core.package_identification:_identify(src) by extension 'ignore_ament_install'
[0.729s] Level 1:colcon.colcon_core.package_identification:_identify(src) by extensions ['colcon_pkg']
[0.730s] Level 1:colcon.colcon_core.package_identification:_identify(src) by extension 'colcon_pkg'
[0.733s] Level 1:colcon.colcon_core.package_identification:_identify(src) by extensions ['colcon_meta']
[0.734s] Level 1:colcon.colcon_core.package_identification:_identify(src) by extension 'colcon_meta'
[0.735s] Level 1:colcon.colcon_core.package_identification:_identify(src) by extensions ['ros']
[0.736s] Level 1:colcon.colcon_core.package_identification:_identify(src) by extension 'ros'
[0.743s] Level 1:colcon.colcon_core.package_identification:_identify(src) by extensions ['cmake', 'python']
[0.744s] Level 1:colcon.colcon_core.package_identification:_identify(src) by extension 'cmake'
[0.747s] Level 1:colcon.colcon_core.package_identification:_identify(src) by extension 'python'
[0.749s] Level 1:colcon.colcon_core.package_identification:_identify(src) by extensions ['python_setup_py']
[0.750s] Level 1:colcon.colcon_core.package_identification:_identify(src) by extension 'python_setup_py'
[0.752s] Level 1:colcon.colcon_core.package_identification:_identify(src/competition) by extensions ['ignore', 'ignore_ament_install']
[0.753s] Level 1:colcon.colcon_core.package_identification:_identify(src/competition) by extension 'ignore'
[0.755s] Level 1:colcon.colcon_core.package_identification:_identify(src/competition) by extension 'ignore_ament_install'
[0.758s] Level 1:colcon.colcon_core.package_identification:_identify(src/competition) by extensions ['colcon_pkg']
[0.759s] Level 1:colcon.colcon_core.package_identification:_identify(src/competition) by extension 'colcon_pkg'
[0.760s] Level 1:colcon.colcon_core.package_identification:_identify(src/competition) by extensions ['colcon_meta']
[0.761s] Level 1:colcon.colcon_core.package_identification:_identify(src/competition) by extension 'colcon_meta'
[0.763s] Level 1:colcon.colcon_core.package_identification:_identify(src/competition) by extensions ['ros']
[0.764s] Level 1:colcon.colcon_core.package_identification:_identify(src/competition) by extension 'ros'
[0.773s] DEBUG:colcon.colcon_core.package_identification:Package 'src/competition' with type 'ros.ament_python' and name 'competition'
[0.774s] Level 1:colcon.colcon_core.package_identification:_identify(src/tello_msgs) by extensions ['ignore', 'ignore_ament_install']
[0.775s] Level 1:colcon.colcon_core.package_identification:_identify(src/tello_msgs) by extension 'ignore'
[0.777s] Level 1:colcon.colcon_core.package_identification:_identify(src/tello_msgs) by extension 'ignore_ament_install'
[0.781s] Level 1:colcon.colcon_core.package_identification:_identify(src/tello_msgs) by extensions ['colcon_pkg']
[0.785s] Level 1:colcon.colcon_core.package_identification:_identify(src/tello_msgs) by extension 'colcon_pkg'
[0.787s] Level 1:colcon.colcon_core.package_identification:_identify(src/tello_msgs) by extensions ['colcon_meta']
[0.788s] Level 1:colcon.colcon_core.package_identification:_identify(src/tello_msgs) by extension 'colcon_meta'
[0.789s] Level 1:colcon.colcon_core.package_identification:_identify(src/tello_msgs) by extensions ['ros']
[0.790s] Level 1:colcon.colcon_core.package_identification:_identify(src/tello_msgs) by extension 'ros'
[0.799s] DEBUG:colcon.colcon_core.package_identification:Package 'src/tello_msgs' with type 'ros.ament_cmake' and name 'tello_msgs'
[0.800s] Level 1:colcon.colcon_core.package_discovery:discover_packages(recursive) using defaults
[0.801s] Level 1:colcon.colcon_core.package_discovery:discover_packages(ignore) discover
[0.802s] Level 1:colcon.colcon_core.package_discovery:discover_packages(ignore) using defaults
[0.803s] Level 1:colcon.colcon_core.package_discovery:discover_packages(path) discover
[0.804s] Level 1:colcon.colcon_core.package_discovery:discover_packages(path) using defaults
[0.857s] Level 1:colcon.colcon_core.package_discovery:discover_packages(prefix_path) check parameters
[0.858s] Level 1:colcon.colcon_core.package_discovery:discover_packages(prefix_path) discover
[0.883s] DEBUG:colcon.colcon_installed_package_information.package_discovery:Found 2 installed packages in /home/ubuntu/Desktop/16.633_ros/flight_ws/install
[0.888s] DEBUG:colcon.colcon_installed_package_information.package_discovery:Found 264 installed packages in /opt/ros/foxy
[0.892s] Level 1:colcon.colcon_core.package_discovery:discover_packages(prefix_path) using defaults
[1.014s] Level 5:colcon.colcon_core.verb:set package 'competition' build argument 'cmake_args' from command line to 'None'
[1.015s] Level 5:colcon.colcon_core.verb:set package 'competition' build argument 'cmake_target' from command line to 'None'
[1.016s] Level 5:colcon.colcon_core.verb:set package 'competition' build argument 'cmake_target_skip_unavailable' from command line to 'False'
[1.018s] Level 5:colcon.colcon_core.verb:set package 'competition' build argument 'cmake_clean_cache' from command line to 'False'
[1.019s] Level 5:colcon.colcon_core.verb:set package 'competition' build argument 'cmake_clean_first' from command line to 'False'
[1.020s] Level 5:colcon.colcon_core.verb:set package 'competition' build argument 'cmake_force_configure' from command line to 'False'
[1.021s] Level 5:colcon.colcon_core.verb:set package 'competition' build argument 'ament_cmake_args' from command line to 'None'
[1.022s] Level 5:colcon.colcon_core.verb:set package 'competition' build argument 'catkin_cmake_args' from command line to 'None'
[1.022s] Level 5:colcon.colcon_core.verb:set package 'competition' build argument 'catkin_skip_building_tests' from command line to 'False'
[1.023s] DEBUG:colcon.colcon_core.verb:Building package 'competition' with the following arguments: {'ament_cmake_args': None, 'build_base': '/home/ubuntu/Desktop/16.633_ros/flight_ws/build/competition', 'catkin_cmake_args': None, 'catkin_skip_building_tests': False, 'cmake_args': None, 'cmake_clean_cache': False, 'cmake_clean_first': False, 'cmake_force_configure': False, 'cmake_target': None, 'cmake_target_skip_unavailable': False, 'install_base': '/home/ubuntu/Desktop/16.633_ros/flight_ws/install/competition', 'merge_install': False, 'path': '/home/ubuntu/Desktop/16.633_ros/flight_ws/src/competition', 'symlink_install': True, 'test_result_base': None}
[1.025s] Level 5:colcon.colcon_core.verb:set package 'tello_msgs' build argument 'cmake_args' from command line to 'None'
[1.026s] Level 5:colcon.colcon_core.verb:set package 'tello_msgs' build argument 'cmake_target' from command line to 'None'
[1.027s] Level 5:colcon.colcon_core.verb:set package 'tello_msgs' build argument 'cmake_target_skip_unavailable' from command line to 'False'
[1.027s] Level 5:colcon.colcon_core.verb:set package 'tello_msgs' build argument 'cmake_clean_cache' from command line to 'False'
[1.028s] Level 5:colcon.colcon_core.verb:set package 'tello_msgs' build argument 'cmake_clean_first' from command line to 'False'
[1.029s] Level 5:colcon.colcon_core.verb:set package 'tello_msgs' build argument 'cmake_force_configure' from command line to 'False'
[1.030s] Level 5:colcon.colcon_core.verb:set package 'tello_msgs' build argument 'ament_cmake_args' from command line to 'None'
[1.031s] Level 5:colcon.colcon_core.verb:set package 'tello_msgs' build argument 'catkin_cmake_args' from command line to 'None'
[1.032s] Level 5:colcon.colcon_core.verb:set package 'tello_msgs' build argument 'catkin_skip_building_tests' from command line to 'False'
[1.033s] DEBUG:colcon.colcon_core.verb:Building package 'tello_msgs' with the following arguments: {'ament_cmake_args': None, 'build_base': '/home/ubuntu/Desktop/16.633_ros/flight_ws/build/tello_msgs', 'catkin_cmake_args': None, 'catkin_skip_building_tests': False, 'cmake_args': None, 'cmake_clean_cache': False, 'cmake_clean_first': False, 'cmake_force_configure': False, 'cmake_target': None, 'cmake_target_skip_unavailable': False, 'install_base': '/home/ubuntu/Desktop/16.633_ros/flight_ws/install/tello_msgs', 'merge_install': False, 'path': '/home/ubuntu/Desktop/16.633_ros/flight_ws/src/tello_msgs', 'symlink_install': True, 'test_result_base': None}
[1.034s] INFO:colcon.colcon_core.executor:Executing jobs using 'parallel' executor
[1.039s] DEBUG:colcon.colcon_parallel_executor.executor.parallel:run_until_complete
[1.040s] INFO:colcon.colcon_ros.task.ament_python.build:Building ROS package in '/home/ubuntu/Desktop/16.633_ros/flight_ws/src/competition' with build type 'ament_python'
[1.042s] Level 1:colcon.colcon_core.shell:create_environment_hook('competition', 'ament_prefix_path')
[1.050s] INFO:colcon.colcon_core.plugin_system:Skipping extension 'colcon_core.shell.bat': Not used on non-Windows systems
[1.051s] INFO:colcon.colcon_core.shell:Creating environment hook '/home/ubuntu/Desktop/16.633_ros/flight_ws/install/competition/share/competition/hook/ament_prefix_path.ps1'
[1.057s] INFO:colcon.colcon_core.shell:Creating environment descriptor '/home/ubuntu/Desktop/16.633_ros/flight_ws/install/competition/share/competition/hook/ament_prefix_path.dsv'
[1.065s] INFO:colcon.colcon_core.shell:Creating environment hook '/home/ubuntu/Desktop/16.633_ros/flight_ws/install/competition/share/competition/hook/ament_prefix_path.sh'
[1.072s] INFO:colcon.colcon_core.shell:Skip shell extension 'powershell' for command environment: Not usable outside of PowerShell
[1.072s] DEBUG:colcon.colcon_core.shell:Skip shell extension 'dsv' for command environment
[1.092s] INFO:colcon.colcon_ros.task.ament_cmake.build:Building ROS package in '/home/ubuntu/Desktop/16.633_ros/flight_ws/src/tello_msgs' with build type 'ament_cmake'
[1.093s] INFO:colcon.colcon_cmake.task.cmake.build:Building CMake package in '/home/ubuntu/Desktop/16.633_ros/flight_ws/src/tello_msgs'
[1.096s] INFO:colcon.colcon_core.shell:Skip shell extension 'powershell' for command environment: Not usable outside of PowerShell
[1.097s] DEBUG:colcon.colcon_core.shell:Skip shell extension 'dsv' for command environment
[1.447s] INFO:colcon.colcon_core.task.python.build:Building Python package in '/home/ubuntu/Desktop/16.633_ros/flight_ws/src/competition'
[1.450s] INFO:colcon.colcon_core.shell:Skip shell extension 'powershell' for command environment: Not usable outside of PowerShell
[1.451s] DEBUG:colcon.colcon_core.shell:Skip shell extension 'dsv' for command environment
[1.521s] DEBUG:colcon.colcon_core.event_handler.log_command:Invoking command in '/home/ubuntu/Desktop/16.633_ros/flight_ws/build/tello_msgs': CMAKE_PREFIX_PATH=${CMAKE_PREFIX_PATH}:/home/ubuntu/Desktop/16.633_ros/flight_ws/install/competition:/opt/ros/foxy /usr/bin/cmake --build /home/ubuntu/Desktop/16.633_ros/flight_ws/build/tello_msgs -- -j6 -l6
[2.570s] DEBUG:colcon.colcon_core.event_handler.log_command:Invoking command in '/home/ubuntu/Desktop/16.633_ros/flight_ws/build/competition': PYTHONPATH=/home/ubuntu/Desktop/16.633_ros/flight_ws/build/competition/prefix_override:/home/ubuntu/Desktop/16.633_ros/flight_ws/install/competition/lib/python3.8/site-packages:${PYTHONPATH} /usr/bin/python3 setup.py develop --editable --build-directory /home/ubuntu/Desktop/16.633_ros/flight_ws/build/competition/build --no-deps install_data
[3.577s] Level 1:colcon.colcon_core.shell:create_environment_hook('competition', 'pythonpath_develop')
[3.580s] INFO:colcon.colcon_core.shell:Creating environment hook '/home/ubuntu/Desktop/16.633_ros/flight_ws/build/competition/share/competition/hook/pythonpath_develop.ps1'
[3.582s] DEBUG:colcon.colcon_core.event_handler.log_command:Invoked command in '/home/ubuntu/Desktop/16.633_ros/flight_ws/build/competition' returned '0': PYTHONPATH=/home/ubuntu/Desktop/16.633_ros/flight_ws/build/competition/prefix_override:/home/ubuntu/Desktop/16.633_ros/flight_ws/install/competition/lib/python3.8/site-packages:${PYTHONPATH} /usr/bin/python3 setup.py develop --editable --build-directory /home/ubuntu/Desktop/16.633_ros/flight_ws/build/competition/build --no-deps install_data
[3.590s] INFO:colcon.colcon_core.shell:Creating environment descriptor '/home/ubuntu/Desktop/16.633_ros/flight_ws/build/competition/share/competition/hook/pythonpath_develop.dsv'
[3.602s] INFO:colcon.colcon_core.shell:Creating environment hook '/home/ubuntu/Desktop/16.633_ros/flight_ws/build/competition/share/competition/hook/pythonpath_develop.sh'
[3.622s] Level 1:colcon.colcon_core.environment:checking '/home/ubuntu/Desktop/16.633_ros/flight_ws/install/competition' for CMake module files
[3.652s] Level 1:colcon.colcon_core.environment:checking '/home/ubuntu/Desktop/16.633_ros/flight_ws/install/competition' for CMake config files
[3.659s] Level 1:colcon.colcon_core.environment:checking '/home/ubuntu/Desktop/16.633_ros/flight_ws/install/competition/lib'
[3.660s] Level 1:colcon.colcon_core.environment:checking '/home/ubuntu/Desktop/16.633_ros/flight_ws/install/competition/bin'
[3.663s] Level 1:colcon.colcon_core.environment:checking '/home/ubuntu/Desktop/16.633_ros/flight_ws/install/competition/lib/pkgconfig/competition.pc'
[3.665s] Level 1:colcon.colcon_core.environment:checking '/home/ubuntu/Desktop/16.633_ros/flight_ws/install/competition/lib/python3.8/site-packages'
[3.666s] Level 1:colcon.colcon_core.shell:create_environment_hook('competition', 'pythonpath')
[3.670s] INFO:colcon.colcon_core.shell:Creating environment hook '/home/ubuntu/Desktop/16.633_ros/flight_ws/install/competition/share/competition/hook/pythonpath.ps1'
[3.691s] INFO:colcon.colcon_core.shell:Creating environment descriptor '/home/ubuntu/Desktop/16.633_ros/flight_ws/install/competition/share/competition/hook/pythonpath.dsv'
[3.704s] INFO:colcon.colcon_core.shell:Creating environment hook '/home/ubuntu/Desktop/16.633_ros/flight_ws/install/competition/share/competition/hook/pythonpath.sh'
[3.713s] Level 1:colcon.colcon_core.environment:checking '/home/ubuntu/Desktop/16.633_ros/flight_ws/install/competition/bin'
[3.716s] Level 1:colcon.colcon_core.environment:create_environment_scripts_only(competition)
[3.719s] INFO:colcon.colcon_core.shell:Creating package script '/home/ubuntu/Desktop/16.633_ros/flight_ws/install/competition/share/competition/package.ps1'
[3.727s] INFO:colcon.colcon_core.shell:Creating package descriptor '/home/ubuntu/Desktop/16.633_ros/flight_ws/install/competition/share/competition/package.dsv'
[3.735s] INFO:colcon.colcon_core.shell:Creating package script '/home/ubuntu/Desktop/16.633_ros/flight_ws/install/competition/share/competition/package.sh'
[3.743s] INFO:colcon.colcon_core.shell:Creating package script '/home/ubuntu/Desktop/16.633_ros/flight_ws/install/competition/share/competition/package.bash'
[3.751s] INFO:colcon.colcon_core.shell:Creating package script '/home/ubuntu/Desktop/16.633_ros/flight_ws/install/competition/share/competition/package.zsh'
[3.759s] Level 1:colcon.colcon_core.environment:create_file_with_runtime_dependencies(/home/ubuntu/Desktop/16.633_ros/flight_ws/install/competition/share/colcon-core/packages/competition)
[4.449s] DEBUG:colcon.colcon_core.event_handler.log_command:Invoked command in '/home/ubuntu/Desktop/16.633_ros/flight_ws/build/tello_msgs' returned '0': CMAKE_PREFIX_PATH=${CMAKE_PREFIX_PATH}:/home/ubuntu/Desktop/16.633_ros/flight_ws/install/competition:/opt/ros/foxy /usr/bin/cmake --build /home/ubuntu/Desktop/16.633_ros/flight_ws/build/tello_msgs -- -j6 -l6
[5.762s] DEBUG:colcon.colcon_core.event_handler.log_command:Invoking command in '/home/ubuntu/Desktop/16.633_ros/flight_ws/build/tello_msgs': CMAKE_PREFIX_PATH=${CMAKE_PREFIX_PATH}:/home/ubuntu/Desktop/16.633_ros/flight_ws/install/competition:/opt/ros/foxy /usr/bin/cmake --install /home/ubuntu/Desktop/16.633_ros/flight_ws/build/tello_msgs
[6.586s] Level 1:colcon.colcon_core.environment:create_environment_scripts_only(tello_msgs)
[6.589s] Level 1:colcon.colcon_core.environment:checking '/home/ubuntu/Desktop/16.633_ros/flight_ws/install/tello_msgs' for CMake module files
[6.592s] DEBUG:colcon.colcon_core.event_handler.log_command:Invoked command in '/home/ubuntu/Desktop/16.633_ros/flight_ws/build/tello_msgs' returned '0': CMAKE_PREFIX_PATH=${CMAKE_PREFIX_PATH}:/home/ubuntu/Desktop/16.633_ros/flight_ws/install/competition:/opt/ros/foxy /usr/bin/cmake --install /home/ubuntu/Desktop/16.633_ros/flight_ws/build/tello_msgs
[6.646s] Level 1:colcon.colcon_core.environment:checking '/home/ubuntu/Desktop/16.633_ros/flight_ws/install/tello_msgs' for CMake config files
[6.704s] Level 1:colcon.colcon_core.shell:create_environment_hook('tello_msgs', 'cmake_prefix_path')
[6.706s] INFO:colcon.colcon_core.shell:Creating environment hook '/home/ubuntu/Desktop/16.633_ros/flight_ws/install/tello_msgs/share/tello_msgs/hook/cmake_prefix_path.ps1'
[6.711s] INFO:colcon.colcon_core.shell:Creating environment descriptor '/home/ubuntu/Desktop/16.633_ros/flight_ws/install/tello_msgs/share/tello_msgs/hook/cmake_prefix_path.dsv'
[6.717s] INFO:colcon.colcon_core.shell:Creating environment hook '/home/ubuntu/Desktop/16.633_ros/flight_ws/install/tello_msgs/share/tello_msgs/hook/cmake_prefix_path.sh'
[6.722s] Level 1:colcon.colcon_core.environment:checking '/home/ubuntu/Desktop/16.633_ros/flight_ws/install/tello_msgs/lib'
[6.723s] Level 1:colcon.colcon_core.shell:create_environment_hook('tello_msgs', 'ld_library_path_lib')
[6.726s] INFO:colcon.colcon_core.shell:Creating environment hook '/home/ubuntu/Desktop/16.633_ros/flight_ws/install/tello_msgs/share/tello_msgs/hook/ld_library_path_lib.ps1'
[6.730s] INFO:colcon.colcon_core.shell:Creating environment descriptor '/home/ubuntu/Desktop/16.633_ros/flight_ws/install/tello_msgs/share/tello_msgs/hook/ld_library_path_lib.dsv'
[6.735s] INFO:colcon.colcon_core.shell:Creating environment hook '/home/ubuntu/Desktop/16.633_ros/flight_ws/install/tello_msgs/share/tello_msgs/hook/ld_library_path_lib.sh'
[6.740s] Level 1:colcon.colcon_core.environment:checking '/home/ubuntu/Desktop/16.633_ros/flight_ws/install/tello_msgs/bin'
[6.741s] Level 1:colcon.colcon_core.environment:checking '/home/ubuntu/Desktop/16.633_ros/flight_ws/install/tello_msgs/lib/pkgconfig/tello_msgs.pc'
[6.743s] Level 1:colcon.colcon_core.environment:checking '/home/ubuntu/Desktop/16.633_ros/flight_ws/install/tello_msgs/lib/python3.8/site-packages'
[6.744s] Level 1:colcon.colcon_core.shell:create_environment_hook('tello_msgs', 'pythonpath')
[6.746s] INFO:colcon.colcon_core.shell:Creating environment hook '/home/ubuntu/Desktop/16.633_ros/flight_ws/install/tello_msgs/share/tello_msgs/hook/pythonpath.ps1'
[6.751s] INFO:colcon.colcon_core.shell:Creating environment descriptor '/home/ubuntu/Desktop/16.633_ros/flight_ws/install/tello_msgs/share/tello_msgs/hook/pythonpath.dsv'
[6.756s] INFO:colcon.colcon_core.shell:Creating environment hook '/home/ubuntu/Desktop/16.633_ros/flight_ws/install/tello_msgs/share/tello_msgs/hook/pythonpath.sh'
[6.761s] Level 1:colcon.colcon_core.environment:checking '/home/ubuntu/Desktop/16.633_ros/flight_ws/install/tello_msgs/bin'
[6.764s] INFO:colcon.colcon_core.shell:Creating package script '/home/ubuntu/Desktop/16.633_ros/flight_ws/install/tello_msgs/share/tello_msgs/package.ps1'
[6.769s] INFO:colcon.colcon_core.shell:Creating package descriptor '/home/ubuntu/Desktop/16.633_ros/flight_ws/install/tello_msgs/share/tello_msgs/package.dsv'
[6.775s] INFO:colcon.colcon_core.shell:Creating package script '/home/ubuntu/Desktop/16.633_ros/flight_ws/install/tello_msgs/share/tello_msgs/package.sh'
[6.780s] INFO:colcon.colcon_core.shell:Creating package script '/home/ubuntu/Desktop/16.633_ros/flight_ws/install/tello_msgs/share/tello_msgs/package.bash'
[6.785s] INFO:colcon.colcon_core.shell:Creating package script '/home/ubuntu/Desktop/16.633_ros/flight_ws/install/tello_msgs/share/tello_msgs/package.zsh'
[6.791s] Level 1:colcon.colcon_core.environment:create_file_with_runtime_dependencies(/home/ubuntu/Desktop/16.633_ros/flight_ws/install/tello_msgs/share/colcon-core/packages/tello_msgs)
[8.257s] Level 1:colcon.colcon_core.environment:create_environment_scripts_only(tello_msgs)
[8.262s] Level 1:colcon.colcon_core.environment:checking '/home/ubuntu/Desktop/16.633_ros/flight_ws/install/tello_msgs' for CMake module files
[8.301s] Level 1:colcon.colcon_core.environment:checking '/home/ubuntu/Desktop/16.633_ros/flight_ws/install/tello_msgs' for CMake config files
[8.410s] Level 1:colcon.colcon_core.shell:create_environment_hook('tello_msgs', 'cmake_prefix_path')
[8.414s] INFO:colcon.colcon_core.shell:Creating environment hook '/home/ubuntu/Desktop/16.633_ros/flight_ws/install/tello_msgs/share/tello_msgs/hook/cmake_prefix_path.ps1'
[8.422s] INFO:colcon.colcon_core.shell:Creating environment descriptor '/home/ubuntu/Desktop/16.633_ros/flight_ws/install/tello_msgs/share/tello_msgs/hook/cmake_prefix_path.dsv'
[8.432s] INFO:colcon.colcon_core.shell:Creating environment hook '/home/ubuntu/Desktop/16.633_ros/flight_ws/install/tello_msgs/share/tello_msgs/hook/cmake_prefix_path.sh'
[8.442s] Level 1:colcon.colcon_core.environment:checking '/home/ubuntu/Desktop/16.633_ros/flight_ws/install/tello_msgs/lib'
[8.443s] Level 1:colcon.colcon_core.shell:create_environment_hook('tello_msgs', 'ld_library_path_lib')
[8.446s] INFO:colcon.colcon_core.shell:Creating environment hook '/home/ubuntu/Desktop/16.633_ros/flight_ws/install/tello_msgs/share/tello_msgs/hook/ld_library_path_lib.ps1'
[8.456s] INFO:colcon.colcon_core.shell:Creating environment descriptor '/home/ubuntu/Desktop/16.633_ros/flight_ws/install/tello_msgs/share/tello_msgs/hook/ld_library_path_lib.dsv'
[8.467s] INFO:colcon.colcon_core.shell:Creating environment hook '/home/ubuntu/Desktop/16.633_ros/flight_ws/install/tello_msgs/share/tello_msgs/hook/ld_library_path_lib.sh'
[8.481s] Level 1:colcon.colcon_core.environment:checking '/home/ubuntu/Desktop/16.633_ros/flight_ws/install/tello_msgs/bin'
[8.485s] Level 1:colcon.colcon_core.environment:checking '/home/ubuntu/Desktop/16.633_ros/flight_ws/install/tello_msgs/lib/pkgconfig/tello_msgs.pc'
[8.488s] Level 1:colcon.colcon_core.environment:checking '/home/ubuntu/Desktop/16.633_ros/flight_ws/install/tello_msgs/lib/python3.8/site-packages'
[8.489s] Level 1:colcon.colcon_core.shell:create_environment_hook('tello_msgs', 'pythonpath')
[8.493s] INFO:colcon.colcon_core.shell:Creating environment hook '/home/ubuntu/Desktop/16.633_ros/flight_ws/install/tello_msgs/share/tello_msgs/hook/pythonpath.ps1'
[8.502s] INFO:colcon.colcon_core.shell:Creating environment descriptor '/home/ubuntu/Desktop/16.633_ros/flight_ws/install/tello_msgs/share/tello_msgs/hook/pythonpath.dsv'
[8.515s] INFO:colcon.colcon_core.shell:Creating environment hook '/home/ubuntu/Desktop/16.633_ros/flight_ws/install/tello_msgs/share/tello_msgs/hook/pythonpath.sh'
[8.525s] Level 1:colcon.colcon_core.environment:checking '/home/ubuntu/Desktop/16.633_ros/flight_ws/install/tello_msgs/bin'
[8.534s] INFO:colcon.colcon_core.shell:Creating package script '/home/ubuntu/Desktop/16.633_ros/flight_ws/install/tello_msgs/share/tello_msgs/package.ps1'
[8.547s] INFO:colcon.colcon_core.shell:Creating package descriptor '/home/ubuntu/Desktop/16.633_ros/flight_ws/install/tello_msgs/share/tello_msgs/package.dsv'
[8.555s] INFO:colcon.colcon_core.shell:Creating package script '/home/ubuntu/Desktop/16.633_ros/flight_ws/install/tello_msgs/share/tello_msgs/package.sh'
[8.563s] INFO:colcon.colcon_core.shell:Creating package script '/home/ubuntu/Desktop/16.633_ros/flight_ws/install/tello_msgs/share/tello_msgs/package.bash'
[8.571s] INFO:colcon.colcon_core.shell:Creating package script '/home/ubuntu/Desktop/16.633_ros/flight_ws/install/tello_msgs/share/tello_msgs/package.zsh'
[8.580s] Level 1:colcon.colcon_core.environment:create_file_with_runtime_dependencies(/home/ubuntu/Desktop/16.633_ros/flight_ws/install/tello_msgs/share/colcon-core/packages/tello_msgs)
[8.588s] DEBUG:colcon.colcon_parallel_executor.executor.parallel:closing loop
[8.591s] DEBUG:colcon.colcon_parallel_executor.executor.parallel:loop closed
[8.593s] DEBUG:colcon.colcon_parallel_executor.executor.parallel:run_until_complete finished with '0'
[8.595s] DEBUG:colcon.colcon_core.event_reactor:joining thread
[8.621s] INFO:colcon.colcon_core.plugin_system:Skipping extension 'colcon_notification.desktop_notification.terminal_notifier': Not used on non-Darwin systems
[8.622s] INFO:colcon.colcon_core.plugin_system:Skipping extension 'colcon_notification.desktop_notification.win32': Not used on non-Windows systems
[8.623s] INFO:colcon.colcon_notification.desktop_notification:Sending desktop notification using 'notify2'
[9.166s] DEBUG:colcon.colcon_core.event_reactor:joined thread
[9.179s] INFO:colcon.colcon_core.shell:Creating prefix script '/home/ubuntu/Desktop/16.633_ros/flight_ws/install/local_setup.ps1'
[9.222s] INFO:colcon.colcon_core.shell:Creating prefix util module '/home/ubuntu/Desktop/16.633_ros/flight_ws/install/_local_setup_util_ps1.py'
[9.270s] INFO:colcon.colcon_core.shell:Creating prefix chain script '/home/ubuntu/Desktop/16.633_ros/flight_ws/install/setup.ps1'
[9.297s] INFO:colcon.colcon_core.shell:Creating prefix script '/home/ubuntu/Desktop/16.633_ros/flight_ws/install/local_setup.sh'
[9.378s] INFO:colcon.colcon_core.shell:Creating prefix util module '/home/ubuntu/Desktop/16.633_ros/flight_ws/install/_local_setup_util_sh.py'
[9.414s] INFO:colcon.colcon_core.shell:Creating prefix chain script '/home/ubuntu/Desktop/16.633_ros/flight_ws/install/setup.sh'
[9.464s] INFO:colcon.colcon_core.shell:Creating prefix script '/home/ubuntu/Desktop/16.633_ros/flight_ws/install/local_setup.bash'
[9.474s] INFO:colcon.colcon_core.shell:Creating prefix chain script '/home/ubuntu/Desktop/16.633_ros/flight_ws/install/setup.bash'
[9.526s] INFO:colcon.colcon_core.shell:Creating prefix script '/home/ubuntu/Desktop/16.633_ros/flight_ws/install/local_setup.zsh'
[9.626s] INFO:colcon.colcon_core.shell:Creating prefix chain script '/home/ubuntu/Desktop/16.633_ros/flight_ws/install/setup.zsh'
