[0.000000] (-) TimerEvent: {}
[0.001835] (-) JobUnselected: {'identifier': 'tello_msgs'}
[0.002563] (competition) JobQueued: {'identifier': 'competition', 'dependencies': OrderedDict()}
[0.003458] (competition) JobStarted: {'identifier': 'competition'}
[0.097642] (-) TimerEvent: {}
[0.199340] (-) TimerEvent: {}
[0.300934] (-) TimerEvent: {}
[0.402621] (-) TimerEvent: {}
[0.503861] (-) TimerEvent: {}
[0.605347] (-) TimerEvent: {}
[0.706911] (-) TimerEvent: {}
[0.808160] (-) TimerEvent: {}
[0.910175] (-) TimerEvent: {}
[1.012240] (-) TimerEvent: {}
[1.114894] (-) TimerEvent: {}
[1.216380] (-) TimerEvent: {}
[1.282297] (competition) Command: {'cmd': ['/usr/bin/python3', 'setup.py', 'develop', '--uninstall', '--editable', '--build-directory', '/home/ubuntu/Desktop/16.633_ros/flight_ws/build/competition/build'], 'cwd': '/home/ubuntu/Desktop/16.633_ros/flight_ws/build/competition', 'env': {'VNCDESKTOP': '3f437f477d9b:1 (ubuntu)', 'QT_SCALE_FACTOR': '1', 'USER': 'ubuntu', 'SUPERVISOR_GROUP_NAME': 'vnc', 'HOSTNAME': '3f437f477d9b', 'SHLVL': '2', 'LD_LIBRARY_PATH': '/usr/lib/x86_64-linux-gnu/gazebo-11/plugins:/opt/ros/foxy/opt/yaml_cpp_vendor/lib:/opt/ros/foxy/opt/rviz_ogre_vendor/lib:/opt/ros/foxy/lib/x86_64-linux-gnu:/opt/ros/foxy/lib', 'HOME': '/home/ubuntu', 'OLDPWD': '/home/ubuntu/Desktop/16.633_ros/flight_ws/src', 'ROS_PYTHON_VERSION': '3', 'LC_CTYPE': 'C.UTF-8', 'DBUS_SESSION_BUS_ADDRESS': 'unix:abstract=/tmp/dbus-GJ7dSiW8sr,guid=947c6f2354fa13cddbb6018b64c836aa', 'COLORTERM': 'truecolor', 'ROS_DISTRO': 'foxy', 'WINDOWID': '39845894', 'QT_AUTO_SCREEN_SCALE_FACTOR': '0', '_': '/usr/bin/colcon', 'ROS_VERSION': '2', 'TERM': 'xterm-256color', 'GTK_OVERLAY_SCROLLING': '0', 'ROS_LOCALHOST_ONLY': '0', 'INSIDE_CAJA_PYTHON': '', 'PATH': '/opt/ros/foxy/bin:/usr/local/sbin:/usr/local/bin:/usr/sbin:/usr/bin:/sbin:/bin', 'SESSION_MANAGER': 'local/3f437f477d9b:@/tmp/.ICE-unix/65,unix/3f437f477d9b:/tmp/.ICE-unix/65', 'DISPLAY': ':1', 'XDG_CURRENT_DESKTOP': 'MATE', 'SUPERVISOR_ENABLED': '1', 'AMENT_PREFIX_PATH': '/opt/ros/foxy', 'PASSWD': 'ubuntu', 'SUPERVISOR_SERVER_URL': 'unix:///var/run/supervisor.sock', 'SUPERVISOR_PROCESS_NAME': 'vnc', 'PWD': '/home/ubuntu/Desktop/16.633_ros/flight_ws/build/competition', 'PYTHONPATH': '/home/ubuntu/Desktop/16.633_ros/flight_ws/build/competition/prefix_override:/home/ubuntu/Desktop/16.633_ros/flight_ws/install/competition/lib/python3.8/site-packages:/opt/ros/foxy/lib/python3.8/site-packages', 'MATE_DESKTOP_SESSION_ID': 'this-is-deprecated', 'COLCON': '1', 'VTE_VERSION': '6003'}, 'shell': False}
[1.316623] (-) TimerEvent: {}
[1.418753] (-) TimerEvent: {}
[1.520719] (-) TimerEvent: {}
[1.600455] (competition) StdoutLine: {'line': b'running develop\n'}
[1.620867] (-) TimerEvent: {}
[1.722603] (-) TimerEvent: {}
[1.824005] (-) TimerEvent: {}
[1.856582] (competition) StdoutLine: {'line': b'Removing /home/ubuntu/Desktop/16.633_ros/flight_ws/install/competition/lib/python3.8/site-packages/competition.egg-link (link to .)\n'}
[1.883241] (competition) CommandEnded: {'returncode': 0}
[1.895586] (competition) Command: {'cmd': ['/usr/bin/python3', 'setup.py', 'egg_info', '--egg-base', '../../build/competition', 'build', '--build-base', '/home/ubuntu/Desktop/16.633_ros/flight_ws/build/competition/build', 'install', '--record', '/home/ubuntu/Desktop/16.633_ros/flight_ws/build/competition/install.log', '--install-scripts', '$base/lib/competition', '--single-version-externally-managed'], 'cwd': '/home/ubuntu/Desktop/16.633_ros/flight_ws/src/competition', 'env': {'VNCDESKTOP': '3f437f477d9b:1 (ubuntu)', 'QT_SCALE_FACTOR': '1', 'USER': 'ubuntu', 'SUPERVISOR_GROUP_NAME': 'vnc', 'HOSTNAME': '3f437f477d9b', 'SHLVL': '2', 'LD_LIBRARY_PATH': '/usr/lib/x86_64-linux-gnu/gazebo-11/plugins:/opt/ros/foxy/opt/yaml_cpp_vendor/lib:/opt/ros/foxy/opt/rviz_ogre_vendor/lib:/opt/ros/foxy/lib/x86_64-linux-gnu:/opt/ros/foxy/lib', 'HOME': '/home/ubuntu', 'OLDPWD': '/home/ubuntu/Desktop/16.633_ros/flight_ws/src', 'ROS_PYTHON_VERSION': '3', 'LC_CTYPE': 'C.UTF-8', 'DBUS_SESSION_BUS_ADDRESS': 'unix:abstract=/tmp/dbus-GJ7dSiW8sr,guid=947c6f2354fa13cddbb6018b64c836aa', 'COLORTERM': 'truecolor', 'ROS_DISTRO': 'foxy', 'WINDOWID': '39845894', 'QT_AUTO_SCREEN_SCALE_FACTOR': '0', '_': '/usr/bin/colcon', 'ROS_VERSION': '2', 'TERM': 'xterm-256color', 'GTK_OVERLAY_SCROLLING': '0', 'ROS_LOCALHOST_ONLY': '0', 'INSIDE_CAJA_PYTHON': '', 'PATH': '/opt/ros/foxy/bin:/usr/local/sbin:/usr/local/bin:/usr/sbin:/usr/bin:/sbin:/bin', 'SESSION_MANAGER': 'local/3f437f477d9b:@/tmp/.ICE-unix/65,unix/3f437f477d9b:/tmp/.ICE-unix/65', 'DISPLAY': ':1', 'XDG_CURRENT_DESKTOP': 'MATE', 'SUPERVISOR_ENABLED': '1', 'AMENT_PREFIX_PATH': '/opt/ros/foxy', 'PASSWD': 'ubuntu', 'SUPERVISOR_SERVER_URL': 'unix:///var/run/supervisor.sock', 'SUPERVISOR_PROCESS_NAME': 'vnc', 'PWD': '/home/ubuntu/Desktop/16.633_ros/flight_ws/build/competition', 'PYTHONPATH': '/home/ubuntu/Desktop/16.633_ros/flight_ws/build/competition/prefix_override:/home/ubuntu/Desktop/16.633_ros/flight_ws/install/competition/lib/python3.8/site-packages:/opt/ros/foxy/lib/python3.8/site-packages', 'MATE_DESKTOP_SESSION_ID': 'this-is-deprecated', 'COLCON': '1', 'VTE_VERSION': '6003'}, 'shell': False}
[1.924223] (-) TimerEvent: {}
[2.025955] (-) TimerEvent: {}
[2.128031] (-) TimerEvent: {}
[2.230216] (-) TimerEvent: {}
[2.317277] (competition) StdoutLine: {'line': b'running egg_info\n'}
[2.324453] (competition) StdoutLine: {'line': b'writing ../../build/competition/competition.egg-info/PKG-INFO\n'}
[2.331119] (-) TimerEvent: {}
[2.332577] (competition) StdoutLine: {'line': b'writing dependency_links to ../../build/competition/competition.egg-info/dependency_links.txt\n'}
[2.339588] (competition) StdoutLine: {'line': b'writing entry points to ../../build/competition/competition.egg-info/entry_points.txt\n'}
[2.348860] (competition) StdoutLine: {'line': b'writing requirements to ../../build/competition/competition.egg-info/requires.txt\n'}
[2.359314] (competition) StdoutLine: {'line': b'writing top-level names to ../../build/competition/competition.egg-info/top_level.txt\n'}
[2.431413] (-) TimerEvent: {}
[2.448739] (competition) StdoutLine: {'line': b"reading manifest file '../../build/competition/competition.egg-info/SOURCES.txt'\n"}
[2.488028] (competition) StdoutLine: {'line': b"writing manifest file '../../build/competition/competition.egg-info/SOURCES.txt'\n"}
[2.500360] (competition) StdoutLine: {'line': b'running build\n'}
[2.507656] (competition) StdoutLine: {'line': b'running build_py\n'}
[2.513142] (competition) StdoutLine: {'line': b'copying competition/drone_control_test.py -> /home/ubuntu/Desktop/16.633_ros/flight_ws/build/competition/build/lib/competition\n'}
[2.526709] (competition) StdoutLine: {'line': b'copying competition/drone_service_test.py -> /home/ubuntu/Desktop/16.633_ros/flight_ws/build/competition/build/lib/competition\n'}
[2.532096] (-) TimerEvent: {}
[2.544859] (competition) StdoutLine: {'line': b'running install\n'}
[2.565055] (competition) StdoutLine: {'line': b'running install_lib\n'}
[2.577077] (competition) StdoutLine: {'line': b'creating /home/ubuntu/Desktop/16.633_ros/flight_ws/install/competition/lib/python3.8/site-packages/competition\n'}
[2.585530] (competition) StdoutLine: {'line': b'copying /home/ubuntu/Desktop/16.633_ros/flight_ws/build/competition/build/lib/competition/__init__.py -> /home/ubuntu/Desktop/16.633_ros/flight_ws/install/competition/lib/python3.8/site-packages/competition\n'}
[2.607937] (competition) StdoutLine: {'line': b'copying /home/ubuntu/Desktop/16.633_ros/flight_ws/build/competition/build/lib/competition/drone_control_test.py -> /home/ubuntu/Desktop/16.633_ros/flight_ws/install/competition/lib/python3.8/site-packages/competition\n'}
[2.632372] (-) TimerEvent: {}
[2.634096] (competition) StdoutLine: {'line': b'copying /home/ubuntu/Desktop/16.633_ros/flight_ws/build/competition/build/lib/competition/drone_service_test.py -> /home/ubuntu/Desktop/16.633_ros/flight_ws/install/competition/lib/python3.8/site-packages/competition\n'}
[2.666166] (competition) StdoutLine: {'line': b'byte-compiling /home/ubuntu/Desktop/16.633_ros/flight_ws/install/competition/lib/python3.8/site-packages/competition/__init__.py to __init__.cpython-38.pyc\n'}
[2.691545] (competition) StdoutLine: {'line': b'byte-compiling /home/ubuntu/Desktop/16.633_ros/flight_ws/install/competition/lib/python3.8/site-packages/competition/drone_control_test.py to drone_control_test.cpython-38.pyc\n'}
[2.713738] (competition) StdoutLine: {'line': b'byte-compiling /home/ubuntu/Desktop/16.633_ros/flight_ws/install/competition/lib/python3.8/site-packages/competition/drone_service_test.py to drone_service_test.cpython-38.pyc\n'}
[2.732659] (-) TimerEvent: {}
[2.735984] (competition) StdoutLine: {'line': b'running install_data\n'}
[2.742128] (competition) StdoutLine: {'line': b'running install_egg_info\n'}
[2.747869] (competition) StdoutLine: {'line': b'Copying ../../build/competition/competition.egg-info to /home/ubuntu/Desktop/16.633_ros/flight_ws/install/competition/lib/python3.8/site-packages/competition-0.0.0-py3.8.egg-info\n'}
[2.832905] (-) TimerEvent: {}
[2.888554] (competition) StdoutLine: {'line': b'running install_scripts\n'}
[2.924173] (competition) StdoutLine: {'line': b'Installing drone_client script to /home/ubuntu/Desktop/16.633_ros/flight_ws/install/competition/lib/competition\n'}
[2.933052] (-) TimerEvent: {}
[2.934531] (competition) StdoutLine: {'line': b'Installing drone_test script to /home/ubuntu/Desktop/16.633_ros/flight_ws/install/competition/lib/competition\n'}
[2.945149] (competition) StdoutLine: {'line': b"writing list of installed files to '/home/ubuntu/Desktop/16.633_ros/flight_ws/build/competition/install.log'\n"}
[2.977422] (competition) CommandEnded: {'returncode': 0}
[3.033535] (-) TimerEvent: {}
[3.100541] (competition) JobEnded: {'identifier': 'competition', 'rc': 0}
[3.108267] (-) EventReactorShutdown: {}
