[0.821s] DEBUG:colcon:Command line arguments: ['/usr/bin/colcon', 'build', '--symlink-install', '--packages-select', 'competition']
[0.823s] DEBUG:colcon:Parsed command line arguments: Namespace(allow_overriding=[], ament_cmake_args=None, base_paths=['.'], build_base='build', catkin_cmake_args=None, catkin_skip_building_tests=False, cmake_args=None, cmake_clean_cache=False, cmake_clean_first=False, cmake_force_configure=False, cmake_target=None, cmake_target_skip_unavailable=False, continue_on_error=False, event_handlers=None, executor='parallel', ignore_user_meta=False, install_base='install', log_base=None, log_level=None, main=<bound method BuildVerb.main of <colcon_core.verb.build.BuildVerb object at 0x7f2f3df60820>>, merge_install=False, metas=['./colcon.meta'], packages_above=None, packages_above_and_dependencies=None, packages_above_depth=None, packages_end=None, packages_ignore=None, packages_ignore_regex=None, packages_select=['competition'], packages_select_build_failed=False, packages_select_by_dep=None, packages_select_regex=None, packages_select_test_failures=False, packages_skip=None, packages_skip_build_finished=False, packages_skip_by_dep=None, packages_skip_regex=None, packages_skip_test_passed=False, packages_skip_up_to=None, packages_start=None, packages_up_to=None, packages_up_to_regex=None, parallel_workers=6, paths=None, symlink_install=True, test_result_base=None, verb_extension=<colcon_core.verb.build.BuildVerb object at 0x7f2f3df60820>, verb_name='build', verb_parser=<colcon_defaults.argument_parser.defaults.DefaultArgumentsDecorator object at 0x7f2f3df60d90>)
[0.905s] Level 1:colcon.colcon_core.package_discovery:discover_packages(colcon_meta) check parameters
[0.907s] Level 1:colcon.colcon_core.package_discovery:discover_packages(recursive) check parameters
[0.908s] Level 1:colcon.colcon_core.package_discovery:discover_packages(ignore) check parameters
[0.910s] Level 1:colcon.colcon_core.package_discovery:discover_packages(path) check parameters
[0.911s] Level 1:colcon.colcon_core.package_discovery:discover_packages(colcon_meta) discover
[0.912s] Level 1:colcon.colcon_core.package_discovery:discover_packages(recursive) discover
[0.913s] INFO:colcon.colcon_core.package_discovery:Crawling recursively for packages in '/home/ubuntu/Desktop/16.633_ros/flight_ws'
[0.914s] Level 1:colcon.colcon_core.package_identification:_identify(.) by extensions ['ignore', 'ignore_ament_install']
[0.915s] Level 1:colcon.colcon_core.package_identification:_identify(.) by extension 'ignore'
[0.918s] Level 1:colcon.colcon_core.package_identification:_identify(.) by extension 'ignore_ament_install'
[0.921s] Level 1:colcon.colcon_core.package_identification:_identify(.) by extensions ['colcon_pkg']
[0.922s] Level 1:colcon.colcon_core.package_identification:_identify(.) by extension 'colcon_pkg'
[0.923s] Level 1:colcon.colcon_core.package_identification:_identify(.) by extensions ['colcon_meta']
[0.924s] Level 1:colcon.colcon_core.package_identification:_identify(.) by extension 'colcon_meta'
[0.925s] Level 1:colcon.colcon_core.package_identification:_identify(.) by extensions ['ros']
[0.926s] Level 1:colcon.colcon_core.package_identification:_identify(.) by extension 'ros'
[0.977s] Level 1:colcon.colcon_core.package_identification:_identify(.) by extensions ['cmake', 'python']
[0.978s] Level 1:colcon.colcon_core.package_identification:_identify(.) by extension 'cmake'
[0.982s] Level 1:colcon.colcon_core.package_identification:_identify(.) by extension 'python'
[0.985s] Level 1:colcon.colcon_core.package_identification:_identify(.) by extensions ['python_setup_py']
[0.986s] Level 1:colcon.colcon_core.package_identification:_identify(.) by extension 'python_setup_py'
[0.988s] Level 1:colcon.colcon_core.package_identification:_identify(build) by extensions ['ignore', 'ignore_ament_install']
[0.989s] Level 1:colcon.colcon_core.package_identification:_identify(build) by extension 'ignore'
[0.991s] Level 1:colcon.colcon_core.package_identification:_identify(build) ignored
[0.992s] Level 1:colcon.colcon_core.package_identification:_identify(install) by extensions ['ignore', 'ignore_ament_install']
[0.994s] Level 1:colcon.colcon_core.package_identification:_identify(install) by extension 'ignore'
[0.995s] Level 1:colcon.colcon_core.package_identification:_identify(install) ignored
[1.004s] Level 1:colcon.colcon_core.package_identification:_identify(log) by extensions ['ignore', 'ignore_ament_install']
[1.006s] Level 1:colcon.colcon_core.package_identification:_identify(log) by extension 'ignore'
[1.007s] Level 1:colcon.colcon_core.package_identification:_identify(log) ignored
[1.013s] Level 1:colcon.colcon_core.package_identification:_identify(src) by extensions ['ignore', 'ignore_ament_install']
[1.014s] Level 1:colcon.colcon_core.package_identification:_identify(src) by extension 'ignore'
[1.015s] Level 1:colcon.colcon_core.package_identification:_identify(src) by extension 'ignore_ament_install'
[1.018s] Level 1:colcon.colcon_core.package_identification:_identify(src) by extensions ['colcon_pkg']
[1.019s] Level 1:colcon.colcon_core.package_identification:_identify(src) by extension 'colcon_pkg'
[1.022s] Level 1:colcon.colcon_core.package_identification:_identify(src) by extensions ['colcon_meta']
[1.023s] Level 1:colcon.colcon_core.package_identification:_identify(src) by extension 'colcon_meta'
[1.024s] Level 1:colcon.colcon_core.package_identification:_identify(src) by extensions ['ros']
[1.025s] Level 1:colcon.colcon_core.package_identification:_identify(src) by extension 'ros'
[1.029s] Level 1:colcon.colcon_core.package_identification:_identify(src) by extensions ['cmake', 'python']
[1.030s] Level 1:colcon.colcon_core.package_identification:_identify(src) by extension 'cmake'
[1.032s] Level 1:colcon.colcon_core.package_identification:_identify(src) by extension 'python'
[1.034s] Level 1:colcon.colcon_core.package_identification:_identify(src) by extensions ['python_setup_py']
[1.035s] Level 1:colcon.colcon_core.package_identification:_identify(src) by extension 'python_setup_py'
[1.041s] Level 1:colcon.colcon_core.package_identification:_identify(src/competition) by extensions ['ignore', 'ignore_ament_install']
[1.042s] Level 1:colcon.colcon_core.package_identification:_identify(src/competition) by extension 'ignore'
[1.045s] Level 1:colcon.colcon_core.package_identification:_identify(src/competition) by extension 'ignore_ament_install'
[1.050s] Level 1:colcon.colcon_core.package_identification:_identify(src/competition) by extensions ['colcon_pkg']
[1.052s] Level 1:colcon.colcon_core.package_identification:_identify(src/competition) by extension 'colcon_pkg'
[1.055s] Level 1:colcon.colcon_core.package_identification:_identify(src/competition) by extensions ['colcon_meta']
[1.056s] Level 1:colcon.colcon_core.package_identification:_identify(src/competition) by extension 'colcon_meta'
[1.059s] Level 1:colcon.colcon_core.package_identification:_identify(src/competition) by extensions ['ros']
[1.061s] Level 1:colcon.colcon_core.package_identification:_identify(src/competition) by extension 'ros'
[1.072s] DEBUG:colcon.colcon_core.package_identification:Package 'src/competition' with type 'ros.ament_python' and name 'competition'
[1.075s] Level 1:colcon.colcon_core.package_identification:_identify(src/tello_msgs) by extensions ['ignore', 'ignore_ament_install']
[1.077s] Level 1:colcon.colcon_core.package_identification:_identify(src/tello_msgs) by extension 'ignore'
[1.082s] Level 1:colcon.colcon_core.package_identification:_identify(src/tello_msgs) by extension 'ignore_ament_install'
[1.085s] Level 1:colcon.colcon_core.package_identification:_identify(src/tello_msgs) by extensions ['colcon_pkg']
[1.086s] Level 1:colcon.colcon_core.package_identification:_identify(src/tello_msgs) by extension 'colcon_pkg'
[1.088s] Level 1:colcon.colcon_core.package_identification:_identify(src/tello_msgs) by extensions ['colcon_meta']
[1.089s] Level 1:colcon.colcon_core.package_identification:_identify(src/tello_msgs) by extension 'colcon_meta'
[1.091s] Level 1:colcon.colcon_core.package_identification:_identify(src/tello_msgs) by extensions ['ros']
[1.091s] Level 1:colcon.colcon_core.package_identification:_identify(src/tello_msgs) by extension 'ros'
[1.097s] DEBUG:colcon.colcon_core.package_identification:Package 'src/tello_msgs' with type 'ros.ament_cmake' and name 'tello_msgs'
[1.098s] Level 1:colcon.colcon_core.package_discovery:discover_packages(recursive) using defaults
[1.099s] Level 1:colcon.colcon_core.package_discovery:discover_packages(ignore) discover
[1.099s] Level 1:colcon.colcon_core.package_discovery:discover_packages(ignore) using defaults
[1.100s] Level 1:colcon.colcon_core.package_discovery:discover_packages(path) discover
[1.101s] Level 1:colcon.colcon_core.package_discovery:discover_packages(path) using defaults
[1.166s] INFO:colcon.colcon_core.package_selection:Skipping not selected package 'tello_msgs' in 'src/tello_msgs'
[1.181s] Level 1:colcon.colcon_core.package_discovery:discover_packages(prefix_path) check parameters
[1.182s] Level 1:colcon.colcon_core.package_discovery:discover_packages(prefix_path) discover
[1.223s] DEBUG:colcon.colcon_installed_package_information.package_discovery:Found 2 installed packages in /home/ubuntu/Desktop/16.633_ros/flight_ws/install
[1.230s] DEBUG:colcon.colcon_installed_package_information.package_discovery:Found 5 installed packages in /home/ubuntu/Desktop/16.633_ros/tello_ros_ws/install
[1.234s] DEBUG:colcon.colcon_installed_package_information.package_discovery:Found 264 installed packages in /opt/ros/foxy
[1.243s] Level 1:colcon.colcon_core.package_discovery:discover_packages(prefix_path) using defaults
[1.439s] Level 5:colcon.colcon_core.verb:set package 'competition' build argument 'cmake_args' from command line to 'None'
[1.441s] Level 5:colcon.colcon_core.verb:set package 'competition' build argument 'cmake_target' from command line to 'None'
[1.443s] Level 5:colcon.colcon_core.verb:set package 'competition' build argument 'cmake_target_skip_unavailable' from command line to 'False'
[1.444s] Level 5:colcon.colcon_core.verb:set package 'competition' build argument 'cmake_clean_cache' from command line to 'False'
[1.447s] Level 5:colcon.colcon_core.verb:set package 'competition' build argument 'cmake_clean_first' from command line to 'False'
[1.454s] Level 5:colcon.colcon_core.verb:set package 'competition' build argument 'cmake_force_configure' from command line to 'False'
[1.460s] Level 5:colcon.colcon_core.verb:set package 'competition' build argument 'ament_cmake_args' from command line to 'None'
[1.467s] Level 5:colcon.colcon_core.verb:set package 'competition' build argument 'catkin_cmake_args' from command line to 'None'
[1.468s] Level 5:colcon.colcon_core.verb:set package 'competition' build argument 'catkin_skip_building_tests' from command line to 'False'
[1.469s] DEBUG:colcon.colcon_core.verb:Building package 'competition' with the following arguments: {'ament_cmake_args': None, 'build_base': '/home/ubuntu/Desktop/16.633_ros/flight_ws/build/competition', 'catkin_cmake_args': None, 'catkin_skip_building_tests': False, 'cmake_args': None, 'cmake_clean_cache': False, 'cmake_clean_first': False, 'cmake_force_configure': False, 'cmake_target': None, 'cmake_target_skip_unavailable': False, 'install_base': '/home/ubuntu/Desktop/16.633_ros/flight_ws/install/competition', 'merge_install': False, 'path': '/home/ubuntu/Desktop/16.633_ros/flight_ws/src/competition', 'symlink_install': True, 'test_result_base': None}
[1.472s] INFO:colcon.colcon_core.executor:Executing jobs using 'parallel' executor
[1.491s] DEBUG:colcon.colcon_parallel_executor.executor.parallel:run_until_complete
[1.493s] INFO:colcon.colcon_ros.task.ament_python.build:Building ROS package in '/home/ubuntu/Desktop/16.633_ros/flight_ws/src/competition' with build type 'ament_python'
[1.494s] Level 1:colcon.colcon_core.shell:create_environment_hook('competition', 'ament_prefix_path')
[1.514s] INFO:colcon.colcon_core.plugin_system:Skipping extension 'colcon_core.shell.bat': Not used on non-Windows systems
[1.516s] INFO:colcon.colcon_core.shell:Creating environment hook '/home/ubuntu/Desktop/16.633_ros/flight_ws/install/competition/share/competition/hook/ament_prefix_path.ps1'
[1.526s] INFO:colcon.colcon_core.shell:Creating environment descriptor '/home/ubuntu/Desktop/16.633_ros/flight_ws/install/competition/share/competition/hook/ament_prefix_path.dsv'
[1.535s] INFO:colcon.colcon_core.shell:Creating environment hook '/home/ubuntu/Desktop/16.633_ros/flight_ws/install/competition/share/competition/hook/ament_prefix_path.sh'
[1.549s] INFO:colcon.colcon_core.shell:Skip shell extension 'powershell' for command environment: Not usable outside of PowerShell
[1.550s] DEBUG:colcon.colcon_core.shell:Skip shell extension 'dsv' for command environment
[2.633s] INFO:colcon.colcon_core.task.python.build:Building Python package in '/home/ubuntu/Desktop/16.633_ros/flight_ws/src/competition'
[2.641s] INFO:colcon.colcon_core.shell:Skip shell extension 'powershell' for command environment: Not usable outside of PowerShell
[2.643s] DEBUG:colcon.colcon_core.shell:Skip shell extension 'dsv' for command environment
[4.220s] DEBUG:colcon.colcon_core.event_handler.log_command:Invoking command in '/home/ubuntu/Desktop/16.633_ros/flight_ws/build/competition': PYTHONPATH=/home/ubuntu/Desktop/16.633_ros/flight_ws/build/competition/prefix_override:/home/ubuntu/Desktop/16.633_ros/flight_ws/install/competition/lib/python3.8/site-packages:${PYTHONPATH} /usr/bin/python3 setup.py develop --editable --build-directory /home/ubuntu/Desktop/16.633_ros/flight_ws/build/competition/build --no-deps install_data
[7.047s] Level 1:colcon.colcon_core.shell:create_environment_hook('competition', 'pythonpath_develop')
[7.056s] INFO:colcon.colcon_core.shell:Creating environment hook '/home/ubuntu/Desktop/16.633_ros/flight_ws/build/competition/share/competition/hook/pythonpath_develop.ps1'
[7.058s] DEBUG:colcon.colcon_core.event_handler.log_command:Invoked command in '/home/ubuntu/Desktop/16.633_ros/flight_ws/build/competition' returned '0': PYTHONPATH=/home/ubuntu/Desktop/16.633_ros/flight_ws/build/competition/prefix_override:/home/ubuntu/Desktop/16.633_ros/flight_ws/install/competition/lib/python3.8/site-packages:${PYTHONPATH} /usr/bin/python3 setup.py develop --editable --build-directory /home/ubuntu/Desktop/16.633_ros/flight_ws/build/competition/build --no-deps install_data
[7.071s] INFO:colcon.colcon_core.shell:Creating environment descriptor '/home/ubuntu/Desktop/16.633_ros/flight_ws/build/competition/share/competition/hook/pythonpath_develop.dsv'
[7.081s] INFO:colcon.colcon_core.shell:Creating environment hook '/home/ubuntu/Desktop/16.633_ros/flight_ws/build/competition/share/competition/hook/pythonpath_develop.sh'
[7.104s] Level 1:colcon.colcon_core.environment:checking '/home/ubuntu/Desktop/16.633_ros/flight_ws/install/competition' for CMake module files
[7.156s] Level 1:colcon.colcon_core.environment:checking '/home/ubuntu/Desktop/16.633_ros/flight_ws/install/competition' for CMake config files
[7.165s] Level 1:colcon.colcon_core.environment:checking '/home/ubuntu/Desktop/16.633_ros/flight_ws/install/competition/lib'
[7.167s] Level 1:colcon.colcon_core.environment:checking '/home/ubuntu/Desktop/16.633_ros/flight_ws/install/competition/bin'
[7.170s] Level 1:colcon.colcon_core.environment:checking '/home/ubuntu/Desktop/16.633_ros/flight_ws/install/competition/lib/pkgconfig/competition.pc'
[7.173s] Level 1:colcon.colcon_core.environment:checking '/home/ubuntu/Desktop/16.633_ros/flight_ws/install/competition/lib/python3.8/site-packages'
[7.174s] Level 1:colcon.colcon_core.shell:create_environment_hook('competition', 'pythonpath')
[7.179s] INFO:colcon.colcon_core.shell:Creating environment hook '/home/ubuntu/Desktop/16.633_ros/flight_ws/install/competition/share/competition/hook/pythonpath.ps1'
[7.190s] INFO:colcon.colcon_core.shell:Creating environment descriptor '/home/ubuntu/Desktop/16.633_ros/flight_ws/install/competition/share/competition/hook/pythonpath.dsv'
[7.198s] INFO:colcon.colcon_core.shell:Creating environment hook '/home/ubuntu/Desktop/16.633_ros/flight_ws/install/competition/share/competition/hook/pythonpath.sh'
[7.207s] Level 1:colcon.colcon_core.environment:checking '/home/ubuntu/Desktop/16.633_ros/flight_ws/install/competition/bin'
[7.211s] Level 1:colcon.colcon_core.environment:create_environment_scripts_only(competition)
[7.217s] INFO:colcon.colcon_core.shell:Creating package script '/home/ubuntu/Desktop/16.633_ros/flight_ws/install/competition/share/competition/package.ps1'
[7.238s] INFO:colcon.colcon_core.shell:Creating package descriptor '/home/ubuntu/Desktop/16.633_ros/flight_ws/install/competition/share/competition/package.dsv'
[7.255s] INFO:colcon.colcon_core.shell:Creating package script '/home/ubuntu/Desktop/16.633_ros/flight_ws/install/competition/share/competition/package.sh'
[7.263s] INFO:colcon.colcon_core.shell:Creating package script '/home/ubuntu/Desktop/16.633_ros/flight_ws/install/competition/share/competition/package.bash'
[7.278s] INFO:colcon.colcon_core.shell:Creating package script '/home/ubuntu/Desktop/16.633_ros/flight_ws/install/competition/share/competition/package.zsh'
[7.290s] Level 1:colcon.colcon_core.environment:create_file_with_runtime_dependencies(/home/ubuntu/Desktop/16.633_ros/flight_ws/install/competition/share/colcon-core/packages/competition)
[7.298s] DEBUG:colcon.colcon_parallel_executor.executor.parallel:closing loop
[7.302s] DEBUG:colcon.colcon_parallel_executor.executor.parallel:loop closed
[7.302s] DEBUG:colcon.colcon_parallel_executor.executor.parallel:run_until_complete finished with '0'
[7.308s] DEBUG:colcon.colcon_core.event_reactor:joining thread
[7.365s] INFO:colcon.colcon_core.plugin_system:Skipping extension 'colcon_notification.desktop_notification.terminal_notifier': Not used on non-Darwin systems
[7.367s] INFO:colcon.colcon_core.plugin_system:Skipping extension 'colcon_notification.desktop_notification.win32': Not used on non-Windows systems
[7.369s] INFO:colcon.colcon_notification.desktop_notification:Sending desktop notification using 'notify2'
[7.843s] DEBUG:colcon.colcon_core.event_reactor:joined thread
[7.847s] INFO:colcon.colcon_core.shell:Creating prefix script '/home/ubuntu/Desktop/16.633_ros/flight_ws/install/local_setup.ps1'
[7.862s] INFO:colcon.colcon_core.shell:Creating prefix util module '/home/ubuntu/Desktop/16.633_ros/flight_ws/install/_local_setup_util_ps1.py'
[7.871s] INFO:colcon.colcon_core.shell:Creating prefix chain script '/home/ubuntu/Desktop/16.633_ros/flight_ws/install/setup.ps1'
[7.914s] INFO:colcon.colcon_core.shell:Creating prefix script '/home/ubuntu/Desktop/16.633_ros/flight_ws/install/local_setup.sh'
[7.925s] INFO:colcon.colcon_core.shell:Creating prefix util module '/home/ubuntu/Desktop/16.633_ros/flight_ws/install/_local_setup_util_sh.py'
[7.937s] INFO:colcon.colcon_core.shell:Creating prefix chain script '/home/ubuntu/Desktop/16.633_ros/flight_ws/install/setup.sh'
[7.990s] INFO:colcon.colcon_core.shell:Creating prefix script '/home/ubuntu/Desktop/16.633_ros/flight_ws/install/local_setup.bash'
[8.013s] INFO:colcon.colcon_core.shell:Creating prefix chain script '/home/ubuntu/Desktop/16.633_ros/flight_ws/install/setup.bash'
[8.052s] INFO:colcon.colcon_core.shell:Creating prefix script '/home/ubuntu/Desktop/16.633_ros/flight_ws/install/local_setup.zsh'
[8.060s] INFO:colcon.colcon_core.shell:Creating prefix chain script '/home/ubuntu/Desktop/16.633_ros/flight_ws/install/setup.zsh'
