[0.000000] (-) TimerEvent: {}
[0.009489] (-) JobUnselected: {'identifier': 'tello_msgs'}
[0.011593] (competition) JobQueued: {'identifier': 'competition', 'dependencies': OrderedDict()}
[0.014017] (competition) JobStarted: {'identifier': 'competition'}
[0.092855] (-) TimerEvent: {}
[0.196146] (-) TimerEvent: {}
[0.298619] (-) TimerEvent: {}
[0.404431] (-) TimerEvent: {}
[0.525761] (-) TimerEvent: {}
[0.633493] (-) TimerEvent: {}
[0.736999] (-) TimerEvent: {}
[0.839012] (-) TimerEvent: {}
[0.941586] (-) TimerEvent: {}
[1.044730] (-) TimerEvent: {}
[1.148635] (-) TimerEvent: {}
[1.252451] (-) TimerEvent: {}
[1.356142] (-) TimerEvent: {}
[1.464571] (-) TimerEvent: {}
[1.574113] (-) TimerEvent: {}
[1.677170] (-) TimerEvent: {}
[1.779732] (-) TimerEvent: {}
[1.881395] (-) TimerEvent: {}
[1.986302] (-) TimerEvent: {}
[2.089148] (-) TimerEvent: {}
[2.191470] (-) TimerEvent: {}
[2.293536] (-) TimerEvent: {}
[2.395816] (-) TimerEvent: {}
[2.497978] (-) TimerEvent: {}
[2.602854] (-) TimerEvent: {}
[2.705021] (-) TimerEvent: {}
[2.808858] (-) TimerEvent: {}
[2.910749] (-) TimerEvent: {}
[3.013121] (-) TimerEvent: {}
[3.118441] (-) TimerEvent: {}
[3.220951] (-) TimerEvent: {}
[3.323460] (-) TimerEvent: {}
[3.425779] (-) TimerEvent: {}
[3.529781] (-) TimerEvent: {}
[3.640598] (-) TimerEvent: {}
[3.744119] (-) TimerEvent: {}
[3.847416] (-) TimerEvent: {}
[3.949110] (-) TimerEvent: {}
[4.051193] (-) TimerEvent: {}
[4.153082] (-) TimerEvent: {}
[4.255249] (-) TimerEvent: {}
[4.357399] (-) TimerEvent: {}
[4.459256] (-) TimerEvent: {}
[4.561404] (-) TimerEvent: {}
[4.663286] (-) TimerEvent: {}
[4.767422] (-) TimerEvent: {}
[4.848550] (competition) Command: {'cmd': ['/usr/bin/python3', 'setup.py', 'develop', '--editable', '--build-directory', '/home/ubuntu/Desktop/16.633_ros/flight_ws/build/competition/build', '--no-deps', 'install_data'], 'cwd': '/home/ubuntu/Desktop/16.633_ros/flight_ws/build/competition', 'env': {'VNCDESKTOP': '3f437f477d9b:1 (ubuntu)', 'QT_SCALE_FACTOR': '1', 'USER': 'ubuntu', 'SUPERVISOR_GROUP_NAME': 'vnc', 'HOSTNAME': '3f437f477d9b', 'SHLVL': '2', 'LD_LIBRARY_PATH': '/home/ubuntu/Desktop/16.633_ros/flight_ws/install/tello_msgs/lib:/home/ubuntu/Desktop/16.633_ros/tello_ros_ws/install/tello_gazebo/lib:/home/ubuntu/Desktop/16.633_ros/tello_ros_ws/install/tello_driver/lib:/home/ubuntu/Desktop/16.633_ros/tello_ros_ws/install/tello_msgs/lib:/usr/lib/x86_64-linux-gnu/gazebo-11/plugins:/opt/ros/foxy/opt/yaml_cpp_vendor/lib:/opt/ros/foxy/opt/rviz_ogre_vendor/lib:/opt/ros/foxy/lib/x86_64-linux-gnu:/opt/ros/foxy/lib', 'HOME': '/home/ubuntu', 'OLDPWD': '/home/ubuntu/Desktop/16.633_ros/flight_ws/src', 'ROS_PYTHON_VERSION': '3', 'LC_CTYPE': 'C.UTF-8', 'DBUS_SESSION_BUS_ADDRESS': 'unix:abstract=/tmp/dbus-NyDJJxlgNc,guid=49ef09368b794cd2e712e32b64c50eed', 'COLORTERM': 'truecolor', 'COLCON_PREFIX_PATH': '/home/ubuntu/Desktop/16.633_ros/flight_ws/install:/home/ubuntu/Desktop/16.633_ros/tello_ros_ws/install', 'ROS_DISTRO': 'foxy', 'WINDOWID': '41943046', 'QT_AUTO_SCREEN_SCALE_FACTOR': '0', '_': '/usr/bin/colcon', 'ROS_VERSION': '2', 'TERM': 'xterm-256color', 'GTK_OVERLAY_SCROLLING': '0', 'ROS_LOCALHOST_ONLY': '0', 'INSIDE_CAJA_PYTHON': '', 'PATH': '/opt/ros/foxy/bin:/usr/local/sbin:/usr/local/bin:/usr/sbin:/usr/bin:/sbin:/bin', 'SESSION_MANAGER': 'local/3f437f477d9b:@/tmp/.ICE-unix/67,unix/3f437f477d9b:/tmp/.ICE-unix/67', 'DISPLAY': ':1', 'XDG_CURRENT_DESKTOP': 'MATE', 'SUPERVISOR_ENABLED': '1', 'AMENT_PREFIX_PATH': '/home/ubuntu/Desktop/16.633_ros/flight_ws/install/tello_msgs:/home/ubuntu/Desktop/16.633_ros/flight_ws/install/competition:/home/ubuntu/Desktop/16.633_ros/tello_ros_ws/install/tello_gazebo:/home/ubuntu/Desktop/16.633_ros/tello_ros_ws/install/tello_driver:/home/ubuntu/Desktop/16.633_ros/tello_ros_ws/install/tello_msgs:/home/ubuntu/Desktop/16.633_ros/tello_ros_ws/install/tello_description:/home/ubuntu/Desktop/16.633_ros/tello_ros_ws/install/ros2_shared:/opt/ros/foxy', 'PASSWD': 'ubuntu', 'SUPERVISOR_SERVER_URL': 'unix:///var/run/supervisor.sock', 'SUPERVISOR_PROCESS_NAME': 'vnc', 'PWD': '/home/ubuntu/Desktop/16.633_ros/flight_ws/build/competition', 'PYTHONPATH': '/home/ubuntu/Desktop/16.633_ros/flight_ws/build/competition/prefix_override:/home/ubuntu/Desktop/16.633_ros/flight_ws/install/competition/lib/python3.8/site-packages:/home/ubuntu/Desktop/16.633_ros/flight_ws/install/tello_msgs/lib/python3.8/site-packages:/home/ubuntu/Desktop/16.633_ros/flight_ws/build/competition:/home/ubuntu/Desktop/16.633_ros/flight_ws/install/competition/lib/python3.8/site-packages:/home/ubuntu/Desktop/16.633_ros/tello_ros_ws/install/tello_msgs/lib/python3.8/site-packages:/opt/ros/foxy/lib/python3.8/site-packages', 'MATE_DESKTOP_SESSION_ID': 'this-is-deprecated', 'COLCON': '1', 'VTE_VERSION': '6003', 'CMAKE_PREFIX_PATH': '/home/ubuntu/Desktop/16.633_ros/flight_ws/install/tello_msgs:/home/ubuntu/Desktop/16.633_ros/tello_ros_ws/install/tello_gazebo:/home/ubuntu/Desktop/16.633_ros/tello_ros_ws/install/tello_driver:/home/ubuntu/Desktop/16.633_ros/tello_ros_ws/install/tello_msgs:/home/ubuntu/Desktop/16.633_ros/tello_ros_ws/install/tello_description:/home/ubuntu/Desktop/16.633_ros/tello_ros_ws/install/ros2_shared'}, 'shell': False}
[4.903635] (-) TimerEvent: {}
[5.005290] (-) TimerEvent: {}
[5.107119] (-) TimerEvent: {}
[5.209075] (-) TimerEvent: {}
[5.313937] (-) TimerEvent: {}
[5.417740] (-) TimerEvent: {}
[5.519661] (-) TimerEvent: {}
[5.621402] (-) TimerEvent: {}
[5.723002] (-) TimerEvent: {}
[5.824638] (-) TimerEvent: {}
[5.917619] (competition) StdoutLine: {'line': b'running develop\n'}
[5.925879] (-) TimerEvent: {}
[6.027939] (-) TimerEvent: {}
[6.129769] (-) TimerEvent: {}
[6.233967] (-) TimerEvent: {}
[6.339931] (-) TimerEvent: {}
[6.413967] (competition) StdoutLine: {'line': b'running egg_info\n'}
[6.418766] (competition) StdoutLine: {'line': b'writing competition.egg-info/PKG-INFO\n'}
[6.427284] (competition) StdoutLine: {'line': b'writing dependency_links to competition.egg-info/dependency_links.txt\n'}
[6.437599] (competition) StdoutLine: {'line': b'writing entry points to competition.egg-info/entry_points.txt\n'}
[6.441960] (-) TimerEvent: {}
[6.445415] (competition) StdoutLine: {'line': b'writing requirements to competition.egg-info/requires.txt\n'}
[6.457039] (competition) StdoutLine: {'line': b'writing top-level names to competition.egg-info/top_level.txt\n'}
[6.542121] (-) TimerEvent: {}
[6.626055] (competition) StdoutLine: {'line': b"reading manifest file 'competition.egg-info/SOURCES.txt'\n"}
[6.642300] (-) TimerEvent: {}
[6.653878] (competition) StdoutLine: {'line': b"writing manifest file 'competition.egg-info/SOURCES.txt'\n"}
[6.742392] (-) TimerEvent: {}
[6.843698] (-) TimerEvent: {}
[6.912914] (competition) StdoutLine: {'line': b'running build_ext\n'}
[6.919056] (competition) StdoutLine: {'line': b'Creating /home/ubuntu/Desktop/16.633_ros/flight_ws/install/competition/lib/python3.8/site-packages/competition.egg-link (link to .)\n'}
[6.944208] (-) TimerEvent: {}
[6.945791] (competition) StdoutLine: {'line': b'Installing drone_client script to /home/ubuntu/Desktop/16.633_ros/flight_ws/install/competition/lib/competition\n'}
[6.961892] (competition) StdoutLine: {'line': b'Installing drone_test script to /home/ubuntu/Desktop/16.633_ros/flight_ws/install/competition/lib/competition\n'}
[6.981477] (competition) StdoutLine: {'line': b'\n'}
[6.985592] (competition) StdoutLine: {'line': b'Installed /home/ubuntu/Desktop/16.633_ros/flight_ws/build/competition\n'}
[6.989042] (competition) StdoutLine: {'line': b'running install_data\n'}
[7.044422] (-) TimerEvent: {}
[7.051687] (competition) CommandEnded: {'returncode': 0}
[7.144741] (-) TimerEvent: {}
[7.246467] (-) TimerEvent: {}
[7.310330] (competition) JobEnded: {'identifier': 'competition', 'rc': 0}
[7.332342] (-) EventReactorShutdown: {}
