[0.257s] Invoking command in '/home/ubuntu/Desktop/16.633_ros/tello_ros_ws/build/ros2_shared': CMAKE_PREFIX_PATH=${CMAKE_PREFIX_PATH}:/opt/ros/foxy /usr/bin/cmake /home/ubuntu/Desktop/16.633_ros/tello_ros_ws/src/ros2_shared -DCMAKE_INSTALL_PREFIX=/home/ubuntu/Desktop/16.633_ros/tello_ros_ws/install/ros2_shared
[0.677s] -- Found ament_cmake: 0.9.12 (/opt/ros/foxy/share/ament_cmake/cmake)
[0.789s] -- Using PYTHON_EXECUTABLE: /usr/bin/python3
[1.184s] -- Override CMake install command with custom implementation using symlinks instead of copying resources
[1.290s] -- Found rclcpp: 2.4.3 (/opt/ros/foxy/share/rclcpp/cmake)
[1.418s] -- Using all available rosidl_typesupport_c: rosidl_typesupport_fastrtps_c;rosidl_typesupport_introspection_c
[1.425s] -- Found rosidl_adapter: 1.3.1 (/opt/ros/foxy/share/rosidl_adapter/cmake)
[2.276s] -- Using all available rosidl_typesupport_cpp: rosidl_typesupport_fastrtps_cpp;rosidl_typesupport_introspection_cpp
[2.417s] -- Found rmw_implementation_cmake: 1.0.4 (/opt/ros/foxy/share/rmw_implementation_cmake/cmake)
[2.421s] -- Using RMW implementation 'rmw_fastrtps_cpp' as default
[3.281s] -- Configuring done
[3.549s] -- Generating done
[3.661s] -- Build files have been written to: /home/ubuntu/Desktop/16.633_ros/tello_ros_ws/build/ros2_shared
[3.671s] Invoked command in '/home/ubuntu/Desktop/16.633_ros/tello_ros_ws/build/ros2_shared' returned '0': CMAKE_PREFIX_PATH=${CMAKE_PREFIX_PATH}:/opt/ros/foxy /usr/bin/cmake /home/ubuntu/Desktop/16.633_ros/tello_ros_ws/src/ros2_shared -DCMAKE_INSTALL_PREFIX=/home/ubuntu/Desktop/16.633_ros/tello_ros_ws/install/ros2_shared
[3.683s] Invoking command in '/home/ubuntu/Desktop/16.633_ros/tello_ros_ws/build/ros2_shared': CMAKE_PREFIX_PATH=${CMAKE_PREFIX_PATH}:/opt/ros/foxy /usr/bin/cmake --build /home/ubuntu/Desktop/16.633_ros/tello_ros_ws/build/ros2_shared -- -j6 -l6
[5.271s] Invoked command in '/home/ubuntu/Desktop/16.633_ros/tello_ros_ws/build/ros2_shared' returned '0': CMAKE_PREFIX_PATH=${CMAKE_PREFIX_PATH}:/opt/ros/foxy /usr/bin/cmake --build /home/ubuntu/Desktop/16.633_ros/tello_ros_ws/build/ros2_shared -- -j6 -l6
[6.585s] Invoking command in '/home/ubuntu/Desktop/16.633_ros/tello_ros_ws/build/ros2_shared': CMAKE_PREFIX_PATH=${CMAKE_PREFIX_PATH}:/opt/ros/foxy /usr/bin/cmake --install /home/ubuntu/Desktop/16.633_ros/tello_ros_ws/build/ros2_shared
[6.832s] -- Install configuration: ""
[6.842s] -- Execute custom install script
[6.852s] -- Up-to-date symlink: /home/ubuntu/Desktop/16.633_ros/tello_ros_ws/install/ros2_shared/include/ros2_shared/context_macros.hpp
[6.860s] -- Up-to-date symlink: /home/ubuntu/Desktop/16.633_ros/tello_ros_ws/install/ros2_shared/include/ros2_shared/param_macros.hpp
[6.869s] -- Up-to-date symlink: /home/ubuntu/Desktop/16.633_ros/tello_ros_ws/install/ros2_shared/include/ros2_shared/string_printf.hpp
[6.881s] -- Up-to-date symlink: /home/ubuntu/Desktop/16.633_ros/tello_ros_ws/install/ros2_shared/share/ament_index/resource_index/package_run_dependencies/ros2_shared
[6.894s] -- Up-to-date symlink: /home/ubuntu/Desktop/16.633_ros/tello_ros_ws/install/ros2_shared/share/ament_index/resource_index/parent_prefix_path/ros2_shared
[6.902s] -- Up-to-date symlink: /home/ubuntu/Desktop/16.633_ros/tello_ros_ws/install/ros2_shared/share/ros2_shared/environment/ament_prefix_path.sh
[6.913s] -- Up-to-date symlink: /home/ubuntu/Desktop/16.633_ros/tello_ros_ws/install/ros2_shared/share/ros2_shared/environment/ament_prefix_path.dsv
[6.922s] -- Up-to-date symlink: /home/ubuntu/Desktop/16.633_ros/tello_ros_ws/install/ros2_shared/share/ros2_shared/environment/path.sh
[6.933s] -- Up-to-date symlink: /home/ubuntu/Desktop/16.633_ros/tello_ros_ws/install/ros2_shared/share/ros2_shared/environment/path.dsv
[6.944s] -- Up-to-date symlink: /home/ubuntu/Desktop/16.633_ros/tello_ros_ws/install/ros2_shared/share/ros2_shared/local_setup.bash
[6.953s] -- Up-to-date symlink: /home/ubuntu/Desktop/16.633_ros/tello_ros_ws/install/ros2_shared/share/ros2_shared/local_setup.sh
[6.964s] -- Up-to-date symlink: /home/ubuntu/Desktop/16.633_ros/tello_ros_ws/install/ros2_shared/share/ros2_shared/local_setup.zsh
[6.974s] -- Up-to-date symlink: /home/ubuntu/Desktop/16.633_ros/tello_ros_ws/install/ros2_shared/share/ros2_shared/local_setup.dsv
[6.983s] -- Symlinking: /home/ubuntu/Desktop/16.633_ros/tello_ros_ws/install/ros2_shared/share/ros2_shared/package.dsv
[7.236s] -- Up-to-date symlink: /home/ubuntu/Desktop/16.633_ros/tello_ros_ws/install/ros2_shared/share/ament_index/resource_index/packages/ros2_shared
[7.246s] -- Up-to-date symlink: /home/ubuntu/Desktop/16.633_ros/tello_ros_ws/install/ros2_shared/share/ros2_shared/cmake/ament_cmake_export_targets-extras.cmake
[7.257s] -- Up-to-date symlink: /home/ubuntu/Desktop/16.633_ros/tello_ros_ws/install/ros2_shared/share/ros2_shared/cmake/ament_cmake_export_dependencies-extras.cmake
[7.268s] -- Up-to-date symlink: /home/ubuntu/Desktop/16.633_ros/tello_ros_ws/install/ros2_shared/share/ros2_shared/cmake/ros2_sharedConfig.cmake
[7.276s] -- Up-to-date symlink: /home/ubuntu/Desktop/16.633_ros/tello_ros_ws/install/ros2_shared/share/ros2_shared/cmake/ros2_sharedConfig-version.cmake
[7.286s] -- Up-to-date symlink: /home/ubuntu/Desktop/16.633_ros/tello_ros_ws/install/ros2_shared/share/ros2_shared/package.xml
[7.292s] -- Up-to-date: /home/ubuntu/Desktop/16.633_ros/tello_ros_ws/install/ros2_shared/share/ros2_shared/cmake/ros2_shared_targetsExport.cmake
[7.302s] Invoked command in '/home/ubuntu/Desktop/16.633_ros/tello_ros_ws/build/ros2_shared' returned '0': CMAKE_PREFIX_PATH=${CMAKE_PREFIX_PATH}:/opt/ros/foxy /usr/bin/cmake --install /home/ubuntu/Desktop/16.633_ros/tello_ros_ws/build/ros2_shared
