[0.341s] Invoking command in '/home/ubuntu/Desktop/16.633_ros/tello_ros_ws/build/ros2_shared': CMAKE_PREFIX_PATH=${CMAKE_PREFIX_PATH}:/opt/ros/foxy /usr/bin/cmake --build /home/ubuntu/Desktop/16.633_ros/tello_ros_ws/build/ros2_shared -- -j6 -l6
[2.416s] Invoked command in '/home/ubuntu/Desktop/16.633_ros/tello_ros_ws/build/ros2_shared' returned '0': CMAKE_PREFIX_PATH=${CMAKE_PREFIX_PATH}:/opt/ros/foxy /usr/bin/cmake --build /home/ubuntu/Desktop/16.633_ros/tello_ros_ws/build/ros2_shared -- -j6 -l6
[4.843s] Invoking command in '/home/ubuntu/Desktop/16.633_ros/tello_ros_ws/build/ros2_shared': CMAKE_PREFIX_PATH=${CMAKE_PREFIX_PATH}:/opt/ros/foxy /usr/bin/cmake --install /home/ubuntu/Desktop/16.633_ros/tello_ros_ws/build/ros2_shared
[5.474s] -- Install configuration: ""
[5.491s] -- Execute custom install script
[5.506s] -- Up-to-date symlink: /home/ubuntu/Desktop/16.633_ros/tello_ros_ws/install/ros2_shared/include/ros2_shared/context_macros.hpp
[5.516s] -- Up-to-date symlink: /home/ubuntu/Desktop/16.633_ros/tello_ros_ws/install/ros2_shared/include/ros2_shared/param_macros.hpp
[5.525s] -- Up-to-date symlink: /home/ubuntu/Desktop/16.633_ros/tello_ros_ws/install/ros2_shared/include/ros2_shared/string_printf.hpp
[5.553s] -- Up-to-date symlink: /home/ubuntu/Desktop/16.633_ros/tello_ros_ws/install/ros2_shared/share/ament_index/resource_index/package_run_dependencies/ros2_shared
[5.564s] -- Up-to-date symlink: /home/ubuntu/Desktop/16.633_ros/tello_ros_ws/install/ros2_shared/share/ament_index/resource_index/parent_prefix_path/ros2_shared
[5.574s] -- Up-to-date symlink: /home/ubuntu/Desktop/16.633_ros/tello_ros_ws/install/ros2_shared/share/ros2_shared/environment/ament_prefix_path.sh
[5.586s] -- Up-to-date symlink: /home/ubuntu/Desktop/16.633_ros/tello_ros_ws/install/ros2_shared/share/ros2_shared/environment/ament_prefix_path.dsv
[5.605s] -- Up-to-date symlink: /home/ubuntu/Desktop/16.633_ros/tello_ros_ws/install/ros2_shared/share/ros2_shared/environment/path.sh
[5.618s] -- Up-to-date symlink: /home/ubuntu/Desktop/16.633_ros/tello_ros_ws/install/ros2_shared/share/ros2_shared/environment/path.dsv
[5.628s] -- Up-to-date symlink: /home/ubuntu/Desktop/16.633_ros/tello_ros_ws/install/ros2_shared/share/ros2_shared/local_setup.bash
[5.641s] -- Up-to-date symlink: /home/ubuntu/Desktop/16.633_ros/tello_ros_ws/install/ros2_shared/share/ros2_shared/local_setup.sh
[5.653s] -- Up-to-date symlink: /home/ubuntu/Desktop/16.633_ros/tello_ros_ws/install/ros2_shared/share/ros2_shared/local_setup.zsh
[5.665s] -- Up-to-date symlink: /home/ubuntu/Desktop/16.633_ros/tello_ros_ws/install/ros2_shared/share/ros2_shared/local_setup.dsv
[5.672s] -- Symlinking: /home/ubuntu/Desktop/16.633_ros/tello_ros_ws/install/ros2_shared/share/ros2_shared/package.dsv
[6.023s] -- Up-to-date symlink: /home/ubuntu/Desktop/16.633_ros/tello_ros_ws/install/ros2_shared/share/ament_index/resource_index/packages/ros2_shared
[6.033s] -- Up-to-date symlink: /home/ubuntu/Desktop/16.633_ros/tello_ros_ws/install/ros2_shared/share/ros2_shared/cmake/ament_cmake_export_targets-extras.cmake
[6.044s] -- Up-to-date symlink: /home/ubuntu/Desktop/16.633_ros/tello_ros_ws/install/ros2_shared/share/ros2_shared/cmake/ament_cmake_export_dependencies-extras.cmake
[6.057s] -- Up-to-date symlink: /home/ubuntu/Desktop/16.633_ros/tello_ros_ws/install/ros2_shared/share/ros2_shared/cmake/ros2_sharedConfig.cmake
[6.066s] -- Up-to-date symlink: /home/ubuntu/Desktop/16.633_ros/tello_ros_ws/install/ros2_shared/share/ros2_shared/cmake/ros2_sharedConfig-version.cmake
[6.076s] -- Up-to-date symlink: /home/ubuntu/Desktop/16.633_ros/tello_ros_ws/install/ros2_shared/share/ros2_shared/package.xml
[6.088s] -- Up-to-date: /home/ubuntu/Desktop/16.633_ros/tello_ros_ws/install/ros2_shared/share/ros2_shared/cmake/ros2_shared_targetsExport.cmake
[6.106s] Invoked command in '/home/ubuntu/Desktop/16.633_ros/tello_ros_ws/build/ros2_shared' returned '0': CMAKE_PREFIX_PATH=${CMAKE_PREFIX_PATH}:/opt/ros/foxy /usr/bin/cmake --install /home/ubuntu/Desktop/16.633_ros/tello_ros_ws/build/ros2_shared
