[0.000000] (-) TimerEvent: {}
[0.002145] (-) JobUnselected: {'identifier': 'ros2_shared'}
[0.003709] (-) JobUnselected: {'identifier': 'tello_description'}
[0.005613] (-) JobUnselected: {'identifier': 'tello_driver'}
[0.006912] (-) JobUnselected: {'identifier': 'tello_msgs'}
[0.007982] (tello_gazebo) JobQueued: {'identifier': 'tello_gazebo', 'dependencies': OrderedDict([('tello_msgs', '/home/ubuntu/Desktop/16.633_ros/tello_ros_ws/install/tello_msgs')])}
[0.009252] (tello_gazebo) JobStarted: {'identifier': 'tello_gazebo'}
[0.096496] (-) TimerEvent: {}
[0.156364] (tello_gazebo) JobProgress: {'identifier': 'tello_gazebo', 'progress': 'cmake'}
[0.165102] (tello_gazebo) JobProgress: {'identifier': 'tello_gazebo', 'progress': 'build'}
[0.167823] (tello_gazebo) Command: {'cmd': ['/usr/bin/cmake', '--build', '/home/ubuntu/Desktop/16.633_ros/tello_ros_ws/build/tello_gazebo', '--', '-j6', '-l6'], 'cwd': '/home/ubuntu/Desktop/16.633_ros/tello_ros_ws/build/tello_gazebo', 'env': OrderedDict([('VNCDESKTOP', '3f437f477d9b:1 (ubuntu)'), ('QT_SCALE_FACTOR', '1'), ('USER', 'ubuntu'), ('SUPERVISOR_GROUP_NAME', 'vnc'), ('HOSTNAME', '3f437f477d9b'), ('SHLVL', '2'), ('LD_LIBRARY_PATH', '/home/ubuntu/Desktop/16.633_ros/tello_ros_ws/install/tello_msgs/lib:/home/ubuntu/Desktop/16.633_ros/tello_ros_ws/install/tello_gazebo/lib:/home/ubuntu/Desktop/16.633_ros/tello_ros_ws/install/tello_driver/lib:/usr/lib/x86_64-linux-gnu/gazebo-11/plugins:/opt/ros/foxy/opt/yaml_cpp_vendor/lib:/opt/ros/foxy/opt/rviz_ogre_vendor/lib:/opt/ros/foxy/lib/x86_64-linux-gnu:/opt/ros/foxy/lib'), ('HOME', '/home/ubuntu'), ('OLDPWD', '/home/ubuntu/Desktop/16.633_ros'), ('ROS_PYTHON_VERSION', '3'), ('LC_CTYPE', 'C.UTF-8'), ('DBUS_SESSION_BUS_ADDRESS', 'unix:abstract=/tmp/dbus-NyDJJxlgNc,guid=49ef09368b794cd2e712e32b64c50eed'), ('COLORTERM', 'truecolor'), ('COLCON_PREFIX_PATH', '/home/ubuntu/Desktop/16.633_ros/tello_ros_ws/install'), ('ROS_DISTRO', 'foxy'), ('WINDOWID', '41943046'), ('QT_AUTO_SCREEN_SCALE_FACTOR', '0'), ('_', '/usr/bin/colcon'), ('ROS_VERSION', '2'), ('TERM', 'xterm-256color'), ('GTK_OVERLAY_SCROLLING', '0'), ('ROS_LOCALHOST_ONLY', '0'), ('INSIDE_CAJA_PYTHON', ''), ('PATH', '/opt/ros/foxy/bin:/usr/local/sbin:/usr/local/bin:/usr/sbin:/usr/bin:/sbin:/bin'), ('SESSION_MANAGER', 'local/3f437f477d9b:@/tmp/.ICE-unix/67,unix/3f437f477d9b:/tmp/.ICE-unix/67'), ('DISPLAY', ':1'), ('XDG_CURRENT_DESKTOP', 'MATE'), ('SUPERVISOR_ENABLED', '1'), ('AMENT_PREFIX_PATH', '/home/ubuntu/Desktop/16.633_ros/tello_ros_ws/install/tello_gazebo:/home/ubuntu/Desktop/16.633_ros/tello_ros_ws/install/tello_driver:/home/ubuntu/Desktop/16.633_ros/tello_ros_ws/install/tello_msgs:/home/ubuntu/Desktop/16.633_ros/tello_ros_ws/install/tello_description:/home/ubuntu/Desktop/16.633_ros/tello_ros_ws/install/ros2_shared:/opt/ros/foxy'), ('PASSWD', 'ubuntu'), ('SUPERVISOR_SERVER_URL', 'unix:///var/run/supervisor.sock'), ('SUPERVISOR_PROCESS_NAME', 'vnc'), ('PWD', '/home/ubuntu/Desktop/16.633_ros/tello_ros_ws/build/tello_gazebo'), ('PYTHONPATH', '/home/ubuntu/Desktop/16.633_ros/tello_ros_ws/install/tello_msgs/lib/python3.8/site-packages:/opt/ros/foxy/lib/python3.8/site-packages'), ('MATE_DESKTOP_SESSION_ID', 'this-is-deprecated'), ('COLCON', '1'), ('VTE_VERSION', '6003'), ('CMAKE_PREFIX_PATH', '/home/ubuntu/Desktop/16.633_ros/tello_ros_ws/install/tello_msgs:/home/ubuntu/Desktop/16.633_ros/tello_ros_ws/install/tello_gazebo:/home/ubuntu/Desktop/16.633_ros/tello_ros_ws/install/tello_driver:/home/ubuntu/Desktop/16.633_ros/tello_ros_ws/install/tello_description:/home/ubuntu/Desktop/16.633_ros/tello_ros_ws/install/ros2_shared:/opt/ros/foxy')]), 'shell': False}
[0.205920] (-) TimerEvent: {}
[0.308263] (-) TimerEvent: {}
[0.410225] (-) TimerEvent: {}
[0.511344] (-) TimerEvent: {}
[0.612524] (-) TimerEvent: {}
[0.714582] (-) TimerEvent: {}
[0.816003] (-) TimerEvent: {}
[0.917230] (-) TimerEvent: {}
[1.018776] (-) TimerEvent: {}
[1.120170] (-) TimerEvent: {}
[1.221655] (-) TimerEvent: {}
[1.322726] (-) TimerEvent: {}
[1.396276] (tello_gazebo) StdoutLine: {'line': b'[100%] Built target TelloPlugin\n'}
[1.423169] (-) TimerEvent: {}
[1.527188] (-) TimerEvent: {}
[1.613925] (tello_gazebo) CommandEnded: {'returncode': 0}
[1.627373] (-) TimerEvent: {}
[1.728398] (-) TimerEvent: {}
[1.829553] (-) TimerEvent: {}
[1.930666] (-) TimerEvent: {}
[2.031590] (-) TimerEvent: {}
[2.132839] (-) TimerEvent: {}
[2.234122] (-) TimerEvent: {}
[2.335396] (-) TimerEvent: {}
[2.373434] (tello_gazebo) JobProgress: {'identifier': 'tello_gazebo', 'progress': 'install'}
[2.435583] (-) TimerEvent: {}
[2.539132] (tello_gazebo) Command: {'cmd': ['/usr/bin/cmake', '--install', '/home/ubuntu/Desktop/16.633_ros/tello_ros_ws/build/tello_gazebo'], 'cwd': '/home/ubuntu/Desktop/16.633_ros/tello_ros_ws/build/tello_gazebo', 'env': OrderedDict([('VNCDESKTOP', '3f437f477d9b:1 (ubuntu)'), ('QT_SCALE_FACTOR', '1'), ('USER', 'ubuntu'), ('SUPERVISOR_GROUP_NAME', 'vnc'), ('HOSTNAME', '3f437f477d9b'), ('SHLVL', '2'), ('LD_LIBRARY_PATH', '/home/ubuntu/Desktop/16.633_ros/tello_ros_ws/install/tello_msgs/lib:/home/ubuntu/Desktop/16.633_ros/tello_ros_ws/install/tello_gazebo/lib:/home/ubuntu/Desktop/16.633_ros/tello_ros_ws/install/tello_driver/lib:/usr/lib/x86_64-linux-gnu/gazebo-11/plugins:/opt/ros/foxy/opt/yaml_cpp_vendor/lib:/opt/ros/foxy/opt/rviz_ogre_vendor/lib:/opt/ros/foxy/lib/x86_64-linux-gnu:/opt/ros/foxy/lib'), ('HOME', '/home/ubuntu'), ('OLDPWD', '/home/ubuntu/Desktop/16.633_ros'), ('ROS_PYTHON_VERSION', '3'), ('LC_CTYPE', 'C.UTF-8'), ('DBUS_SESSION_BUS_ADDRESS', 'unix:abstract=/tmp/dbus-NyDJJxlgNc,guid=49ef09368b794cd2e712e32b64c50eed'), ('COLORTERM', 'truecolor'), ('COLCON_PREFIX_PATH', '/home/ubuntu/Desktop/16.633_ros/tello_ros_ws/install'), ('ROS_DISTRO', 'foxy'), ('WINDOWID', '41943046'), ('QT_AUTO_SCREEN_SCALE_FACTOR', '0'), ('_', '/usr/bin/colcon'), ('ROS_VERSION', '2'), ('TERM', 'xterm-256color'), ('GTK_OVERLAY_SCROLLING', '0'), ('ROS_LOCALHOST_ONLY', '0'), ('INSIDE_CAJA_PYTHON', ''), ('PATH', '/opt/ros/foxy/bin:/usr/local/sbin:/usr/local/bin:/usr/sbin:/usr/bin:/sbin:/bin'), ('SESSION_MANAGER', 'local/3f437f477d9b:@/tmp/.ICE-unix/67,unix/3f437f477d9b:/tmp/.ICE-unix/67'), ('DISPLAY', ':1'), ('XDG_CURRENT_DESKTOP', 'MATE'), ('SUPERVISOR_ENABLED', '1'), ('AMENT_PREFIX_PATH', '/home/ubuntu/Desktop/16.633_ros/tello_ros_ws/install/tello_gazebo:/home/ubuntu/Desktop/16.633_ros/tello_ros_ws/install/tello_driver:/home/ubuntu/Desktop/16.633_ros/tello_ros_ws/install/tello_msgs:/home/ubuntu/Desktop/16.633_ros/tello_ros_ws/install/tello_description:/home/ubuntu/Desktop/16.633_ros/tello_ros_ws/install/ros2_shared:/opt/ros/foxy'), ('PASSWD', 'ubuntu'), ('SUPERVISOR_SERVER_URL', 'unix:///var/run/supervisor.sock'), ('SUPERVISOR_PROCESS_NAME', 'vnc'), ('PWD', '/home/ubuntu/Desktop/16.633_ros/tello_ros_ws/build/tello_gazebo'), ('PYTHONPATH', '/home/ubuntu/Desktop/16.633_ros/tello_ros_ws/install/tello_msgs/lib/python3.8/site-packages:/opt/ros/foxy/lib/python3.8/site-packages'), ('MATE_DESKTOP_SESSION_ID', 'this-is-deprecated'), ('COLCON', '1'), ('VTE_VERSION', '6003'), ('CMAKE_PREFIX_PATH', '/home/ubuntu/Desktop/16.633_ros/tello_ros_ws/install/tello_msgs:/home/ubuntu/Desktop/16.633_ros/tello_ros_ws/install/tello_gazebo:/home/ubuntu/Desktop/16.633_ros/tello_ros_ws/install/tello_driver:/home/ubuntu/Desktop/16.633_ros/tello_ros_ws/install/tello_description:/home/ubuntu/Desktop/16.633_ros/tello_ros_ws/install/ros2_shared:/opt/ros/foxy')]), 'shell': False}
[2.548885] (-) TimerEvent: {}
[2.650379] (-) TimerEvent: {}
[2.718806] (tello_gazebo) StdoutLine: {'line': b'-- Install configuration: ""\n'}
[2.723818] (tello_gazebo) StdoutLine: {'line': b'-- Up-to-date: /home/ubuntu/Desktop/16.633_ros/tello_ros_ws/install/tello_gazebo/lib/libTelloPlugin.so\n'}
[2.727230] (tello_gazebo) StdoutLine: {'line': b'-- Up-to-date: /home/ubuntu/Desktop/16.633_ros/tello_ros_ws/install/tello_gazebo/share/tello_gazebo/models\n'}
[2.730723] (tello_gazebo) StdoutLine: {'line': b'-- Up-to-date: /home/ubuntu/Desktop/16.633_ros/tello_ros_ws/install/tello_gazebo/share/tello_gazebo/models/marker_0\n'}
[2.734006] (tello_gazebo) StdoutLine: {'line': b'-- Up-to-date: /home/ubuntu/Desktop/16.633_ros/tello_ros_ws/install/tello_gazebo/share/tello_gazebo/models/marker_0/materials\n'}
[2.737752] (tello_gazebo) StdoutLine: {'line': b'-- Up-to-date: /home/ubuntu/Desktop/16.633_ros/tello_ros_ws/install/tello_gazebo/share/tello_gazebo/models/marker_0/materials/scripts\n'}
[2.740551] (tello_gazebo) StdoutLine: {'line': b'-- Up-to-date: /home/ubuntu/Desktop/16.633_ros/tello_ros_ws/install/tello_gazebo/share/tello_gazebo/models/marker_0/materials/scripts/marker_0.material\n'}
[2.743629] (tello_gazebo) StdoutLine: {'line': b'-- Up-to-date: /home/ubuntu/Desktop/16.633_ros/tello_ros_ws/install/tello_gazebo/share/tello_gazebo/models/marker_0/materials/textures\n'}
[2.746353] (tello_gazebo) StdoutLine: {'line': b'-- Up-to-date: /home/ubuntu/Desktop/16.633_ros/tello_ros_ws/install/tello_gazebo/share/tello_gazebo/models/marker_0/materials/textures/aruco_mark_0.png\n'}
[2.749319] (tello_gazebo) StdoutLine: {'line': b'-- Up-to-date: /home/ubuntu/Desktop/16.633_ros/tello_ros_ws/install/tello_gazebo/share/tello_gazebo/models/marker_0/materials/textures/aruco_mark_0.svg\n'}
[2.753913] (-) TimerEvent: {}
[2.754721] (tello_gazebo) StdoutLine: {'line': b'-- Up-to-date: /home/ubuntu/Desktop/16.633_ros/tello_ros_ws/install/tello_gazebo/share/tello_gazebo/models/marker_0/model.config\n'}
[2.757586] (tello_gazebo) StdoutLine: {'line': b'-- Up-to-date: /home/ubuntu/Desktop/16.633_ros/tello_ros_ws/install/tello_gazebo/share/tello_gazebo/models/marker_0/model.sdf\n'}
[2.760559] (tello_gazebo) StdoutLine: {'line': b'-- Up-to-date: /home/ubuntu/Desktop/16.633_ros/tello_ros_ws/install/tello_gazebo/share/tello_gazebo/models/marker_1\n'}
[2.763527] (tello_gazebo) StdoutLine: {'line': b'-- Up-to-date: /home/ubuntu/Desktop/16.633_ros/tello_ros_ws/install/tello_gazebo/share/tello_gazebo/models/marker_1/materials\n'}
[2.766370] (tello_gazebo) StdoutLine: {'line': b'-- Up-to-date: /home/ubuntu/Desktop/16.633_ros/tello_ros_ws/install/tello_gazebo/share/tello_gazebo/models/marker_1/materials/scripts\n'}
[2.769641] (tello_gazebo) StdoutLine: {'line': b'-- Up-to-date: /home/ubuntu/Desktop/16.633_ros/tello_ros_ws/install/tello_gazebo/share/tello_gazebo/models/marker_1/materials/scripts/marker_1.material\n'}
[2.772177] (tello_gazebo) StdoutLine: {'line': b'-- Up-to-date: /home/ubuntu/Desktop/16.633_ros/tello_ros_ws/install/tello_gazebo/share/tello_gazebo/models/marker_1/materials/textures\n'}
[2.774770] (tello_gazebo) StdoutLine: {'line': b'-- Up-to-date: /home/ubuntu/Desktop/16.633_ros/tello_ros_ws/install/tello_gazebo/share/tello_gazebo/models/marker_1/materials/textures/aruco_mark_1.png\n'}
[2.777876] (tello_gazebo) StdoutLine: {'line': b'-- Up-to-date: /home/ubuntu/Desktop/16.633_ros/tello_ros_ws/install/tello_gazebo/share/tello_gazebo/models/marker_1/materials/textures/aruco_mark_1.svg\n'}
[2.781165] (tello_gazebo) StdoutLine: {'line': b'-- Up-to-date: /home/ubuntu/Desktop/16.633_ros/tello_ros_ws/install/tello_gazebo/share/tello_gazebo/models/marker_1/model.config\n'}
[2.784597] (tello_gazebo) StdoutLine: {'line': b'-- Up-to-date: /home/ubuntu/Desktop/16.633_ros/tello_ros_ws/install/tello_gazebo/share/tello_gazebo/models/marker_1/model.sdf\n'}
[2.787650] (tello_gazebo) StdoutLine: {'line': b'-- Up-to-date: /home/ubuntu/Desktop/16.633_ros/tello_ros_ws/install/tello_gazebo/share/tello_gazebo/models/marker_2\n'}
[2.790661] (tello_gazebo) StdoutLine: {'line': b'-- Up-to-date: /home/ubuntu/Desktop/16.633_ros/tello_ros_ws/install/tello_gazebo/share/tello_gazebo/models/marker_2/materials\n'}
[2.793589] (tello_gazebo) StdoutLine: {'line': b'-- Up-to-date: /home/ubuntu/Desktop/16.633_ros/tello_ros_ws/install/tello_gazebo/share/tello_gazebo/models/marker_2/materials/scripts\n'}
[2.796557] (tello_gazebo) StdoutLine: {'line': b'-- Up-to-date: /home/ubuntu/Desktop/16.633_ros/tello_ros_ws/install/tello_gazebo/share/tello_gazebo/models/marker_2/materials/scripts/marker_2.material\n'}
[2.800421] (tello_gazebo) StdoutLine: {'line': b'-- Up-to-date: /home/ubuntu/Desktop/16.633_ros/tello_ros_ws/install/tello_gazebo/share/tello_gazebo/models/marker_2/materials/textures\n'}
[2.805984] (tello_gazebo) StdoutLine: {'line': b'-- Up-to-date: /home/ubuntu/Desktop/16.633_ros/tello_ros_ws/install/tello_gazebo/share/tello_gazebo/models/marker_2/materials/textures/aruco_mark_2.png\n'}
[2.812969] (tello_gazebo) StdoutLine: {'line': b'-- Up-to-date: /home/ubuntu/Desktop/16.633_ros/tello_ros_ws/install/tello_gazebo/share/tello_gazebo/models/marker_2/materials/textures/aruco_mark_2.svg\n'}
[2.818701] (tello_gazebo) StdoutLine: {'line': b'-- Up-to-date: /home/ubuntu/Desktop/16.633_ros/tello_ros_ws/install/tello_gazebo/share/tello_gazebo/models/marker_2/model.config\n'}
[2.824511] (tello_gazebo) StdoutLine: {'line': b'-- Up-to-date: /home/ubuntu/Desktop/16.633_ros/tello_ros_ws/install/tello_gazebo/share/tello_gazebo/models/marker_2/model.sdf\n'}
[2.829569] (tello_gazebo) StdoutLine: {'line': b'-- Up-to-date: /home/ubuntu/Desktop/16.633_ros/tello_ros_ws/install/tello_gazebo/share/tello_gazebo/models/marker_3\n'}
[2.834171] (tello_gazebo) StdoutLine: {'line': b'-- Up-to-date: /home/ubuntu/Desktop/16.633_ros/tello_ros_ws/install/tello_gazebo/share/tello_gazebo/models/marker_3/materials\n'}
[2.839547] (tello_gazebo) StdoutLine: {'line': b'-- Up-to-date: /home/ubuntu/Desktop/16.633_ros/tello_ros_ws/install/tello_gazebo/share/tello_gazebo/models/marker_3/materials/scripts\n'}
[2.842422] (tello_gazebo) StdoutLine: {'line': b'-- Up-to-date: /home/ubuntu/Desktop/16.633_ros/tello_ros_ws/install/tello_gazebo/share/tello_gazebo/models/marker_3/materials/scripts/marker_3.material\n'}
[2.845598] (tello_gazebo) StdoutLine: {'line': b'-- Up-to-date: /home/ubuntu/Desktop/16.633_ros/tello_ros_ws/install/tello_gazebo/share/tello_gazebo/models/marker_3/materials/textures\n'}
[2.849080] (tello_gazebo) StdoutLine: {'line': b'-- Up-to-date: /home/ubuntu/Desktop/16.633_ros/tello_ros_ws/install/tello_gazebo/share/tello_gazebo/models/marker_3/materials/textures/aruco_mark_3.png\n'}
[2.852216] (tello_gazebo) StdoutLine: {'line': b'-- Up-to-date: /home/ubuntu/Desktop/16.633_ros/tello_ros_ws/install/tello_gazebo/share/tello_gazebo/models/marker_3/materials/textures/aruco_mark_3.svg\n'}
[2.855468] (-) TimerEvent: {}
[2.856907] (tello_gazebo) StdoutLine: {'line': b'-- Up-to-date: /home/ubuntu/Desktop/16.633_ros/tello_ros_ws/install/tello_gazebo/share/tello_gazebo/models/marker_3/model.config\n'}
[2.860721] (tello_gazebo) StdoutLine: {'line': b'-- Up-to-date: /home/ubuntu/Desktop/16.633_ros/tello_ros_ws/install/tello_gazebo/share/tello_gazebo/models/marker_3/model.sdf\n'}
[2.863278] (tello_gazebo) StdoutLine: {'line': b'-- Up-to-date: /home/ubuntu/Desktop/16.633_ros/tello_ros_ws/install/tello_gazebo/share/tello_gazebo/models/marker_4\n'}
[2.866065] (tello_gazebo) StdoutLine: {'line': b'-- Up-to-date: /home/ubuntu/Desktop/16.633_ros/tello_ros_ws/install/tello_gazebo/share/tello_gazebo/models/marker_4/materials\n'}
[2.869245] (tello_gazebo) StdoutLine: {'line': b'-- Up-to-date: /home/ubuntu/Desktop/16.633_ros/tello_ros_ws/install/tello_gazebo/share/tello_gazebo/models/marker_4/materials/scripts\n'}
[2.871933] (tello_gazebo) StdoutLine: {'line': b'-- Up-to-date: /home/ubuntu/Desktop/16.633_ros/tello_ros_ws/install/tello_gazebo/share/tello_gazebo/models/marker_4/materials/scripts/marker_4.material\n'}
[2.874752] (tello_gazebo) StdoutLine: {'line': b'-- Up-to-date: /home/ubuntu/Desktop/16.633_ros/tello_ros_ws/install/tello_gazebo/share/tello_gazebo/models/marker_4/materials/textures\n'}
[2.877918] (tello_gazebo) StdoutLine: {'line': b'-- Up-to-date: /home/ubuntu/Desktop/16.633_ros/tello_ros_ws/install/tello_gazebo/share/tello_gazebo/models/marker_4/materials/textures/aruco_mark_4.png\n'}
[2.880895] (tello_gazebo) StdoutLine: {'line': b'-- Up-to-date: /home/ubuntu/Desktop/16.633_ros/tello_ros_ws/install/tello_gazebo/share/tello_gazebo/models/marker_4/materials/textures/aruco_mark_4.svg\n'}
[2.884348] (tello_gazebo) StdoutLine: {'line': b'-- Up-to-date: /home/ubuntu/Desktop/16.633_ros/tello_ros_ws/install/tello_gazebo/share/tello_gazebo/models/marker_4/model.config\n'}
[2.887622] (tello_gazebo) StdoutLine: {'line': b'-- Up-to-date: /home/ubuntu/Desktop/16.633_ros/tello_ros_ws/install/tello_gazebo/share/tello_gazebo/models/marker_4/model.sdf\n'}
[2.891010] (tello_gazebo) StdoutLine: {'line': b'-- Up-to-date: /home/ubuntu/Desktop/16.633_ros/tello_ros_ws/install/tello_gazebo/share/tello_gazebo/models/marker_5\n'}
[2.896628] (tello_gazebo) StdoutLine: {'line': b'-- Up-to-date: /home/ubuntu/Desktop/16.633_ros/tello_ros_ws/install/tello_gazebo/share/tello_gazebo/models/marker_5/materials\n'}
[2.903233] (tello_gazebo) StdoutLine: {'line': b'-- Up-to-date: /home/ubuntu/Desktop/16.633_ros/tello_ros_ws/install/tello_gazebo/share/tello_gazebo/models/marker_5/materials/scripts\n'}
[2.908904] (tello_gazebo) StdoutLine: {'line': b'-- Up-to-date: /home/ubuntu/Desktop/16.633_ros/tello_ros_ws/install/tello_gazebo/share/tello_gazebo/models/marker_5/materials/scripts/marker_5.material\n'}
[2.913945] (tello_gazebo) StdoutLine: {'line': b'-- Up-to-date: /home/ubuntu/Desktop/16.633_ros/tello_ros_ws/install/tello_gazebo/share/tello_gazebo/models/marker_5/materials/textures\n'}
[2.920011] (tello_gazebo) StdoutLine: {'line': b'-- Up-to-date: /home/ubuntu/Desktop/16.633_ros/tello_ros_ws/install/tello_gazebo/share/tello_gazebo/models/marker_5/materials/textures/aruco_mark_5.png\n'}
[2.925881] (tello_gazebo) StdoutLine: {'line': b'-- Up-to-date: /home/ubuntu/Desktop/16.633_ros/tello_ros_ws/install/tello_gazebo/share/tello_gazebo/models/marker_5/materials/textures/aruco_mark_5.svg\n'}
[2.930799] (tello_gazebo) StdoutLine: {'line': b'-- Up-to-date: /home/ubuntu/Desktop/16.633_ros/tello_ros_ws/install/tello_gazebo/share/tello_gazebo/models/marker_5/model.config\n'}
[2.935842] (tello_gazebo) StdoutLine: {'line': b'-- Up-to-date: /home/ubuntu/Desktop/16.633_ros/tello_ros_ws/install/tello_gazebo/share/tello_gazebo/models/marker_5/model.sdf\n'}
[2.939088] (tello_gazebo) StdoutLine: {'line': b'-- Up-to-date: /home/ubuntu/Desktop/16.633_ros/tello_ros_ws/install/tello_gazebo/share/tello_gazebo/models/marker_6\n'}
[2.942266] (tello_gazebo) StdoutLine: {'line': b'-- Up-to-date: /home/ubuntu/Desktop/16.633_ros/tello_ros_ws/install/tello_gazebo/share/tello_gazebo/models/marker_6/materials\n'}
[2.944711] (tello_gazebo) StdoutLine: {'line': b'-- Up-to-date: /home/ubuntu/Desktop/16.633_ros/tello_ros_ws/install/tello_gazebo/share/tello_gazebo/models/marker_6/materials/scripts\n'}
[2.947822] (tello_gazebo) StdoutLine: {'line': b'-- Up-to-date: /home/ubuntu/Desktop/16.633_ros/tello_ros_ws/install/tello_gazebo/share/tello_gazebo/models/marker_6/materials/scripts/marker_6.material\n'}
[2.951094] (tello_gazebo) StdoutLine: {'line': b'-- Up-to-date: /home/ubuntu/Desktop/16.633_ros/tello_ros_ws/install/tello_gazebo/share/tello_gazebo/models/marker_6/materials/textures\n'}
[2.955644] (-) TimerEvent: {}
[2.956449] (tello_gazebo) StdoutLine: {'line': b'-- Up-to-date: /home/ubuntu/Desktop/16.633_ros/tello_ros_ws/install/tello_gazebo/share/tello_gazebo/models/marker_6/materials/textures/aruco_mark_6.png\n'}
[2.959239] (tello_gazebo) StdoutLine: {'line': b'-- Up-to-date: /home/ubuntu/Desktop/16.633_ros/tello_ros_ws/install/tello_gazebo/share/tello_gazebo/models/marker_6/materials/textures/aruco_mark_6.svg\n'}
[2.962006] (tello_gazebo) StdoutLine: {'line': b'-- Up-to-date: /home/ubuntu/Desktop/16.633_ros/tello_ros_ws/install/tello_gazebo/share/tello_gazebo/models/marker_6/model.config\n'}
[2.964905] (tello_gazebo) StdoutLine: {'line': b'-- Up-to-date: /home/ubuntu/Desktop/16.633_ros/tello_ros_ws/install/tello_gazebo/share/tello_gazebo/models/marker_6/model.sdf\n'}
[2.968898] (tello_gazebo) StdoutLine: {'line': b'-- Up-to-date: /home/ubuntu/Desktop/16.633_ros/tello_ros_ws/install/tello_gazebo/share/tello_gazebo/models/marker_7\n'}
[2.972207] (tello_gazebo) StdoutLine: {'line': b'-- Up-to-date: /home/ubuntu/Desktop/16.633_ros/tello_ros_ws/install/tello_gazebo/share/tello_gazebo/models/marker_7/materials\n'}
[2.975415] (tello_gazebo) StdoutLine: {'line': b'-- Up-to-date: /home/ubuntu/Desktop/16.633_ros/tello_ros_ws/install/tello_gazebo/share/tello_gazebo/models/marker_7/materials/scripts\n'}
[2.978196] (tello_gazebo) StdoutLine: {'line': b'-- Up-to-date: /home/ubuntu/Desktop/16.633_ros/tello_ros_ws/install/tello_gazebo/share/tello_gazebo/models/marker_7/materials/scripts/marker_7.material\n'}
[2.981934] (tello_gazebo) StdoutLine: {'line': b'-- Up-to-date: /home/ubuntu/Desktop/16.633_ros/tello_ros_ws/install/tello_gazebo/share/tello_gazebo/models/marker_7/materials/textures\n'}
[2.985447] (tello_gazebo) StdoutLine: {'line': b'-- Up-to-date: /home/ubuntu/Desktop/16.633_ros/tello_ros_ws/install/tello_gazebo/share/tello_gazebo/models/marker_7/materials/textures/aruco_mark_7.png\n'}
[2.989386] (tello_gazebo) StdoutLine: {'line': b'-- Up-to-date: /home/ubuntu/Desktop/16.633_ros/tello_ros_ws/install/tello_gazebo/share/tello_gazebo/models/marker_7/materials/textures/aruco_mark_7.svg\n'}
[2.994725] (tello_gazebo) StdoutLine: {'line': b'-- Up-to-date: /home/ubuntu/Desktop/16.633_ros/tello_ros_ws/install/tello_gazebo/share/tello_gazebo/models/marker_7/model.config\n'}
[2.998952] (tello_gazebo) StdoutLine: {'line': b'-- Up-to-date: /home/ubuntu/Desktop/16.633_ros/tello_ros_ws/install/tello_gazebo/share/tello_gazebo/models/marker_7/model.sdf\n'}
[3.002465] (tello_gazebo) StdoutLine: {'line': b'-- Up-to-date: /home/ubuntu/Desktop/16.633_ros/tello_ros_ws/install/tello_gazebo/share/tello_gazebo/worlds\n'}
[3.006517] (tello_gazebo) StdoutLine: {'line': b'-- Up-to-date: /home/ubuntu/Desktop/16.633_ros/tello_ros_ws/install/tello_gazebo/share/tello_gazebo/worlds/build_world.py\n'}
[3.010209] (tello_gazebo) StdoutLine: {'line': b'-- Installing: /home/ubuntu/Desktop/16.633_ros/tello_ros_ws/install/tello_gazebo/share/tello_gazebo/worlds/competition.world\n'}
[3.014267] (tello_gazebo) StdoutLine: {'line': b'-- Up-to-date: /home/ubuntu/Desktop/16.633_ros/tello_ros_ws/install/tello_gazebo/share/tello_gazebo/worlds/f2.world\n'}
[3.018695] (tello_gazebo) StdoutLine: {'line': b'-- Up-to-date: /home/ubuntu/Desktop/16.633_ros/tello_ros_ws/install/tello_gazebo/share/tello_gazebo/worlds/f2_map.yaml\n'}
[3.021543] (tello_gazebo) StdoutLine: {'line': b'-- Up-to-date: /home/ubuntu/Desktop/16.633_ros/tello_ros_ws/install/tello_gazebo/share/tello_gazebo/worlds/fiducial.world\n'}
[3.024203] (tello_gazebo) StdoutLine: {'line': b'-- Up-to-date: /home/ubuntu/Desktop/16.633_ros/tello_ros_ws/install/tello_gazebo/share/tello_gazebo/worlds/fiducial_map.yaml\n'}
[3.027159] (tello_gazebo) StdoutLine: {'line': b'-- Up-to-date: /home/ubuntu/Desktop/16.633_ros/tello_ros_ws/install/tello_gazebo/share/tello_gazebo/worlds/simple.world\n'}
[3.032148] (tello_gazebo) StdoutLine: {'line': b'-- Up-to-date: /home/ubuntu/Desktop/16.633_ros/tello_ros_ws/install/tello_gazebo/share/tello_gazebo/launch\n'}
[3.035105] (tello_gazebo) StdoutLine: {'line': b'-- Up-to-date: /home/ubuntu/Desktop/16.633_ros/tello_ros_ws/install/tello_gazebo/share/tello_gazebo/launch/simple_launch.py\n'}
[3.038320] (tello_gazebo) StdoutLine: {'line': b'-- Up-to-date: /home/ubuntu/Desktop/16.633_ros/tello_ros_ws/install/tello_gazebo/share/tello_gazebo/launch/vlam_launch.py\n'}
[3.041427] (tello_gazebo) StdoutLine: {'line': b'-- Up-to-date: /home/ubuntu/Desktop/16.633_ros/tello_ros_ws/install/tello_gazebo/lib/tello_gazebo/inject_entity.py\n'}
[3.044776] (tello_gazebo) StdoutLine: {'line': b'-- Up-to-date: /home/ubuntu/Desktop/16.633_ros/tello_ros_ws/install/tello_gazebo/share/ament_index/resource_index/package_run_dependencies/tello_gazebo\n'}
[3.047664] (tello_gazebo) StdoutLine: {'line': b'-- Up-to-date: /home/ubuntu/Desktop/16.633_ros/tello_ros_ws/install/tello_gazebo/share/ament_index/resource_index/parent_prefix_path/tello_gazebo\n'}
[3.050882] (tello_gazebo) StdoutLine: {'line': b'-- Up-to-date: /home/ubuntu/Desktop/16.633_ros/tello_ros_ws/install/tello_gazebo/share/tello_gazebo/environment/ament_prefix_path.sh\n'}
[3.055509] (tello_gazebo) StdoutLine: {'line': b'-- Up-to-date: /home/ubuntu/Desktop/16.633_ros/tello_ros_ws/install/tello_gazebo/share/tello_gazebo/environment/ament_prefix_path.dsv\n'}
[3.058700] (-) TimerEvent: {}
[3.059784] (tello_gazebo) StdoutLine: {'line': b'-- Up-to-date: /home/ubuntu/Desktop/16.633_ros/tello_ros_ws/install/tello_gazebo/share/tello_gazebo/environment/path.sh\n'}
[3.063222] (tello_gazebo) StdoutLine: {'line': b'-- Up-to-date: /home/ubuntu/Desktop/16.633_ros/tello_ros_ws/install/tello_gazebo/share/tello_gazebo/environment/path.dsv\n'}
[3.066527] (tello_gazebo) StdoutLine: {'line': b'-- Up-to-date: /home/ubuntu/Desktop/16.633_ros/tello_ros_ws/install/tello_gazebo/share/tello_gazebo/local_setup.bash\n'}
[3.071654] (tello_gazebo) StdoutLine: {'line': b'-- Up-to-date: /home/ubuntu/Desktop/16.633_ros/tello_ros_ws/install/tello_gazebo/share/tello_gazebo/local_setup.sh\n'}
[3.074868] (tello_gazebo) StdoutLine: {'line': b'-- Up-to-date: /home/ubuntu/Desktop/16.633_ros/tello_ros_ws/install/tello_gazebo/share/tello_gazebo/local_setup.zsh\n'}
[3.078104] (tello_gazebo) StdoutLine: {'line': b'-- Up-to-date: /home/ubuntu/Desktop/16.633_ros/tello_ros_ws/install/tello_gazebo/share/tello_gazebo/local_setup.dsv\n'}
[3.086847] (tello_gazebo) StdoutLine: {'line': b'-- Installing: /home/ubuntu/Desktop/16.633_ros/tello_ros_ws/install/tello_gazebo/share/tello_gazebo/package.dsv\n'}
[3.091581] (tello_gazebo) StdoutLine: {'line': b'-- Up-to-date: /home/ubuntu/Desktop/16.633_ros/tello_ros_ws/install/tello_gazebo/share/ament_index/resource_index/packages/tello_gazebo\n'}
[3.094499] (tello_gazebo) StdoutLine: {'line': b'-- Up-to-date: /home/ubuntu/Desktop/16.633_ros/tello_ros_ws/install/tello_gazebo/share/tello_gazebo/cmake/tello_gazeboConfig.cmake\n'}
[3.097260] (tello_gazebo) StdoutLine: {'line': b'-- Up-to-date: /home/ubuntu/Desktop/16.633_ros/tello_ros_ws/install/tello_gazebo/share/tello_gazebo/cmake/tello_gazeboConfig-version.cmake\n'}
[3.100967] (tello_gazebo) StdoutLine: {'line': b'-- Up-to-date: /home/ubuntu/Desktop/16.633_ros/tello_ros_ws/install/tello_gazebo/share/tello_gazebo/package.xml\n'}
[3.104492] (tello_gazebo) CommandEnded: {'returncode': 0}
[3.158957] (-) TimerEvent: {}
[3.259967] (-) TimerEvent: {}
[3.361094] (-) TimerEvent: {}
[3.462253] (-) TimerEvent: {}
[3.563309] (-) TimerEvent: {}
[3.664537] (-) TimerEvent: {}
[3.765788] (-) TimerEvent: {}
[3.867326] (-) TimerEvent: {}
[3.969198] (-) TimerEvent: {}
[4.071175] (-) TimerEvent: {}
[4.132429] (tello_gazebo) JobEnded: {'identifier': 'tello_gazebo', 'rc': 0}
[4.142997] (-) EventReactorShutdown: {}
