[2.333s] Invoking command in '/home/ubuntu/Desktop/16.633_ros/flight_ws/src/competition': PYTHONPATH=/home/ubuntu/Desktop/16.633_ros/flight_ws/build/competition/prefix_override:/home/ubuntu/Desktop/16.633_ros/flight_ws/install/competition/lib/python3.8/site-packages:${PYTHONPATH} /usr/bin/python3 setup.py egg_info --egg-base ../../build/competition build --build-base /home/ubuntu/Desktop/16.633_ros/flight_ws/build/competition/build install --record /home/ubuntu/Desktop/16.633_ros/flight_ws/build/competition/install.log --install-scripts $base/lib/competition --single-version-externally-managed
[2.912s] running egg_info
[2.918s] writing ../../build/competition/competition.egg-info/PKG-INFO
[2.930s] writing dependency_links to ../../build/competition/competition.egg-info/dependency_links.txt
[2.937s] writing entry points to ../../build/competition/competition.egg-info/entry_points.txt
[2.943s] writing requirements to ../../build/competition/competition.egg-info/requires.txt
[2.948s] writing top-level names to ../../build/competition/competition.egg-info/top_level.txt
[3.043s] reading manifest file '../../build/competition/competition.egg-info/SOURCES.txt'
[3.055s] writing manifest file '../../build/competition/competition.egg-info/SOURCES.txt'
[3.063s] running build
[3.068s] running build_py
[3.073s] copying competition/drone_service_test.py -> /home/ubuntu/Desktop/16.633_ros/flight_ws/build/competition/build/lib/competition
[3.089s] running install
[3.095s] running install_lib
[3.101s] copying /home/ubuntu/Desktop/16.633_ros/flight_ws/build/competition/build/lib/competition/drone_service_test.py -> /home/ubuntu/Desktop/16.633_ros/flight_ws/install/competition/lib/python3.8/site-packages/competition
[3.141s] byte-compiling /home/ubuntu/Desktop/16.633_ros/flight_ws/install/competition/lib/python3.8/site-packages/competition/drone_service_test.py to drone_service_test.cpython-38.pyc
[3.158s] running install_data
[3.166s] running install_egg_info
[3.170s] removing '/home/ubuntu/Desktop/16.633_ros/flight_ws/install/competition/lib/python3.8/site-packages/competition-0.0.0-py3.8.egg-info' (and everything under it)
[3.185s] Copying ../../build/competition/competition.egg-info to /home/ubuntu/Desktop/16.633_ros/flight_ws/install/competition/lib/python3.8/site-packages/competition-0.0.0-py3.8.egg-info
[3.326s] running install_scripts
[3.385s] Installing drone_test script to /home/ubuntu/Desktop/16.633_ros/flight_ws/install/competition/lib/competition
[3.394s] Installing test_client script to /home/ubuntu/Desktop/16.633_ros/flight_ws/install/competition/lib/competition
[3.406s] writing list of installed files to '/home/ubuntu/Desktop/16.633_ros/flight_ws/build/competition/install.log'
[3.469s] Invoked command in '/home/ubuntu/Desktop/16.633_ros/flight_ws/src/competition' returned '0': PYTHONPATH=/home/ubuntu/Desktop/16.633_ros/flight_ws/build/competition/prefix_override:/home/ubuntu/Desktop/16.633_ros/flight_ws/install/competition/lib/python3.8/site-packages:${PYTHONPATH} /usr/bin/python3 setup.py egg_info --egg-base ../../build/competition build --build-base /home/ubuntu/Desktop/16.633_ros/flight_ws/build/competition/build install --record /home/ubuntu/Desktop/16.633_ros/flight_ws/build/competition/install.log --install-scripts $base/lib/competition --single-version-externally-managed
