[0.000000] (-) TimerEvent: {}
[0.003806] (-) JobUnselected: {'identifier': 'tello_msgs'}
[0.004992] (competition) JobQueued: {'identifier': 'competition', 'dependencies': OrderedDict()}
[0.006626] (competition) JobStarted: {'identifier': 'competition'}
[0.096018] (-) TimerEvent: {}
[0.197914] (-) TimerEvent: {}
[0.299856] (-) TimerEvent: {}
[0.401895] (-) TimerEvent: {}
[0.503918] (-) TimerEvent: {}
[0.606232] (-) TimerEvent: {}
[0.708743] (-) TimerEvent: {}
[0.810919] (-) TimerEvent: {}
[0.913155] (-) TimerEvent: {}
[1.014327] (-) TimerEvent: {}
[1.108930] (competition) Command: {'cmd': ['/usr/bin/python3', 'setup.py', 'develop', '--uninstall', '--editable', '--build-directory', '/home/ubuntu/Desktop/16.633_ros/flight_ws/build/competition/build'], 'cwd': '/home/ubuntu/Desktop/16.633_ros/flight_ws/build/competition', 'env': {'VNCDESKTOP': '3f437f477d9b:1 (ubuntu)', 'QT_SCALE_FACTOR': '1', 'USER': 'ubuntu', 'SUPERVISOR_GROUP_NAME': 'vnc', 'HOSTNAME': '3f437f477d9b', 'SHLVL': '2', 'LD_LIBRARY_PATH': '/usr/lib/x86_64-linux-gnu/gazebo-11/plugins:/opt/ros/foxy/opt/yaml_cpp_vendor/lib:/opt/ros/foxy/opt/rviz_ogre_vendor/lib:/opt/ros/foxy/lib/x86_64-linux-gnu:/opt/ros/foxy/lib', 'HOME': '/home/ubuntu', 'OLDPWD': '/home/ubuntu/Desktop/16.633_ros', 'ROS_PYTHON_VERSION': '3', 'LC_CTYPE': 'C.UTF-8', 'DBUS_SESSION_BUS_ADDRESS': 'unix:abstract=/tmp/dbus-6QCGNuMhVN,guid=7360e4d6dbb6897c8293741764cc65f7', 'COLORTERM': 'truecolor', 'ROS_DISTRO': 'foxy', 'WINDOWID': '39845894', 'QT_AUTO_SCREEN_SCALE_FACTOR': '0', '_': '/usr/bin/colcon', 'ROS_VERSION': '2', 'TERM': 'xterm-256color', 'GTK_OVERLAY_SCROLLING': '0', 'ROS_LOCALHOST_ONLY': '0', 'INSIDE_CAJA_PYTHON': '', 'PATH': '/opt/ros/foxy/bin:/usr/local/sbin:/usr/local/bin:/usr/sbin:/usr/bin:/sbin:/bin', 'SESSION_MANAGER': 'local/3f437f477d9b:@/tmp/.ICE-unix/67,unix/3f437f477d9b:/tmp/.ICE-unix/67', 'DISPLAY': ':1', 'XDG_CURRENT_DESKTOP': 'MATE', 'SUPERVISOR_ENABLED': '1', 'AMENT_PREFIX_PATH': '/opt/ros/foxy', 'PASSWD': 'ubuntu', 'SUPERVISOR_SERVER_URL': 'unix:///var/run/supervisor.sock', 'SUPERVISOR_PROCESS_NAME': 'vnc', 'PWD': '/home/ubuntu/Desktop/16.633_ros/flight_ws/build/competition', 'PYTHONPATH': '/home/ubuntu/Desktop/16.633_ros/flight_ws/build/competition/prefix_override:/home/ubuntu/Desktop/16.633_ros/flight_ws/install/competition/lib/python3.8/site-packages:/opt/ros/foxy/lib/python3.8/site-packages', 'MATE_DESKTOP_SESSION_ID': 'this-is-deprecated', 'COLCON': '1', 'VTE_VERSION': '6003'}, 'shell': False}
[1.139980] (-) TimerEvent: {}
[1.241544] (-) TimerEvent: {}
[1.343603] (-) TimerEvent: {}
[1.409260] (competition) StdoutLine: {'line': b'running develop\n'}
[1.443764] (-) TimerEvent: {}
[1.545732] (-) TimerEvent: {}
[1.618326] (competition) StdoutLine: {'line': b'Removing /home/ubuntu/Desktop/16.633_ros/flight_ws/install/competition/lib/python3.8/site-packages/competition.egg-link (link to .)\n'}
[1.643447] (competition) CommandEnded: {'returncode': 0}
[1.651625] (-) TimerEvent: {}
[1.652939] (competition) Command: {'cmd': ['/usr/bin/python3', 'setup.py', 'egg_info', '--egg-base', '../../build/competition', 'build', '--build-base', '/home/ubuntu/Desktop/16.633_ros/flight_ws/build/competition/build', 'install', '--record', '/home/ubuntu/Desktop/16.633_ros/flight_ws/build/competition/install.log', '--install-scripts', '$base/lib/competition', '--single-version-externally-managed'], 'cwd': '/home/ubuntu/Desktop/16.633_ros/flight_ws/src/competition', 'env': {'VNCDESKTOP': '3f437f477d9b:1 (ubuntu)', 'QT_SCALE_FACTOR': '1', 'USER': 'ubuntu', 'SUPERVISOR_GROUP_NAME': 'vnc', 'HOSTNAME': '3f437f477d9b', 'SHLVL': '2', 'LD_LIBRARY_PATH': '/usr/lib/x86_64-linux-gnu/gazebo-11/plugins:/opt/ros/foxy/opt/yaml_cpp_vendor/lib:/opt/ros/foxy/opt/rviz_ogre_vendor/lib:/opt/ros/foxy/lib/x86_64-linux-gnu:/opt/ros/foxy/lib', 'HOME': '/home/ubuntu', 'OLDPWD': '/home/ubuntu/Desktop/16.633_ros', 'ROS_PYTHON_VERSION': '3', 'LC_CTYPE': 'C.UTF-8', 'DBUS_SESSION_BUS_ADDRESS': 'unix:abstract=/tmp/dbus-6QCGNuMhVN,guid=7360e4d6dbb6897c8293741764cc65f7', 'COLORTERM': 'truecolor', 'ROS_DISTRO': 'foxy', 'WINDOWID': '39845894', 'QT_AUTO_SCREEN_SCALE_FACTOR': '0', '_': '/usr/bin/colcon', 'ROS_VERSION': '2', 'TERM': 'xterm-256color', 'GTK_OVERLAY_SCROLLING': '0', 'ROS_LOCALHOST_ONLY': '0', 'INSIDE_CAJA_PYTHON': '', 'PATH': '/opt/ros/foxy/bin:/usr/local/sbin:/usr/local/bin:/usr/sbin:/usr/bin:/sbin:/bin', 'SESSION_MANAGER': 'local/3f437f477d9b:@/tmp/.ICE-unix/67,unix/3f437f477d9b:/tmp/.ICE-unix/67', 'DISPLAY': ':1', 'XDG_CURRENT_DESKTOP': 'MATE', 'SUPERVISOR_ENABLED': '1', 'AMENT_PREFIX_PATH': '/opt/ros/foxy', 'PASSWD': 'ubuntu', 'SUPERVISOR_SERVER_URL': 'unix:///var/run/supervisor.sock', 'SUPERVISOR_PROCESS_NAME': 'vnc', 'PWD': '/home/ubuntu/Desktop/16.633_ros/flight_ws/build/competition', 'PYTHONPATH': '/home/ubuntu/Desktop/16.633_ros/flight_ws/build/competition/prefix_override:/home/ubuntu/Desktop/16.633_ros/flight_ws/install/competition/lib/python3.8/site-packages:/opt/ros/foxy/lib/python3.8/site-packages', 'MATE_DESKTOP_SESSION_ID': 'this-is-deprecated', 'COLCON': '1', 'VTE_VERSION': '6003'}, 'shell': False}
[1.751812] (-) TimerEvent: {}
[1.853865] (-) TimerEvent: {}
[1.917436] (competition) StdoutLine: {'line': b'running egg_info\n'}
[1.921790] (competition) StdoutLine: {'line': b'writing ../../build/competition/competition.egg-info/PKG-INFO\n'}
[1.925952] (competition) StdoutLine: {'line': b'writing dependency_links to ../../build/competition/competition.egg-info/dependency_links.txt\n'}
[1.932340] (competition) StdoutLine: {'line': b'writing entry points to ../../build/competition/competition.egg-info/entry_points.txt\n'}
[1.938076] (competition) StdoutLine: {'line': b'writing requirements to ../../build/competition/competition.egg-info/requires.txt\n'}
[1.944310] (competition) StdoutLine: {'line': b'writing top-level names to ../../build/competition/competition.egg-info/top_level.txt\n'}
[1.954165] (-) TimerEvent: {}
[2.008214] (competition) StdoutLine: {'line': b"reading manifest file '../../build/competition/competition.egg-info/SOURCES.txt'\n"}
[2.029421] (competition) StdoutLine: {'line': b"writing manifest file '../../build/competition/competition.egg-info/SOURCES.txt'\n"}
[2.033091] (competition) StdoutLine: {'line': b'running build\n'}
[2.035940] (competition) StdoutLine: {'line': b'running build_py\n'}
[2.039045] (competition) StdoutLine: {'line': b'copying competition/drone_service_test.py -> /home/ubuntu/Desktop/16.633_ros/flight_ws/build/competition/build/lib/competition\n'}
[2.042853] (competition) StdoutLine: {'line': b'running install\n'}
[2.045777] (competition) StdoutLine: {'line': b'running install_lib\n'}
[2.048656] (competition) StdoutLine: {'line': b'creating /home/ubuntu/Desktop/16.633_ros/flight_ws/install/competition/lib/python3.8/site-packages/competition\n'}
[2.053110] (competition) StdoutLine: {'line': b'copying /home/ubuntu/Desktop/16.633_ros/flight_ws/build/competition/build/lib/competition/__init__.py -> /home/ubuntu/Desktop/16.633_ros/flight_ws/install/competition/lib/python3.8/site-packages/competition\n'}
[2.056400] (-) TimerEvent: {}
[2.064470] (competition) StdoutLine: {'line': b'copying /home/ubuntu/Desktop/16.633_ros/flight_ws/build/competition/build/lib/competition/drone_control_test.py -> /home/ubuntu/Desktop/16.633_ros/flight_ws/install/competition/lib/python3.8/site-packages/competition\n'}
[2.075612] (competition) StdoutLine: {'line': b'copying /home/ubuntu/Desktop/16.633_ros/flight_ws/build/competition/build/lib/competition/drone_service_test.py -> /home/ubuntu/Desktop/16.633_ros/flight_ws/install/competition/lib/python3.8/site-packages/competition\n'}
[2.088419] (competition) StdoutLine: {'line': b'byte-compiling /home/ubuntu/Desktop/16.633_ros/flight_ws/install/competition/lib/python3.8/site-packages/competition/__init__.py to __init__.cpython-38.pyc\n'}
[2.102921] (competition) StdoutLine: {'line': b'byte-compiling /home/ubuntu/Desktop/16.633_ros/flight_ws/install/competition/lib/python3.8/site-packages/competition/drone_control_test.py to drone_control_test.cpython-38.pyc\n'}
[2.114536] (competition) StdoutLine: {'line': b'byte-compiling /home/ubuntu/Desktop/16.633_ros/flight_ws/install/competition/lib/python3.8/site-packages/competition/drone_service_test.py to drone_service_test.cpython-38.pyc\n'}
[2.125027] (competition) StdoutLine: {'line': b'running install_data\n'}
[2.128348] (competition) StdoutLine: {'line': b'running install_egg_info\n'}
[2.131161] (competition) StdoutLine: {'line': b'Copying ../../build/competition/competition.egg-info to /home/ubuntu/Desktop/16.633_ros/flight_ws/install/competition/lib/python3.8/site-packages/competition-0.0.0-py3.8.egg-info\n'}
[2.156603] (-) TimerEvent: {}
[2.214995] (competition) StdoutLine: {'line': b'running install_scripts\n'}
[2.238996] (competition) StdoutLine: {'line': b'Installing drone_client script to /home/ubuntu/Desktop/16.633_ros/flight_ws/install/competition/lib/competition\n'}
[2.247865] (competition) StdoutLine: {'line': b'Installing drone_test script to /home/ubuntu/Desktop/16.633_ros/flight_ws/install/competition/lib/competition\n'}
[2.254412] (competition) StdoutLine: {'line': b"writing list of installed files to '/home/ubuntu/Desktop/16.633_ros/flight_ws/build/competition/install.log'\n"}
[2.257786] (-) TimerEvent: {}
[2.278319] (competition) CommandEnded: {'returncode': 0}
[2.357975] (-) TimerEvent: {}
[2.375955] (competition) JobEnded: {'identifier': 'competition', 'rc': 0}
[2.383135] (-) EventReactorShutdown: {}
